ARM GAS  C:\Users\Nick\AppData\Local\Temp\ccBB4H3A.s 			page 1


   1              		.cpu cortex-m0
   2              		.fpu softvfp
   3              		.eabi_attribute 20, 1
   4              		.eabi_attribute 21, 1
   5              		.eabi_attribute 23, 3
   6              		.eabi_attribute 24, 1
   7              		.eabi_attribute 25, 1
   8              		.eabi_attribute 26, 1
   9              		.eabi_attribute 30, 1
  10              		.eabi_attribute 34, 0
  11              		.eabi_attribute 18, 4
  12              		.code	16
  13              		.file	"CyBLE_custom.c"
  14              		.text
  15              	.Ltext0:
  16              		.cfi_sections	.debug_frame
  17              		.section	.text.CyBle_CustomInit,"ax",%progbits
  18              		.align	2
  19              		.global	CyBle_CustomInit
  20              		.code	16
  21              		.thumb_func
  22              		.type	CyBle_CustomInit, %function
  23              	CyBle_CustomInit:
  24              	.LFB2:
  25              		.file 1 "Generated_Source\\PSoC4\\CyBLE_custom.c"
   1:Generated_Source\PSoC4/CyBLE_custom.c **** /***************************************************************************//**
   2:Generated_Source\PSoC4/CyBLE_custom.c **** * \file CYBLE_custom.c
   3:Generated_Source\PSoC4/CyBLE_custom.c **** * \version 3.10
   4:Generated_Source\PSoC4/CyBLE_custom.c **** * 
   5:Generated_Source\PSoC4/CyBLE_custom.c **** * \brief
   6:Generated_Source\PSoC4/CyBLE_custom.c **** *  Contains the source code for the Custom Service.
   7:Generated_Source\PSoC4/CyBLE_custom.c **** * 
   8:Generated_Source\PSoC4/CyBLE_custom.c **** ********************************************************************************
   9:Generated_Source\PSoC4/CyBLE_custom.c **** * \copyright
  10:Generated_Source\PSoC4/CyBLE_custom.c **** * Copyright 2014-2016, Cypress Semiconductor Corporation.  All rights reserved.
  11:Generated_Source\PSoC4/CyBLE_custom.c **** * You may use this file only in accordance with the license, terms, conditions,
  12:Generated_Source\PSoC4/CyBLE_custom.c **** * disclaimers, and limitations in the end user license agreement accompanying
  13:Generated_Source\PSoC4/CyBLE_custom.c **** * the software package with which this file was provided.
  14:Generated_Source\PSoC4/CyBLE_custom.c **** *******************************************************************************/
  15:Generated_Source\PSoC4/CyBLE_custom.c **** 
  16:Generated_Source\PSoC4/CyBLE_custom.c **** 
  17:Generated_Source\PSoC4/CyBLE_custom.c **** #include "CyBLE_eventHandler.h"
  18:Generated_Source\PSoC4/CyBLE_custom.c **** 
  19:Generated_Source\PSoC4/CyBLE_custom.c **** #ifdef CYBLE_CUSTOM_SERVER
  20:Generated_Source\PSoC4/CyBLE_custom.c **** 
  21:Generated_Source\PSoC4/CyBLE_custom.c **** /* If any custom service with custom characterisctis is defined in the
  22:Generated_Source\PSoC4/CyBLE_custom.c **** * customizer's GUI their handles will be present in this array.
  23:Generated_Source\PSoC4/CyBLE_custom.c **** */
  24:Generated_Source\PSoC4/CyBLE_custom.c **** /* This array contains attribute handles for the defined Custom Services and their characteristics 
  25:Generated_Source\PSoC4/CyBLE_custom.c ****    The array index definitions are located in the CYBLE_custom.h file. */
  26:Generated_Source\PSoC4/CyBLE_custom.c **** const CYBLE_CUSTOMS_T cyBle_customs[0x01u] = {
  27:Generated_Source\PSoC4/CyBLE_custom.c **** 
  28:Generated_Source\PSoC4/CyBLE_custom.c ****     /* ledcapsense service */
  29:Generated_Source\PSoC4/CyBLE_custom.c ****     {
  30:Generated_Source\PSoC4/CyBLE_custom.c ****         0x000Cu, /* Handle of the ledcapsense service */ 
  31:Generated_Source\PSoC4/CyBLE_custom.c ****         {
  32:Generated_Source\PSoC4/CyBLE_custom.c **** 
ARM GAS  C:\Users\Nick\AppData\Local\Temp\ccBB4H3A.s 			page 2


  33:Generated_Source\PSoC4/CyBLE_custom.c ****             /* led characteristic */
  34:Generated_Source\PSoC4/CyBLE_custom.c ****             {
  35:Generated_Source\PSoC4/CyBLE_custom.c ****                 0x000Eu, /* Handle of the led characteristic */ 
  36:Generated_Source\PSoC4/CyBLE_custom.c ****                 
  37:Generated_Source\PSoC4/CyBLE_custom.c ****                 /* Array of Descriptors handles */
  38:Generated_Source\PSoC4/CyBLE_custom.c ****                 {
  39:Generated_Source\PSoC4/CyBLE_custom.c ****                     0x000Fu, /* Handle of the Characteristic User Description descriptor */ 
  40:Generated_Source\PSoC4/CyBLE_custom.c ****                     CYBLE_GATT_INVALID_ATTR_HANDLE_VALUE, 
  41:Generated_Source\PSoC4/CyBLE_custom.c ****                 }, 
  42:Generated_Source\PSoC4/CyBLE_custom.c ****             },
  43:Generated_Source\PSoC4/CyBLE_custom.c **** 
  44:Generated_Source\PSoC4/CyBLE_custom.c ****             /* capsense characteristic */
  45:Generated_Source\PSoC4/CyBLE_custom.c ****             {
  46:Generated_Source\PSoC4/CyBLE_custom.c ****                 0x0011u, /* Handle of the capsense characteristic */ 
  47:Generated_Source\PSoC4/CyBLE_custom.c ****                 
  48:Generated_Source\PSoC4/CyBLE_custom.c ****                 /* Array of Descriptors handles */
  49:Generated_Source\PSoC4/CyBLE_custom.c ****                 {
  50:Generated_Source\PSoC4/CyBLE_custom.c ****                     0x0012u, /* Handle of the capsensecccd descriptor */ 
  51:Generated_Source\PSoC4/CyBLE_custom.c ****                     0x0013u, /* Handle of the Characteristic User Description descriptor */ 
  52:Generated_Source\PSoC4/CyBLE_custom.c ****                 }, 
  53:Generated_Source\PSoC4/CyBLE_custom.c ****             },
  54:Generated_Source\PSoC4/CyBLE_custom.c **** 
  55:Generated_Source\PSoC4/CyBLE_custom.c ****             /* vibIntensity characteristic */
  56:Generated_Source\PSoC4/CyBLE_custom.c ****             {
  57:Generated_Source\PSoC4/CyBLE_custom.c ****                 0x0015u, /* Handle of the vibIntensity characteristic */ 
  58:Generated_Source\PSoC4/CyBLE_custom.c ****                 
  59:Generated_Source\PSoC4/CyBLE_custom.c ****                 /* Array of Descriptors handles */
  60:Generated_Source\PSoC4/CyBLE_custom.c ****                 {
  61:Generated_Source\PSoC4/CyBLE_custom.c ****                     0x0016u, /* Handle of the Characteristic User Description descriptor */ 
  62:Generated_Source\PSoC4/CyBLE_custom.c ****                     CYBLE_GATT_INVALID_ATTR_HANDLE_VALUE, 
  63:Generated_Source\PSoC4/CyBLE_custom.c ****                 }, 
  64:Generated_Source\PSoC4/CyBLE_custom.c ****             },
  65:Generated_Source\PSoC4/CyBLE_custom.c **** 
  66:Generated_Source\PSoC4/CyBLE_custom.c ****             /* alarmStatus characteristic */
  67:Generated_Source\PSoC4/CyBLE_custom.c ****             {
  68:Generated_Source\PSoC4/CyBLE_custom.c ****                 0x0018u, /* Handle of the alarmStatus characteristic */ 
  69:Generated_Source\PSoC4/CyBLE_custom.c ****                 
  70:Generated_Source\PSoC4/CyBLE_custom.c ****                 /* Array of Descriptors handles */
  71:Generated_Source\PSoC4/CyBLE_custom.c ****                 {
  72:Generated_Source\PSoC4/CyBLE_custom.c ****                     0x0019u, /* Handle of the Characteristic User Description descriptor */ 
  73:Generated_Source\PSoC4/CyBLE_custom.c ****                     0x001Au, /* Handle of the alarmStatusCCCD descriptor */ 
  74:Generated_Source\PSoC4/CyBLE_custom.c ****                 }, 
  75:Generated_Source\PSoC4/CyBLE_custom.c ****             },
  76:Generated_Source\PSoC4/CyBLE_custom.c **** 
  77:Generated_Source\PSoC4/CyBLE_custom.c ****             /* vibDuration characteristic */
  78:Generated_Source\PSoC4/CyBLE_custom.c ****             {
  79:Generated_Source\PSoC4/CyBLE_custom.c ****                 0x001Cu, /* Handle of the vibDuration characteristic */ 
  80:Generated_Source\PSoC4/CyBLE_custom.c ****                 
  81:Generated_Source\PSoC4/CyBLE_custom.c ****                 /* Array of Descriptors handles */
  82:Generated_Source\PSoC4/CyBLE_custom.c ****                 {
  83:Generated_Source\PSoC4/CyBLE_custom.c ****                     0x001Du, /* Handle of the Characteristic User Description descriptor */ 
  84:Generated_Source\PSoC4/CyBLE_custom.c ****                     CYBLE_GATT_INVALID_ATTR_HANDLE_VALUE, 
  85:Generated_Source\PSoC4/CyBLE_custom.c ****                 }, 
  86:Generated_Source\PSoC4/CyBLE_custom.c ****             },
  87:Generated_Source\PSoC4/CyBLE_custom.c **** 
  88:Generated_Source\PSoC4/CyBLE_custom.c ****             /* alarmVibType characteristic */
  89:Generated_Source\PSoC4/CyBLE_custom.c ****             {
ARM GAS  C:\Users\Nick\AppData\Local\Temp\ccBB4H3A.s 			page 3


  90:Generated_Source\PSoC4/CyBLE_custom.c ****                 0x001Fu, /* Handle of the alarmVibType characteristic */ 
  91:Generated_Source\PSoC4/CyBLE_custom.c ****                 
  92:Generated_Source\PSoC4/CyBLE_custom.c ****                 /* Array of Descriptors handles */
  93:Generated_Source\PSoC4/CyBLE_custom.c ****                 {
  94:Generated_Source\PSoC4/CyBLE_custom.c ****                     0x0020u, /* Handle of the Characteristic User Description descriptor */ 
  95:Generated_Source\PSoC4/CyBLE_custom.c ****                     CYBLE_GATT_INVALID_ATTR_HANDLE_VALUE, 
  96:Generated_Source\PSoC4/CyBLE_custom.c ****                 }, 
  97:Generated_Source\PSoC4/CyBLE_custom.c ****             },
  98:Generated_Source\PSoC4/CyBLE_custom.c **** 
  99:Generated_Source\PSoC4/CyBLE_custom.c ****             /* ambulanceVibType characteristic */
 100:Generated_Source\PSoC4/CyBLE_custom.c ****             {
 101:Generated_Source\PSoC4/CyBLE_custom.c ****                 0x0022u, /* Handle of the ambulanceVibType characteristic */ 
 102:Generated_Source\PSoC4/CyBLE_custom.c ****                 
 103:Generated_Source\PSoC4/CyBLE_custom.c ****                 /* Array of Descriptors handles */
 104:Generated_Source\PSoC4/CyBLE_custom.c ****                 {
 105:Generated_Source\PSoC4/CyBLE_custom.c ****                     0x0023u, /* Handle of the Characteristic User Description descriptor */ 
 106:Generated_Source\PSoC4/CyBLE_custom.c ****                     CYBLE_GATT_INVALID_ATTR_HANDLE_VALUE, 
 107:Generated_Source\PSoC4/CyBLE_custom.c ****                 }, 
 108:Generated_Source\PSoC4/CyBLE_custom.c ****             },
 109:Generated_Source\PSoC4/CyBLE_custom.c ****         }, 
 110:Generated_Source\PSoC4/CyBLE_custom.c ****     },
 111:Generated_Source\PSoC4/CyBLE_custom.c **** };
 112:Generated_Source\PSoC4/CyBLE_custom.c **** 
 113:Generated_Source\PSoC4/CyBLE_custom.c **** 
 114:Generated_Source\PSoC4/CyBLE_custom.c **** #endif /* (CYBLE_CUSTOM_SERVER) */
 115:Generated_Source\PSoC4/CyBLE_custom.c **** 
 116:Generated_Source\PSoC4/CyBLE_custom.c **** #ifdef CYBLE_CUSTOM_CLIENT
 117:Generated_Source\PSoC4/CyBLE_custom.c ****     
 118:Generated_Source\PSoC4/CyBLE_custom.c **** 
 119:Generated_Source\PSoC4/CyBLE_custom.c **** static uint16 cyBle_customDisServIndex;
 120:Generated_Source\PSoC4/CyBLE_custom.c **** static uint16 cyBle_customDisCharIndex;
 121:Generated_Source\PSoC4/CyBLE_custom.c **** 
 122:Generated_Source\PSoC4/CyBLE_custom.c **** #endif /* (CYBLE_CUSTOM_CLIENT) */
 123:Generated_Source\PSoC4/CyBLE_custom.c **** 
 124:Generated_Source\PSoC4/CyBLE_custom.c **** 
 125:Generated_Source\PSoC4/CyBLE_custom.c **** /****************************************************************************** 
 126:Generated_Source\PSoC4/CyBLE_custom.c **** * Function Name: CyBle_CustomInit
 127:Generated_Source\PSoC4/CyBLE_custom.c **** ***************************************************************************//**
 128:Generated_Source\PSoC4/CyBLE_custom.c **** * 
 129:Generated_Source\PSoC4/CyBLE_custom.c **** *  This function initializes Custom Service.
 130:Generated_Source\PSoC4/CyBLE_custom.c **** * 
 131:Generated_Source\PSoC4/CyBLE_custom.c **** * \return
 132:Generated_Source\PSoC4/CyBLE_custom.c **** *  None
 133:Generated_Source\PSoC4/CyBLE_custom.c **** * 
 134:Generated_Source\PSoC4/CyBLE_custom.c **** ******************************************************************************/
 135:Generated_Source\PSoC4/CyBLE_custom.c **** void CyBle_CustomInit(void)
 136:Generated_Source\PSoC4/CyBLE_custom.c **** {
  26              		.loc 1 136 0
  27              		.cfi_startproc
 137:Generated_Source\PSoC4/CyBLE_custom.c ****     
 138:Generated_Source\PSoC4/CyBLE_custom.c **** #ifdef CYBLE_CUSTOM_CLIENT
 139:Generated_Source\PSoC4/CyBLE_custom.c **** 
 140:Generated_Source\PSoC4/CyBLE_custom.c ****     uint16 locServIndex;
 141:Generated_Source\PSoC4/CyBLE_custom.c ****     uint16 locCharIndex;
 142:Generated_Source\PSoC4/CyBLE_custom.c ****     uint16 locDescIndex;
 143:Generated_Source\PSoC4/CyBLE_custom.c ****     
 144:Generated_Source\PSoC4/CyBLE_custom.c ****     for(locServIndex = 0u; locServIndex < CYBLE_CUSTOMC_SERVICE_COUNT; locServIndex++)
ARM GAS  C:\Users\Nick\AppData\Local\Temp\ccBB4H3A.s 			page 4


 145:Generated_Source\PSoC4/CyBLE_custom.c ****     {
 146:Generated_Source\PSoC4/CyBLE_custom.c ****         if(cyBle_serverInfo[CYBLE_SRVI_CUSTOMS + locServIndex].range.startHandle == CYBLE_GATT_INVA
 147:Generated_Source\PSoC4/CyBLE_custom.c ****         {
 148:Generated_Source\PSoC4/CyBLE_custom.c ****             for(locCharIndex = 0u; locCharIndex < cyBle_customCServ[locServIndex].charCount; locCha
 149:Generated_Source\PSoC4/CyBLE_custom.c ****             {
 150:Generated_Source\PSoC4/CyBLE_custom.c ****                 cyBle_customCServ[locServIndex].customServChar[locCharIndex].
 151:Generated_Source\PSoC4/CyBLE_custom.c ****                     customServCharHandle = 0u;
 152:Generated_Source\PSoC4/CyBLE_custom.c ****                 
 153:Generated_Source\PSoC4/CyBLE_custom.c ****                 for(locDescIndex = 0u; locDescIndex < 
 154:Generated_Source\PSoC4/CyBLE_custom.c ****                     cyBle_customCServ[locServIndex].customServChar[locCharIndex].descCount; 
 155:Generated_Source\PSoC4/CyBLE_custom.c ****                         locDescIndex++)
 156:Generated_Source\PSoC4/CyBLE_custom.c ****                 {
 157:Generated_Source\PSoC4/CyBLE_custom.c ****                     cyBle_customCServ[locServIndex].customServChar[locCharIndex].
 158:Generated_Source\PSoC4/CyBLE_custom.c ****                         customServCharDesc[locDescIndex].descHandle = 0u;
 159:Generated_Source\PSoC4/CyBLE_custom.c ****                 }
 160:Generated_Source\PSoC4/CyBLE_custom.c ****             }
 161:Generated_Source\PSoC4/CyBLE_custom.c ****         }
 162:Generated_Source\PSoC4/CyBLE_custom.c ****     }
 163:Generated_Source\PSoC4/CyBLE_custom.c **** 
 164:Generated_Source\PSoC4/CyBLE_custom.c **** #endif /* (CYBLE_CUSTOM_CLIENT) */
 165:Generated_Source\PSoC4/CyBLE_custom.c **** }
  28              		.loc 1 165 0
  29              		@ sp needed
  30 0000 7047     		bx	lr
  31              		.cfi_endproc
  32              	.LFE2:
  33              		.size	CyBle_CustomInit, .-CyBle_CustomInit
  34              		.global	cyBle_customs
  35 0002 C046     		.section	.rodata
  36              		.align	2
  37              		.type	cyBle_customs, %object
  38              		.size	cyBle_customs, 44
  39              	cyBle_customs:
  40 0000 0C00     		.short	12
  41 0002 0E00     		.short	14
  42 0004 0F00     		.short	15
  43 0006 0000     		.short	0
  44 0008 1100     		.short	17
  45 000a 1200     		.short	18
  46 000c 1300     		.short	19
  47 000e 1500     		.short	21
  48 0010 1600     		.short	22
  49 0012 0000     		.short	0
  50 0014 1800     		.short	24
  51 0016 1900     		.short	25
  52 0018 1A00     		.short	26
  53 001a 1C00     		.short	28
  54 001c 1D00     		.short	29
  55 001e 0000     		.short	0
  56 0020 1F00     		.short	31
  57 0022 2000     		.short	32
  58 0024 0000     		.short	0
  59 0026 2200     		.short	34
  60 0028 2300     		.short	35
  61 002a 0000     		.short	0
  62              		.text
  63              	.Letext0:
ARM GAS  C:\Users\Nick\AppData\Local\Temp\ccBB4H3A.s 			page 5


  64              		.file 2 "Generated_Source\\PSoC4\\cytypes.h"
  65              		.file 3 "Generated_Source\\PSoC4\\CyBLE_StackGatt.h"
  66              		.file 4 "Generated_Source\\PSoC4\\CyBLE_custom.h"
  67              		.file 5 "Generated_Source\\PSoC4\\CyBLE_Stack.h"
  68              		.section	.debug_info,"",%progbits
  69              	.Ldebug_info0:
  70 0000 08030000 		.4byte	0x308
  71 0004 0400     		.2byte	0x4
  72 0006 00000000 		.4byte	.Ldebug_abbrev0
  73 000a 04       		.byte	0x4
  74 000b 01       		.uleb128 0x1
  75 000c 43090000 		.4byte	.LASF87
  76 0010 01       		.byte	0x1
  77 0011 EA020000 		.4byte	.LASF88
  78 0015 21050000 		.4byte	.LASF89
  79 0019 00000000 		.4byte	.Ldebug_ranges0+0
  80 001d 00000000 		.4byte	0
  81 0021 00000000 		.4byte	.Ldebug_line0
  82 0025 02       		.uleb128 0x2
  83 0026 01       		.byte	0x1
  84 0027 06       		.byte	0x6
  85 0028 AB040000 		.4byte	.LASF0
  86 002c 02       		.uleb128 0x2
  87 002d 01       		.byte	0x1
  88 002e 08       		.byte	0x8
  89 002f 32040000 		.4byte	.LASF1
  90 0033 02       		.uleb128 0x2
  91 0034 02       		.byte	0x2
  92 0035 05       		.byte	0x5
  93 0036 B7000000 		.4byte	.LASF2
  94 003a 02       		.uleb128 0x2
  95 003b 02       		.byte	0x2
  96 003c 07       		.byte	0x7
  97 003d BF060000 		.4byte	.LASF3
  98 0041 02       		.uleb128 0x2
  99 0042 04       		.byte	0x4
 100 0043 05       		.byte	0x5
 101 0044 C0020000 		.4byte	.LASF4
 102 0048 02       		.uleb128 0x2
 103 0049 04       		.byte	0x4
 104 004a 07       		.byte	0x7
 105 004b A0050000 		.4byte	.LASF5
 106 004f 02       		.uleb128 0x2
 107 0050 08       		.byte	0x8
 108 0051 05       		.byte	0x5
 109 0052 05010000 		.4byte	.LASF6
 110 0056 02       		.uleb128 0x2
 111 0057 08       		.byte	0x8
 112 0058 07       		.byte	0x7
 113 0059 94020000 		.4byte	.LASF7
 114 005d 03       		.uleb128 0x3
 115 005e 04       		.byte	0x4
 116 005f 05       		.byte	0x5
 117 0060 696E7400 		.ascii	"int\000"
 118 0064 02       		.uleb128 0x2
 119 0065 04       		.byte	0x4
 120 0066 07       		.byte	0x7
ARM GAS  C:\Users\Nick\AppData\Local\Temp\ccBB4H3A.s 			page 6


 121 0067 14050000 		.4byte	.LASF8
 122 006b 04       		.uleb128 0x4
 123 006c 7B010000 		.4byte	.LASF79
 124 0070 02       		.byte	0x2
 125 0071 9901     		.2byte	0x199
 126 0073 3A000000 		.4byte	0x3a
 127 0077 02       		.uleb128 0x2
 128 0078 04       		.byte	0x4
 129 0079 04       		.byte	0x4
 130 007a 2B020000 		.4byte	.LASF9
 131 007e 02       		.uleb128 0x2
 132 007f 08       		.byte	0x8
 133 0080 04       		.byte	0x4
 134 0081 6F070000 		.4byte	.LASF10
 135 0085 02       		.uleb128 0x2
 136 0086 01       		.byte	0x1
 137 0087 08       		.byte	0x8
 138 0088 9E060000 		.4byte	.LASF11
 139 008c 02       		.uleb128 0x2
 140 008d 04       		.byte	0x4
 141 008e 07       		.byte	0x7
 142 008f DB000000 		.4byte	.LASF12
 143 0093 05       		.uleb128 0x5
 144 0094 01       		.byte	0x1
 145 0095 05       		.byte	0x5
 146 0096 4201     		.2byte	0x142
 147 0098 50020000 		.4byte	0x250
 148 009c 06       		.uleb128 0x6
 149 009d D5010000 		.4byte	.LASF13
 150 00a1 00       		.sleb128 0
 151 00a2 06       		.uleb128 0x6
 152 00a3 4A010000 		.4byte	.LASF14
 153 00a7 01       		.sleb128 1
 154 00a8 06       		.uleb128 0x6
 155 00a9 D8080000 		.4byte	.LASF15
 156 00ad 02       		.sleb128 2
 157 00ae 06       		.uleb128 0x6
 158 00af AE070000 		.4byte	.LASF16
 159 00b3 03       		.sleb128 3
 160 00b4 06       		.uleb128 0x6
 161 00b5 24010000 		.4byte	.LASF17
 162 00b9 04       		.sleb128 4
 163 00ba 06       		.uleb128 0x6
 164 00bb 78030000 		.4byte	.LASF18
 165 00bf 05       		.sleb128 5
 166 00c0 06       		.uleb128 0x6
 167 00c1 3E000000 		.4byte	.LASF19
 168 00c5 06       		.sleb128 6
 169 00c6 06       		.uleb128 0x6
 170 00c7 0C080000 		.4byte	.LASF20
 171 00cb 20       		.sleb128 32
 172 00cc 06       		.uleb128 0x6
 173 00cd B2050000 		.4byte	.LASF21
 174 00d1 21       		.sleb128 33
 175 00d2 06       		.uleb128 0x6
 176 00d3 00000000 		.4byte	.LASF22
 177 00d7 22       		.sleb128 34
ARM GAS  C:\Users\Nick\AppData\Local\Temp\ccBB4H3A.s 			page 7


 178 00d8 06       		.uleb128 0x6
 179 00d9 94030000 		.4byte	.LASF23
 180 00dd 23       		.sleb128 35
 181 00de 06       		.uleb128 0x6
 182 00df F8040000 		.4byte	.LASF24
 183 00e3 24       		.sleb128 36
 184 00e4 06       		.uleb128 0x6
 185 00e5 C1000000 		.4byte	.LASF25
 186 00e9 25       		.sleb128 37
 187 00ea 06       		.uleb128 0x6
 188 00eb 2F030000 		.4byte	.LASF26
 189 00ef 26       		.sleb128 38
 190 00f0 06       		.uleb128 0x6
 191 00f1 10030000 		.4byte	.LASF27
 192 00f5 27       		.sleb128 39
 193 00f6 06       		.uleb128 0x6
 194 00f7 71000000 		.4byte	.LASF28
 195 00fb 28       		.sleb128 40
 196 00fc 06       		.uleb128 0x6
 197 00fd EA050000 		.4byte	.LASF29
 198 0101 29       		.sleb128 41
 199 0102 06       		.uleb128 0x6
 200 0103 4E060000 		.4byte	.LASF30
 201 0107 2A       		.sleb128 42
 202 0108 06       		.uleb128 0x6
 203 0109 0F070000 		.4byte	.LASF31
 204 010d 2B       		.sleb128 43
 205 010e 06       		.uleb128 0x6
 206 010f 2A060000 		.4byte	.LASF32
 207 0113 2C       		.sleb128 44
 208 0114 06       		.uleb128 0x6
 209 0115 4A020000 		.4byte	.LASF33
 210 0119 2D       		.sleb128 45
 211 011a 06       		.uleb128 0x6
 212 011b 93000000 		.4byte	.LASF34
 213 011f 2E       		.sleb128 46
 214 0120 06       		.uleb128 0x6
 215 0121 5C0A0000 		.4byte	.LASF35
 216 0125 2F       		.sleb128 47
 217 0126 06       		.uleb128 0x6
 218 0127 E4000000 		.4byte	.LASF36
 219 012b 30       		.sleb128 48
 220 012c 06       		.uleb128 0x6
 221 012d E8030000 		.4byte	.LASF37
 222 0131 31       		.sleb128 49
 223 0132 06       		.uleb128 0x6
 224 0133 73020000 		.4byte	.LASF38
 225 0137 32       		.sleb128 50
 226 0138 06       		.uleb128 0x6
 227 0139 77060000 		.4byte	.LASF39
 228 013d 33       		.sleb128 51
 229 013e 06       		.uleb128 0x6
 230 013f 57000000 		.4byte	.LASF40
 231 0143 C000     		.sleb128 64
 232 0145 06       		.uleb128 0x6
 233 0146 85050000 		.4byte	.LASF41
 234 014a C100     		.sleb128 65
ARM GAS  C:\Users\Nick\AppData\Local\Temp\ccBB4H3A.s 			page 8


 235 014c 06       		.uleb128 0x6
 236 014d 3E0A0000 		.4byte	.LASF42
 237 0151 C200     		.sleb128 66
 238 0153 06       		.uleb128 0x6
 239 0154 5D010000 		.4byte	.LASF43
 240 0158 C300     		.sleb128 67
 241 015a 06       		.uleb128 0x6
 242 015b 96080000 		.4byte	.LASF44
 243 015f C400     		.sleb128 68
 244 0161 06       		.uleb128 0x6
 245 0162 30080000 		.4byte	.LASF45
 246 0166 C500     		.sleb128 69
 247 0168 06       		.uleb128 0x6
 248 0169 75080000 		.4byte	.LASF46
 249 016d C600     		.sleb128 70
 250 016f 06       		.uleb128 0x6
 251 0170 8D040000 		.4byte	.LASF47
 252 0174 C700     		.sleb128 71
 253 0176 06       		.uleb128 0x6
 254 0177 D1040000 		.4byte	.LASF48
 255 017b C800     		.sleb128 72
 256 017d 06       		.uleb128 0x6
 257 017e 31020000 		.4byte	.LASF49
 258 0182 C900     		.sleb128 73
 259 0184 06       		.uleb128 0x6
 260 0185 D2060000 		.4byte	.LASF50
 261 0189 CA00     		.sleb128 74
 262 018b 06       		.uleb128 0x6
 263 018c 95010000 		.4byte	.LASF51
 264 0190 CB00     		.sleb128 75
 265 0192 06       		.uleb128 0x6
 266 0193 B7040000 		.4byte	.LASF52
 267 0197 CC00     		.sleb128 76
 268 0199 06       		.uleb128 0x6
 269 019a 24000000 		.4byte	.LASF53
 270 019e CD00     		.sleb128 77
 271 01a0 06       		.uleb128 0x6
 272 01a1 57080000 		.4byte	.LASF54
 273 01a5 CE00     		.sleb128 78
 274 01a7 06       		.uleb128 0x6
 275 01a8 4F040000 		.4byte	.LASF55
 276 01ac CF00     		.sleb128 79
 277 01ae 06       		.uleb128 0x6
 278 01af D1090000 		.4byte	.LASF56
 279 01b3 D000     		.sleb128 80
 280 01b5 06       		.uleb128 0x6
 281 01b6 F0060000 		.4byte	.LASF57
 282 01ba D100     		.sleb128 81
 283 01bc 06       		.uleb128 0x6
 284 01bd 57030000 		.4byte	.LASF58
 285 01c1 D200     		.sleb128 82
 286 01c3 06       		.uleb128 0x6
 287 01c4 C9020000 		.4byte	.LASF59
 288 01c8 D300     		.sleb128 83
 289 01ca 06       		.uleb128 0x6
 290 01cb B4010000 		.4byte	.LASF60
 291 01cf D400     		.sleb128 84
ARM GAS  C:\Users\Nick\AppData\Local\Temp\ccBB4H3A.s 			page 9


 292 01d1 06       		.uleb128 0x6
 293 01d2 1A0A0000 		.4byte	.LASF61
 294 01d6 D500     		.sleb128 85
 295 01d8 06       		.uleb128 0x6
 296 01d9 21090000 		.4byte	.LASF62
 297 01dd D600     		.sleb128 86
 298 01df 06       		.uleb128 0x6
 299 01e0 F8080000 		.4byte	.LASF63
 300 01e4 D700     		.sleb128 87
 301 01e6 06       		.uleb128 0x6
 302 01e7 07060000 		.4byte	.LASF64
 303 01eb D800     		.sleb128 88
 304 01ed 06       		.uleb128 0x6
 305 01ee 0C040000 		.4byte	.LASF65
 306 01f2 F000     		.sleb128 112
 307 01f4 06       		.uleb128 0x6
 308 01f5 E6070000 		.4byte	.LASF66
 309 01f9 F100     		.sleb128 113
 310 01fb 06       		.uleb128 0x6
 311 01fc A3060000 		.4byte	.LASF67
 312 0200 F200     		.sleb128 114
 313 0202 06       		.uleb128 0x6
 314 0203 EC010000 		.4byte	.LASF68
 315 0207 F300     		.sleb128 115
 316 0209 06       		.uleb128 0x6
 317 020a CA030000 		.4byte	.LASF69
 318 020e F400     		.sleb128 116
 319 0210 06       		.uleb128 0x6
 320 0211 C9050000 		.4byte	.LASF70
 321 0215 F500     		.sleb128 117
 322 0217 06       		.uleb128 0x6
 323 0218 0A020000 		.4byte	.LASF71
 324 021c F600     		.sleb128 118
 325 021e 06       		.uleb128 0x6
 326 021f C7070000 		.4byte	.LASF72
 327 0223 F700     		.sleb128 119
 328 0225 06       		.uleb128 0x6
 329 0226 4C070000 		.4byte	.LASF73
 330 022a F800     		.sleb128 120
 331 022c 06       		.uleb128 0x6
 332 022d 76070000 		.4byte	.LASF74
 333 0231 F900     		.sleb128 121
 334 0233 06       		.uleb128 0x6
 335 0234 B4080000 		.4byte	.LASF75
 336 0238 FA00     		.sleb128 122
 337 023a 06       		.uleb128 0x6
 338 023b 2E070000 		.4byte	.LASF76
 339 023f FA01     		.sleb128 250
 340 0241 06       		.uleb128 0x6
 341 0242 6E040000 		.4byte	.LASF77
 342 0246 FB01     		.sleb128 251
 343 0248 06       		.uleb128 0x6
 344 0249 EA080000 		.4byte	.LASF78
 345 024d FF01     		.sleb128 255
 346 024f 00       		.byte	0
 347 0250 04       		.uleb128 0x4
 348 0251 F0090000 		.4byte	.LASF80
ARM GAS  C:\Users\Nick\AppData\Local\Temp\ccBB4H3A.s 			page 10


 349 0255 03       		.byte	0x3
 350 0256 9201     		.2byte	0x192
 351 0258 6B000000 		.4byte	0x6b
 352 025c 07       		.uleb128 0x7
 353 025d 06       		.byte	0x6
 354 025e 04       		.byte	0x4
 355 025f 63       		.byte	0x63
 356 0260 7D020000 		.4byte	0x27d
 357 0264 08       		.uleb128 0x8
 358 0265 99070000 		.4byte	.LASF81
 359 0269 04       		.byte	0x4
 360 026a 66       		.byte	0x66
 361 026b 50020000 		.4byte	0x250
 362 026f 00       		.byte	0
 363 0270 08       		.uleb128 0x8
 364 0271 82010000 		.4byte	.LASF82
 365 0275 04       		.byte	0x4
 366 0276 68       		.byte	0x68
 367 0277 7D020000 		.4byte	0x27d
 368 027b 02       		.byte	0x2
 369 027c 00       		.byte	0
 370 027d 09       		.uleb128 0x9
 371 027e 50020000 		.4byte	0x250
 372 0282 8D020000 		.4byte	0x28d
 373 0286 0A       		.uleb128 0xa
 374 0287 8C000000 		.4byte	0x8c
 375 028b 01       		.byte	0x1
 376 028c 00       		.byte	0
 377 028d 0B       		.uleb128 0xb
 378 028e AB020000 		.4byte	.LASF83
 379 0292 04       		.byte	0x4
 380 0293 6A       		.byte	0x6a
 381 0294 5C020000 		.4byte	0x25c
 382 0298 07       		.uleb128 0x7
 383 0299 2C       		.byte	0x2c
 384 029a 04       		.byte	0x4
 385 029b 6D       		.byte	0x6d
 386 029c B9020000 		.4byte	0x2b9
 387 02a0 08       		.uleb128 0x8
 388 02a1 13010000 		.4byte	.LASF84
 389 02a5 04       		.byte	0x4
 390 02a6 70       		.byte	0x70
 391 02a7 50020000 		.4byte	0x250
 392 02ab 00       		.byte	0
 393 02ac 08       		.uleb128 0x8
 394 02ad 40040000 		.4byte	.LASF85
 395 02b1 04       		.byte	0x4
 396 02b2 73       		.byte	0x73
 397 02b3 B9020000 		.4byte	0x2b9
 398 02b7 02       		.byte	0x2
 399 02b8 00       		.byte	0
 400 02b9 09       		.uleb128 0x9
 401 02ba 8D020000 		.4byte	0x28d
 402 02be C9020000 		.4byte	0x2c9
 403 02c2 0A       		.uleb128 0xa
 404 02c3 8C000000 		.4byte	0x8c
 405 02c7 06       		.byte	0x6
ARM GAS  C:\Users\Nick\AppData\Local\Temp\ccBB4H3A.s 			page 11


 406 02c8 00       		.byte	0
 407 02c9 0B       		.uleb128 0xb
 408 02ca BA030000 		.4byte	.LASF86
 409 02ce 04       		.byte	0x4
 410 02cf 75       		.byte	0x75
 411 02d0 98020000 		.4byte	0x298
 412 02d4 0C       		.uleb128 0xc
 413 02d5 39010000 		.4byte	.LASF90
 414 02d9 01       		.byte	0x1
 415 02da 87       		.byte	0x87
 416 02db 00000000 		.4byte	.LFB2
 417 02df 02000000 		.4byte	.LFE2-.LFB2
 418 02e3 01       		.uleb128 0x1
 419 02e4 9C       		.byte	0x9c
 420 02e5 09       		.uleb128 0x9
 421 02e6 C9020000 		.4byte	0x2c9
 422 02ea F5020000 		.4byte	0x2f5
 423 02ee 0A       		.uleb128 0xa
 424 02ef 8C000000 		.4byte	0x8c
 425 02f3 00       		.byte	0
 426 02f4 00       		.byte	0
 427 02f5 0D       		.uleb128 0xd
 428 02f6 0C0A0000 		.4byte	.LASF91
 429 02fa 01       		.byte	0x1
 430 02fb 1A       		.byte	0x1a
 431 02fc 06030000 		.4byte	0x306
 432 0300 05       		.uleb128 0x5
 433 0301 03       		.byte	0x3
 434 0302 00000000 		.4byte	cyBle_customs
 435 0306 0E       		.uleb128 0xe
 436 0307 E5020000 		.4byte	0x2e5
 437 030b 00       		.byte	0
 438              		.section	.debug_abbrev,"",%progbits
 439              	.Ldebug_abbrev0:
 440 0000 01       		.uleb128 0x1
 441 0001 11       		.uleb128 0x11
 442 0002 01       		.byte	0x1
 443 0003 25       		.uleb128 0x25
 444 0004 0E       		.uleb128 0xe
 445 0005 13       		.uleb128 0x13
 446 0006 0B       		.uleb128 0xb
 447 0007 03       		.uleb128 0x3
 448 0008 0E       		.uleb128 0xe
 449 0009 1B       		.uleb128 0x1b
 450 000a 0E       		.uleb128 0xe
 451 000b 55       		.uleb128 0x55
 452 000c 17       		.uleb128 0x17
 453 000d 11       		.uleb128 0x11
 454 000e 01       		.uleb128 0x1
 455 000f 10       		.uleb128 0x10
 456 0010 17       		.uleb128 0x17
 457 0011 00       		.byte	0
 458 0012 00       		.byte	0
 459 0013 02       		.uleb128 0x2
 460 0014 24       		.uleb128 0x24
 461 0015 00       		.byte	0
 462 0016 0B       		.uleb128 0xb
ARM GAS  C:\Users\Nick\AppData\Local\Temp\ccBB4H3A.s 			page 12


 463 0017 0B       		.uleb128 0xb
 464 0018 3E       		.uleb128 0x3e
 465 0019 0B       		.uleb128 0xb
 466 001a 03       		.uleb128 0x3
 467 001b 0E       		.uleb128 0xe
 468 001c 00       		.byte	0
 469 001d 00       		.byte	0
 470 001e 03       		.uleb128 0x3
 471 001f 24       		.uleb128 0x24
 472 0020 00       		.byte	0
 473 0021 0B       		.uleb128 0xb
 474 0022 0B       		.uleb128 0xb
 475 0023 3E       		.uleb128 0x3e
 476 0024 0B       		.uleb128 0xb
 477 0025 03       		.uleb128 0x3
 478 0026 08       		.uleb128 0x8
 479 0027 00       		.byte	0
 480 0028 00       		.byte	0
 481 0029 04       		.uleb128 0x4
 482 002a 16       		.uleb128 0x16
 483 002b 00       		.byte	0
 484 002c 03       		.uleb128 0x3
 485 002d 0E       		.uleb128 0xe
 486 002e 3A       		.uleb128 0x3a
 487 002f 0B       		.uleb128 0xb
 488 0030 3B       		.uleb128 0x3b
 489 0031 05       		.uleb128 0x5
 490 0032 49       		.uleb128 0x49
 491 0033 13       		.uleb128 0x13
 492 0034 00       		.byte	0
 493 0035 00       		.byte	0
 494 0036 05       		.uleb128 0x5
 495 0037 04       		.uleb128 0x4
 496 0038 01       		.byte	0x1
 497 0039 0B       		.uleb128 0xb
 498 003a 0B       		.uleb128 0xb
 499 003b 3A       		.uleb128 0x3a
 500 003c 0B       		.uleb128 0xb
 501 003d 3B       		.uleb128 0x3b
 502 003e 05       		.uleb128 0x5
 503 003f 01       		.uleb128 0x1
 504 0040 13       		.uleb128 0x13
 505 0041 00       		.byte	0
 506 0042 00       		.byte	0
 507 0043 06       		.uleb128 0x6
 508 0044 28       		.uleb128 0x28
 509 0045 00       		.byte	0
 510 0046 03       		.uleb128 0x3
 511 0047 0E       		.uleb128 0xe
 512 0048 1C       		.uleb128 0x1c
 513 0049 0D       		.uleb128 0xd
 514 004a 00       		.byte	0
 515 004b 00       		.byte	0
 516 004c 07       		.uleb128 0x7
 517 004d 13       		.uleb128 0x13
 518 004e 01       		.byte	0x1
 519 004f 0B       		.uleb128 0xb
ARM GAS  C:\Users\Nick\AppData\Local\Temp\ccBB4H3A.s 			page 13


 520 0050 0B       		.uleb128 0xb
 521 0051 3A       		.uleb128 0x3a
 522 0052 0B       		.uleb128 0xb
 523 0053 3B       		.uleb128 0x3b
 524 0054 0B       		.uleb128 0xb
 525 0055 01       		.uleb128 0x1
 526 0056 13       		.uleb128 0x13
 527 0057 00       		.byte	0
 528 0058 00       		.byte	0
 529 0059 08       		.uleb128 0x8
 530 005a 0D       		.uleb128 0xd
 531 005b 00       		.byte	0
 532 005c 03       		.uleb128 0x3
 533 005d 0E       		.uleb128 0xe
 534 005e 3A       		.uleb128 0x3a
 535 005f 0B       		.uleb128 0xb
 536 0060 3B       		.uleb128 0x3b
 537 0061 0B       		.uleb128 0xb
 538 0062 49       		.uleb128 0x49
 539 0063 13       		.uleb128 0x13
 540 0064 38       		.uleb128 0x38
 541 0065 0B       		.uleb128 0xb
 542 0066 00       		.byte	0
 543 0067 00       		.byte	0
 544 0068 09       		.uleb128 0x9
 545 0069 01       		.uleb128 0x1
 546 006a 01       		.byte	0x1
 547 006b 49       		.uleb128 0x49
 548 006c 13       		.uleb128 0x13
 549 006d 01       		.uleb128 0x1
 550 006e 13       		.uleb128 0x13
 551 006f 00       		.byte	0
 552 0070 00       		.byte	0
 553 0071 0A       		.uleb128 0xa
 554 0072 21       		.uleb128 0x21
 555 0073 00       		.byte	0
 556 0074 49       		.uleb128 0x49
 557 0075 13       		.uleb128 0x13
 558 0076 2F       		.uleb128 0x2f
 559 0077 0B       		.uleb128 0xb
 560 0078 00       		.byte	0
 561 0079 00       		.byte	0
 562 007a 0B       		.uleb128 0xb
 563 007b 16       		.uleb128 0x16
 564 007c 00       		.byte	0
 565 007d 03       		.uleb128 0x3
 566 007e 0E       		.uleb128 0xe
 567 007f 3A       		.uleb128 0x3a
 568 0080 0B       		.uleb128 0xb
 569 0081 3B       		.uleb128 0x3b
 570 0082 0B       		.uleb128 0xb
 571 0083 49       		.uleb128 0x49
 572 0084 13       		.uleb128 0x13
 573 0085 00       		.byte	0
 574 0086 00       		.byte	0
 575 0087 0C       		.uleb128 0xc
 576 0088 2E       		.uleb128 0x2e
ARM GAS  C:\Users\Nick\AppData\Local\Temp\ccBB4H3A.s 			page 14


 577 0089 00       		.byte	0
 578 008a 3F       		.uleb128 0x3f
 579 008b 19       		.uleb128 0x19
 580 008c 03       		.uleb128 0x3
 581 008d 0E       		.uleb128 0xe
 582 008e 3A       		.uleb128 0x3a
 583 008f 0B       		.uleb128 0xb
 584 0090 3B       		.uleb128 0x3b
 585 0091 0B       		.uleb128 0xb
 586 0092 27       		.uleb128 0x27
 587 0093 19       		.uleb128 0x19
 588 0094 11       		.uleb128 0x11
 589 0095 01       		.uleb128 0x1
 590 0096 12       		.uleb128 0x12
 591 0097 06       		.uleb128 0x6
 592 0098 40       		.uleb128 0x40
 593 0099 18       		.uleb128 0x18
 594 009a 9742     		.uleb128 0x2117
 595 009c 19       		.uleb128 0x19
 596 009d 00       		.byte	0
 597 009e 00       		.byte	0
 598 009f 0D       		.uleb128 0xd
 599 00a0 34       		.uleb128 0x34
 600 00a1 00       		.byte	0
 601 00a2 03       		.uleb128 0x3
 602 00a3 0E       		.uleb128 0xe
 603 00a4 3A       		.uleb128 0x3a
 604 00a5 0B       		.uleb128 0xb
 605 00a6 3B       		.uleb128 0x3b
 606 00a7 0B       		.uleb128 0xb
 607 00a8 49       		.uleb128 0x49
 608 00a9 13       		.uleb128 0x13
 609 00aa 3F       		.uleb128 0x3f
 610 00ab 19       		.uleb128 0x19
 611 00ac 02       		.uleb128 0x2
 612 00ad 18       		.uleb128 0x18
 613 00ae 00       		.byte	0
 614 00af 00       		.byte	0
 615 00b0 0E       		.uleb128 0xe
 616 00b1 26       		.uleb128 0x26
 617 00b2 00       		.byte	0
 618 00b3 49       		.uleb128 0x49
 619 00b4 13       		.uleb128 0x13
 620 00b5 00       		.byte	0
 621 00b6 00       		.byte	0
 622 00b7 00       		.byte	0
 623              		.section	.debug_aranges,"",%progbits
 624 0000 1C000000 		.4byte	0x1c
 625 0004 0200     		.2byte	0x2
 626 0006 00000000 		.4byte	.Ldebug_info0
 627 000a 04       		.byte	0x4
 628 000b 00       		.byte	0
 629 000c 0000     		.2byte	0
 630 000e 0000     		.2byte	0
 631 0010 00000000 		.4byte	.LFB2
 632 0014 02000000 		.4byte	.LFE2-.LFB2
 633 0018 00000000 		.4byte	0
ARM GAS  C:\Users\Nick\AppData\Local\Temp\ccBB4H3A.s 			page 15


 634 001c 00000000 		.4byte	0
 635              		.section	.debug_ranges,"",%progbits
 636              	.Ldebug_ranges0:
 637 0000 00000000 		.4byte	.LFB2
 638 0004 02000000 		.4byte	.LFE2
 639 0008 00000000 		.4byte	0
 640 000c 00000000 		.4byte	0
 641              		.section	.debug_line,"",%progbits
 642              	.Ldebug_line0:
 643 0000 9A000000 		.section	.debug_str,"MS",%progbits,1
 643      02008100 
 643      00000201 
 643      FB0E0D00 
 643      01010101 
 644              	.LASF22:
 645 0000 4359424C 		.ascii	"CYBLE_EVT_GAP_PASSKEY_ENTRY_REQUEST\000"
 645      455F4556 
 645      545F4741 
 645      505F5041 
 645      53534B45 
 646              	.LASF53:
 647 0024 4359424C 		.ascii	"CYBLE_EVT_GATTC_WRITE_RSP\000"
 647      455F4556 
 647      545F4741 
 647      5454435F 
 647      57524954 
 648              	.LASF19:
 649 003e 4359424C 		.ascii	"CYBLE_EVT_MEMORY_REQUEST\000"
 649      455F4556 
 649      545F4D45 
 649      4D4F5259 
 649      5F524551 
 650              	.LASF40:
 651 0057 4359424C 		.ascii	"CYBLE_EVT_GATTC_ERROR_RSP\000"
 651      455F4556 
 651      545F4741 
 651      5454435F 
 651      4552524F 
 652              	.LASF28:
 653 0071 4359424C 		.ascii	"CYBLE_EVT_GAP_DEVICE_DISCONNECTED\000"
 653      455F4556 
 653      545F4741 
 653      505F4445 
 653      56494345 
 654              	.LASF34:
 655 0093 4359424C 		.ascii	"CYBLE_EVT_GAP_KEYPRESS_NOTIFICATION\000"
 655      455F4556 
 655      545F4741 
 655      505F4B45 
 655      59505245 
 656              	.LASF2:
 657 00b7 73686F72 		.ascii	"short int\000"
 657      7420696E 
 657      7400
 658              	.LASF25:
 659 00c1 4359424C 		.ascii	"CYBLE_EVT_GAP_AUTH_FAILED\000"
 659      455F4556 
ARM GAS  C:\Users\Nick\AppData\Local\Temp\ccBB4H3A.s 			page 16


 659      545F4741 
 659      505F4155 
 659      54485F46 
 660              	.LASF12:
 661 00db 73697A65 		.ascii	"sizetype\000"
 661      74797065 
 661      00
 662              	.LASF36:
 663 00e4 4359424C 		.ascii	"CYBLE_EVT_GAP_DATA_LENGTH_CHANGE\000"
 663      455F4556 
 663      545F4741 
 663      505F4441 
 663      54415F4C 
 664              	.LASF6:
 665 0105 6C6F6E67 		.ascii	"long long int\000"
 665      206C6F6E 
 665      6720696E 
 665      7400
 666              	.LASF84:
 667 0113 63757374 		.ascii	"customServHandle\000"
 667      6F6D5365 
 667      72764861 
 667      6E646C65 
 667      00
 668              	.LASF17:
 669 0124 4359424C 		.ascii	"CYBLE_EVT_HCI_STATUS\000"
 669      455F4556 
 669      545F4843 
 669      495F5354 
 669      41545553 
 670              	.LASF90:
 671 0139 4379426C 		.ascii	"CyBle_CustomInit\000"
 671      655F4375 
 671      73746F6D 
 671      496E6974 
 671      00
 672              	.LASF14:
 673 014a 4359424C 		.ascii	"CYBLE_EVT_STACK_ON\000"
 673      455F4556 
 673      545F5354 
 673      41434B5F 
 673      4F4E00
 674              	.LASF43:
 675 015d 4359424C 		.ascii	"CYBLE_EVT_GATTS_XCNHG_MTU_REQ\000"
 675      455F4556 
 675      545F4741 
 675      5454535F 
 675      58434E48 
 676              	.LASF79:
 677 017b 75696E74 		.ascii	"uint16\000"
 677      313600
 678              	.LASF82:
 679 0182 63757374 		.ascii	"customServCharDesc\000"
 679      6F6D5365 
 679      72764368 
 679      61724465 
 679      736300
ARM GAS  C:\Users\Nick\AppData\Local\Temp\ccBB4H3A.s 			page 17


 680              	.LASF51:
 681 0195 4359424C 		.ascii	"CYBLE_EVT_GATTC_READ_MULTI_RSP\000"
 681      455F4556 
 681      545F4741 
 681      5454435F 
 681      52454144 
 682              	.LASF60:
 683 01b4 4359424C 		.ascii	"CYBLE_EVT_GATTS_HANDLE_VALUE_CNF\000"
 683      455F4556 
 683      545F4741 
 683      5454535F 
 683      48414E44 
 684              	.LASF13:
 685 01d5 4359424C 		.ascii	"CYBLE_EVT_HOST_INVALID\000"
 685      455F4556 
 685      545F484F 
 685      53545F49 
 685      4E56414C 
 686              	.LASF68:
 687 01ec 4359424C 		.ascii	"CYBLE_EVT_L2CAP_CBFC_CONN_IND\000"
 687      455F4556 
 687      545F4C32 
 687      4341505F 
 687      43424643 
 688              	.LASF71:
 689 020a 4359424C 		.ascii	"CYBLE_EVT_L2CAP_CBFC_DISCONN_CNF\000"
 689      455F4556 
 689      545F4C32 
 689      4341505F 
 689      43424643 
 690              	.LASF9:
 691 022b 666C6F61 		.ascii	"float\000"
 691      7400
 692              	.LASF49:
 693 0231 4359424C 		.ascii	"CYBLE_EVT_GATTC_READ_RSP\000"
 693      455F4556 
 693      545F4741 
 693      5454435F 
 693      52454144 
 694              	.LASF33:
 695 024a 4359424C 		.ascii	"CYBLE_EVT_GAP_NUMERIC_COMPARISON_REQUEST\000"
 695      455F4556 
 695      545F4741 
 695      505F4E55 
 695      4D455249 
 696              	.LASF38:
 697 0273 4359424C 		.ascii	"CYBLE_EVT_GAPC_DIRECT_ADV_REPORT\000"
 697      455F4556 
 697      545F4741 
 697      50435F44 
 697      49524543 
 698              	.LASF7:
 699 0294 6C6F6E67 		.ascii	"long long unsigned int\000"
 699      206C6F6E 
 699      6720756E 
 699      7369676E 
 699      65642069 
ARM GAS  C:\Users\Nick\AppData\Local\Temp\ccBB4H3A.s 			page 18


 700              	.LASF83:
 701 02ab 4359424C 		.ascii	"CYBLE_CUSTOMS_INFO_T\000"
 701      455F4355 
 701      53544F4D 
 701      535F494E 
 701      464F5F54 
 702              	.LASF4:
 703 02c0 6C6F6E67 		.ascii	"long int\000"
 703      20696E74 
 703      00
 704              	.LASF59:
 705 02c9 4359424C 		.ascii	"CYBLE_EVT_GATTC_HANDLE_VALUE_IND\000"
 705      455F4556 
 705      545F4741 
 705      5454435F 
 705      48414E44 
 706              	.LASF88:
 707 02ea 47656E65 		.ascii	"Generated_Source\\PSoC4\\CyBLE_custom.c\000"
 707      72617465 
 707      645F536F 
 707      75726365 
 707      5C50536F 
 708              	.LASF27:
 709 0310 4359424C 		.ascii	"CYBLE_EVT_GAP_DEVICE_CONNECTED\000"
 709      455F4556 
 709      545F4741 
 709      505F4445 
 709      56494345 
 710              	.LASF26:
 711 032f 4359424C 		.ascii	"CYBLE_EVT_GAPP_ADVERTISEMENT_START_STOP\000"
 711      455F4556 
 711      545F4741 
 711      50505F41 
 711      44564552 
 712              	.LASF58:
 713 0357 4359424C 		.ascii	"CYBLE_EVT_GATTC_HANDLE_VALUE_NTF\000"
 713      455F4556 
 713      545F4741 
 713      5454435F 
 713      48414E44 
 714              	.LASF18:
 715 0378 4359424C 		.ascii	"CYBLE_EVT_STACK_BUSY_STATUS\000"
 715      455F4556 
 715      545F5354 
 715      41434B5F 
 715      42555359 
 716              	.LASF23:
 717 0394 4359424C 		.ascii	"CYBLE_EVT_GAP_PASSKEY_DISPLAY_REQUEST\000"
 717      455F4556 
 717      545F4741 
 717      505F5041 
 717      53534B45 
 718              	.LASF86:
 719 03ba 4359424C 		.ascii	"CYBLE_CUSTOMS_T\000"
 719      455F4355 
 719      53544F4D 
 719      535F5400 
ARM GAS  C:\Users\Nick\AppData\Local\Temp\ccBB4H3A.s 			page 19


 720              	.LASF69:
 721 03ca 4359424C 		.ascii	"CYBLE_EVT_L2CAP_CBFC_CONN_CNF\000"
 721      455F4556 
 721      545F4C32 
 721      4341505F 
 721      43424643 
 722              	.LASF37:
 723 03e8 4359424C 		.ascii	"CYBLE_EVT_GAP_ENHANCE_CONN_COMPLETE\000"
 723      455F4556 
 723      545F4741 
 723      505F454E 
 723      48414E43 
 724              	.LASF65:
 725 040c 4359424C 		.ascii	"CYBLE_EVT_L2CAP_CONN_PARAM_UPDATE_REQ\000"
 725      455F4556 
 725      545F4C32 
 725      4341505F 
 725      434F4E4E 
 726              	.LASF1:
 727 0432 756E7369 		.ascii	"unsigned char\000"
 727      676E6564 
 727      20636861 
 727      7200
 728              	.LASF85:
 729 0440 63757374 		.ascii	"customServInfo\000"
 729      6F6D5365 
 729      7276496E 
 729      666F00
 730              	.LASF55:
 731 044f 4359424C 		.ascii	"CYBLE_EVT_GATTS_PREP_WRITE_REQ\000"
 731      455F4556 
 731      545F4741 
 731      5454535F 
 731      50524550 
 732              	.LASF77:
 733 046e 4359424C 		.ascii	"CYBLE_EVT_LE_PING_AUTH_TIMEOUT\000"
 733      455F4556 
 733      545F4C45 
 733      5F50494E 
 733      475F4155 
 734              	.LASF47:
 735 048d 4359424C 		.ascii	"CYBLE_EVT_GATTC_FIND_INFO_RSP\000"
 735      455F4556 
 735      545F4741 
 735      5454435F 
 735      46494E44 
 736              	.LASF0:
 737 04ab 7369676E 		.ascii	"signed char\000"
 737      65642063 
 737      68617200 
 738              	.LASF52:
 739 04b7 4359424C 		.ascii	"CYBLE_EVT_GATTS_WRITE_REQ\000"
 739      455F4556 
 739      545F4741 
 739      5454535F 
 739      57524954 
 740              	.LASF48:
ARM GAS  C:\Users\Nick\AppData\Local\Temp\ccBB4H3A.s 			page 20


 741 04d1 4359424C 		.ascii	"CYBLE_EVT_GATTC_FIND_BY_TYPE_VALUE_RSP\000"
 741      455F4556 
 741      545F4741 
 741      5454435F 
 741      46494E44 
 742              	.LASF24:
 743 04f8 4359424C 		.ascii	"CYBLE_EVT_GAP_AUTH_COMPLETE\000"
 743      455F4556 
 743      545F4741 
 743      505F4155 
 743      54485F43 
 744              	.LASF8:
 745 0514 756E7369 		.ascii	"unsigned int\000"
 745      676E6564 
 745      20696E74 
 745      00
 746              	.LASF89:
 747 0521 433A5C55 		.ascii	"C:\\Users\\Nick\\Documents\\PSoC Creator\\capsensel"
 747      73657273 
 747      5C4E6963 
 747      6B5C446F 
 747      63756D65 
 748 054f 6564315C 		.ascii	"ed1\\capsenseled\\BLE_OTA_FixedStack_Bootloader01.c"
 748      63617073 
 748      656E7365 
 748      6C65645C 
 748      424C455F 
 749 0580 7964736E 		.ascii	"ydsn\000"
 749      00
 750              	.LASF41:
 751 0585 4359424C 		.ascii	"CYBLE_EVT_GATT_CONNECT_IND\000"
 751      455F4556 
 751      545F4741 
 751      54545F43 
 751      4F4E4E45 
 752              	.LASF5:
 753 05a0 6C6F6E67 		.ascii	"long unsigned int\000"
 753      20756E73 
 753      69676E65 
 753      6420696E 
 753      7400
 754              	.LASF21:
 755 05b2 4359424C 		.ascii	"CYBLE_EVT_GAP_AUTH_REQ\000"
 755      455F4556 
 755      545F4741 
 755      505F4155 
 755      54485F52 
 756              	.LASF70:
 757 05c9 4359424C 		.ascii	"CYBLE_EVT_L2CAP_CBFC_DISCONN_IND\000"
 757      455F4556 
 757      545F4C32 
 757      4341505F 
 757      43424643 
 758              	.LASF29:
 759 05ea 4359424C 		.ascii	"CYBLE_EVT_GAP_ENCRYPT_CHANGE\000"
 759      455F4556 
 759      545F4741 
ARM GAS  C:\Users\Nick\AppData\Local\Temp\ccBB4H3A.s 			page 21


 759      505F454E 
 759      43525950 
 760              	.LASF64:
 761 0607 4359424C 		.ascii	"CYBLE_EVT_GATTC_LONG_PROCEDURE_END\000"
 761      455F4556 
 761      545F4741 
 761      5454435F 
 761      4C4F4E47 
 762              	.LASF32:
 763 062a 4359424C 		.ascii	"CYBLE_EVT_GAP_KEYINFO_EXCHNGE_CMPLT\000"
 763      455F4556 
 763      545F4741 
 763      505F4B45 
 763      59494E46 
 764              	.LASF30:
 765 064e 4359424C 		.ascii	"CYBLE_EVT_GAP_CONNECTION_UPDATE_COMPLETE\000"
 765      455F4556 
 765      545F4741 
 765      505F434F 
 765      4E4E4543 
 766              	.LASF39:
 767 0677 4359424C 		.ascii	"CYBLE_EVT_GAP_SMP_NEGOTIATED_AUTH_INFO\000"
 767      455F4556 
 767      545F4741 
 767      505F534D 
 767      505F4E45 
 768              	.LASF11:
 769 069e 63686172 		.ascii	"char\000"
 769      00
 770              	.LASF67:
 771 06a3 4359424C 		.ascii	"CYBLE_EVT_L2CAP_COMMAND_REJ\000"
 771      455F4556 
 771      545F4C32 
 771      4341505F 
 771      434F4D4D 
 772              	.LASF3:
 773 06bf 73686F72 		.ascii	"short unsigned int\000"
 773      7420756E 
 773      7369676E 
 773      65642069 
 773      6E7400
 774              	.LASF50:
 775 06d2 4359424C 		.ascii	"CYBLE_EVT_GATTC_READ_BLOB_RSP\000"
 775      455F4556 
 775      545F4741 
 775      5454435F 
 775      52454144 
 776              	.LASF57:
 777 06f0 4359424C 		.ascii	"CYBLE_EVT_GATTC_EXEC_WRITE_RSP\000"
 777      455F4556 
 777      545F4741 
 777      5454435F 
 777      45584543 
 778              	.LASF31:
 779 070f 4359424C 		.ascii	"CYBLE_EVT_GAPC_SCAN_START_STOP\000"
 779      455F4556 
 779      545F4741 
ARM GAS  C:\Users\Nick\AppData\Local\Temp\ccBB4H3A.s 			page 22


 779      50435F53 
 779      43414E5F 
 780              	.LASF76:
 781 072e 4359424C 		.ascii	"CYBLE_EVT_PENDING_FLASH_WRITE\000"
 781      455F4556 
 781      545F5045 
 781      4E44494E 
 781      475F464C 
 782              	.LASF73:
 783 074c 4359424C 		.ascii	"CYBLE_EVT_L2CAP_CBFC_RX_CREDIT_IND\000"
 783      455F4556 
 783      545F4C32 
 783      4341505F 
 783      43424643 
 784              	.LASF10:
 785 076f 646F7562 		.ascii	"double\000"
 785      6C6500
 786              	.LASF74:
 787 0776 4359424C 		.ascii	"CYBLE_EVT_L2CAP_CBFC_TX_CREDIT_IND\000"
 787      455F4556 
 787      545F4C32 
 787      4341505F 
 787      43424643 
 788              	.LASF81:
 789 0799 63757374 		.ascii	"customServCharHandle\000"
 789      6F6D5365 
 789      72764368 
 789      61724861 
 789      6E646C65 
 790              	.LASF16:
 791 07ae 4359424C 		.ascii	"CYBLE_EVT_HARDWARE_ERROR\000"
 791      455F4556 
 791      545F4841 
 791      52445741 
 791      52455F45 
 792              	.LASF72:
 793 07c7 4359424C 		.ascii	"CYBLE_EVT_L2CAP_CBFC_DATA_READ\000"
 793      455F4556 
 793      545F4C32 
 793      4341505F 
 793      43424643 
 794              	.LASF66:
 795 07e6 4359424C 		.ascii	"CYBLE_EVT_L2CAP_CONN_PARAM_UPDATE_RSP\000"
 795      455F4556 
 795      545F4C32 
 795      4341505F 
 795      434F4E4E 
 796              	.LASF20:
 797 080c 4359424C 		.ascii	"CYBLE_EVT_GAPC_SCAN_PROGRESS_RESULT\000"
 797      455F4556 
 797      545F4741 
 797      50435F53 
 797      43414E5F 
 798              	.LASF45:
 799 0830 4359424C 		.ascii	"CYBLE_EVT_GATTC_READ_BY_GROUP_TYPE_RSP\000"
 799      455F4556 
 799      545F4741 
ARM GAS  C:\Users\Nick\AppData\Local\Temp\ccBB4H3A.s 			page 23


 799      5454435F 
 799      52454144 
 800              	.LASF54:
 801 0857 4359424C 		.ascii	"CYBLE_EVT_GATTS_WRITE_CMD_REQ\000"
 801      455F4556 
 801      545F4741 
 801      5454535F 
 801      57524954 
 802              	.LASF46:
 803 0875 4359424C 		.ascii	"CYBLE_EVT_GATTC_READ_BY_TYPE_RSP\000"
 803      455F4556 
 803      545F4741 
 803      5454435F 
 803      52454144 
 804              	.LASF44:
 805 0896 4359424C 		.ascii	"CYBLE_EVT_GATTC_XCHNG_MTU_RSP\000"
 805      455F4556 
 805      545F4741 
 805      5454435F 
 805      5843484E 
 806              	.LASF75:
 807 08b4 4359424C 		.ascii	"CYBLE_EVT_L2CAP_CBFC_DATA_WRITE_IND\000"
 807      455F4556 
 807      545F4C32 
 807      4341505F 
 807      43424643 
 808              	.LASF15:
 809 08d8 4359424C 		.ascii	"CYBLE_EVT_TIMEOUT\000"
 809      455F4556 
 809      545F5449 
 809      4D454F55 
 809      5400
 810              	.LASF78:
 811 08ea 4359424C 		.ascii	"CYBLE_EVT_MAX\000"
 811      455F4556 
 811      545F4D41 
 811      5800
 812              	.LASF63:
 813 08f8 4359424C 		.ascii	"CYBLE_EVT_GATTS_READ_CHAR_VAL_ACCESS_REQ\000"
 813      455F4556 
 813      545F4741 
 813      5454535F 
 813      52454144 
 814              	.LASF62:
 815 0921 4359424C 		.ascii	"CYBLE_EVT_GATTC_STOP_CMD_COMPLETE\000"
 815      455F4556 
 815      545F4741 
 815      5454435F 
 815      53544F50 
 816              	.LASF87:
 817 0943 474E5520 		.ascii	"GNU C 4.9.3 20150303 (release) [ARM/embedded-4_9-br"
 817      4320342E 
 817      392E3320 
 817      32303135 
 817      30333033 
 818 0976 616E6368 		.ascii	"anch revision 221220] -mcpu=cortex-m0 -mthumb -g -O"
 818      20726576 
ARM GAS  C:\Users\Nick\AppData\Local\Temp\ccBB4H3A.s 			page 24


 818      6973696F 
 818      6E203232 
 818      31323230 
 819 09a9 67202D66 		.ascii	"g -ffunction-sections -ffat-lto-objects\000"
 819      66756E63 
 819      74696F6E 
 819      2D736563 
 819      74696F6E 
 820              	.LASF56:
 821 09d1 4359424C 		.ascii	"CYBLE_EVT_GATTS_EXEC_WRITE_REQ\000"
 821      455F4556 
 821      545F4741 
 821      5454535F 
 821      45584543 
 822              	.LASF80:
 823 09f0 4359424C 		.ascii	"CYBLE_GATT_DB_ATTR_HANDLE_T\000"
 823      455F4741 
 823      54545F44 
 823      425F4154 
 823      54525F48 
 824              	.LASF91:
 825 0a0c 6379426C 		.ascii	"cyBle_customs\000"
 825      655F6375 
 825      73746F6D 
 825      7300
 826              	.LASF61:
 827 0a1a 4359424C 		.ascii	"CYBLE_EVT_GATTS_DATA_SIGNED_CMD_REQ\000"
 827      455F4556 
 827      545F4741 
 827      5454535F 
 827      44415441 
 828              	.LASF42:
 829 0a3e 4359424C 		.ascii	"CYBLE_EVT_GATT_DISCONNECT_IND\000"
 829      455F4556 
 829      545F4741 
 829      54545F44 
 829      4953434F 
 830              	.LASF35:
 831 0a5c 4359424C 		.ascii	"CYBLE_EVT_GAP_OOB_GENERATED_NOTIFICATION\000"
 831      455F4556 
 831      545F4741 
 831      505F4F4F 
 831      425F4745 
 832              		.ident	"GCC: (GNU Tools for ARM Embedded Processors) 4.9.3 20150303 (release) [ARM/embedded-4_9-br
