ARM GAS  C:\Users\Nick\AppData\Local\Temp\ccu7ppaJ.s 			page 1


   1              		.cpu cortex-m0
   2              		.fpu softvfp
   3              		.eabi_attribute 20, 1
   4              		.eabi_attribute 21, 1
   5              		.eabi_attribute 23, 3
   6              		.eabi_attribute 24, 1
   7              		.eabi_attribute 25, 1
   8              		.eabi_attribute 26, 1
   9              		.eabi_attribute 30, 1
  10              		.eabi_attribute 34, 0
  11              		.eabi_attribute 18, 4
  12              		.code	16
  13              		.file	"Debug.c"
  14              		.text
  15              	.Ltext0:
  16              		.cfi_sections	.debug_frame
  17              		.section	.text._write,"ax",%progbits
  18              		.align	2
  19              		.global	_write
  20              		.code	16
  21              		.thumb_func
  22              		.type	_write, %function
  23              	_write:
  24              	.LFB37:
  25              		.file 1 "Debug.c"
   1:Debug.c       **** /*******************************************************************************
   2:Debug.c       **** * File Name: Debug.c
   3:Debug.c       **** *
   4:Debug.c       **** * Version: 1.30
   5:Debug.c       **** *
   6:Debug.c       **** * Description:
   7:Debug.c       **** *  This file contains functions for printf functionality.
   8:Debug.c       **** *
   9:Debug.c       **** * Hardware Dependency:
  10:Debug.c       **** *  CY8CKIT-042 BLE
  11:Debug.c       **** *
  12:Debug.c       **** ********************************************************************************
  13:Debug.c       **** * Copyright 2014-2015, Cypress Semiconductor Corporation. All rights reserved.
  14:Debug.c       **** * This software is owned by Cypress Semiconductor Corporation and is protected
  15:Debug.c       **** * by and subject to worldwide patent and copyright laws and treaties.
  16:Debug.c       **** * Therefore, you may use this software only as provided in the license agreement
  17:Debug.c       **** * accompanying the software package from which you obtained this software.
  18:Debug.c       **** * CYPRESS AND ITS SUPPLIERS MAKE NO WARRANTY OF ANY KIND, EXPRESS OR IMPLIED,
  19:Debug.c       **** * WITH REGARD TO THIS SOFTWARE, INCLUDING, BUT NOT LIMITED TO, NONINFRINGEMENT,
  20:Debug.c       **** * IMPLIED WARRANTIES OF MERCHANTABILITY AND FITNESS FOR A PARTICULAR PURPOSE.
  21:Debug.c       **** *******************************************************************************/
  22:Debug.c       **** 
  23:Debug.c       **** #include "cytypes.h"
  24:Debug.c       **** #include "debug.h"
  25:Debug.c       **** #include "project.h"
  26:Debug.c       **** 
  27:Debug.c       **** #if (DEBUG_UART_ENABLED == YES)
  28:Debug.c       **** 
  29:Debug.c       ****     #if defined(__ARMCC_VERSION)
  30:Debug.c       **** 
  31:Debug.c       ****         /* For MDK/RVDS compiler revise fputc() for the printf() */
  32:Debug.c       ****         struct __FILE
ARM GAS  C:\Users\Nick\AppData\Local\Temp\ccu7ppaJ.s 			page 2


  33:Debug.c       ****         {
  34:Debug.c       ****             int handle;
  35:Debug.c       ****         };
  36:Debug.c       **** 
  37:Debug.c       ****         enum
  38:Debug.c       ****         {
  39:Debug.c       ****             STDIN_HANDLE,
  40:Debug.c       ****             STDOUT_HANDLE,
  41:Debug.c       ****             STDERR_HANDLE
  42:Debug.c       ****         } ;
  43:Debug.c       **** 
  44:Debug.c       ****         FILE __stdin = {STDIN_HANDLE};
  45:Debug.c       ****         FILE __stdout = {STDOUT_HANDLE};
  46:Debug.c       ****         FILE __stderr = {STDERR_HANDLE};
  47:Debug.c       **** 
  48:Debug.c       ****         int fputc(int ch, FILE *file)
  49:Debug.c       ****         {
  50:Debug.c       ****             int ret = EOF;
  51:Debug.c       **** 
  52:Debug.c       ****             switch( file->handle )
  53:Debug.c       ****             {
  54:Debug.c       ****                 case STDOUT_HANDLE:
  55:Debug.c       ****                     UART_PutChar(ch);
  56:Debug.c       ****                     ret = ch ;
  57:Debug.c       ****                     break ;
  58:Debug.c       **** 
  59:Debug.c       ****                 case STDERR_HANDLE:
  60:Debug.c       ****                     ret = ch ;
  61:Debug.c       ****                     break ;
  62:Debug.c       **** 
  63:Debug.c       ****                 default:
  64:Debug.c       ****                     file = file;
  65:Debug.c       ****                     break ;
  66:Debug.c       ****             }
  67:Debug.c       ****             return ret ;
  68:Debug.c       ****         }
  69:Debug.c       **** 
  70:Debug.c       **** #elif defined (__ICCARM__)      /* IAR */
  71:Debug.c       **** 
  72:Debug.c       **** /* For IAR compiler revise __write() function for printf functionality */
  73:Debug.c       **** size_t __write(int handle, const unsigned char * buffer, size_t size)
  74:Debug.c       **** {
  75:Debug.c       ****     size_t nChars = 0;
  76:Debug.c       **** 
  77:Debug.c       ****     if (buffer == 0)
  78:Debug.c       ****     {
  79:Debug.c       ****         /*
  80:Debug.c       ****          * This means that we should flush internal buffers.  Since we
  81:Debug.c       ****          * don't we just return.  (Remember, "handle" == -1 means that all
  82:Debug.c       ****          * handles should be flushed.)
  83:Debug.c       ****          */
  84:Debug.c       ****         return (0);
  85:Debug.c       ****     }
  86:Debug.c       **** 
  87:Debug.c       ****     for (/* Empty */; size != 0; --size)
  88:Debug.c       ****     {
  89:Debug.c       ****         UART_PutChar(*buffer++);
ARM GAS  C:\Users\Nick\AppData\Local\Temp\ccu7ppaJ.s 			page 3


  90:Debug.c       ****         ++nChars;
  91:Debug.c       ****     }
  92:Debug.c       **** 
  93:Debug.c       ****     return (nChars);
  94:Debug.c       **** }
  95:Debug.c       **** 
  96:Debug.c       **** #else  /* (__GNUC__)  GCC */
  97:Debug.c       **** 
  98:Debug.c       ****         /* For GCC compiler revise _write() for the printf */
  99:Debug.c       ****         int _write(int file, char *ptr, int len)
 100:Debug.c       ****         {
  26              		.loc 1 100 0
  27              		.cfi_startproc
  28              	.LVL0:
  29 0000 70B5     		push	{r4, r5, r6, lr}
  30              		.cfi_def_cfa_offset 16
  31              		.cfi_offset 4, -16
  32              		.cfi_offset 5, -12
  33              		.cfi_offset 6, -8
  34              		.cfi_offset 14, -4
  35 0002 161C     		mov	r6, r2
  36              	.LVL1:
 101:Debug.c       ****             int i;
 102:Debug.c       ****             file = file;
 103:Debug.c       ****             for (i = 0; i < len; i++)
  37              		.loc 1 103 0
  38 0004 0024     		mov	r4, #0
  39 0006 05E0     		b	.L2
  40              	.LVL2:
  41              	.L3:
 104:Debug.c       ****             {
 105:Debug.c       ****                 UART_PutChar(*ptr++);
  42              		.loc 1 105 0 discriminator 3
  43 0008 4D1C     		add	r5, r1, #1
  44              	.LVL3:
  45 000a 0878     		ldrb	r0, [r1]
  46 000c FFF7FEFF 		bl	UART_PutChar
  47              	.LVL4:
 103:Debug.c       ****             {
  48              		.loc 1 103 0 discriminator 3
  49 0010 0134     		add	r4, r4, #1
  50              	.LVL5:
  51              		.loc 1 105 0 discriminator 3
  52 0012 291C     		mov	r1, r5
  53              	.LVL6:
  54              	.L2:
 103:Debug.c       ****             {
  55              		.loc 1 103 0 discriminator 1
  56 0014 B442     		cmp	r4, r6
  57 0016 F7DB     		blt	.L3
 106:Debug.c       ****             }
 107:Debug.c       ****             return len;
 108:Debug.c       ****         }
  58              		.loc 1 108 0
  59 0018 301C     		mov	r0, r6
  60              		@ sp needed
  61              	.LVL7:
ARM GAS  C:\Users\Nick\AppData\Local\Temp\ccu7ppaJ.s 			page 4


  62              	.LVL8:
  63 001a 70BD     		pop	{r4, r5, r6, pc}
  64              		.cfi_endproc
  65              	.LFE37:
  66              		.size	_write, .-_write
  67              		.text
  68              	.Letext0:
  69              		.file 2 "Generated_Source\\PSoC4/cytypes.h"
  70              		.file 3 "Generated_Source\\PSoC4/UART.h"
  71              		.section	.debug_info,"",%progbits
  72              	.Ldebug_info0:
  73 0000 00010000 		.4byte	0x100
  74 0004 0400     		.2byte	0x4
  75 0006 00000000 		.4byte	.Ldebug_abbrev0
  76 000a 04       		.byte	0x4
  77 000b 01       		.uleb128 0x1
  78 000c 17010000 		.4byte	.LASF14
  79 0010 01       		.byte	0x1
  80 0011 21000000 		.4byte	.LASF15
  81 0015 94000000 		.4byte	.LASF16
  82 0019 00000000 		.4byte	.Ldebug_ranges0+0
  83 001d 00000000 		.4byte	0
  84 0021 00000000 		.4byte	.Ldebug_line0
  85 0025 02       		.uleb128 0x2
  86 0026 01       		.byte	0x1
  87 0027 06       		.byte	0x6
  88 0028 0B010000 		.4byte	.LASF0
  89 002c 02       		.uleb128 0x2
  90 002d 01       		.byte	0x1
  91 002e 08       		.byte	0x8
  92 002f 52000000 		.4byte	.LASF1
  93 0033 02       		.uleb128 0x2
  94 0034 02       		.byte	0x2
  95 0035 05       		.byte	0x5
  96 0036 A5010000 		.4byte	.LASF2
  97 003a 02       		.uleb128 0x2
  98 003b 02       		.byte	0x2
  99 003c 07       		.byte	0x7
 100 003d F8000000 		.4byte	.LASF3
 101 0041 02       		.uleb128 0x2
 102 0042 04       		.byte	0x4
 103 0043 05       		.byte	0x5
 104 0044 6C000000 		.4byte	.LASF4
 105 0048 02       		.uleb128 0x2
 106 0049 04       		.byte	0x4
 107 004a 07       		.byte	0x7
 108 004b 82000000 		.4byte	.LASF5
 109 004f 02       		.uleb128 0x2
 110 0050 08       		.byte	0x8
 111 0051 05       		.byte	0x5
 112 0052 00000000 		.4byte	.LASF6
 113 0056 02       		.uleb128 0x2
 114 0057 08       		.byte	0x8
 115 0058 07       		.byte	0x7
 116 0059 29000000 		.4byte	.LASF7
 117 005d 03       		.uleb128 0x3
 118 005e 04       		.byte	0x4
ARM GAS  C:\Users\Nick\AppData\Local\Temp\ccu7ppaJ.s 			page 5


 119 005f 05       		.byte	0x5
 120 0060 696E7400 		.ascii	"int\000"
 121 0064 02       		.uleb128 0x2
 122 0065 04       		.byte	0x4
 123 0066 07       		.byte	0x7
 124 0067 0E000000 		.4byte	.LASF8
 125 006b 04       		.uleb128 0x4
 126 006c 1B000000 		.4byte	.LASF17
 127 0070 02       		.byte	0x2
 128 0071 9801     		.2byte	0x198
 129 0073 2C000000 		.4byte	0x2c
 130 0077 02       		.uleb128 0x2
 131 0078 04       		.byte	0x4
 132 0079 04       		.byte	0x4
 133 007a 40000000 		.4byte	.LASF9
 134 007e 02       		.uleb128 0x2
 135 007f 08       		.byte	0x8
 136 0080 04       		.byte	0x4
 137 0081 65000000 		.4byte	.LASF10
 138 0085 02       		.uleb128 0x2
 139 0086 01       		.byte	0x1
 140 0087 08       		.byte	0x8
 141 0088 60000000 		.4byte	.LASF11
 142 008c 02       		.uleb128 0x2
 143 008d 04       		.byte	0x4
 144 008e 07       		.byte	0x7
 145 008f AF010000 		.4byte	.LASF12
 146 0093 05       		.uleb128 0x5
 147 0094 04       		.byte	0x4
 148 0095 85000000 		.4byte	0x85
 149 0099 06       		.uleb128 0x6
 150 009a 4B000000 		.4byte	.LASF18
 151 009e 01       		.byte	0x1
 152 009f 63       		.byte	0x63
 153 00a0 5D000000 		.4byte	0x5d
 154 00a4 00000000 		.4byte	.LFB37
 155 00a8 1C000000 		.4byte	.LFE37-.LFB37
 156 00ac 01       		.uleb128 0x1
 157 00ad 9C       		.byte	0x9c
 158 00ae F6000000 		.4byte	0xf6
 159 00b2 07       		.uleb128 0x7
 160 00b3 46000000 		.4byte	.LASF13
 161 00b7 01       		.byte	0x1
 162 00b8 63       		.byte	0x63
 163 00b9 5D000000 		.4byte	0x5d
 164 00bd 00000000 		.4byte	.LLST0
 165 00c1 08       		.uleb128 0x8
 166 00c2 70747200 		.ascii	"ptr\000"
 167 00c6 01       		.byte	0x1
 168 00c7 63       		.byte	0x63
 169 00c8 93000000 		.4byte	0x93
 170 00cc 21000000 		.4byte	.LLST1
 171 00d0 08       		.uleb128 0x8
 172 00d1 6C656E00 		.ascii	"len\000"
 173 00d5 01       		.byte	0x1
 174 00d6 63       		.byte	0x63
 175 00d7 5D000000 		.4byte	0x5d
ARM GAS  C:\Users\Nick\AppData\Local\Temp\ccu7ppaJ.s 			page 6


 176 00db 4A000000 		.4byte	.LLST2
 177 00df 09       		.uleb128 0x9
 178 00e0 6900     		.ascii	"i\000"
 179 00e2 01       		.byte	0x1
 180 00e3 65       		.byte	0x65
 181 00e4 5D000000 		.4byte	0x5d
 182 00e8 73000000 		.4byte	.LLST3
 183 00ec 0A       		.uleb128 0xa
 184 00ed 10000000 		.4byte	.LVL4
 185 00f1 F6000000 		.4byte	0xf6
 186 00f5 00       		.byte	0
 187 00f6 0B       		.uleb128 0xb
 188 00f7 75000000 		.4byte	.LASF19
 189 00fb 03       		.byte	0x3
 190 00fc 25       		.byte	0x25
 191 00fd 0C       		.uleb128 0xc
 192 00fe 6B000000 		.4byte	0x6b
 193 0102 00       		.byte	0
 194 0103 00       		.byte	0
 195              		.section	.debug_abbrev,"",%progbits
 196              	.Ldebug_abbrev0:
 197 0000 01       		.uleb128 0x1
 198 0001 11       		.uleb128 0x11
 199 0002 01       		.byte	0x1
 200 0003 25       		.uleb128 0x25
 201 0004 0E       		.uleb128 0xe
 202 0005 13       		.uleb128 0x13
 203 0006 0B       		.uleb128 0xb
 204 0007 03       		.uleb128 0x3
 205 0008 0E       		.uleb128 0xe
 206 0009 1B       		.uleb128 0x1b
 207 000a 0E       		.uleb128 0xe
 208 000b 55       		.uleb128 0x55
 209 000c 17       		.uleb128 0x17
 210 000d 11       		.uleb128 0x11
 211 000e 01       		.uleb128 0x1
 212 000f 10       		.uleb128 0x10
 213 0010 17       		.uleb128 0x17
 214 0011 00       		.byte	0
 215 0012 00       		.byte	0
 216 0013 02       		.uleb128 0x2
 217 0014 24       		.uleb128 0x24
 218 0015 00       		.byte	0
 219 0016 0B       		.uleb128 0xb
 220 0017 0B       		.uleb128 0xb
 221 0018 3E       		.uleb128 0x3e
 222 0019 0B       		.uleb128 0xb
 223 001a 03       		.uleb128 0x3
 224 001b 0E       		.uleb128 0xe
 225 001c 00       		.byte	0
 226 001d 00       		.byte	0
 227 001e 03       		.uleb128 0x3
 228 001f 24       		.uleb128 0x24
 229 0020 00       		.byte	0
 230 0021 0B       		.uleb128 0xb
 231 0022 0B       		.uleb128 0xb
 232 0023 3E       		.uleb128 0x3e
ARM GAS  C:\Users\Nick\AppData\Local\Temp\ccu7ppaJ.s 			page 7


 233 0024 0B       		.uleb128 0xb
 234 0025 03       		.uleb128 0x3
 235 0026 08       		.uleb128 0x8
 236 0027 00       		.byte	0
 237 0028 00       		.byte	0
 238 0029 04       		.uleb128 0x4
 239 002a 16       		.uleb128 0x16
 240 002b 00       		.byte	0
 241 002c 03       		.uleb128 0x3
 242 002d 0E       		.uleb128 0xe
 243 002e 3A       		.uleb128 0x3a
 244 002f 0B       		.uleb128 0xb
 245 0030 3B       		.uleb128 0x3b
 246 0031 05       		.uleb128 0x5
 247 0032 49       		.uleb128 0x49
 248 0033 13       		.uleb128 0x13
 249 0034 00       		.byte	0
 250 0035 00       		.byte	0
 251 0036 05       		.uleb128 0x5
 252 0037 0F       		.uleb128 0xf
 253 0038 00       		.byte	0
 254 0039 0B       		.uleb128 0xb
 255 003a 0B       		.uleb128 0xb
 256 003b 49       		.uleb128 0x49
 257 003c 13       		.uleb128 0x13
 258 003d 00       		.byte	0
 259 003e 00       		.byte	0
 260 003f 06       		.uleb128 0x6
 261 0040 2E       		.uleb128 0x2e
 262 0041 01       		.byte	0x1
 263 0042 3F       		.uleb128 0x3f
 264 0043 19       		.uleb128 0x19
 265 0044 03       		.uleb128 0x3
 266 0045 0E       		.uleb128 0xe
 267 0046 3A       		.uleb128 0x3a
 268 0047 0B       		.uleb128 0xb
 269 0048 3B       		.uleb128 0x3b
 270 0049 0B       		.uleb128 0xb
 271 004a 27       		.uleb128 0x27
 272 004b 19       		.uleb128 0x19
 273 004c 49       		.uleb128 0x49
 274 004d 13       		.uleb128 0x13
 275 004e 11       		.uleb128 0x11
 276 004f 01       		.uleb128 0x1
 277 0050 12       		.uleb128 0x12
 278 0051 06       		.uleb128 0x6
 279 0052 40       		.uleb128 0x40
 280 0053 18       		.uleb128 0x18
 281 0054 9742     		.uleb128 0x2117
 282 0056 19       		.uleb128 0x19
 283 0057 01       		.uleb128 0x1
 284 0058 13       		.uleb128 0x13
 285 0059 00       		.byte	0
 286 005a 00       		.byte	0
 287 005b 07       		.uleb128 0x7
 288 005c 05       		.uleb128 0x5
 289 005d 00       		.byte	0
ARM GAS  C:\Users\Nick\AppData\Local\Temp\ccu7ppaJ.s 			page 8


 290 005e 03       		.uleb128 0x3
 291 005f 0E       		.uleb128 0xe
 292 0060 3A       		.uleb128 0x3a
 293 0061 0B       		.uleb128 0xb
 294 0062 3B       		.uleb128 0x3b
 295 0063 0B       		.uleb128 0xb
 296 0064 49       		.uleb128 0x49
 297 0065 13       		.uleb128 0x13
 298 0066 02       		.uleb128 0x2
 299 0067 17       		.uleb128 0x17
 300 0068 00       		.byte	0
 301 0069 00       		.byte	0
 302 006a 08       		.uleb128 0x8
 303 006b 05       		.uleb128 0x5
 304 006c 00       		.byte	0
 305 006d 03       		.uleb128 0x3
 306 006e 08       		.uleb128 0x8
 307 006f 3A       		.uleb128 0x3a
 308 0070 0B       		.uleb128 0xb
 309 0071 3B       		.uleb128 0x3b
 310 0072 0B       		.uleb128 0xb
 311 0073 49       		.uleb128 0x49
 312 0074 13       		.uleb128 0x13
 313 0075 02       		.uleb128 0x2
 314 0076 17       		.uleb128 0x17
 315 0077 00       		.byte	0
 316 0078 00       		.byte	0
 317 0079 09       		.uleb128 0x9
 318 007a 34       		.uleb128 0x34
 319 007b 00       		.byte	0
 320 007c 03       		.uleb128 0x3
 321 007d 08       		.uleb128 0x8
 322 007e 3A       		.uleb128 0x3a
 323 007f 0B       		.uleb128 0xb
 324 0080 3B       		.uleb128 0x3b
 325 0081 0B       		.uleb128 0xb
 326 0082 49       		.uleb128 0x49
 327 0083 13       		.uleb128 0x13
 328 0084 02       		.uleb128 0x2
 329 0085 17       		.uleb128 0x17
 330 0086 00       		.byte	0
 331 0087 00       		.byte	0
 332 0088 0A       		.uleb128 0xa
 333 0089 898201   		.uleb128 0x4109
 334 008c 00       		.byte	0
 335 008d 11       		.uleb128 0x11
 336 008e 01       		.uleb128 0x1
 337 008f 31       		.uleb128 0x31
 338 0090 13       		.uleb128 0x13
 339 0091 00       		.byte	0
 340 0092 00       		.byte	0
 341 0093 0B       		.uleb128 0xb
 342 0094 2E       		.uleb128 0x2e
 343 0095 01       		.byte	0x1
 344 0096 3F       		.uleb128 0x3f
 345 0097 19       		.uleb128 0x19
 346 0098 03       		.uleb128 0x3
ARM GAS  C:\Users\Nick\AppData\Local\Temp\ccu7ppaJ.s 			page 9


 347 0099 0E       		.uleb128 0xe
 348 009a 3A       		.uleb128 0x3a
 349 009b 0B       		.uleb128 0xb
 350 009c 3B       		.uleb128 0x3b
 351 009d 0B       		.uleb128 0xb
 352 009e 27       		.uleb128 0x27
 353 009f 19       		.uleb128 0x19
 354 00a0 3C       		.uleb128 0x3c
 355 00a1 19       		.uleb128 0x19
 356 00a2 00       		.byte	0
 357 00a3 00       		.byte	0
 358 00a4 0C       		.uleb128 0xc
 359 00a5 05       		.uleb128 0x5
 360 00a6 00       		.byte	0
 361 00a7 49       		.uleb128 0x49
 362 00a8 13       		.uleb128 0x13
 363 00a9 00       		.byte	0
 364 00aa 00       		.byte	0
 365 00ab 00       		.byte	0
 366              		.section	.debug_loc,"",%progbits
 367              	.Ldebug_loc0:
 368              	.LLST0:
 369 0000 00000000 		.4byte	.LVL0
 370 0004 08000000 		.4byte	.LVL2
 371 0008 0100     		.2byte	0x1
 372 000a 50       		.byte	0x50
 373 000b 08000000 		.4byte	.LVL2
 374 000f 1C000000 		.4byte	.LFE37
 375 0013 0400     		.2byte	0x4
 376 0015 F3       		.byte	0xf3
 377 0016 01       		.uleb128 0x1
 378 0017 50       		.byte	0x50
 379 0018 9F       		.byte	0x9f
 380 0019 00000000 		.4byte	0
 381 001d 00000000 		.4byte	0
 382              	.LLST1:
 383 0021 00000000 		.4byte	.LVL0
 384 0025 0A000000 		.4byte	.LVL3
 385 0029 0100     		.2byte	0x1
 386 002b 51       		.byte	0x51
 387 002c 0A000000 		.4byte	.LVL3
 388 0030 14000000 		.4byte	.LVL6
 389 0034 0100     		.2byte	0x1
 390 0036 55       		.byte	0x55
 391 0037 14000000 		.4byte	.LVL6
 392 003b 1C000000 		.4byte	.LFE37
 393 003f 0100     		.2byte	0x1
 394 0041 51       		.byte	0x51
 395 0042 00000000 		.4byte	0
 396 0046 00000000 		.4byte	0
 397              	.LLST2:
 398 004a 00000000 		.4byte	.LVL0
 399 004e 08000000 		.4byte	.LVL2
 400 0052 0100     		.2byte	0x1
 401 0054 52       		.byte	0x52
 402 0055 08000000 		.4byte	.LVL2
 403 0059 1A000000 		.4byte	.LVL8
ARM GAS  C:\Users\Nick\AppData\Local\Temp\ccu7ppaJ.s 			page 10


 404 005d 0100     		.2byte	0x1
 405 005f 56       		.byte	0x56
 406 0060 1A000000 		.4byte	.LVL8
 407 0064 1C000000 		.4byte	.LFE37
 408 0068 0100     		.2byte	0x1
 409 006a 50       		.byte	0x50
 410 006b 00000000 		.4byte	0
 411 006f 00000000 		.4byte	0
 412              	.LLST3:
 413 0073 04000000 		.4byte	.LVL1
 414 0077 08000000 		.4byte	.LVL2
 415 007b 0200     		.2byte	0x2
 416 007d 30       		.byte	0x30
 417 007e 9F       		.byte	0x9f
 418 007f 08000000 		.4byte	.LVL2
 419 0083 1A000000 		.4byte	.LVL7
 420 0087 0100     		.2byte	0x1
 421 0089 54       		.byte	0x54
 422 008a 00000000 		.4byte	0
 423 008e 00000000 		.4byte	0
 424              		.section	.debug_aranges,"",%progbits
 425 0000 1C000000 		.4byte	0x1c
 426 0004 0200     		.2byte	0x2
 427 0006 00000000 		.4byte	.Ldebug_info0
 428 000a 04       		.byte	0x4
 429 000b 00       		.byte	0
 430 000c 0000     		.2byte	0
 431 000e 0000     		.2byte	0
 432 0010 00000000 		.4byte	.LFB37
 433 0014 1C000000 		.4byte	.LFE37-.LFB37
 434 0018 00000000 		.4byte	0
 435 001c 00000000 		.4byte	0
 436              		.section	.debug_ranges,"",%progbits
 437              	.Ldebug_ranges0:
 438 0000 00000000 		.4byte	.LFB37
 439 0004 1C000000 		.4byte	.LFE37
 440 0008 00000000 		.4byte	0
 441 000c 00000000 		.4byte	0
 442              		.section	.debug_line,"",%progbits
 443              	.Ldebug_line0:
 444 0000 78000000 		.section	.debug_str,"MS",%progbits,1
 444      02004C00 
 444      00000201 
 444      FB0E0D00 
 444      01010101 
 445              	.LASF6:
 446 0000 6C6F6E67 		.ascii	"long long int\000"
 446      206C6F6E 
 446      6720696E 
 446      7400
 447              	.LASF8:
 448 000e 756E7369 		.ascii	"unsigned int\000"
 448      676E6564 
 448      20696E74 
 448      00
 449              	.LASF17:
 450 001b 75696E74 		.ascii	"uint8\000"
ARM GAS  C:\Users\Nick\AppData\Local\Temp\ccu7ppaJ.s 			page 11


 450      3800
 451              	.LASF15:
 452 0021 44656275 		.ascii	"Debug.c\000"
 452      672E6300 
 453              	.LASF7:
 454 0029 6C6F6E67 		.ascii	"long long unsigned int\000"
 454      206C6F6E 
 454      6720756E 
 454      7369676E 
 454      65642069 
 455              	.LASF9:
 456 0040 666C6F61 		.ascii	"float\000"
 456      7400
 457              	.LASF13:
 458 0046 66696C65 		.ascii	"file\000"
 458      00
 459              	.LASF18:
 460 004b 5F777269 		.ascii	"_write\000"
 460      746500
 461              	.LASF1:
 462 0052 756E7369 		.ascii	"unsigned char\000"
 462      676E6564 
 462      20636861 
 462      7200
 463              	.LASF11:
 464 0060 63686172 		.ascii	"char\000"
 464      00
 465              	.LASF10:
 466 0065 646F7562 		.ascii	"double\000"
 466      6C6500
 467              	.LASF4:
 468 006c 6C6F6E67 		.ascii	"long int\000"
 468      20696E74 
 468      00
 469              	.LASF19:
 470 0075 55415254 		.ascii	"UART_PutChar\000"
 470      5F507574 
 470      43686172 
 470      00
 471              	.LASF5:
 472 0082 6C6F6E67 		.ascii	"long unsigned int\000"
 472      20756E73 
 472      69676E65 
 472      6420696E 
 472      7400
 473              	.LASF16:
 474 0094 433A5C55 		.ascii	"C:\\Users\\Nick\\Documents\\PSoC Creator\\capsensel"
 474      73657273 
 474      5C4E6963 
 474      6B5C446F 
 474      63756D65 
 475 00c2 6564315C 		.ascii	"ed1\\capsenseled\\BLE_OTA_FixedStack_Bootloader01.c"
 475      63617073 
 475      656E7365 
 475      6C65645C 
 475      424C455F 
 476 00f3 7964736E 		.ascii	"ydsn\000"
ARM GAS  C:\Users\Nick\AppData\Local\Temp\ccu7ppaJ.s 			page 12


 476      00
 477              	.LASF3:
 478 00f8 73686F72 		.ascii	"short unsigned int\000"
 478      7420756E 
 478      7369676E 
 478      65642069 
 478      6E7400
 479              	.LASF0:
 480 010b 7369676E 		.ascii	"signed char\000"
 480      65642063 
 480      68617200 
 481              	.LASF14:
 482 0117 474E5520 		.ascii	"GNU C 4.9.3 20150303 (release) [ARM/embedded-4_9-br"
 482      4320342E 
 482      392E3320 
 482      32303135 
 482      30333033 
 483 014a 616E6368 		.ascii	"anch revision 221220] -mcpu=cortex-m0 -mthumb -g -O"
 483      20726576 
 483      6973696F 
 483      6E203232 
 483      31323230 
 484 017d 67202D66 		.ascii	"g -ffunction-sections -ffat-lto-objects\000"
 484      66756E63 
 484      74696F6E 
 484      2D736563 
 484      74696F6E 
 485              	.LASF2:
 486 01a5 73686F72 		.ascii	"short int\000"
 486      7420696E 
 486      7400
 487              	.LASF12:
 488 01af 73697A65 		.ascii	"sizetype\000"
 488      74797065 
 488      00
 489              		.ident	"GCC: (GNU Tools for ARM Embedded Processors) 4.9.3 20150303 (release) [ARM/embedded-4_9-br
