ARM GAS  C:\Users\rdeiaco\AppData\Local\Temp\ccfdosjE.s 			page 1


   1              		.cpu cortex-m0
   2              		.fpu softvfp
   3              		.eabi_attribute 20, 1
   4              		.eabi_attribute 21, 1
   5              		.eabi_attribute 23, 3
   6              		.eabi_attribute 24, 1
   7              		.eabi_attribute 25, 1
   8              		.eabi_attribute 26, 1
   9              		.eabi_attribute 30, 1
  10              		.eabi_attribute 34, 0
  11              		.eabi_attribute 18, 4
  12              		.code	16
  13              		.file	"adc.c"
  14              		.text
  15              	.Ltext0:
  16              		.cfi_sections	.debug_frame
  17              		.section	.text.ADC_init,"ax",%progbits
  18              		.align	2
  19              		.global	ADC_init
  20              		.code	16
  21              		.thumb_func
  22              		.type	ADC_init, %function
  23              	ADC_init:
  24              	.LFB35:
  25              		.file 1 "adc.c"
   1:adc.c         **** /* ========================================
   2:adc.c         ****  *
   3:adc.c         ****  * Copyright YOUR COMPANY, THE YEAR
   4:adc.c         ****  * All Rights Reserved
   5:adc.c         ****  * UNPUBLISHED, LICENSED SOFTWARE.
   6:adc.c         ****  *
   7:adc.c         ****  * CONFIDENTIAL AND PROPRIETARY INFORMATION
   8:adc.c         ****  * WHICH IS THE PROPERTY OF your company.
   9:adc.c         ****  *
  10:adc.c         ****  * ========================================
  11:adc.c         **** */
  12:adc.c         **** 
  13:adc.c         **** #include "project.h"
  14:adc.c         **** #include "adc.h"
  15:adc.c         **** 
  16:adc.c         **** #define VOLT_SCALING 5.0/3.3
  17:adc.c         **** 
  18:adc.c         **** void ADC_init(void) {
  26              		.loc 1 18 0
  27              		.cfi_startproc
  28 0000 08B5     		push	{r3, lr}
  29              		.cfi_def_cfa_offset 8
  30              		.cfi_offset 3, -8
  31              		.cfi_offset 14, -4
  19:adc.c         ****     ADC_SAR_Seq_1_Enable();
  32              		.loc 1 19 0
  33 0002 FFF7FEFF 		bl	ADC_SAR_Seq_1_Enable
  34              	.LVL0:
  20:adc.c         ****     ADC_SAR_Seq_1_Start();
  35              		.loc 1 20 0
  36 0006 FFF7FEFF 		bl	ADC_SAR_Seq_1_Start
  37              	.LVL1:
ARM GAS  C:\Users\rdeiaco\AppData\Local\Temp\ccfdosjE.s 			page 2


  21:adc.c         ****     ADC_SAR_Seq_1_StartConvert();
  38              		.loc 1 21 0
  39 000a FFF7FEFF 		bl	ADC_SAR_Seq_1_StartConvert
  40              	.LVL2:
  22:adc.c         **** }
  41              		.loc 1 22 0
  42              		@ sp needed
  43 000e 08BD     		pop	{r3, pc}
  44              		.cfi_endproc
  45              	.LFE35:
  46              		.size	ADC_init, .-ADC_init
  47              		.section	.text.ADC_flush,"ax",%progbits
  48              		.align	2
  49              		.global	ADC_flush
  50              		.code	16
  51              		.thumb_func
  52              		.type	ADC_flush, %function
  53              	ADC_flush:
  54              	.LFB36:
  23:adc.c         **** 
  24:adc.c         **** void ADC_flush(void) {
  55              		.loc 1 24 0
  56              		.cfi_startproc
  57 0000 10B5     		push	{r4, lr}
  58              		.cfi_def_cfa_offset 8
  59              		.cfi_offset 4, -8
  60              		.cfi_offset 14, -4
  61              	.LVL3:
  25:adc.c         ****  
  26:adc.c         ****     int i;
  27:adc.c         ****     
  28:adc.c         ****     for (i = 0; i < 8; i++) {
  62              		.loc 1 28 0
  63 0002 0024     		mov	r4, #0
  64 0004 08E0     		b	.L3
  65              	.LVL4:
  66              	.L4:
  29:adc.c         ****         ADC_SAR_Seq_1_GetResult16(i%4);
  67              		.loc 1 29 0 discriminator 3
  68 0006 E017     		asr	r0, r4, #31
  69 0008 820F     		lsr	r2, r0, #30
  70 000a A318     		add	r3, r4, r2
  71 000c 0320     		mov	r0, #3
  72 000e 1840     		and	r0, r3
  73 0010 801A     		sub	r0, r0, r2
  74 0012 FFF7FEFF 		bl	ADC_SAR_Seq_1_GetResult16
  75              	.LVL5:
  28:adc.c         ****         ADC_SAR_Seq_1_GetResult16(i%4);
  76              		.loc 1 28 0 discriminator 3
  77 0016 0134     		add	r4, r4, #1
  78              	.LVL6:
  79              	.L3:
  28:adc.c         ****         ADC_SAR_Seq_1_GetResult16(i%4);
  80              		.loc 1 28 0 is_stmt 0 discriminator 1
  81 0018 072C     		cmp	r4, #7
  82 001a F4DD     		ble	.L4
  30:adc.c         ****     }
ARM GAS  C:\Users\rdeiaco\AppData\Local\Temp\ccfdosjE.s 			page 3


  31:adc.c         **** }
  83              		.loc 1 31 0 is_stmt 1
  84              		@ sp needed
  85              	.LVL7:
  86 001c 10BD     		pop	{r4, pc}
  87              		.cfi_endproc
  88              	.LFE36:
  89              		.size	ADC_flush, .-ADC_flush
  90 001e C046     		.section	.text.ADC_sleep,"ax",%progbits
  91              		.align	2
  92              		.global	ADC_sleep
  93              		.code	16
  94              		.thumb_func
  95              		.type	ADC_sleep, %function
  96              	ADC_sleep:
  97              	.LFB37:
  32:adc.c         **** 
  33:adc.c         **** void ADC_sleep(void) {
  98              		.loc 1 33 0
  99              		.cfi_startproc
 100 0000 08B5     		push	{r3, lr}
 101              		.cfi_def_cfa_offset 8
 102              		.cfi_offset 3, -8
 103              		.cfi_offset 14, -4
  34:adc.c         ****     ADC_SAR_Seq_1_Sleep();
 104              		.loc 1 34 0
 105 0002 FFF7FEFF 		bl	ADC_SAR_Seq_1_Sleep
 106              	.LVL8:
  35:adc.c         **** }
 107              		.loc 1 35 0
 108              		@ sp needed
 109 0006 08BD     		pop	{r3, pc}
 110              		.cfi_endproc
 111              	.LFE37:
 112              		.size	ADC_sleep, .-ADC_sleep
 113              		.section	.text.ADC_wakeup,"ax",%progbits
 114              		.align	2
 115              		.global	ADC_wakeup
 116              		.code	16
 117              		.thumb_func
 118              		.type	ADC_wakeup, %function
 119              	ADC_wakeup:
 120              	.LFB38:
  36:adc.c         **** 
  37:adc.c         **** void ADC_wakeup(void) {
 121              		.loc 1 37 0
 122              		.cfi_startproc
 123 0000 08B5     		push	{r3, lr}
 124              		.cfi_def_cfa_offset 8
 125              		.cfi_offset 3, -8
 126              		.cfi_offset 14, -4
  38:adc.c         ****     ADC_SAR_Seq_1_Wakeup();
 127              		.loc 1 38 0
 128 0002 FFF7FEFF 		bl	ADC_SAR_Seq_1_Wakeup
 129              	.LVL9:
  39:adc.c         **** }
 130              		.loc 1 39 0
ARM GAS  C:\Users\rdeiaco\AppData\Local\Temp\ccfdosjE.s 			page 4


 131              		@ sp needed
 132 0006 08BD     		pop	{r3, pc}
 133              		.cfi_endproc
 134              	.LFE38:
 135              		.size	ADC_wakeup, .-ADC_wakeup
 136              		.global	__aeabi_f2d
 137              		.global	__aeabi_dmul
 138              		.global	__aeabi_ddiv
 139              		.global	__aeabi_d2f
 140              		.section	.text.ADC_read,"ax",%progbits
 141              		.align	2
 142              		.global	ADC_read
 143              		.code	16
 144              		.thumb_func
 145              		.type	ADC_read, %function
 146              	ADC_read:
 147              	.LFB39:
  40:adc.c         **** 
  41:adc.c         **** float ADC_read(int channel) {
 148              		.loc 1 41 0
 149              		.cfi_startproc
 150              	.LVL10:
 151 0000 10B5     		push	{r4, lr}
 152              		.cfi_def_cfa_offset 8
 153              		.cfi_offset 4, -8
 154              		.cfi_offset 14, -4
 155 0002 041C     		mov	r4, r0
  42:adc.c         ****     return ADC_SAR_Seq_1_CountsTo_Volts(channel, ADC_SAR_Seq_1_GetResult16(channel))*VOLT_SCALING;
 156              		.loc 1 42 0
 157 0004 FFF7FEFF 		bl	ADC_SAR_Seq_1_GetResult16
 158              	.LVL11:
 159 0008 011C     		mov	r1, r0
 160 000a 201C     		mov	r0, r4
 161 000c FFF7FEFF 		bl	ADC_SAR_Seq_1_CountsTo_Volts
 162              	.LVL12:
 163 0010 FFF7FEFF 		bl	__aeabi_f2d
 164              	.LVL13:
 165 0014 0022     		mov	r2, #0
 166 0016 054B     		ldr	r3, .L8
 167 0018 FFF7FEFF 		bl	__aeabi_dmul
 168              	.LVL14:
 169 001c 044A     		ldr	r2, .L8+4
 170 001e 054B     		ldr	r3, .L8+8
 171 0020 FFF7FEFF 		bl	__aeabi_ddiv
 172              	.LVL15:
 173 0024 FFF7FEFF 		bl	__aeabi_d2f
 174              	.LVL16:
  43:adc.c         **** }
 175              		.loc 1 43 0
 176              		@ sp needed
 177              	.LVL17:
 178 0028 10BD     		pop	{r4, pc}
 179              	.L9:
 180 002a C046     		.align	2
 181              	.L8:
 182 002c 00001440 		.word	1075052544
 183 0030 66666666 		.word	1717986918
ARM GAS  C:\Users\rdeiaco\AppData\Local\Temp\ccfdosjE.s 			page 5


 184 0034 66660A40 		.word	1074423398
 185              		.cfi_endproc
 186              	.LFE39:
 187              		.size	ADC_read, .-ADC_read
 188              		.text
 189              	.Letext0:
 190              		.file 2 "Generated_Source\\PSoC4/cytypes.h"
 191              		.file 3 "Generated_Source\\PSoC4/ADC_SAR_Seq_1.h"
 192              		.section	.debug_info,"",%progbits
 193              	.Ldebug_info0:
 194 0000 F2010000 		.4byte	0x1f2
 195 0004 0400     		.2byte	0x4
 196 0006 00000000 		.4byte	.Ldebug_abbrev0
 197 000a 04       		.byte	0x4
 198 000b 01       		.uleb128 0x1
 199 000c 81010000 		.4byte	.LASF25
 200 0010 01       		.byte	0x1
 201 0011 5E000000 		.4byte	.LASF26
 202 0015 00000000 		.4byte	.LASF27
 203 0019 00000000 		.4byte	.Ldebug_ranges0+0
 204 001d 00000000 		.4byte	0
 205 0021 00000000 		.4byte	.Ldebug_line0
 206 0025 02       		.uleb128 0x2
 207 0026 01       		.byte	0x1
 208 0027 06       		.byte	0x6
 209 0028 40020000 		.4byte	.LASF0
 210 002c 02       		.uleb128 0x2
 211 002d 01       		.byte	0x1
 212 002e 08       		.byte	0x8
 213 002f 88000000 		.4byte	.LASF1
 214 0033 02       		.uleb128 0x2
 215 0034 02       		.byte	0x2
 216 0035 05       		.byte	0x5
 217 0036 0F020000 		.4byte	.LASF2
 218 003a 02       		.uleb128 0x2
 219 003b 02       		.byte	0x2
 220 003c 07       		.byte	0x7
 221 003d AE000000 		.4byte	.LASF3
 222 0041 02       		.uleb128 0x2
 223 0042 04       		.byte	0x4
 224 0043 05       		.byte	0x5
 225 0044 2E020000 		.4byte	.LASF4
 226 0048 02       		.uleb128 0x2
 227 0049 04       		.byte	0x4
 228 004a 07       		.byte	0x7
 229 004b 9C000000 		.4byte	.LASF5
 230 004f 02       		.uleb128 0x2
 231 0050 08       		.byte	0x8
 232 0051 05       		.byte	0x5
 233 0052 6E010000 		.4byte	.LASF6
 234 0056 02       		.uleb128 0x2
 235 0057 08       		.byte	0x8
 236 0058 07       		.byte	0x7
 237 0059 4E010000 		.4byte	.LASF7
 238 005d 03       		.uleb128 0x3
 239 005e 04       		.byte	0x4
 240 005f 05       		.byte	0x5
ARM GAS  C:\Users\rdeiaco\AppData\Local\Temp\ccfdosjE.s 			page 6


 241 0060 696E7400 		.ascii	"int\000"
 242 0064 02       		.uleb128 0x2
 243 0065 04       		.byte	0x4
 244 0066 07       		.byte	0x7
 245 0067 26010000 		.4byte	.LASF8
 246 006b 04       		.uleb128 0x4
 247 006c 1F010000 		.4byte	.LASF9
 248 0070 02       		.byte	0x2
 249 0071 C4       		.byte	0xc4
 250 0072 48000000 		.4byte	0x48
 251 0076 04       		.uleb128 0x4
 252 0077 96000000 		.4byte	.LASF10
 253 007b 02       		.byte	0x2
 254 007c C6       		.byte	0xc6
 255 007d 33000000 		.4byte	0x33
 256 0081 04       		.uleb128 0x4
 257 0082 17010000 		.4byte	.LASF11
 258 0086 02       		.byte	0x2
 259 0087 C8       		.byte	0xc8
 260 0088 8C000000 		.4byte	0x8c
 261 008c 02       		.uleb128 0x2
 262 008d 04       		.byte	0x4
 263 008e 04       		.byte	0x4
 264 008f 82000000 		.4byte	.LASF12
 265 0093 02       		.uleb128 0x2
 266 0094 08       		.byte	0x8
 267 0095 04       		.byte	0x4
 268 0096 F3000000 		.4byte	.LASF13
 269 009a 02       		.uleb128 0x2
 270 009b 01       		.byte	0x1
 271 009c 08       		.byte	0x8
 272 009d 7C010000 		.4byte	.LASF14
 273 00a1 02       		.uleb128 0x2
 274 00a2 04       		.byte	0x4
 275 00a3 07       		.byte	0x7
 276 00a4 65010000 		.4byte	.LASF15
 277 00a8 05       		.uleb128 0x5
 278 00a9 EA000000 		.4byte	.LASF16
 279 00ad 01       		.byte	0x1
 280 00ae 12       		.byte	0x12
 281 00af 00000000 		.4byte	.LFB35
 282 00b3 10000000 		.4byte	.LFE35-.LFB35
 283 00b7 01       		.uleb128 0x1
 284 00b8 9C       		.byte	0x9c
 285 00b9 D9000000 		.4byte	0xd9
 286 00bd 06       		.uleb128 0x6
 287 00be 06000000 		.4byte	.LVL0
 288 00c2 A7010000 		.4byte	0x1a7
 289 00c6 06       		.uleb128 0x6
 290 00c7 0A000000 		.4byte	.LVL1
 291 00cb AE010000 		.4byte	0x1ae
 292 00cf 06       		.uleb128 0x6
 293 00d0 0E000000 		.4byte	.LVL2
 294 00d4 B5010000 		.4byte	0x1b5
 295 00d8 00       		.byte	0
 296 00d9 05       		.uleb128 0x5
 297 00da 4C020000 		.4byte	.LASF17
ARM GAS  C:\Users\rdeiaco\AppData\Local\Temp\ccfdosjE.s 			page 7


 298 00de 01       		.byte	0x1
 299 00df 18       		.byte	0x18
 300 00e0 00000000 		.4byte	.LFB36
 301 00e4 1E000000 		.4byte	.LFE36-.LFB36
 302 00e8 01       		.uleb128 0x1
 303 00e9 9C       		.byte	0x9c
 304 00ea 1C010000 		.4byte	0x11c
 305 00ee 07       		.uleb128 0x7
 306 00ef 6900     		.ascii	"i\000"
 307 00f1 01       		.byte	0x1
 308 00f2 1A       		.byte	0x1a
 309 00f3 5D000000 		.4byte	0x5d
 310 00f7 00000000 		.4byte	.LLST0
 311 00fb 08       		.uleb128 0x8
 312 00fc 16000000 		.4byte	.LVL5
 313 0100 BC010000 		.4byte	0x1bc
 314 0104 09       		.uleb128 0x9
 315 0105 01       		.uleb128 0x1
 316 0106 50       		.byte	0x50
 317 0107 12       		.uleb128 0x12
 318 0108 74       		.byte	0x74
 319 0109 00       		.sleb128 0
 320 010a 4F       		.byte	0x4f
 321 010b 26       		.byte	0x26
 322 010c 4E       		.byte	0x4e
 323 010d 25       		.byte	0x25
 324 010e 74       		.byte	0x74
 325 010f 00       		.sleb128 0
 326 0110 22       		.byte	0x22
 327 0111 33       		.byte	0x33
 328 0112 1A       		.byte	0x1a
 329 0113 74       		.byte	0x74
 330 0114 00       		.sleb128 0
 331 0115 4F       		.byte	0x4f
 332 0116 26       		.byte	0x26
 333 0117 4E       		.byte	0x4e
 334 0118 25       		.byte	0x25
 335 0119 1C       		.byte	0x1c
 336 011a 00       		.byte	0
 337 011b 00       		.byte	0
 338 011c 05       		.uleb128 0x5
 339 011d 78000000 		.4byte	.LASF18
 340 0121 01       		.byte	0x1
 341 0122 21       		.byte	0x21
 342 0123 00000000 		.4byte	.LFB37
 343 0127 08000000 		.4byte	.LFE37-.LFB37
 344 012b 01       		.uleb128 0x1
 345 012c 9C       		.byte	0x9c
 346 012d 3B010000 		.4byte	0x13b
 347 0131 06       		.uleb128 0x6
 348 0132 06000000 		.4byte	.LVL8
 349 0136 D1010000 		.4byte	0x1d1
 350 013a 00       		.byte	0
 351 013b 05       		.uleb128 0x5
 352 013c 53000000 		.4byte	.LASF19
 353 0140 01       		.byte	0x1
 354 0141 25       		.byte	0x25
ARM GAS  C:\Users\rdeiaco\AppData\Local\Temp\ccfdosjE.s 			page 8


 355 0142 00000000 		.4byte	.LFB38
 356 0146 08000000 		.4byte	.LFE38-.LFB38
 357 014a 01       		.uleb128 0x1
 358 014b 9C       		.byte	0x9c
 359 014c 5A010000 		.4byte	0x15a
 360 0150 06       		.uleb128 0x6
 361 0151 06000000 		.4byte	.LVL9
 362 0155 D8010000 		.4byte	0x1d8
 363 0159 00       		.byte	0
 364 015a 0A       		.uleb128 0xa
 365 015b 37020000 		.4byte	.LASF28
 366 015f 01       		.byte	0x1
 367 0160 29       		.byte	0x29
 368 0161 8C000000 		.4byte	0x8c
 369 0165 00000000 		.4byte	.LFB39
 370 0169 38000000 		.4byte	.LFE39-.LFB39
 371 016d 01       		.uleb128 0x1
 372 016e 9C       		.byte	0x9c
 373 016f A7010000 		.4byte	0x1a7
 374 0173 0B       		.uleb128 0xb
 375 0174 4B000000 		.4byte	.LASF29
 376 0178 01       		.byte	0x1
 377 0179 29       		.byte	0x29
 378 017a 5D000000 		.4byte	0x5d
 379 017e 1F000000 		.4byte	.LLST1
 380 0182 0C       		.uleb128 0xc
 381 0183 08000000 		.4byte	.LVL11
 382 0187 BC010000 		.4byte	0x1bc
 383 018b 96010000 		.4byte	0x196
 384 018f 09       		.uleb128 0x9
 385 0190 01       		.uleb128 0x1
 386 0191 50       		.byte	0x50
 387 0192 02       		.uleb128 0x2
 388 0193 74       		.byte	0x74
 389 0194 00       		.sleb128 0
 390 0195 00       		.byte	0
 391 0196 08       		.uleb128 0x8
 392 0197 10000000 		.4byte	.LVL12
 393 019b DF010000 		.4byte	0x1df
 394 019f 09       		.uleb128 0x9
 395 01a0 01       		.uleb128 0x1
 396 01a1 50       		.byte	0x50
 397 01a2 02       		.uleb128 0x2
 398 01a3 74       		.byte	0x74
 399 01a4 00       		.sleb128 0
 400 01a5 00       		.byte	0
 401 01a6 00       		.byte	0
 402 01a7 0D       		.uleb128 0xd
 403 01a8 C1000000 		.4byte	.LASF20
 404 01ac 03       		.byte	0x3
 405 01ad 9B       		.byte	0x9b
 406 01ae 0D       		.uleb128 0xd
 407 01af D6000000 		.4byte	.LASF21
 408 01b3 03       		.byte	0x3
 409 01b4 98       		.byte	0x98
 410 01b5 0D       		.uleb128 0xd
 411 01b6 33010000 		.4byte	.LASF22
ARM GAS  C:\Users\rdeiaco\AppData\Local\Temp\ccfdosjE.s 			page 9


 412 01ba 03       		.byte	0x3
 413 01bb 9C       		.byte	0x9c
 414 01bc 0E       		.uleb128 0xe
 415 01bd 56020000 		.4byte	.LASF30
 416 01c1 03       		.byte	0x3
 417 01c2 9F       		.byte	0x9f
 418 01c3 76000000 		.4byte	0x76
 419 01c7 D1010000 		.4byte	0x1d1
 420 01cb 0F       		.uleb128 0xf
 421 01cc 6B000000 		.4byte	0x6b
 422 01d0 00       		.byte	0
 423 01d1 0D       		.uleb128 0xd
 424 01d2 64000000 		.4byte	.LASF23
 425 01d6 03       		.byte	0x3
 426 01d7 AF       		.byte	0xaf
 427 01d8 0D       		.uleb128 0xd
 428 01d9 19020000 		.4byte	.LASF24
 429 01dd 03       		.byte	0x3
 430 01de B0       		.byte	0xb0
 431 01df 10       		.uleb128 0x10
 432 01e0 FA000000 		.4byte	.LASF31
 433 01e4 03       		.byte	0x3
 434 01e5 AD       		.byte	0xad
 435 01e6 81000000 		.4byte	0x81
 436 01ea 0F       		.uleb128 0xf
 437 01eb 6B000000 		.4byte	0x6b
 438 01ef 0F       		.uleb128 0xf
 439 01f0 76000000 		.4byte	0x76
 440 01f4 00       		.byte	0
 441 01f5 00       		.byte	0
 442              		.section	.debug_abbrev,"",%progbits
 443              	.Ldebug_abbrev0:
 444 0000 01       		.uleb128 0x1
 445 0001 11       		.uleb128 0x11
 446 0002 01       		.byte	0x1
 447 0003 25       		.uleb128 0x25
 448 0004 0E       		.uleb128 0xe
 449 0005 13       		.uleb128 0x13
 450 0006 0B       		.uleb128 0xb
 451 0007 03       		.uleb128 0x3
 452 0008 0E       		.uleb128 0xe
 453 0009 1B       		.uleb128 0x1b
 454 000a 0E       		.uleb128 0xe
 455 000b 55       		.uleb128 0x55
 456 000c 17       		.uleb128 0x17
 457 000d 11       		.uleb128 0x11
 458 000e 01       		.uleb128 0x1
 459 000f 10       		.uleb128 0x10
 460 0010 17       		.uleb128 0x17
 461 0011 00       		.byte	0
 462 0012 00       		.byte	0
 463 0013 02       		.uleb128 0x2
 464 0014 24       		.uleb128 0x24
 465 0015 00       		.byte	0
 466 0016 0B       		.uleb128 0xb
 467 0017 0B       		.uleb128 0xb
 468 0018 3E       		.uleb128 0x3e
ARM GAS  C:\Users\rdeiaco\AppData\Local\Temp\ccfdosjE.s 			page 10


 469 0019 0B       		.uleb128 0xb
 470 001a 03       		.uleb128 0x3
 471 001b 0E       		.uleb128 0xe
 472 001c 00       		.byte	0
 473 001d 00       		.byte	0
 474 001e 03       		.uleb128 0x3
 475 001f 24       		.uleb128 0x24
 476 0020 00       		.byte	0
 477 0021 0B       		.uleb128 0xb
 478 0022 0B       		.uleb128 0xb
 479 0023 3E       		.uleb128 0x3e
 480 0024 0B       		.uleb128 0xb
 481 0025 03       		.uleb128 0x3
 482 0026 08       		.uleb128 0x8
 483 0027 00       		.byte	0
 484 0028 00       		.byte	0
 485 0029 04       		.uleb128 0x4
 486 002a 16       		.uleb128 0x16
 487 002b 00       		.byte	0
 488 002c 03       		.uleb128 0x3
 489 002d 0E       		.uleb128 0xe
 490 002e 3A       		.uleb128 0x3a
 491 002f 0B       		.uleb128 0xb
 492 0030 3B       		.uleb128 0x3b
 493 0031 0B       		.uleb128 0xb
 494 0032 49       		.uleb128 0x49
 495 0033 13       		.uleb128 0x13
 496 0034 00       		.byte	0
 497 0035 00       		.byte	0
 498 0036 05       		.uleb128 0x5
 499 0037 2E       		.uleb128 0x2e
 500 0038 01       		.byte	0x1
 501 0039 3F       		.uleb128 0x3f
 502 003a 19       		.uleb128 0x19
 503 003b 03       		.uleb128 0x3
 504 003c 0E       		.uleb128 0xe
 505 003d 3A       		.uleb128 0x3a
 506 003e 0B       		.uleb128 0xb
 507 003f 3B       		.uleb128 0x3b
 508 0040 0B       		.uleb128 0xb
 509 0041 27       		.uleb128 0x27
 510 0042 19       		.uleb128 0x19
 511 0043 11       		.uleb128 0x11
 512 0044 01       		.uleb128 0x1
 513 0045 12       		.uleb128 0x12
 514 0046 06       		.uleb128 0x6
 515 0047 40       		.uleb128 0x40
 516 0048 18       		.uleb128 0x18
 517 0049 9742     		.uleb128 0x2117
 518 004b 19       		.uleb128 0x19
 519 004c 01       		.uleb128 0x1
 520 004d 13       		.uleb128 0x13
 521 004e 00       		.byte	0
 522 004f 00       		.byte	0
 523 0050 06       		.uleb128 0x6
 524 0051 898201   		.uleb128 0x4109
 525 0054 00       		.byte	0
ARM GAS  C:\Users\rdeiaco\AppData\Local\Temp\ccfdosjE.s 			page 11


 526 0055 11       		.uleb128 0x11
 527 0056 01       		.uleb128 0x1
 528 0057 31       		.uleb128 0x31
 529 0058 13       		.uleb128 0x13
 530 0059 00       		.byte	0
 531 005a 00       		.byte	0
 532 005b 07       		.uleb128 0x7
 533 005c 34       		.uleb128 0x34
 534 005d 00       		.byte	0
 535 005e 03       		.uleb128 0x3
 536 005f 08       		.uleb128 0x8
 537 0060 3A       		.uleb128 0x3a
 538 0061 0B       		.uleb128 0xb
 539 0062 3B       		.uleb128 0x3b
 540 0063 0B       		.uleb128 0xb
 541 0064 49       		.uleb128 0x49
 542 0065 13       		.uleb128 0x13
 543 0066 02       		.uleb128 0x2
 544 0067 17       		.uleb128 0x17
 545 0068 00       		.byte	0
 546 0069 00       		.byte	0
 547 006a 08       		.uleb128 0x8
 548 006b 898201   		.uleb128 0x4109
 549 006e 01       		.byte	0x1
 550 006f 11       		.uleb128 0x11
 551 0070 01       		.uleb128 0x1
 552 0071 31       		.uleb128 0x31
 553 0072 13       		.uleb128 0x13
 554 0073 00       		.byte	0
 555 0074 00       		.byte	0
 556 0075 09       		.uleb128 0x9
 557 0076 8A8201   		.uleb128 0x410a
 558 0079 00       		.byte	0
 559 007a 02       		.uleb128 0x2
 560 007b 18       		.uleb128 0x18
 561 007c 9142     		.uleb128 0x2111
 562 007e 18       		.uleb128 0x18
 563 007f 00       		.byte	0
 564 0080 00       		.byte	0
 565 0081 0A       		.uleb128 0xa
 566 0082 2E       		.uleb128 0x2e
 567 0083 01       		.byte	0x1
 568 0084 3F       		.uleb128 0x3f
 569 0085 19       		.uleb128 0x19
 570 0086 03       		.uleb128 0x3
 571 0087 0E       		.uleb128 0xe
 572 0088 3A       		.uleb128 0x3a
 573 0089 0B       		.uleb128 0xb
 574 008a 3B       		.uleb128 0x3b
 575 008b 0B       		.uleb128 0xb
 576 008c 27       		.uleb128 0x27
 577 008d 19       		.uleb128 0x19
 578 008e 49       		.uleb128 0x49
 579 008f 13       		.uleb128 0x13
 580 0090 11       		.uleb128 0x11
 581 0091 01       		.uleb128 0x1
 582 0092 12       		.uleb128 0x12
ARM GAS  C:\Users\rdeiaco\AppData\Local\Temp\ccfdosjE.s 			page 12


 583 0093 06       		.uleb128 0x6
 584 0094 40       		.uleb128 0x40
 585 0095 18       		.uleb128 0x18
 586 0096 9642     		.uleb128 0x2116
 587 0098 19       		.uleb128 0x19
 588 0099 01       		.uleb128 0x1
 589 009a 13       		.uleb128 0x13
 590 009b 00       		.byte	0
 591 009c 00       		.byte	0
 592 009d 0B       		.uleb128 0xb
 593 009e 05       		.uleb128 0x5
 594 009f 00       		.byte	0
 595 00a0 03       		.uleb128 0x3
 596 00a1 0E       		.uleb128 0xe
 597 00a2 3A       		.uleb128 0x3a
 598 00a3 0B       		.uleb128 0xb
 599 00a4 3B       		.uleb128 0x3b
 600 00a5 0B       		.uleb128 0xb
 601 00a6 49       		.uleb128 0x49
 602 00a7 13       		.uleb128 0x13
 603 00a8 02       		.uleb128 0x2
 604 00a9 17       		.uleb128 0x17
 605 00aa 00       		.byte	0
 606 00ab 00       		.byte	0
 607 00ac 0C       		.uleb128 0xc
 608 00ad 898201   		.uleb128 0x4109
 609 00b0 01       		.byte	0x1
 610 00b1 11       		.uleb128 0x11
 611 00b2 01       		.uleb128 0x1
 612 00b3 31       		.uleb128 0x31
 613 00b4 13       		.uleb128 0x13
 614 00b5 01       		.uleb128 0x1
 615 00b6 13       		.uleb128 0x13
 616 00b7 00       		.byte	0
 617 00b8 00       		.byte	0
 618 00b9 0D       		.uleb128 0xd
 619 00ba 2E       		.uleb128 0x2e
 620 00bb 00       		.byte	0
 621 00bc 3F       		.uleb128 0x3f
 622 00bd 19       		.uleb128 0x19
 623 00be 03       		.uleb128 0x3
 624 00bf 0E       		.uleb128 0xe
 625 00c0 3A       		.uleb128 0x3a
 626 00c1 0B       		.uleb128 0xb
 627 00c2 3B       		.uleb128 0x3b
 628 00c3 0B       		.uleb128 0xb
 629 00c4 27       		.uleb128 0x27
 630 00c5 19       		.uleb128 0x19
 631 00c6 3C       		.uleb128 0x3c
 632 00c7 19       		.uleb128 0x19
 633 00c8 00       		.byte	0
 634 00c9 00       		.byte	0
 635 00ca 0E       		.uleb128 0xe
 636 00cb 2E       		.uleb128 0x2e
 637 00cc 01       		.byte	0x1
 638 00cd 3F       		.uleb128 0x3f
 639 00ce 19       		.uleb128 0x19
ARM GAS  C:\Users\rdeiaco\AppData\Local\Temp\ccfdosjE.s 			page 13


 640 00cf 03       		.uleb128 0x3
 641 00d0 0E       		.uleb128 0xe
 642 00d1 3A       		.uleb128 0x3a
 643 00d2 0B       		.uleb128 0xb
 644 00d3 3B       		.uleb128 0x3b
 645 00d4 0B       		.uleb128 0xb
 646 00d5 27       		.uleb128 0x27
 647 00d6 19       		.uleb128 0x19
 648 00d7 49       		.uleb128 0x49
 649 00d8 13       		.uleb128 0x13
 650 00d9 3C       		.uleb128 0x3c
 651 00da 19       		.uleb128 0x19
 652 00db 01       		.uleb128 0x1
 653 00dc 13       		.uleb128 0x13
 654 00dd 00       		.byte	0
 655 00de 00       		.byte	0
 656 00df 0F       		.uleb128 0xf
 657 00e0 05       		.uleb128 0x5
 658 00e1 00       		.byte	0
 659 00e2 49       		.uleb128 0x49
 660 00e3 13       		.uleb128 0x13
 661 00e4 00       		.byte	0
 662 00e5 00       		.byte	0
 663 00e6 10       		.uleb128 0x10
 664 00e7 2E       		.uleb128 0x2e
 665 00e8 01       		.byte	0x1
 666 00e9 3F       		.uleb128 0x3f
 667 00ea 19       		.uleb128 0x19
 668 00eb 03       		.uleb128 0x3
 669 00ec 0E       		.uleb128 0xe
 670 00ed 3A       		.uleb128 0x3a
 671 00ee 0B       		.uleb128 0xb
 672 00ef 3B       		.uleb128 0x3b
 673 00f0 0B       		.uleb128 0xb
 674 00f1 27       		.uleb128 0x27
 675 00f2 19       		.uleb128 0x19
 676 00f3 49       		.uleb128 0x49
 677 00f4 13       		.uleb128 0x13
 678 00f5 3C       		.uleb128 0x3c
 679 00f6 19       		.uleb128 0x19
 680 00f7 00       		.byte	0
 681 00f8 00       		.byte	0
 682 00f9 00       		.byte	0
 683              		.section	.debug_loc,"",%progbits
 684              	.Ldebug_loc0:
 685              	.LLST0:
 686 0000 02000000 		.4byte	.LVL3
 687 0004 06000000 		.4byte	.LVL4
 688 0008 0200     		.2byte	0x2
 689 000a 30       		.byte	0x30
 690 000b 9F       		.byte	0x9f
 691 000c 06000000 		.4byte	.LVL4
 692 0010 1C000000 		.4byte	.LVL7
 693 0014 0100     		.2byte	0x1
 694 0016 54       		.byte	0x54
 695 0017 00000000 		.4byte	0
 696 001b 00000000 		.4byte	0
ARM GAS  C:\Users\rdeiaco\AppData\Local\Temp\ccfdosjE.s 			page 14


 697              	.LLST1:
 698 001f 00000000 		.4byte	.LVL10
 699 0023 07000000 		.4byte	.LVL11-1
 700 0027 0100     		.2byte	0x1
 701 0029 50       		.byte	0x50
 702 002a 07000000 		.4byte	.LVL11-1
 703 002e 28000000 		.4byte	.LVL17
 704 0032 0100     		.2byte	0x1
 705 0034 54       		.byte	0x54
 706 0035 28000000 		.4byte	.LVL17
 707 0039 38000000 		.4byte	.LFE39
 708 003d 0400     		.2byte	0x4
 709 003f F3       		.byte	0xf3
 710 0040 01       		.uleb128 0x1
 711 0041 50       		.byte	0x50
 712 0042 9F       		.byte	0x9f
 713 0043 00000000 		.4byte	0
 714 0047 00000000 		.4byte	0
 715              		.section	.debug_aranges,"",%progbits
 716 0000 3C000000 		.4byte	0x3c
 717 0004 0200     		.2byte	0x2
 718 0006 00000000 		.4byte	.Ldebug_info0
 719 000a 04       		.byte	0x4
 720 000b 00       		.byte	0
 721 000c 0000     		.2byte	0
 722 000e 0000     		.2byte	0
 723 0010 00000000 		.4byte	.LFB35
 724 0014 10000000 		.4byte	.LFE35-.LFB35
 725 0018 00000000 		.4byte	.LFB36
 726 001c 1E000000 		.4byte	.LFE36-.LFB36
 727 0020 00000000 		.4byte	.LFB37
 728 0024 08000000 		.4byte	.LFE37-.LFB37
 729 0028 00000000 		.4byte	.LFB38
 730 002c 08000000 		.4byte	.LFE38-.LFB38
 731 0030 00000000 		.4byte	.LFB39
 732 0034 38000000 		.4byte	.LFE39-.LFB39
 733 0038 00000000 		.4byte	0
 734 003c 00000000 		.4byte	0
 735              		.section	.debug_ranges,"",%progbits
 736              	.Ldebug_ranges0:
 737 0000 00000000 		.4byte	.LFB35
 738 0004 10000000 		.4byte	.LFE35
 739 0008 00000000 		.4byte	.LFB36
 740 000c 1E000000 		.4byte	.LFE36
 741 0010 00000000 		.4byte	.LFB37
 742 0014 08000000 		.4byte	.LFE37
 743 0018 00000000 		.4byte	.LFB38
 744 001c 08000000 		.4byte	.LFE38
 745 0020 00000000 		.4byte	.LFB39
 746 0024 38000000 		.4byte	.LFE39
 747 0028 00000000 		.4byte	0
 748 002c 00000000 		.4byte	0
 749              		.section	.debug_line,"",%progbits
 750              	.Ldebug_line0:
 751 0000 C2000000 		.section	.debug_str,"MS",%progbits,1
 751      02005300 
 751      00000201 
ARM GAS  C:\Users\rdeiaco\AppData\Local\Temp\ccfdosjE.s 			page 15


 751      FB0E0D00 
 751      01010101 
 752              	.LASF27:
 753 0000 433A5C55 		.ascii	"C:\\Users\\rdeiaco\\Documents\\PSoC Creator\\capsto"
 753      73657273 
 753      5C726465 
 753      6961636F 
 753      5C446F63 
 754 002e 6E653730 		.ascii	"ne70merged\\capsenseled.cydsn\000"
 754      6D657267 
 754      65645C63 
 754      61707365 
 754      6E73656C 
 755              	.LASF29:
 756 004b 6368616E 		.ascii	"channel\000"
 756      6E656C00 
 757              	.LASF19:
 758 0053 4144435F 		.ascii	"ADC_wakeup\000"
 758      77616B65 
 758      757000
 759              	.LASF26:
 760 005e 6164632E 		.ascii	"adc.c\000"
 760      6300
 761              	.LASF23:
 762 0064 4144435F 		.ascii	"ADC_SAR_Seq_1_Sleep\000"
 762      5341525F 
 762      5365715F 
 762      315F536C 
 762      65657000 
 763              	.LASF18:
 764 0078 4144435F 		.ascii	"ADC_sleep\000"
 764      736C6565 
 764      7000
 765              	.LASF12:
 766 0082 666C6F61 		.ascii	"float\000"
 766      7400
 767              	.LASF1:
 768 0088 756E7369 		.ascii	"unsigned char\000"
 768      676E6564 
 768      20636861 
 768      7200
 769              	.LASF10:
 770 0096 696E7431 		.ascii	"int16\000"
 770      3600
 771              	.LASF5:
 772 009c 6C6F6E67 		.ascii	"long unsigned int\000"
 772      20756E73 
 772      69676E65 
 772      6420696E 
 772      7400
 773              	.LASF3:
 774 00ae 73686F72 		.ascii	"short unsigned int\000"
 774      7420756E 
 774      7369676E 
 774      65642069 
 774      6E7400
 775              	.LASF20:
ARM GAS  C:\Users\rdeiaco\AppData\Local\Temp\ccfdosjE.s 			page 16


 776 00c1 4144435F 		.ascii	"ADC_SAR_Seq_1_Enable\000"
 776      5341525F 
 776      5365715F 
 776      315F456E 
 776      61626C65 
 777              	.LASF21:
 778 00d6 4144435F 		.ascii	"ADC_SAR_Seq_1_Start\000"
 778      5341525F 
 778      5365715F 
 778      315F5374 
 778      61727400 
 779              	.LASF16:
 780 00ea 4144435F 		.ascii	"ADC_init\000"
 780      696E6974 
 780      00
 781              	.LASF13:
 782 00f3 646F7562 		.ascii	"double\000"
 782      6C6500
 783              	.LASF31:
 784 00fa 4144435F 		.ascii	"ADC_SAR_Seq_1_CountsTo_Volts\000"
 784      5341525F 
 784      5365715F 
 784      315F436F 
 784      756E7473 
 785              	.LASF11:
 786 0117 666C6F61 		.ascii	"float32\000"
 786      74333200 
 787              	.LASF9:
 788 011f 75696E74 		.ascii	"uint32\000"
 788      333200
 789              	.LASF8:
 790 0126 756E7369 		.ascii	"unsigned int\000"
 790      676E6564 
 790      20696E74 
 790      00
 791              	.LASF22:
 792 0133 4144435F 		.ascii	"ADC_SAR_Seq_1_StartConvert\000"
 792      5341525F 
 792      5365715F 
 792      315F5374 
 792      61727443 
 793              	.LASF7:
 794 014e 6C6F6E67 		.ascii	"long long unsigned int\000"
 794      206C6F6E 
 794      6720756E 
 794      7369676E 
 794      65642069 
 795              	.LASF15:
 796 0165 73697A65 		.ascii	"sizetype\000"
 796      74797065 
 796      00
 797              	.LASF6:
 798 016e 6C6F6E67 		.ascii	"long long int\000"
 798      206C6F6E 
 798      6720696E 
 798      7400
 799              	.LASF14:
ARM GAS  C:\Users\rdeiaco\AppData\Local\Temp\ccfdosjE.s 			page 17


 800 017c 63686172 		.ascii	"char\000"
 800      00
 801              	.LASF25:
 802 0181 474E5520 		.ascii	"GNU C 4.9.3 20150303 (release) [ARM/embedded-4_9-br"
 802      4320342E 
 802      392E3320 
 802      32303135 
 802      30333033 
 803 01b4 616E6368 		.ascii	"anch revision 221220] -mcpu=cortex-m0 -mthumb -g -O"
 803      20726576 
 803      6973696F 
 803      6E203232 
 803      31323230 
 804 01e7 67202D66 		.ascii	"g -ffunction-sections -ffat-lto-objects\000"
 804      66756E63 
 804      74696F6E 
 804      2D736563 
 804      74696F6E 
 805              	.LASF2:
 806 020f 73686F72 		.ascii	"short int\000"
 806      7420696E 
 806      7400
 807              	.LASF24:
 808 0219 4144435F 		.ascii	"ADC_SAR_Seq_1_Wakeup\000"
 808      5341525F 
 808      5365715F 
 808      315F5761 
 808      6B657570 
 809              	.LASF4:
 810 022e 6C6F6E67 		.ascii	"long int\000"
 810      20696E74 
 810      00
 811              	.LASF28:
 812 0237 4144435F 		.ascii	"ADC_read\000"
 812      72656164 
 812      00
 813              	.LASF0:
 814 0240 7369676E 		.ascii	"signed char\000"
 814      65642063 
 814      68617200 
 815              	.LASF17:
 816 024c 4144435F 		.ascii	"ADC_flush\000"
 816      666C7573 
 816      6800
 817              	.LASF30:
 818 0256 4144435F 		.ascii	"ADC_SAR_Seq_1_GetResult16\000"
 818      5341525F 
 818      5365715F 
 818      315F4765 
 818      74526573 
 819              		.ident	"GCC: (GNU Tools for ARM Embedded Processors) 4.9.3 20150303 (release) [ARM/embedded-4_9-br
