ARM GAS  C:\Users\Ellis\AppData\Local\Temp\cc3eBq7L.s 			page 1


   1              		.cpu cortex-m0
   2              		.fpu softvfp
   3              		.eabi_attribute 20, 1
   4              		.eabi_attribute 21, 1
   5              		.eabi_attribute 23, 3
   6              		.eabi_attribute 24, 1
   7              		.eabi_attribute 25, 1
   8              		.eabi_attribute 26, 1
   9              		.eabi_attribute 30, 1
  10              		.eabi_attribute 34, 0
  11              		.eabi_attribute 18, 4
  12              		.code	16
  13              		.file	"ble_custom.c"
  14              		.text
  15              	.Ltext0:
  16              		.cfi_sections	.debug_frame
  17              		.section	.text.CyBle_CustomInit,"ax",%progbits
  18              		.align	2
  19              		.global	CyBle_CustomInit
  20              		.code	16
  21              		.thumb_func
  22              		.type	CyBle_CustomInit, %function
  23              	CyBle_CustomInit:
  24              	.LFB2:
  25              		.file 1 ".\\Generated_Source\\PSoC4\\ble_custom.c"
   1:.\Generated_Source\PSoC4/ble_custom.c **** /***************************************************************************//**
   2:.\Generated_Source\PSoC4/ble_custom.c **** * \file CYBLE_custom.c
   3:.\Generated_Source\PSoC4/ble_custom.c **** * \version 2.30
   4:.\Generated_Source\PSoC4/ble_custom.c **** * 
   5:.\Generated_Source\PSoC4/ble_custom.c **** * \brief
   6:.\Generated_Source\PSoC4/ble_custom.c **** *  Contains the source code for the Custom Service.
   7:.\Generated_Source\PSoC4/ble_custom.c **** * 
   8:.\Generated_Source\PSoC4/ble_custom.c **** ********************************************************************************
   9:.\Generated_Source\PSoC4/ble_custom.c **** * \copyright
  10:.\Generated_Source\PSoC4/ble_custom.c **** * Copyright 2014-2015, Cypress Semiconductor Corporation.  All rights reserved.
  11:.\Generated_Source\PSoC4/ble_custom.c **** * You may use this file only in accordance with the license, terms, conditions,
  12:.\Generated_Source\PSoC4/ble_custom.c **** * disclaimers, and limitations in the end user license agreement accompanying
  13:.\Generated_Source\PSoC4/ble_custom.c **** * the software package with which this file was provided.
  14:.\Generated_Source\PSoC4/ble_custom.c **** *******************************************************************************/
  15:.\Generated_Source\PSoC4/ble_custom.c **** 
  16:.\Generated_Source\PSoC4/ble_custom.c **** 
  17:.\Generated_Source\PSoC4/ble_custom.c **** #include "ble_eventHandler.h"
  18:.\Generated_Source\PSoC4/ble_custom.c **** 
  19:.\Generated_Source\PSoC4/ble_custom.c **** #ifdef CYBLE_CUSTOM_SERVER
  20:.\Generated_Source\PSoC4/ble_custom.c **** 
  21:.\Generated_Source\PSoC4/ble_custom.c **** /* If any custom service with custom characterisctis is defined in the
  22:.\Generated_Source\PSoC4/ble_custom.c **** * customizer's GUI their handles will be present in this array.
  23:.\Generated_Source\PSoC4/ble_custom.c **** */
  24:.\Generated_Source\PSoC4/ble_custom.c **** /* This array contains attribute handles for the defined Custom Services and their characteristics 
  25:.\Generated_Source\PSoC4/ble_custom.c ****    The array index definitions are located in the CYBLE_custom.h file. */
  26:.\Generated_Source\PSoC4/ble_custom.c **** const CYBLE_CUSTOMS_T cyBle_customs[0x01u] = {
  27:.\Generated_Source\PSoC4/ble_custom.c **** 
  28:.\Generated_Source\PSoC4/ble_custom.c ****     /* ledcapsense service */
  29:.\Generated_Source\PSoC4/ble_custom.c ****     {
  30:.\Generated_Source\PSoC4/ble_custom.c ****         0x000Cu, /* Handle of the ledcapsense service */ 
  31:.\Generated_Source\PSoC4/ble_custom.c ****         {
  32:.\Generated_Source\PSoC4/ble_custom.c **** 
ARM GAS  C:\Users\Ellis\AppData\Local\Temp\cc3eBq7L.s 			page 2


  33:.\Generated_Source\PSoC4/ble_custom.c ****             /* led characteristic */
  34:.\Generated_Source\PSoC4/ble_custom.c ****             {
  35:.\Generated_Source\PSoC4/ble_custom.c ****                 0x000Eu, /* Handle of the led characteristic */ 
  36:.\Generated_Source\PSoC4/ble_custom.c ****                 
  37:.\Generated_Source\PSoC4/ble_custom.c ****                 /* Array of Descriptors handles */
  38:.\Generated_Source\PSoC4/ble_custom.c ****                 {
  39:.\Generated_Source\PSoC4/ble_custom.c ****                     0x000Fu, /* Handle of the Characteristic User Description descriptor */ 
  40:.\Generated_Source\PSoC4/ble_custom.c ****                     CYBLE_GATT_INVALID_ATTR_HANDLE_VALUE, 
  41:.\Generated_Source\PSoC4/ble_custom.c ****                 }, 
  42:.\Generated_Source\PSoC4/ble_custom.c ****             },
  43:.\Generated_Source\PSoC4/ble_custom.c **** 
  44:.\Generated_Source\PSoC4/ble_custom.c ****             /* capsense characteristic */
  45:.\Generated_Source\PSoC4/ble_custom.c ****             {
  46:.\Generated_Source\PSoC4/ble_custom.c ****                 0x0011u, /* Handle of the capsense characteristic */ 
  47:.\Generated_Source\PSoC4/ble_custom.c ****                 
  48:.\Generated_Source\PSoC4/ble_custom.c ****                 /* Array of Descriptors handles */
  49:.\Generated_Source\PSoC4/ble_custom.c ****                 {
  50:.\Generated_Source\PSoC4/ble_custom.c ****                     0x0012u, /* Handle of the capsensecccd descriptor */ 
  51:.\Generated_Source\PSoC4/ble_custom.c ****                     0x0013u, /* Handle of the Characteristic User Description descriptor */ 
  52:.\Generated_Source\PSoC4/ble_custom.c ****                 }, 
  53:.\Generated_Source\PSoC4/ble_custom.c ****             },
  54:.\Generated_Source\PSoC4/ble_custom.c **** 
  55:.\Generated_Source\PSoC4/ble_custom.c ****             /* vibIntensity characteristic */
  56:.\Generated_Source\PSoC4/ble_custom.c ****             {
  57:.\Generated_Source\PSoC4/ble_custom.c ****                 0x0015u, /* Handle of the vibIntensity characteristic */ 
  58:.\Generated_Source\PSoC4/ble_custom.c ****                 
  59:.\Generated_Source\PSoC4/ble_custom.c ****                 /* Array of Descriptors handles */
  60:.\Generated_Source\PSoC4/ble_custom.c ****                 {
  61:.\Generated_Source\PSoC4/ble_custom.c ****                     0x0016u, /* Handle of the Characteristic User Description descriptor */ 
  62:.\Generated_Source\PSoC4/ble_custom.c ****                     CYBLE_GATT_INVALID_ATTR_HANDLE_VALUE, 
  63:.\Generated_Source\PSoC4/ble_custom.c ****                 }, 
  64:.\Generated_Source\PSoC4/ble_custom.c ****             },
  65:.\Generated_Source\PSoC4/ble_custom.c **** 
  66:.\Generated_Source\PSoC4/ble_custom.c ****             /* alarmStatus characteristic */
  67:.\Generated_Source\PSoC4/ble_custom.c ****             {
  68:.\Generated_Source\PSoC4/ble_custom.c ****                 0x0018u, /* Handle of the alarmStatus characteristic */ 
  69:.\Generated_Source\PSoC4/ble_custom.c ****                 
  70:.\Generated_Source\PSoC4/ble_custom.c ****                 /* Array of Descriptors handles */
  71:.\Generated_Source\PSoC4/ble_custom.c ****                 {
  72:.\Generated_Source\PSoC4/ble_custom.c ****                     0x0019u, /* Handle of the Characteristic User Description descriptor */ 
  73:.\Generated_Source\PSoC4/ble_custom.c ****                     0x001Au, /* Handle of the alarmStatusCCCD descriptor */ 
  74:.\Generated_Source\PSoC4/ble_custom.c ****                 }, 
  75:.\Generated_Source\PSoC4/ble_custom.c ****             },
  76:.\Generated_Source\PSoC4/ble_custom.c **** 
  77:.\Generated_Source\PSoC4/ble_custom.c ****             /* vibDuration characteristic */
  78:.\Generated_Source\PSoC4/ble_custom.c ****             {
  79:.\Generated_Source\PSoC4/ble_custom.c ****                 0x001Cu, /* Handle of the vibDuration characteristic */ 
  80:.\Generated_Source\PSoC4/ble_custom.c ****                 
  81:.\Generated_Source\PSoC4/ble_custom.c ****                 /* Array of Descriptors handles */
  82:.\Generated_Source\PSoC4/ble_custom.c ****                 {
  83:.\Generated_Source\PSoC4/ble_custom.c ****                     0x001Du, /* Handle of the Characteristic User Description descriptor */ 
  84:.\Generated_Source\PSoC4/ble_custom.c ****                     CYBLE_GATT_INVALID_ATTR_HANDLE_VALUE, 
  85:.\Generated_Source\PSoC4/ble_custom.c ****                 }, 
  86:.\Generated_Source\PSoC4/ble_custom.c ****             },
  87:.\Generated_Source\PSoC4/ble_custom.c **** 
  88:.\Generated_Source\PSoC4/ble_custom.c ****             /* alarmVibType characteristic */
  89:.\Generated_Source\PSoC4/ble_custom.c ****             {
ARM GAS  C:\Users\Ellis\AppData\Local\Temp\cc3eBq7L.s 			page 3


  90:.\Generated_Source\PSoC4/ble_custom.c ****                 0x001Fu, /* Handle of the alarmVibType characteristic */ 
  91:.\Generated_Source\PSoC4/ble_custom.c ****                 
  92:.\Generated_Source\PSoC4/ble_custom.c ****                 /* Array of Descriptors handles */
  93:.\Generated_Source\PSoC4/ble_custom.c ****                 {
  94:.\Generated_Source\PSoC4/ble_custom.c ****                     0x0020u, /* Handle of the Characteristic User Description descriptor */ 
  95:.\Generated_Source\PSoC4/ble_custom.c ****                     CYBLE_GATT_INVALID_ATTR_HANDLE_VALUE, 
  96:.\Generated_Source\PSoC4/ble_custom.c ****                 }, 
  97:.\Generated_Source\PSoC4/ble_custom.c ****             },
  98:.\Generated_Source\PSoC4/ble_custom.c **** 
  99:.\Generated_Source\PSoC4/ble_custom.c ****             /* ambulanceVibType characteristic */
 100:.\Generated_Source\PSoC4/ble_custom.c ****             {
 101:.\Generated_Source\PSoC4/ble_custom.c ****                 0x0022u, /* Handle of the ambulanceVibType characteristic */ 
 102:.\Generated_Source\PSoC4/ble_custom.c ****                 
 103:.\Generated_Source\PSoC4/ble_custom.c ****                 /* Array of Descriptors handles */
 104:.\Generated_Source\PSoC4/ble_custom.c ****                 {
 105:.\Generated_Source\PSoC4/ble_custom.c ****                     0x0023u, /* Handle of the Characteristic User Description descriptor */ 
 106:.\Generated_Source\PSoC4/ble_custom.c ****                     CYBLE_GATT_INVALID_ATTR_HANDLE_VALUE, 
 107:.\Generated_Source\PSoC4/ble_custom.c ****                 }, 
 108:.\Generated_Source\PSoC4/ble_custom.c ****             },
 109:.\Generated_Source\PSoC4/ble_custom.c ****         }, 
 110:.\Generated_Source\PSoC4/ble_custom.c ****     },
 111:.\Generated_Source\PSoC4/ble_custom.c **** };
 112:.\Generated_Source\PSoC4/ble_custom.c **** 
 113:.\Generated_Source\PSoC4/ble_custom.c **** 
 114:.\Generated_Source\PSoC4/ble_custom.c **** #endif /* (CYBLE_CUSTOM_SERVER) */
 115:.\Generated_Source\PSoC4/ble_custom.c **** 
 116:.\Generated_Source\PSoC4/ble_custom.c **** #ifdef CYBLE_CUSTOM_CLIENT
 117:.\Generated_Source\PSoC4/ble_custom.c ****     
 118:.\Generated_Source\PSoC4/ble_custom.c **** 
 119:.\Generated_Source\PSoC4/ble_custom.c **** static uint16 cyBle_customDisServIndex;
 120:.\Generated_Source\PSoC4/ble_custom.c **** static uint16 cyBle_customDisCharIndex;
 121:.\Generated_Source\PSoC4/ble_custom.c **** 
 122:.\Generated_Source\PSoC4/ble_custom.c **** #endif /* (CYBLE_CUSTOM_CLIENT) */
 123:.\Generated_Source\PSoC4/ble_custom.c **** 
 124:.\Generated_Source\PSoC4/ble_custom.c **** 
 125:.\Generated_Source\PSoC4/ble_custom.c **** /****************************************************************************** 
 126:.\Generated_Source\PSoC4/ble_custom.c **** * Function Name: CyBle_CustomInit
 127:.\Generated_Source\PSoC4/ble_custom.c **** ***************************************************************************//**
 128:.\Generated_Source\PSoC4/ble_custom.c **** * 
 129:.\Generated_Source\PSoC4/ble_custom.c **** *  This function initializes Custom Service.
 130:.\Generated_Source\PSoC4/ble_custom.c **** * 
 131:.\Generated_Source\PSoC4/ble_custom.c **** * \return
 132:.\Generated_Source\PSoC4/ble_custom.c **** *  None
 133:.\Generated_Source\PSoC4/ble_custom.c **** * 
 134:.\Generated_Source\PSoC4/ble_custom.c **** ******************************************************************************/
 135:.\Generated_Source\PSoC4/ble_custom.c **** void CyBle_CustomInit(void)
 136:.\Generated_Source\PSoC4/ble_custom.c **** {
  26              		.loc 1 136 0
  27              		.cfi_startproc
 137:.\Generated_Source\PSoC4/ble_custom.c ****     
 138:.\Generated_Source\PSoC4/ble_custom.c **** #ifdef CYBLE_CUSTOM_CLIENT
 139:.\Generated_Source\PSoC4/ble_custom.c **** 
 140:.\Generated_Source\PSoC4/ble_custom.c ****     uint16 locServIndex;
 141:.\Generated_Source\PSoC4/ble_custom.c ****     uint16 locCharIndex;
 142:.\Generated_Source\PSoC4/ble_custom.c ****     uint16 locDescIndex;
 143:.\Generated_Source\PSoC4/ble_custom.c ****     
 144:.\Generated_Source\PSoC4/ble_custom.c ****     for(locServIndex = 0u; locServIndex < CYBLE_CUSTOMC_SERVICE_COUNT; locServIndex++)
ARM GAS  C:\Users\Ellis\AppData\Local\Temp\cc3eBq7L.s 			page 4


 145:.\Generated_Source\PSoC4/ble_custom.c ****     {
 146:.\Generated_Source\PSoC4/ble_custom.c ****         for(locCharIndex = 0u; locCharIndex < cyBle_customCServ[locServIndex].charCount; locCharInd
 147:.\Generated_Source\PSoC4/ble_custom.c ****         {
 148:.\Generated_Source\PSoC4/ble_custom.c ****             cyBle_customCServ[locServIndex].customServChar[locCharIndex].
 149:.\Generated_Source\PSoC4/ble_custom.c ****                 customServCharHandle = 0u;
 150:.\Generated_Source\PSoC4/ble_custom.c ****             
 151:.\Generated_Source\PSoC4/ble_custom.c ****             for(locDescIndex = 0u; locDescIndex < 
 152:.\Generated_Source\PSoC4/ble_custom.c ****                 cyBle_customCServ[locServIndex].customServChar[locCharIndex].descCount; 
 153:.\Generated_Source\PSoC4/ble_custom.c ****                     locDescIndex++)
 154:.\Generated_Source\PSoC4/ble_custom.c ****             {
 155:.\Generated_Source\PSoC4/ble_custom.c ****                 cyBle_customCServ[locServIndex].customServChar[locCharIndex].
 156:.\Generated_Source\PSoC4/ble_custom.c ****                     customServCharDesc[locDescIndex].descHandle = 0u;
 157:.\Generated_Source\PSoC4/ble_custom.c ****             }
 158:.\Generated_Source\PSoC4/ble_custom.c ****         }
 159:.\Generated_Source\PSoC4/ble_custom.c ****     }
 160:.\Generated_Source\PSoC4/ble_custom.c **** 
 161:.\Generated_Source\PSoC4/ble_custom.c **** #endif /* (CYBLE_CUSTOM_CLIENT) */
 162:.\Generated_Source\PSoC4/ble_custom.c **** }
  28              		.loc 1 162 0
  29              		@ sp needed
  30 0000 7047     		bx	lr
  31              		.cfi_endproc
  32              	.LFE2:
  33              		.size	CyBle_CustomInit, .-CyBle_CustomInit
  34              		.global	cyBle_customs
  35 0002 C046     		.section	.rodata
  36              		.align	2
  37              		.type	cyBle_customs, %object
  38              		.size	cyBle_customs, 44
  39              	cyBle_customs:
  40 0000 0C00     		.short	12
  41 0002 0E00     		.short	14
  42 0004 0F00     		.short	15
  43 0006 0000     		.short	0
  44 0008 1100     		.short	17
  45 000a 1200     		.short	18
  46 000c 1300     		.short	19
  47 000e 1500     		.short	21
  48 0010 1600     		.short	22
  49 0012 0000     		.short	0
  50 0014 1800     		.short	24
  51 0016 1900     		.short	25
  52 0018 1A00     		.short	26
  53 001a 1C00     		.short	28
  54 001c 1D00     		.short	29
  55 001e 0000     		.short	0
  56 0020 1F00     		.short	31
  57 0022 2000     		.short	32
  58 0024 0000     		.short	0
  59 0026 2200     		.short	34
  60 0028 2300     		.short	35
  61 002a 0000     		.short	0
  62              		.text
  63              	.Letext0:
  64              		.file 2 ".\\Generated_Source\\PSoC4\\cytypes.h"
  65              		.file 3 ".\\Generated_Source\\PSoC4\\ble_StackGatt.h"
  66              		.file 4 ".\\Generated_Source\\PSoC4\\ble_custom.h"
ARM GAS  C:\Users\Ellis\AppData\Local\Temp\cc3eBq7L.s 			page 5


  67              		.file 5 ".\\Generated_Source\\PSoC4\\ble_Stack.h"
  68              		.section	.debug_info,"",%progbits
  69              	.Ldebug_info0:
  70 0000 CF020000 		.4byte	0x2cf
  71 0004 0400     		.2byte	0x4
  72 0006 00000000 		.4byte	.Ldebug_abbrev0
  73 000a 04       		.byte	0x4
  74 000b 01       		.uleb128 0x1
  75 000c 0D080000 		.4byte	.LASF78
  76 0010 01       		.byte	0x1
  77 0011 73000000 		.4byte	.LASF79
  78 0015 48070000 		.4byte	.LASF80
  79 0019 00000000 		.4byte	.Ldebug_ranges0+0
  80 001d 00000000 		.4byte	0
  81 0021 00000000 		.4byte	.Ldebug_line0
  82 0025 02       		.uleb128 0x2
  83 0026 01       		.byte	0x1
  84 0027 06       		.byte	0x6
  85 0028 ED030000 		.4byte	.LASF0
  86 002c 02       		.uleb128 0x2
  87 002d 01       		.byte	0x1
  88 002e 08       		.byte	0x8
  89 002f 74030000 		.4byte	.LASF1
  90 0033 02       		.uleb128 0x2
  91 0034 02       		.byte	0x2
  92 0035 05       		.byte	0x5
  93 0036 46000000 		.4byte	.LASF2
  94 003a 02       		.uleb128 0x2
  95 003b 02       		.byte	0x2
  96 003c 07       		.byte	0x7
  97 003d 53050000 		.4byte	.LASF3
  98 0041 02       		.uleb128 0x2
  99 0042 04       		.byte	0x4
 100 0043 05       		.byte	0x5
 101 0044 3E020000 		.4byte	.LASF4
 102 0048 02       		.uleb128 0x2
 103 0049 04       		.byte	0x4
 104 004a 07       		.byte	0x7
 105 004b 7E040000 		.4byte	.LASF5
 106 004f 02       		.uleb128 0x2
 107 0050 08       		.byte	0x8
 108 0051 05       		.byte	0x5
 109 0052 04020000 		.4byte	.LASF6
 110 0056 02       		.uleb128 0x2
 111 0057 08       		.byte	0x8
 112 0058 07       		.byte	0x7
 113 0059 12020000 		.4byte	.LASF7
 114 005d 03       		.uleb128 0x3
 115 005e 04       		.byte	0x4
 116 005f 05       		.byte	0x5
 117 0060 696E7400 		.ascii	"int\000"
 118 0064 02       		.uleb128 0x2
 119 0065 04       		.byte	0x4
 120 0066 07       		.byte	0x7
 121 0067 56040000 		.4byte	.LASF8
 122 006b 04       		.uleb128 0x4
 123 006c 1B010000 		.4byte	.LASF70
ARM GAS  C:\Users\Ellis\AppData\Local\Temp\cc3eBq7L.s 			page 6


 124 0070 02       		.byte	0x2
 125 0071 C3       		.byte	0xc3
 126 0072 3A000000 		.4byte	0x3a
 127 0076 02       		.uleb128 0x2
 128 0077 04       		.byte	0x4
 129 0078 04       		.byte	0x4
 130 0079 CB010000 		.4byte	.LASF9
 131 007d 02       		.uleb128 0x2
 132 007e 08       		.byte	0x8
 133 007f 04       		.byte	0x4
 134 0080 03060000 		.4byte	.LASF10
 135 0084 02       		.uleb128 0x2
 136 0085 01       		.byte	0x1
 137 0086 08       		.byte	0x8
 138 0087 32050000 		.4byte	.LASF11
 139 008b 02       		.uleb128 0x2
 140 008c 04       		.byte	0x4
 141 008d 07       		.byte	0x7
 142 008e 6A000000 		.4byte	.LASF12
 143 0092 05       		.uleb128 0x5
 144 0093 01       		.byte	0x1
 145 0094 05       		.byte	0x5
 146 0095 A4       		.byte	0xa4
 147 0096 17020000 		.4byte	0x217
 148 009a 06       		.uleb128 0x6
 149 009b 75010000 		.4byte	.LASF13
 150 009f 00       		.sleb128 0
 151 00a0 06       		.uleb128 0x6
 152 00a1 EA000000 		.4byte	.LASF14
 153 00a5 01       		.sleb128 1
 154 00a6 06       		.uleb128 0x6
 155 00a7 B0070000 		.4byte	.LASF15
 156 00ab 02       		.sleb128 2
 157 00ac 06       		.uleb128 0x6
 158 00ad 42060000 		.4byte	.LASF16
 159 00b1 03       		.sleb128 3
 160 00b2 06       		.uleb128 0x6
 161 00b3 C4000000 		.4byte	.LASF17
 162 00b7 04       		.sleb128 4
 163 00b8 06       		.uleb128 0x6
 164 00b9 D0020000 		.4byte	.LASF18
 165 00bd 05       		.sleb128 5
 166 00be 06       		.uleb128 0x6
 167 00bf A0060000 		.4byte	.LASF19
 168 00c3 20       		.sleb128 32
 169 00c4 06       		.uleb128 0x6
 170 00c5 90040000 		.4byte	.LASF20
 171 00c9 21       		.sleb128 33
 172 00ca 06       		.uleb128 0x6
 173 00cb 00000000 		.4byte	.LASF21
 174 00cf 22       		.sleb128 34
 175 00d0 06       		.uleb128 0x6
 176 00d1 EC020000 		.4byte	.LASF22
 177 00d5 23       		.sleb128 35
 178 00d6 06       		.uleb128 0x6
 179 00d7 3A040000 		.4byte	.LASF23
 180 00db 24       		.sleb128 36
ARM GAS  C:\Users\Ellis\AppData\Local\Temp\cc3eBq7L.s 			page 7


 181 00dc 06       		.uleb128 0x6
 182 00dd 50000000 		.4byte	.LASF24
 183 00e1 25       		.sleb128 37
 184 00e2 06       		.uleb128 0x6
 185 00e3 87020000 		.4byte	.LASF25
 186 00e7 26       		.sleb128 38
 187 00e8 06       		.uleb128 0x6
 188 00e9 68020000 		.4byte	.LASF26
 189 00ed 27       		.sleb128 39
 190 00ee 06       		.uleb128 0x6
 191 00ef 24000000 		.4byte	.LASF27
 192 00f3 28       		.sleb128 40
 193 00f4 06       		.uleb128 0x6
 194 00f5 C8040000 		.4byte	.LASF28
 195 00f9 29       		.sleb128 41
 196 00fa 06       		.uleb128 0x6
 197 00fb 09050000 		.4byte	.LASF29
 198 00ff 2A       		.sleb128 42
 199 0100 06       		.uleb128 0x6
 200 0101 A3050000 		.4byte	.LASF30
 201 0105 2B       		.sleb128 43
 202 0106 06       		.uleb128 0x6
 203 0107 E5040000 		.4byte	.LASF31
 204 010b 2C       		.sleb128 44
 205 010c 06       		.uleb128 0x6
 206 010d 99000000 		.4byte	.LASF32
 207 0111 C000     		.sleb128 64
 208 0113 06       		.uleb128 0x6
 209 0114 63040000 		.4byte	.LASF33
 210 0118 C100     		.sleb128 65
 211 011a 06       		.uleb128 0x6
 212 011b 08090000 		.4byte	.LASF34
 213 011f C200     		.sleb128 66
 214 0121 06       		.uleb128 0x6
 215 0122 FD000000 		.4byte	.LASF35
 216 0126 C300     		.sleb128 67
 217 0128 06       		.uleb128 0x6
 218 0129 2A070000 		.4byte	.LASF36
 219 012d C400     		.sleb128 68
 220 012f 06       		.uleb128 0x6
 221 0130 C4060000 		.4byte	.LASF37
 222 0134 C500     		.sleb128 69
 223 0136 06       		.uleb128 0x6
 224 0137 09070000 		.4byte	.LASF38
 225 013b C600     		.sleb128 70
 226 013d 06       		.uleb128 0x6
 227 013e CF030000 		.4byte	.LASF39
 228 0142 C700     		.sleb128 71
 229 0144 06       		.uleb128 0x6
 230 0145 13040000 		.4byte	.LASF40
 231 0149 C800     		.sleb128 72
 232 014b 06       		.uleb128 0x6
 233 014c D1010000 		.4byte	.LASF41
 234 0150 C900     		.sleb128 73
 235 0152 06       		.uleb128 0x6
 236 0153 66050000 		.4byte	.LASF42
 237 0157 CA00     		.sleb128 74
ARM GAS  C:\Users\Ellis\AppData\Local\Temp\cc3eBq7L.s 			page 8


 238 0159 06       		.uleb128 0x6
 239 015a 35010000 		.4byte	.LASF43
 240 015e CB00     		.sleb128 75
 241 0160 06       		.uleb128 0x6
 242 0161 F9030000 		.4byte	.LASF44
 243 0165 CC00     		.sleb128 76
 244 0167 06       		.uleb128 0x6
 245 0168 EA010000 		.4byte	.LASF45
 246 016c CD00     		.sleb128 77
 247 016e 06       		.uleb128 0x6
 248 016f EB060000 		.4byte	.LASF46
 249 0173 CE00     		.sleb128 78
 250 0175 06       		.uleb128 0x6
 251 0176 91030000 		.4byte	.LASF47
 252 017a CF00     		.sleb128 79
 253 017c 06       		.uleb128 0x6
 254 017d 9B080000 		.4byte	.LASF48
 255 0181 D000     		.sleb128 80
 256 0183 06       		.uleb128 0x6
 257 0184 84050000 		.4byte	.LASF49
 258 0188 D100     		.sleb128 81
 259 018a 06       		.uleb128 0x6
 260 018b AF020000 		.4byte	.LASF50
 261 018f D200     		.sleb128 82
 262 0191 06       		.uleb128 0x6
 263 0192 47020000 		.4byte	.LASF51
 264 0196 D300     		.sleb128 83
 265 0198 06       		.uleb128 0x6
 266 0199 54010000 		.4byte	.LASF52
 267 019d D400     		.sleb128 84
 268 019f 06       		.uleb128 0x6
 269 01a0 E4080000 		.4byte	.LASF53
 270 01a4 D500     		.sleb128 85
 271 01a6 06       		.uleb128 0x6
 272 01a7 EB070000 		.4byte	.LASF54
 273 01ab D600     		.sleb128 86
 274 01ad 06       		.uleb128 0x6
 275 01ae C2070000 		.4byte	.LASF55
 276 01b2 D700     		.sleb128 87
 277 01b4 06       		.uleb128 0x6
 278 01b5 4E030000 		.4byte	.LASF56
 279 01b9 F000     		.sleb128 112
 280 01bb 06       		.uleb128 0x6
 281 01bc 7A060000 		.4byte	.LASF57
 282 01c0 F100     		.sleb128 113
 283 01c2 06       		.uleb128 0x6
 284 01c3 37050000 		.4byte	.LASF58
 285 01c7 F200     		.sleb128 114
 286 01c9 06       		.uleb128 0x6
 287 01ca 8C010000 		.4byte	.LASF59
 288 01ce F300     		.sleb128 115
 289 01d0 06       		.uleb128 0x6
 290 01d1 22030000 		.4byte	.LASF60
 291 01d5 F400     		.sleb128 116
 292 01d7 06       		.uleb128 0x6
 293 01d8 A7040000 		.4byte	.LASF61
 294 01dc F500     		.sleb128 117
ARM GAS  C:\Users\Ellis\AppData\Local\Temp\cc3eBq7L.s 			page 9


 295 01de 06       		.uleb128 0x6
 296 01df AA010000 		.4byte	.LASF62
 297 01e3 F600     		.sleb128 118
 298 01e5 06       		.uleb128 0x6
 299 01e6 5B060000 		.4byte	.LASF63
 300 01ea F700     		.sleb128 119
 301 01ec 06       		.uleb128 0x6
 302 01ed E0050000 		.4byte	.LASF64
 303 01f1 F800     		.sleb128 120
 304 01f3 06       		.uleb128 0x6
 305 01f4 0A060000 		.4byte	.LASF65
 306 01f8 F900     		.sleb128 121
 307 01fa 06       		.uleb128 0x6
 308 01fb 8C070000 		.4byte	.LASF66
 309 01ff FA00     		.sleb128 122
 310 0201 06       		.uleb128 0x6
 311 0202 C2050000 		.4byte	.LASF67
 312 0206 FA01     		.sleb128 250
 313 0208 06       		.uleb128 0x6
 314 0209 B0030000 		.4byte	.LASF68
 315 020d FB01     		.sleb128 251
 316 020f 06       		.uleb128 0x6
 317 0210 40030000 		.4byte	.LASF69
 318 0214 FF01     		.sleb128 255
 319 0216 00       		.byte	0
 320 0217 07       		.uleb128 0x7
 321 0218 BA080000 		.4byte	.LASF71
 322 021c 03       		.byte	0x3
 323 021d 8801     		.2byte	0x188
 324 021f 6B000000 		.4byte	0x6b
 325 0223 08       		.uleb128 0x8
 326 0224 06       		.byte	0x6
 327 0225 04       		.byte	0x4
 328 0226 5C       		.byte	0x5c
 329 0227 44020000 		.4byte	0x244
 330 022b 09       		.uleb128 0x9
 331 022c 2D060000 		.4byte	.LASF72
 332 0230 04       		.byte	0x4
 333 0231 5F       		.byte	0x5f
 334 0232 17020000 		.4byte	0x217
 335 0236 00       		.byte	0
 336 0237 09       		.uleb128 0x9
 337 0238 22010000 		.4byte	.LASF73
 338 023c 04       		.byte	0x4
 339 023d 61       		.byte	0x61
 340 023e 44020000 		.4byte	0x244
 341 0242 02       		.byte	0x2
 342 0243 00       		.byte	0
 343 0244 0A       		.uleb128 0xa
 344 0245 17020000 		.4byte	0x217
 345 0249 54020000 		.4byte	0x254
 346 024d 0B       		.uleb128 0xb
 347 024e 8B000000 		.4byte	0x8b
 348 0252 01       		.byte	0x1
 349 0253 00       		.byte	0
 350 0254 04       		.uleb128 0x4
 351 0255 29020000 		.4byte	.LASF74
ARM GAS  C:\Users\Ellis\AppData\Local\Temp\cc3eBq7L.s 			page 10


 352 0259 04       		.byte	0x4
 353 025a 63       		.byte	0x63
 354 025b 23020000 		.4byte	0x223
 355 025f 08       		.uleb128 0x8
 356 0260 2C       		.byte	0x2c
 357 0261 04       		.byte	0x4
 358 0262 66       		.byte	0x66
 359 0263 80020000 		.4byte	0x280
 360 0267 09       		.uleb128 0x9
 361 0268 B3000000 		.4byte	.LASF75
 362 026c 04       		.byte	0x4
 363 026d 69       		.byte	0x69
 364 026e 17020000 		.4byte	0x217
 365 0272 00       		.byte	0
 366 0273 09       		.uleb128 0x9
 367 0274 82030000 		.4byte	.LASF76
 368 0278 04       		.byte	0x4
 369 0279 6C       		.byte	0x6c
 370 027a 80020000 		.4byte	0x280
 371 027e 02       		.byte	0x2
 372 027f 00       		.byte	0
 373 0280 0A       		.uleb128 0xa
 374 0281 54020000 		.4byte	0x254
 375 0285 90020000 		.4byte	0x290
 376 0289 0B       		.uleb128 0xb
 377 028a 8B000000 		.4byte	0x8b
 378 028e 06       		.byte	0x6
 379 028f 00       		.byte	0
 380 0290 04       		.uleb128 0x4
 381 0291 12030000 		.4byte	.LASF77
 382 0295 04       		.byte	0x4
 383 0296 6E       		.byte	0x6e
 384 0297 5F020000 		.4byte	0x25f
 385 029b 0C       		.uleb128 0xc
 386 029c D9000000 		.4byte	.LASF81
 387 02a0 01       		.byte	0x1
 388 02a1 87       		.byte	0x87
 389 02a2 00000000 		.4byte	.LFB2
 390 02a6 02000000 		.4byte	.LFE2-.LFB2
 391 02aa 01       		.uleb128 0x1
 392 02ab 9C       		.byte	0x9c
 393 02ac 0A       		.uleb128 0xa
 394 02ad 90020000 		.4byte	0x290
 395 02b1 BC020000 		.4byte	0x2bc
 396 02b5 0B       		.uleb128 0xb
 397 02b6 8B000000 		.4byte	0x8b
 398 02ba 00       		.byte	0
 399 02bb 00       		.byte	0
 400 02bc 0D       		.uleb128 0xd
 401 02bd D6080000 		.4byte	.LASF82
 402 02c1 01       		.byte	0x1
 403 02c2 1A       		.byte	0x1a
 404 02c3 CD020000 		.4byte	0x2cd
 405 02c7 05       		.uleb128 0x5
 406 02c8 03       		.byte	0x3
 407 02c9 00000000 		.4byte	cyBle_customs
 408 02cd 0E       		.uleb128 0xe
ARM GAS  C:\Users\Ellis\AppData\Local\Temp\cc3eBq7L.s 			page 11


 409 02ce AC020000 		.4byte	0x2ac
 410 02d2 00       		.byte	0
 411              		.section	.debug_abbrev,"",%progbits
 412              	.Ldebug_abbrev0:
 413 0000 01       		.uleb128 0x1
 414 0001 11       		.uleb128 0x11
 415 0002 01       		.byte	0x1
 416 0003 25       		.uleb128 0x25
 417 0004 0E       		.uleb128 0xe
 418 0005 13       		.uleb128 0x13
 419 0006 0B       		.uleb128 0xb
 420 0007 03       		.uleb128 0x3
 421 0008 0E       		.uleb128 0xe
 422 0009 1B       		.uleb128 0x1b
 423 000a 0E       		.uleb128 0xe
 424 000b 55       		.uleb128 0x55
 425 000c 17       		.uleb128 0x17
 426 000d 11       		.uleb128 0x11
 427 000e 01       		.uleb128 0x1
 428 000f 10       		.uleb128 0x10
 429 0010 17       		.uleb128 0x17
 430 0011 00       		.byte	0
 431 0012 00       		.byte	0
 432 0013 02       		.uleb128 0x2
 433 0014 24       		.uleb128 0x24
 434 0015 00       		.byte	0
 435 0016 0B       		.uleb128 0xb
 436 0017 0B       		.uleb128 0xb
 437 0018 3E       		.uleb128 0x3e
 438 0019 0B       		.uleb128 0xb
 439 001a 03       		.uleb128 0x3
 440 001b 0E       		.uleb128 0xe
 441 001c 00       		.byte	0
 442 001d 00       		.byte	0
 443 001e 03       		.uleb128 0x3
 444 001f 24       		.uleb128 0x24
 445 0020 00       		.byte	0
 446 0021 0B       		.uleb128 0xb
 447 0022 0B       		.uleb128 0xb
 448 0023 3E       		.uleb128 0x3e
 449 0024 0B       		.uleb128 0xb
 450 0025 03       		.uleb128 0x3
 451 0026 08       		.uleb128 0x8
 452 0027 00       		.byte	0
 453 0028 00       		.byte	0
 454 0029 04       		.uleb128 0x4
 455 002a 16       		.uleb128 0x16
 456 002b 00       		.byte	0
 457 002c 03       		.uleb128 0x3
 458 002d 0E       		.uleb128 0xe
 459 002e 3A       		.uleb128 0x3a
 460 002f 0B       		.uleb128 0xb
 461 0030 3B       		.uleb128 0x3b
 462 0031 0B       		.uleb128 0xb
 463 0032 49       		.uleb128 0x49
 464 0033 13       		.uleb128 0x13
 465 0034 00       		.byte	0
ARM GAS  C:\Users\Ellis\AppData\Local\Temp\cc3eBq7L.s 			page 12


 466 0035 00       		.byte	0
 467 0036 05       		.uleb128 0x5
 468 0037 04       		.uleb128 0x4
 469 0038 01       		.byte	0x1
 470 0039 0B       		.uleb128 0xb
 471 003a 0B       		.uleb128 0xb
 472 003b 3A       		.uleb128 0x3a
 473 003c 0B       		.uleb128 0xb
 474 003d 3B       		.uleb128 0x3b
 475 003e 0B       		.uleb128 0xb
 476 003f 01       		.uleb128 0x1
 477 0040 13       		.uleb128 0x13
 478 0041 00       		.byte	0
 479 0042 00       		.byte	0
 480 0043 06       		.uleb128 0x6
 481 0044 28       		.uleb128 0x28
 482 0045 00       		.byte	0
 483 0046 03       		.uleb128 0x3
 484 0047 0E       		.uleb128 0xe
 485 0048 1C       		.uleb128 0x1c
 486 0049 0D       		.uleb128 0xd
 487 004a 00       		.byte	0
 488 004b 00       		.byte	0
 489 004c 07       		.uleb128 0x7
 490 004d 16       		.uleb128 0x16
 491 004e 00       		.byte	0
 492 004f 03       		.uleb128 0x3
 493 0050 0E       		.uleb128 0xe
 494 0051 3A       		.uleb128 0x3a
 495 0052 0B       		.uleb128 0xb
 496 0053 3B       		.uleb128 0x3b
 497 0054 05       		.uleb128 0x5
 498 0055 49       		.uleb128 0x49
 499 0056 13       		.uleb128 0x13
 500 0057 00       		.byte	0
 501 0058 00       		.byte	0
 502 0059 08       		.uleb128 0x8
 503 005a 13       		.uleb128 0x13
 504 005b 01       		.byte	0x1
 505 005c 0B       		.uleb128 0xb
 506 005d 0B       		.uleb128 0xb
 507 005e 3A       		.uleb128 0x3a
 508 005f 0B       		.uleb128 0xb
 509 0060 3B       		.uleb128 0x3b
 510 0061 0B       		.uleb128 0xb
 511 0062 01       		.uleb128 0x1
 512 0063 13       		.uleb128 0x13
 513 0064 00       		.byte	0
 514 0065 00       		.byte	0
 515 0066 09       		.uleb128 0x9
 516 0067 0D       		.uleb128 0xd
 517 0068 00       		.byte	0
 518 0069 03       		.uleb128 0x3
 519 006a 0E       		.uleb128 0xe
 520 006b 3A       		.uleb128 0x3a
 521 006c 0B       		.uleb128 0xb
 522 006d 3B       		.uleb128 0x3b
ARM GAS  C:\Users\Ellis\AppData\Local\Temp\cc3eBq7L.s 			page 13


 523 006e 0B       		.uleb128 0xb
 524 006f 49       		.uleb128 0x49
 525 0070 13       		.uleb128 0x13
 526 0071 38       		.uleb128 0x38
 527 0072 0B       		.uleb128 0xb
 528 0073 00       		.byte	0
 529 0074 00       		.byte	0
 530 0075 0A       		.uleb128 0xa
 531 0076 01       		.uleb128 0x1
 532 0077 01       		.byte	0x1
 533 0078 49       		.uleb128 0x49
 534 0079 13       		.uleb128 0x13
 535 007a 01       		.uleb128 0x1
 536 007b 13       		.uleb128 0x13
 537 007c 00       		.byte	0
 538 007d 00       		.byte	0
 539 007e 0B       		.uleb128 0xb
 540 007f 21       		.uleb128 0x21
 541 0080 00       		.byte	0
 542 0081 49       		.uleb128 0x49
 543 0082 13       		.uleb128 0x13
 544 0083 2F       		.uleb128 0x2f
 545 0084 0B       		.uleb128 0xb
 546 0085 00       		.byte	0
 547 0086 00       		.byte	0
 548 0087 0C       		.uleb128 0xc
 549 0088 2E       		.uleb128 0x2e
 550 0089 00       		.byte	0
 551 008a 3F       		.uleb128 0x3f
 552 008b 19       		.uleb128 0x19
 553 008c 03       		.uleb128 0x3
 554 008d 0E       		.uleb128 0xe
 555 008e 3A       		.uleb128 0x3a
 556 008f 0B       		.uleb128 0xb
 557 0090 3B       		.uleb128 0x3b
 558 0091 0B       		.uleb128 0xb
 559 0092 27       		.uleb128 0x27
 560 0093 19       		.uleb128 0x19
 561 0094 11       		.uleb128 0x11
 562 0095 01       		.uleb128 0x1
 563 0096 12       		.uleb128 0x12
 564 0097 06       		.uleb128 0x6
 565 0098 40       		.uleb128 0x40
 566 0099 18       		.uleb128 0x18
 567 009a 9742     		.uleb128 0x2117
 568 009c 19       		.uleb128 0x19
 569 009d 00       		.byte	0
 570 009e 00       		.byte	0
 571 009f 0D       		.uleb128 0xd
 572 00a0 34       		.uleb128 0x34
 573 00a1 00       		.byte	0
 574 00a2 03       		.uleb128 0x3
 575 00a3 0E       		.uleb128 0xe
 576 00a4 3A       		.uleb128 0x3a
 577 00a5 0B       		.uleb128 0xb
 578 00a6 3B       		.uleb128 0x3b
 579 00a7 0B       		.uleb128 0xb
ARM GAS  C:\Users\Ellis\AppData\Local\Temp\cc3eBq7L.s 			page 14


 580 00a8 49       		.uleb128 0x49
 581 00a9 13       		.uleb128 0x13
 582 00aa 3F       		.uleb128 0x3f
 583 00ab 19       		.uleb128 0x19
 584 00ac 02       		.uleb128 0x2
 585 00ad 18       		.uleb128 0x18
 586 00ae 00       		.byte	0
 587 00af 00       		.byte	0
 588 00b0 0E       		.uleb128 0xe
 589 00b1 26       		.uleb128 0x26
 590 00b2 00       		.byte	0
 591 00b3 49       		.uleb128 0x49
 592 00b4 13       		.uleb128 0x13
 593 00b5 00       		.byte	0
 594 00b6 00       		.byte	0
 595 00b7 00       		.byte	0
 596              		.section	.debug_aranges,"",%progbits
 597 0000 1C000000 		.4byte	0x1c
 598 0004 0200     		.2byte	0x2
 599 0006 00000000 		.4byte	.Ldebug_info0
 600 000a 04       		.byte	0x4
 601 000b 00       		.byte	0
 602 000c 0000     		.2byte	0
 603 000e 0000     		.2byte	0
 604 0010 00000000 		.4byte	.LFB2
 605 0014 02000000 		.4byte	.LFE2-.LFB2
 606 0018 00000000 		.4byte	0
 607 001c 00000000 		.4byte	0
 608              		.section	.debug_ranges,"",%progbits
 609              	.Ldebug_ranges0:
 610 0000 00000000 		.4byte	.LFB2
 611 0004 02000000 		.4byte	.LFE2
 612 0008 00000000 		.4byte	0
 613 000c 00000000 		.4byte	0
 614              		.section	.debug_line,"",%progbits
 615              	.Ldebug_line0:
 616 0000 94000000 		.section	.debug_str,"MS",%progbits,1
 616      02007B00 
 616      00000201 
 616      FB0E0D00 
 616      01010101 
 617              	.LASF21:
 618 0000 4359424C 		.ascii	"CYBLE_EVT_GAP_PASSKEY_ENTRY_REQUEST\000"
 618      455F4556 
 618      545F4741 
 618      505F5041 
 618      53534B45 
 619              	.LASF27:
 620 0024 4359424C 		.ascii	"CYBLE_EVT_GAP_DEVICE_DISCONNECTED\000"
 620      455F4556 
 620      545F4741 
 620      505F4445 
 620      56494345 
 621              	.LASF2:
 622 0046 73686F72 		.ascii	"short int\000"
 622      7420696E 
 622      7400
ARM GAS  C:\Users\Ellis\AppData\Local\Temp\cc3eBq7L.s 			page 15


 623              	.LASF24:
 624 0050 4359424C 		.ascii	"CYBLE_EVT_GAP_AUTH_FAILED\000"
 624      455F4556 
 624      545F4741 
 624      505F4155 
 624      54485F46 
 625              	.LASF12:
 626 006a 73697A65 		.ascii	"sizetype\000"
 626      74797065 
 626      00
 627              	.LASF79:
 628 0073 2E5C4765 		.ascii	".\\Generated_Source\\PSoC4\\ble_custom.c\000"
 628      6E657261 
 628      7465645F 
 628      536F7572 
 628      63655C50 
 629              	.LASF32:
 630 0099 4359424C 		.ascii	"CYBLE_EVT_GATTC_ERROR_RSP\000"
 630      455F4556 
 630      545F4741 
 630      5454435F 
 630      4552524F 
 631              	.LASF75:
 632 00b3 63757374 		.ascii	"customServHandle\000"
 632      6F6D5365 
 632      72764861 
 632      6E646C65 
 632      00
 633              	.LASF17:
 634 00c4 4359424C 		.ascii	"CYBLE_EVT_HCI_STATUS\000"
 634      455F4556 
 634      545F4843 
 634      495F5354 
 634      41545553 
 635              	.LASF81:
 636 00d9 4379426C 		.ascii	"CyBle_CustomInit\000"
 636      655F4375 
 636      73746F6D 
 636      496E6974 
 636      00
 637              	.LASF14:
 638 00ea 4359424C 		.ascii	"CYBLE_EVT_STACK_ON\000"
 638      455F4556 
 638      545F5354 
 638      41434B5F 
 638      4F4E00
 639              	.LASF35:
 640 00fd 4359424C 		.ascii	"CYBLE_EVT_GATTS_XCNHG_MTU_REQ\000"
 640      455F4556 
 640      545F4741 
 640      5454535F 
 640      58434E48 
 641              	.LASF70:
 642 011b 75696E74 		.ascii	"uint16\000"
 642      313600
 643              	.LASF73:
 644 0122 63757374 		.ascii	"customServCharDesc\000"
ARM GAS  C:\Users\Ellis\AppData\Local\Temp\cc3eBq7L.s 			page 16


 644      6F6D5365 
 644      72764368 
 644      61724465 
 644      736300
 645              	.LASF43:
 646 0135 4359424C 		.ascii	"CYBLE_EVT_GATTC_READ_MULTI_RSP\000"
 646      455F4556 
 646      545F4741 
 646      5454435F 
 646      52454144 
 647              	.LASF52:
 648 0154 4359424C 		.ascii	"CYBLE_EVT_GATTS_HANDLE_VALUE_CNF\000"
 648      455F4556 
 648      545F4741 
 648      5454535F 
 648      48414E44 
 649              	.LASF13:
 650 0175 4359424C 		.ascii	"CYBLE_EVT_HOST_INVALID\000"
 650      455F4556 
 650      545F484F 
 650      53545F49 
 650      4E56414C 
 651              	.LASF59:
 652 018c 4359424C 		.ascii	"CYBLE_EVT_L2CAP_CBFC_CONN_IND\000"
 652      455F4556 
 652      545F4C32 
 652      4341505F 
 652      43424643 
 653              	.LASF62:
 654 01aa 4359424C 		.ascii	"CYBLE_EVT_L2CAP_CBFC_DISCONN_CNF\000"
 654      455F4556 
 654      545F4C32 
 654      4341505F 
 654      43424643 
 655              	.LASF9:
 656 01cb 666C6F61 		.ascii	"float\000"
 656      7400
 657              	.LASF41:
 658 01d1 4359424C 		.ascii	"CYBLE_EVT_GATTC_READ_RSP\000"
 658      455F4556 
 658      545F4741 
 658      5454435F 
 658      52454144 
 659              	.LASF45:
 660 01ea 4359424C 		.ascii	"CYBLE_EVT_GATTC_WRITE_RSP\000"
 660      455F4556 
 660      545F4741 
 660      5454435F 
 660      57524954 
 661              	.LASF6:
 662 0204 6C6F6E67 		.ascii	"long long int\000"
 662      206C6F6E 
 662      6720696E 
 662      7400
 663              	.LASF7:
 664 0212 6C6F6E67 		.ascii	"long long unsigned int\000"
 664      206C6F6E 
ARM GAS  C:\Users\Ellis\AppData\Local\Temp\cc3eBq7L.s 			page 17


 664      6720756E 
 664      7369676E 
 664      65642069 
 665              	.LASF74:
 666 0229 4359424C 		.ascii	"CYBLE_CUSTOMS_INFO_T\000"
 666      455F4355 
 666      53544F4D 
 666      535F494E 
 666      464F5F54 
 667              	.LASF4:
 668 023e 6C6F6E67 		.ascii	"long int\000"
 668      20696E74 
 668      00
 669              	.LASF51:
 670 0247 4359424C 		.ascii	"CYBLE_EVT_GATTC_HANDLE_VALUE_IND\000"
 670      455F4556 
 670      545F4741 
 670      5454435F 
 670      48414E44 
 671              	.LASF26:
 672 0268 4359424C 		.ascii	"CYBLE_EVT_GAP_DEVICE_CONNECTED\000"
 672      455F4556 
 672      545F4741 
 672      505F4445 
 672      56494345 
 673              	.LASF25:
 674 0287 4359424C 		.ascii	"CYBLE_EVT_GAPP_ADVERTISEMENT_START_STOP\000"
 674      455F4556 
 674      545F4741 
 674      50505F41 
 674      44564552 
 675              	.LASF50:
 676 02af 4359424C 		.ascii	"CYBLE_EVT_GATTC_HANDLE_VALUE_NTF\000"
 676      455F4556 
 676      545F4741 
 676      5454435F 
 676      48414E44 
 677              	.LASF18:
 678 02d0 4359424C 		.ascii	"CYBLE_EVT_STACK_BUSY_STATUS\000"
 678      455F4556 
 678      545F5354 
 678      41434B5F 
 678      42555359 
 679              	.LASF22:
 680 02ec 4359424C 		.ascii	"CYBLE_EVT_GAP_PASSKEY_DISPLAY_REQUEST\000"
 680      455F4556 
 680      545F4741 
 680      505F5041 
 680      53534B45 
 681              	.LASF77:
 682 0312 4359424C 		.ascii	"CYBLE_CUSTOMS_T\000"
 682      455F4355 
 682      53544F4D 
 682      535F5400 
 683              	.LASF60:
 684 0322 4359424C 		.ascii	"CYBLE_EVT_L2CAP_CBFC_CONN_CNF\000"
 684      455F4556 
ARM GAS  C:\Users\Ellis\AppData\Local\Temp\cc3eBq7L.s 			page 18


 684      545F4C32 
 684      4341505F 
 684      43424643 
 685              	.LASF69:
 686 0340 4359424C 		.ascii	"CYBLE_EVT_MAX\000"
 686      455F4556 
 686      545F4D41 
 686      5800
 687              	.LASF56:
 688 034e 4359424C 		.ascii	"CYBLE_EVT_L2CAP_CONN_PARAM_UPDATE_REQ\000"
 688      455F4556 
 688      545F4C32 
 688      4341505F 
 688      434F4E4E 
 689              	.LASF1:
 690 0374 756E7369 		.ascii	"unsigned char\000"
 690      676E6564 
 690      20636861 
 690      7200
 691              	.LASF76:
 692 0382 63757374 		.ascii	"customServInfo\000"
 692      6F6D5365 
 692      7276496E 
 692      666F00
 693              	.LASF47:
 694 0391 4359424C 		.ascii	"CYBLE_EVT_GATTS_PREP_WRITE_REQ\000"
 694      455F4556 
 694      545F4741 
 694      5454535F 
 694      50524550 
 695              	.LASF68:
 696 03b0 4359424C 		.ascii	"CYBLE_EVT_LE_PING_AUTH_TIMEOUT\000"
 696      455F4556 
 696      545F4C45 
 696      5F50494E 
 696      475F4155 
 697              	.LASF39:
 698 03cf 4359424C 		.ascii	"CYBLE_EVT_GATTC_FIND_INFO_RSP\000"
 698      455F4556 
 698      545F4741 
 698      5454435F 
 698      46494E44 
 699              	.LASF0:
 700 03ed 7369676E 		.ascii	"signed char\000"
 700      65642063 
 700      68617200 
 701              	.LASF44:
 702 03f9 4359424C 		.ascii	"CYBLE_EVT_GATTS_WRITE_REQ\000"
 702      455F4556 
 702      545F4741 
 702      5454535F 
 702      57524954 
 703              	.LASF40:
 704 0413 4359424C 		.ascii	"CYBLE_EVT_GATTC_FIND_BY_TYPE_VALUE_RSP\000"
 704      455F4556 
 704      545F4741 
 704      5454435F 
ARM GAS  C:\Users\Ellis\AppData\Local\Temp\cc3eBq7L.s 			page 19


 704      46494E44 
 705              	.LASF23:
 706 043a 4359424C 		.ascii	"CYBLE_EVT_GAP_AUTH_COMPLETE\000"
 706      455F4556 
 706      545F4741 
 706      505F4155 
 706      54485F43 
 707              	.LASF8:
 708 0456 756E7369 		.ascii	"unsigned int\000"
 708      676E6564 
 708      20696E74 
 708      00
 709              	.LASF33:
 710 0463 4359424C 		.ascii	"CYBLE_EVT_GATT_CONNECT_IND\000"
 710      455F4556 
 710      545F4741 
 710      54545F43 
 710      4F4E4E45 
 711              	.LASF5:
 712 047e 6C6F6E67 		.ascii	"long unsigned int\000"
 712      20756E73 
 712      69676E65 
 712      6420696E 
 712      7400
 713              	.LASF20:
 714 0490 4359424C 		.ascii	"CYBLE_EVT_GAP_AUTH_REQ\000"
 714      455F4556 
 714      545F4741 
 714      505F4155 
 714      54485F52 
 715              	.LASF61:
 716 04a7 4359424C 		.ascii	"CYBLE_EVT_L2CAP_CBFC_DISCONN_IND\000"
 716      455F4556 
 716      545F4C32 
 716      4341505F 
 716      43424643 
 717              	.LASF28:
 718 04c8 4359424C 		.ascii	"CYBLE_EVT_GAP_ENCRYPT_CHANGE\000"
 718      455F4556 
 718      545F4741 
 718      505F454E 
 718      43525950 
 719              	.LASF31:
 720 04e5 4359424C 		.ascii	"CYBLE_EVT_GAP_KEYINFO_EXCHNGE_CMPLT\000"
 720      455F4556 
 720      545F4741 
 720      505F4B45 
 720      59494E46 
 721              	.LASF29:
 722 0509 4359424C 		.ascii	"CYBLE_EVT_GAP_CONNECTION_UPDATE_COMPLETE\000"
 722      455F4556 
 722      545F4741 
 722      505F434F 
 722      4E4E4543 
 723              	.LASF11:
 724 0532 63686172 		.ascii	"char\000"
 724      00
ARM GAS  C:\Users\Ellis\AppData\Local\Temp\cc3eBq7L.s 			page 20


 725              	.LASF58:
 726 0537 4359424C 		.ascii	"CYBLE_EVT_L2CAP_COMMAND_REJ\000"
 726      455F4556 
 726      545F4C32 
 726      4341505F 
 726      434F4D4D 
 727              	.LASF3:
 728 0553 73686F72 		.ascii	"short unsigned int\000"
 728      7420756E 
 728      7369676E 
 728      65642069 
 728      6E7400
 729              	.LASF42:
 730 0566 4359424C 		.ascii	"CYBLE_EVT_GATTC_READ_BLOB_RSP\000"
 730      455F4556 
 730      545F4741 
 730      5454435F 
 730      52454144 
 731              	.LASF49:
 732 0584 4359424C 		.ascii	"CYBLE_EVT_GATTC_EXEC_WRITE_RSP\000"
 732      455F4556 
 732      545F4741 
 732      5454435F 
 732      45584543 
 733              	.LASF30:
 734 05a3 4359424C 		.ascii	"CYBLE_EVT_GAPC_SCAN_START_STOP\000"
 734      455F4556 
 734      545F4741 
 734      50435F53 
 734      43414E5F 
 735              	.LASF67:
 736 05c2 4359424C 		.ascii	"CYBLE_EVT_PENDING_FLASH_WRITE\000"
 736      455F4556 
 736      545F5045 
 736      4E44494E 
 736      475F464C 
 737              	.LASF64:
 738 05e0 4359424C 		.ascii	"CYBLE_EVT_L2CAP_CBFC_RX_CREDIT_IND\000"
 738      455F4556 
 738      545F4C32 
 738      4341505F 
 738      43424643 
 739              	.LASF10:
 740 0603 646F7562 		.ascii	"double\000"
 740      6C6500
 741              	.LASF65:
 742 060a 4359424C 		.ascii	"CYBLE_EVT_L2CAP_CBFC_TX_CREDIT_IND\000"
 742      455F4556 
 742      545F4C32 
 742      4341505F 
 742      43424643 
 743              	.LASF72:
 744 062d 63757374 		.ascii	"customServCharHandle\000"
 744      6F6D5365 
 744      72764368 
 744      61724861 
 744      6E646C65 
ARM GAS  C:\Users\Ellis\AppData\Local\Temp\cc3eBq7L.s 			page 21


 745              	.LASF16:
 746 0642 4359424C 		.ascii	"CYBLE_EVT_HARDWARE_ERROR\000"
 746      455F4556 
 746      545F4841 
 746      52445741 
 746      52455F45 
 747              	.LASF63:
 748 065b 4359424C 		.ascii	"CYBLE_EVT_L2CAP_CBFC_DATA_READ\000"
 748      455F4556 
 748      545F4C32 
 748      4341505F 
 748      43424643 
 749              	.LASF57:
 750 067a 4359424C 		.ascii	"CYBLE_EVT_L2CAP_CONN_PARAM_UPDATE_RSP\000"
 750      455F4556 
 750      545F4C32 
 750      4341505F 
 750      434F4E4E 
 751              	.LASF19:
 752 06a0 4359424C 		.ascii	"CYBLE_EVT_GAPC_SCAN_PROGRESS_RESULT\000"
 752      455F4556 
 752      545F4741 
 752      50435F53 
 752      43414E5F 
 753              	.LASF37:
 754 06c4 4359424C 		.ascii	"CYBLE_EVT_GATTC_READ_BY_GROUP_TYPE_RSP\000"
 754      455F4556 
 754      545F4741 
 754      5454435F 
 754      52454144 
 755              	.LASF46:
 756 06eb 4359424C 		.ascii	"CYBLE_EVT_GATTS_WRITE_CMD_REQ\000"
 756      455F4556 
 756      545F4741 
 756      5454535F 
 756      57524954 
 757              	.LASF38:
 758 0709 4359424C 		.ascii	"CYBLE_EVT_GATTC_READ_BY_TYPE_RSP\000"
 758      455F4556 
 758      545F4741 
 758      5454435F 
 758      52454144 
 759              	.LASF36:
 760 072a 4359424C 		.ascii	"CYBLE_EVT_GATTC_XCHNG_MTU_RSP\000"
 760      455F4556 
 760      545F4741 
 760      5454435F 
 760      5843484E 
 761              	.LASF80:
 762 0748 433A5C55 		.ascii	"C:\\Users\\Ellis\\Downloads\\PSoC_Creator\\capsense"
 762      73657273 
 762      5C456C6C 
 762      69735C44 
 762      6F776E6C 
 763 0776 6C65645C 		.ascii	"led\\capsenseled.cydsn\000"
 763      63617073 
 763      656E7365 
ARM GAS  C:\Users\Ellis\AppData\Local\Temp\cc3eBq7L.s 			page 22


 763      6C65642E 
 763      63796473 
 764              	.LASF66:
 765 078c 4359424C 		.ascii	"CYBLE_EVT_L2CAP_CBFC_DATA_WRITE_IND\000"
 765      455F4556 
 765      545F4C32 
 765      4341505F 
 765      43424643 
 766              	.LASF15:
 767 07b0 4359424C 		.ascii	"CYBLE_EVT_TIMEOUT\000"
 767      455F4556 
 767      545F5449 
 767      4D454F55 
 767      5400
 768              	.LASF55:
 769 07c2 4359424C 		.ascii	"CYBLE_EVT_GATTS_READ_CHAR_VAL_ACCESS_REQ\000"
 769      455F4556 
 769      545F4741 
 769      5454535F 
 769      52454144 
 770              	.LASF54:
 771 07eb 4359424C 		.ascii	"CYBLE_EVT_GATTC_STOP_CMD_COMPLETE\000"
 771      455F4556 
 771      545F4741 
 771      5454435F 
 771      53544F50 
 772              	.LASF78:
 773 080d 474E5520 		.ascii	"GNU C 4.9.3 20150303 (release) [ARM/embedded-4_9-br"
 773      4320342E 
 773      392E3320 
 773      32303135 
 773      30333033 
 774 0840 616E6368 		.ascii	"anch revision 221220] -mcpu=cortex-m0 -mthumb -g -O"
 774      20726576 
 774      6973696F 
 774      6E203232 
 774      31323230 
 775 0873 67202D66 		.ascii	"g -ffunction-sections -ffat-lto-objects\000"
 775      66756E63 
 775      74696F6E 
 775      2D736563 
 775      74696F6E 
 776              	.LASF48:
 777 089b 4359424C 		.ascii	"CYBLE_EVT_GATTS_EXEC_WRITE_REQ\000"
 777      455F4556 
 777      545F4741 
 777      5454535F 
 777      45584543 
 778              	.LASF71:
 779 08ba 4359424C 		.ascii	"CYBLE_GATT_DB_ATTR_HANDLE_T\000"
 779      455F4741 
 779      54545F44 
 779      425F4154 
 779      54525F48 
 780              	.LASF82:
 781 08d6 6379426C 		.ascii	"cyBle_customs\000"
 781      655F6375 
ARM GAS  C:\Users\Ellis\AppData\Local\Temp\cc3eBq7L.s 			page 23


 781      73746F6D 
 781      7300
 782              	.LASF53:
 783 08e4 4359424C 		.ascii	"CYBLE_EVT_GATTS_DATA_SIGNED_CMD_REQ\000"
 783      455F4556 
 783      545F4741 
 783      5454535F 
 783      44415441 
 784              	.LASF34:
 785 0908 4359424C 		.ascii	"CYBLE_EVT_GATT_DISCONNECT_IND\000"
 785      455F4556 
 785      545F4741 
 785      54545F44 
 785      4953434F 
 786              		.ident	"GCC: (GNU Tools for ARM Embedded Processors) 4.9.3 20150303 (release) [ARM/embedded-4_9-br
