ARM GAS  C:\Users\Nick\AppData\Local\Temp\ccBVIL7L.s 			page 1


   1              		.cpu cortex-m0
   2              		.fpu softvfp
   3              		.eabi_attribute 20, 1
   4              		.eabi_attribute 21, 1
   5              		.eabi_attribute 23, 3
   6              		.eabi_attribute 24, 1
   7              		.eabi_attribute 25, 1
   8              		.eabi_attribute 26, 1
   9              		.eabi_attribute 30, 1
  10              		.eabi_attribute 34, 0
  11              		.eabi_attribute 18, 4
  12              		.code	16
  13              		.file	"debug.c"
  14              		.text
  15              	.Ltext0:
  16              		.cfi_sections	.debug_frame
  17              		.section	.text._write,"ax",%progbits
  18              		.align	2
  19              		.global	_write
  20              		.code	16
  21              		.thumb_func
  22              		.type	_write, %function
  23              	_write:
  24              	.LFB35:
  25              		.file 1 "debug.c"
   1:debug.c       **** /*******************************************************************************
   2:debug.c       **** * File Name: Debug.c
   3:debug.c       **** *
   4:debug.c       **** * Version: 1.30
   5:debug.c       **** *
   6:debug.c       **** * Description:
   7:debug.c       **** *  This file contains functions for printf functionality.
   8:debug.c       **** *
   9:debug.c       **** * Hardware Dependency:
  10:debug.c       **** *  CY8CKIT-042 BLE
  11:debug.c       **** *
  12:debug.c       **** ********************************************************************************
  13:debug.c       **** * Copyright 2014-2015, Cypress Semiconductor Corporation.  All rights reserved.
  14:debug.c       **** * This software is owned by Cypress Semiconductor Corporation and is protected
  15:debug.c       **** * by and subject to worldwide patent and copyright laws and treaties.
  16:debug.c       **** * Therefore, you may use this software only as provided in the license agreement
  17:debug.c       **** * accompanying the software package from which you obtained this software.
  18:debug.c       **** * CYPRESS AND ITS SUPPLIERS MAKE NO WARRANTY OF ANY KIND, EXPRESS OR IMPLIED,
  19:debug.c       **** * WITH REGARD TO THIS SOFTWARE, INCLUDING, BUT NOT LIMITED TO, NONINFRINGEMENT,
  20:debug.c       **** * IMPLIED WARRANTIES OF MERCHANTABILITY AND FITNESS FOR A PARTICULAR PURPOSE.
  21:debug.c       **** *******************************************************************************/
  22:debug.c       **** 
  23:debug.c       **** #include "project.h"
  24:debug.c       **** #include "common.h"
  25:debug.c       **** 
  26:debug.c       **** #if defined(__ARMCC_VERSION)
  27:debug.c       ****     
  28:debug.c       **** /* For MDK/RVDS compiler revise fputc function for printf functionality */
  29:debug.c       **** struct __FILE 
  30:debug.c       **** {
  31:debug.c       ****     int handle;  
  32:debug.c       **** };
ARM GAS  C:\Users\Nick\AppData\Local\Temp\ccBVIL7L.s 			page 2


  33:debug.c       **** 
  34:debug.c       **** enum 
  35:debug.c       **** {
  36:debug.c       ****     STDIN_HANDLE,
  37:debug.c       ****     STDOUT_HANDLE,
  38:debug.c       ****     STDERR_HANDLE
  39:debug.c       **** };
  40:debug.c       **** 
  41:debug.c       **** FILE __stdin = {STDIN_HANDLE};
  42:debug.c       **** FILE __stdout = {STDOUT_HANDLE};
  43:debug.c       **** FILE __stderr = {STDERR_HANDLE};
  44:debug.c       **** 
  45:debug.c       **** int fputc(int ch, FILE *file) 
  46:debug.c       **** {
  47:debug.c       ****     int ret = EOF;
  48:debug.c       **** 
  49:debug.c       ****     switch( file->handle )
  50:debug.c       ****     {
  51:debug.c       ****         case STDOUT_HANDLE:
  52:debug.c       ****             UART_PutChar(ch);
  53:debug.c       ****             ret = ch ;
  54:debug.c       ****             break ;
  55:debug.c       **** 
  56:debug.c       ****         case STDERR_HANDLE:
  57:debug.c       ****             ret = ch ;
  58:debug.c       ****             break ;
  59:debug.c       **** 
  60:debug.c       ****         default:
  61:debug.c       ****             file = file;
  62:debug.c       ****             break ;
  63:debug.c       ****     }
  64:debug.c       ****     return ret ;
  65:debug.c       **** }
  66:debug.c       **** 
  67:debug.c       **** #elif defined (__ICCARM__)      /* IAR */
  68:debug.c       **** 
  69:debug.c       **** /* For IAR compiler revise __write() function for printf functionality */
  70:debug.c       **** size_t __write(int handle, const unsigned char * buffer, size_t size)
  71:debug.c       **** {
  72:debug.c       ****     size_t nChars = 0;
  73:debug.c       **** 
  74:debug.c       ****     if (buffer == 0)
  75:debug.c       ****     {
  76:debug.c       ****         /*
  77:debug.c       ****          * This means that we should flush internal buffers.  Since we
  78:debug.c       ****          * don't we just return.  (Remember, "handle" == -1 means that all
  79:debug.c       ****          * handles should be flushed.)
  80:debug.c       ****          */
  81:debug.c       ****         return (0);
  82:debug.c       ****     }
  83:debug.c       **** 
  84:debug.c       ****     for (/* Empty */; size != 0; --size)
  85:debug.c       ****     {
  86:debug.c       ****         UART_PutChar(*buffer++);
  87:debug.c       ****         ++nChars;
  88:debug.c       ****     }
  89:debug.c       **** 
ARM GAS  C:\Users\Nick\AppData\Local\Temp\ccBVIL7L.s 			page 3


  90:debug.c       ****     return (nChars);
  91:debug.c       **** }
  92:debug.c       **** 
  93:debug.c       **** #else  /* (__GNUC__)  GCC */
  94:debug.c       **** 
  95:debug.c       **** /* For GCC compiler revise _write() function for printf functionality */
  96:debug.c       **** int _write(int file, char *ptr, int len)
  97:debug.c       **** {
  26              		.loc 1 97 0
  27              		.cfi_startproc
  28              	.LVL0:
  29 0000 70B5     		push	{r4, r5, r6, lr}
  30              		.cfi_def_cfa_offset 16
  31              		.cfi_offset 4, -16
  32              		.cfi_offset 5, -12
  33              		.cfi_offset 6, -8
  34              		.cfi_offset 14, -4
  35 0002 161C     		mov	r6, r2
  36              	.LVL1:
  98:debug.c       ****     int i;
  99:debug.c       ****     file = file;
 100:debug.c       ****     for (i = 0; i < len; i++)
  37              		.loc 1 100 0
  38 0004 0024     		mov	r4, #0
  39 0006 05E0     		b	.L2
  40              	.LVL2:
  41              	.L3:
 101:debug.c       ****     {
 102:debug.c       ****         UART_PutChar(*ptr++);
  42              		.loc 1 102 0 discriminator 3
  43 0008 4D1C     		add	r5, r1, #1
  44              	.LVL3:
  45 000a 0878     		ldrb	r0, [r1]
  46 000c FFF7FEFF 		bl	UART_PutChar
  47              	.LVL4:
 100:debug.c       ****     {
  48              		.loc 1 100 0 discriminator 3
  49 0010 0134     		add	r4, r4, #1
  50              	.LVL5:
  51              		.loc 1 102 0 discriminator 3
  52 0012 291C     		mov	r1, r5
  53              	.LVL6:
  54              	.L2:
 100:debug.c       ****     {
  55              		.loc 1 100 0 discriminator 1
  56 0014 B442     		cmp	r4, r6
  57 0016 F7DB     		blt	.L3
 103:debug.c       ****     }
 104:debug.c       ****     return len;
 105:debug.c       **** }
  58              		.loc 1 105 0
  59 0018 301C     		mov	r0, r6
  60              		@ sp needed
  61              	.LVL7:
  62              	.LVL8:
  63 001a 70BD     		pop	{r4, r5, r6, pc}
  64              		.cfi_endproc
ARM GAS  C:\Users\Nick\AppData\Local\Temp\ccBVIL7L.s 			page 4


  65              	.LFE35:
  66              		.size	_write, .-_write
  67              		.section	.text.ShowValue,"ax",%progbits
  68              		.align	2
  69              		.global	ShowValue
  70              		.code	16
  71              		.thumb_func
  72              		.type	ShowValue, %function
  73              	ShowValue:
  74              	.LFB36:
 106:debug.c       **** 
 107:debug.c       **** 
 108:debug.c       **** #endif  /* (__ARMCC_VERSION) */   
 109:debug.c       **** 
 110:debug.c       **** void ShowValue(CYBLE_GATT_VALUE_T *value)
 111:debug.c       **** {
  75              		.loc 1 111 0
  76              		.cfi_startproc
  77              	.LVL9:
  78 0000 38B5     		push	{r3, r4, r5, lr}
  79              		.cfi_def_cfa_offset 16
  80              		.cfi_offset 3, -16
  81              		.cfi_offset 4, -12
  82              		.cfi_offset 5, -8
  83              		.cfi_offset 14, -4
  84 0002 051C     		mov	r5, r0
  85              	.LVL10:
 112:debug.c       ****     int16 i;
 113:debug.c       ****     
 114:debug.c       ****     for(i = 0; i < value->len; i++)
  86              		.loc 1 114 0
  87 0004 0024     		mov	r4, #0
  88 0006 07E0     		b	.L5
  89              	.LVL11:
  90              	.L6:
 115:debug.c       ****     {
 116:debug.c       ****         DBG_PRINTF("%2.2x ", value->val[i]);
  91              		.loc 1 116 0 discriminator 3
  92 0008 23B2     		sxth	r3, r4
  93 000a 2A68     		ldr	r2, [r5]
  94 000c D15C     		ldrb	r1, [r2, r3]
  95 000e 0648     		ldr	r0, .L7
  96 0010 FFF7FEFF 		bl	printf
  97              	.LVL12:
 114:debug.c       ****     {
  98              		.loc 1 114 0 discriminator 3
  99 0014 0134     		add	r4, r4, #1
 100              	.LVL13:
 101 0016 A4B2     		uxth	r4, r4
 102              	.LVL14:
 103              	.L5:
 114:debug.c       ****     {
 104              		.loc 1 114 0 is_stmt 0 discriminator 1
 105 0018 23B2     		sxth	r3, r4
 106 001a AA88     		ldrh	r2, [r5, #4]
 107 001c 9342     		cmp	r3, r2
 108 001e F3DB     		blt	.L6
ARM GAS  C:\Users\Nick\AppData\Local\Temp\ccBVIL7L.s 			page 5


 117:debug.c       ****     }
 118:debug.c       ****     DBG_PRINTF("\r\n");
 109              		.loc 1 118 0 is_stmt 1
 110 0020 0248     		ldr	r0, .L7+4
 111 0022 FFF7FEFF 		bl	puts
 112              	.LVL15:
 119:debug.c       **** }
 113              		.loc 1 119 0
 114              		@ sp needed
 115              	.LVL16:
 116              	.LVL17:
 117 0026 38BD     		pop	{r3, r4, r5, pc}
 118              	.L8:
 119              		.align	2
 120              	.L7:
 121 0028 00000000 		.word	.LC0
 122 002c 08000000 		.word	.LC2
 123              		.cfi_endproc
 124              	.LFE36:
 125              		.size	ShowValue, .-ShowValue
 126              		.section	.text.Set32ByPtr,"ax",%progbits
 127              		.align	2
 128              		.global	Set32ByPtr
 129              		.code	16
 130              		.thumb_func
 131              		.type	Set32ByPtr, %function
 132              	Set32ByPtr:
 133              	.LFB37:
 120:debug.c       **** 
 121:debug.c       **** 
 122:debug.c       **** void Set32ByPtr(uint8 ptr[], uint32 value)
 123:debug.c       **** {
 134              		.loc 1 123 0
 135              		.cfi_startproc
 136              	.LVL18:
 124:debug.c       ****     ptr[0u] = (uint8) value;
 137              		.loc 1 124 0
 138 0000 0170     		strb	r1, [r0]
 125:debug.c       ****     ptr[1u] = (uint8) (value >> 8u);    
 139              		.loc 1 125 0
 140 0002 0B0A     		lsr	r3, r1, #8
 141 0004 4370     		strb	r3, [r0, #1]
 126:debug.c       ****     ptr[2u] = (uint8) (value >> 16u);    
 142              		.loc 1 126 0
 143 0006 0B0C     		lsr	r3, r1, #16
 144 0008 8370     		strb	r3, [r0, #2]
 127:debug.c       ****     ptr[3u] = (uint8) (value >> 24u);
 145              		.loc 1 127 0
 146 000a 090E     		lsr	r1, r1, #24
 147              	.LVL19:
 148 000c C170     		strb	r1, [r0, #3]
 128:debug.c       **** }
 149              		.loc 1 128 0
 150              		@ sp needed
 151 000e 7047     		bx	lr
 152              		.cfi_endproc
 153              	.LFE37:
ARM GAS  C:\Users\Nick\AppData\Local\Temp\ccBVIL7L.s 			page 6


 154              		.size	Set32ByPtr, .-Set32ByPtr
 155              		.section	.text.ShowError,"ax",%progbits
 156              		.align	2
 157              		.global	ShowError
 158              		.code	16
 159              		.thumb_func
 160              		.type	ShowError, %function
 161              	ShowError:
 162              	.LFB38:
 129:debug.c       **** 
 130:debug.c       **** 
 131:debug.c       **** /*******************************************************************************
 132:debug.c       **** * Function Name: ShowError()
 133:debug.c       **** ********************************************************************************
 134:debug.c       **** *
 135:debug.c       **** * Summary:
 136:debug.c       **** *   Shows error condition: Turn On all leds - white colour will indicate error.
 137:debug.c       **** *
 138:debug.c       **** *******************************************************************************/
 139:debug.c       **** void ShowError(void)
 140:debug.c       **** {
 163              		.loc 1 140 0
 164              		.cfi_startproc
 165 0000 08B5     		push	{r3, lr}
 166              		.cfi_def_cfa_offset 8
 167              		.cfi_offset 3, -8
 168              		.cfi_offset 14, -4
 141:debug.c       ****     Disconnect_LED_Write(LED_ON);
 169              		.loc 1 141 0
 170 0002 0020     		mov	r0, #0
 171 0004 FFF7FEFF 		bl	Advertising_LED_2_Write
 172              	.LVL20:
 142:debug.c       ****     Advertising_LED_Write(LED_ON);
 173              		.loc 1 142 0
 174 0008 0020     		mov	r0, #0
 175 000a FFF7FEFF 		bl	Advertising_LED_1_Write
 176              	.LVL21:
 143:debug.c       ****     CapsLock_LED_Write(LED_ON);
 177              		.loc 1 143 0
 178 000e 0020     		mov	r0, #0
 179 0010 FFF7FEFF 		bl	Bootloading_LED_Write
 180              	.LVL22:
 144:debug.c       ****     /* Halt CPU in Debug mode */
 145:debug.c       ****     CYASSERT(0u != 0u);
 181              		.loc 1 145 0
 182 0014 0020     		mov	r0, #0
 183 0016 FFF7FEFF 		bl	CyHalt
 184              	.LVL23:
 146:debug.c       **** }
 185              		.loc 1 146 0
 186              		@ sp needed
 187 001a 08BD     		pop	{r3, pc}
 188              		.cfi_endproc
 189              	.LFE38:
 190              		.size	ShowError, .-ShowError
 191              		.section	.rodata.str1.4,"aMS",%progbits,1
 192              		.align	2
ARM GAS  C:\Users\Nick\AppData\Local\Temp\ccBVIL7L.s 			page 7


 193              	.LC0:
 194 0000 25322E32 		.ascii	"%2.2x \000"
 194      782000
 195 0007 00       		.space	1
 196              	.LC2:
 197 0008 0D00     		.ascii	"\015\000"
 198 000a 0000     		.text
 199              	.Letext0:
 200              		.file 2 "Generated_Source\\PSoC4/cytypes.h"
 201              		.file 3 "OTAMandatory.h"
 202              		.file 4 "Generated_Source\\PSoC4/UART.h"
 203              		.file 5 "c:\\program files (x86)\\cypress\\psoc creator\\4.0\\psoc creator\\import\\gnu\\arm\\4.9.
 204              		.file 6 "<built-in>"
 205              		.file 7 "Generated_Source\\PSoC4/CyLib.h"
 206              		.section	.debug_info,"",%progbits
 207              	.Ldebug_info0:
 208 0000 D1020000 		.4byte	0x2d1
 209 0004 0400     		.2byte	0x4
 210 0006 00000000 		.4byte	.Ldebug_abbrev0
 211 000a 04       		.byte	0x4
 212 000b 01       		.uleb128 0x1
 213 000c 72010000 		.4byte	.LASF28
 214 0010 01       		.byte	0x1
 215 0011 CE000000 		.4byte	.LASF29
 216 0015 06000000 		.4byte	.LASF30
 217 0019 00000000 		.4byte	.Ldebug_ranges0+0
 218 001d 00000000 		.4byte	0
 219 0021 00000000 		.4byte	.Ldebug_line0
 220 0025 02       		.uleb128 0x2
 221 0026 01       		.byte	0x1
 222 0027 06       		.byte	0x6
 223 0028 3D020000 		.4byte	.LASF0
 224 002c 02       		.uleb128 0x2
 225 002d 01       		.byte	0x1
 226 002e 08       		.byte	0x8
 227 002f 90000000 		.4byte	.LASF1
 228 0033 02       		.uleb128 0x2
 229 0034 02       		.byte	0x2
 230 0035 05       		.byte	0x5
 231 0036 15020000 		.4byte	.LASF2
 232 003a 02       		.uleb128 0x2
 233 003b 02       		.byte	0x2
 234 003c 07       		.byte	0x7
 235 003d 56000000 		.4byte	.LASF3
 236 0041 02       		.uleb128 0x2
 237 0042 04       		.byte	0x4
 238 0043 05       		.byte	0x5
 239 0044 25020000 		.4byte	.LASF4
 240 0048 02       		.uleb128 0x2
 241 0049 04       		.byte	0x4
 242 004a 07       		.byte	0x7
 243 004b A4000000 		.4byte	.LASF5
 244 004f 02       		.uleb128 0x2
 245 0050 08       		.byte	0x8
 246 0051 05       		.byte	0x5
 247 0052 00020000 		.4byte	.LASF6
 248 0056 02       		.uleb128 0x2
ARM GAS  C:\Users\Nick\AppData\Local\Temp\ccBVIL7L.s 			page 8


 249 0057 08       		.byte	0x8
 250 0058 07       		.byte	0x7
 251 0059 35010000 		.4byte	.LASF7
 252 005d 03       		.uleb128 0x3
 253 005e 04       		.byte	0x4
 254 005f 05       		.byte	0x5
 255 0060 696E7400 		.ascii	"int\000"
 256 0064 02       		.uleb128 0x2
 257 0065 04       		.byte	0x4
 258 0066 07       		.byte	0x7
 259 0067 16010000 		.4byte	.LASF8
 260 006b 04       		.uleb128 0x4
 261 006c 1F020000 		.4byte	.LASF9
 262 0070 02       		.byte	0x2
 263 0071 C2       		.byte	0xc2
 264 0072 2C000000 		.4byte	0x2c
 265 0076 04       		.uleb128 0x4
 266 0077 F5000000 		.4byte	.LASF10
 267 007b 02       		.byte	0x2
 268 007c C3       		.byte	0xc3
 269 007d 3A000000 		.4byte	0x3a
 270 0081 04       		.uleb128 0x4
 271 0082 FC000000 		.4byte	.LASF11
 272 0086 02       		.byte	0x2
 273 0087 C4       		.byte	0xc4
 274 0088 48000000 		.4byte	0x48
 275 008c 04       		.uleb128 0x4
 276 008d 9E000000 		.4byte	.LASF12
 277 0091 02       		.byte	0x2
 278 0092 C6       		.byte	0xc6
 279 0093 33000000 		.4byte	0x33
 280 0097 02       		.uleb128 0x2
 281 0098 04       		.byte	0x4
 282 0099 04       		.byte	0x4
 283 009a 85000000 		.4byte	.LASF13
 284 009e 02       		.uleb128 0x2
 285 009f 08       		.byte	0x8
 286 00a0 04       		.byte	0x4
 287 00a1 D6000000 		.4byte	.LASF14
 288 00a5 02       		.uleb128 0x2
 289 00a6 01       		.byte	0x1
 290 00a7 08       		.byte	0x8
 291 00a8 23010000 		.4byte	.LASF15
 292 00ac 02       		.uleb128 0x2
 293 00ad 04       		.byte	0x4
 294 00ae 07       		.byte	0x7
 295 00af 69010000 		.4byte	.LASF16
 296 00b3 05       		.uleb128 0x5
 297 00b4 04       		.byte	0x4
 298 00b5 A5000000 		.4byte	0xa5
 299 00b9 05       		.uleb128 0x5
 300 00ba 04       		.byte	0x4
 301 00bb BF000000 		.4byte	0xbf
 302 00bf 06       		.uleb128 0x6
 303 00c0 A5000000 		.4byte	0xa5
 304 00c4 07       		.uleb128 0x7
 305 00c5 08       		.byte	0x8
ARM GAS  C:\Users\Nick\AppData\Local\Temp\ccBVIL7L.s 			page 9


 306 00c6 03       		.byte	0x3
 307 00c7 18       		.byte	0x18
 308 00c8 F1000000 		.4byte	0xf1
 309 00cc 08       		.uleb128 0x8
 310 00cd 76616C00 		.ascii	"val\000"
 311 00d1 03       		.byte	0x3
 312 00d2 1B       		.byte	0x1b
 313 00d3 F1000000 		.4byte	0xf1
 314 00d7 00       		.byte	0
 315 00d8 08       		.uleb128 0x8
 316 00d9 6C656E00 		.ascii	"len\000"
 317 00dd 03       		.byte	0x3
 318 00de 1E       		.byte	0x1e
 319 00df 76000000 		.4byte	0x76
 320 00e3 04       		.byte	0x4
 321 00e4 09       		.uleb128 0x9
 322 00e5 49020000 		.4byte	.LASF17
 323 00e9 03       		.byte	0x3
 324 00ea 22       		.byte	0x22
 325 00eb 76000000 		.4byte	0x76
 326 00ef 06       		.byte	0x6
 327 00f0 00       		.byte	0
 328 00f1 05       		.uleb128 0x5
 329 00f2 04       		.byte	0x4
 330 00f3 6B000000 		.4byte	0x6b
 331 00f7 04       		.uleb128 0x4
 332 00f8 03010000 		.4byte	.LASF18
 333 00fc 03       		.byte	0x3
 334 00fd 24       		.byte	0x24
 335 00fe C4000000 		.4byte	0xc4
 336 0102 05       		.uleb128 0x5
 337 0103 04       		.byte	0x4
 338 0104 F7000000 		.4byte	0xf7
 339 0108 0A       		.uleb128 0xa
 340 0109 0E020000 		.4byte	.LASF31
 341 010d 01       		.byte	0x1
 342 010e 60       		.byte	0x60
 343 010f 5D000000 		.4byte	0x5d
 344 0113 00000000 		.4byte	.LFB35
 345 0117 1C000000 		.4byte	.LFE35-.LFB35
 346 011b 01       		.uleb128 0x1
 347 011c 9C       		.byte	0x9c
 348 011d 65010000 		.4byte	0x165
 349 0121 0B       		.uleb128 0xb
 350 0122 8B000000 		.4byte	.LASF19
 351 0126 01       		.byte	0x1
 352 0127 60       		.byte	0x60
 353 0128 5D000000 		.4byte	0x5d
 354 012c 00000000 		.4byte	.LLST0
 355 0130 0C       		.uleb128 0xc
 356 0131 70747200 		.ascii	"ptr\000"
 357 0135 01       		.byte	0x1
 358 0136 60       		.byte	0x60
 359 0137 B3000000 		.4byte	0xb3
 360 013b 21000000 		.4byte	.LLST1
 361 013f 0C       		.uleb128 0xc
 362 0140 6C656E00 		.ascii	"len\000"
ARM GAS  C:\Users\Nick\AppData\Local\Temp\ccBVIL7L.s 			page 10


 363 0144 01       		.byte	0x1
 364 0145 60       		.byte	0x60
 365 0146 5D000000 		.4byte	0x5d
 366 014a 4A000000 		.4byte	.LLST2
 367 014e 0D       		.uleb128 0xd
 368 014f 6900     		.ascii	"i\000"
 369 0151 01       		.byte	0x1
 370 0152 62       		.byte	0x62
 371 0153 5D000000 		.4byte	0x5d
 372 0157 73000000 		.4byte	.LLST3
 373 015b 0E       		.uleb128 0xe
 374 015c 10000000 		.4byte	.LVL4
 375 0160 51020000 		.4byte	0x251
 376 0164 00       		.byte	0
 377 0165 0F       		.uleb128 0xf
 378 0166 7B000000 		.4byte	.LASF21
 379 016a 01       		.byte	0x1
 380 016b 6E       		.byte	0x6e
 381 016c 00000000 		.4byte	.LFB36
 382 0170 30000000 		.4byte	.LFE36-.LFB36
 383 0174 01       		.uleb128 0x1
 384 0175 9C       		.byte	0x9c
 385 0176 C1010000 		.4byte	0x1c1
 386 017a 0B       		.uleb128 0xb
 387 017b 00000000 		.4byte	.LASF20
 388 017f 01       		.byte	0x1
 389 0180 6E       		.byte	0x6e
 390 0181 02010000 		.4byte	0x102
 391 0185 92000000 		.4byte	.LLST4
 392 0189 0D       		.uleb128 0xd
 393 018a 6900     		.ascii	"i\000"
 394 018c 01       		.byte	0x1
 395 018d 70       		.byte	0x70
 396 018e 8C000000 		.4byte	0x8c
 397 0192 BE000000 		.4byte	.LLST5
 398 0196 10       		.uleb128 0x10
 399 0197 14000000 		.4byte	.LVL12
 400 019b 62020000 		.4byte	0x262
 401 019f AD010000 		.4byte	0x1ad
 402 01a3 11       		.uleb128 0x11
 403 01a4 01       		.uleb128 0x1
 404 01a5 50       		.byte	0x50
 405 01a6 05       		.uleb128 0x5
 406 01a7 03       		.byte	0x3
 407 01a8 00000000 		.4byte	.LC0
 408 01ac 00       		.byte	0
 409 01ad 12       		.uleb128 0x12
 410 01ae 26000000 		.4byte	.LVL15
 411 01b2 78020000 		.4byte	0x278
 412 01b6 11       		.uleb128 0x11
 413 01b7 01       		.uleb128 0x1
 414 01b8 50       		.byte	0x50
 415 01b9 05       		.uleb128 0x5
 416 01ba 03       		.byte	0x3
 417 01bb 08000000 		.4byte	.LC2
 418 01bf 00       		.byte	0
 419 01c0 00       		.byte	0
ARM GAS  C:\Users\Nick\AppData\Local\Temp\ccBVIL7L.s 			page 11


 420 01c1 0F       		.uleb128 0xf
 421 01c2 69000000 		.4byte	.LASF22
 422 01c6 01       		.byte	0x1
 423 01c7 7A       		.byte	0x7a
 424 01c8 00000000 		.4byte	.LFB37
 425 01cc 10000000 		.4byte	.LFE37-.LFB37
 426 01d0 01       		.uleb128 0x1
 427 01d1 9C       		.byte	0x9c
 428 01d2 F3010000 		.4byte	0x1f3
 429 01d6 13       		.uleb128 0x13
 430 01d7 70747200 		.ascii	"ptr\000"
 431 01db 01       		.byte	0x1
 432 01dc 7A       		.byte	0x7a
 433 01dd F1000000 		.4byte	0xf1
 434 01e1 01       		.uleb128 0x1
 435 01e2 50       		.byte	0x50
 436 01e3 0B       		.uleb128 0xb
 437 01e4 00000000 		.4byte	.LASF20
 438 01e8 01       		.byte	0x1
 439 01e9 7A       		.byte	0x7a
 440 01ea 81000000 		.4byte	0x81
 441 01ee E8000000 		.4byte	.LLST6
 442 01f2 00       		.byte	0
 443 01f3 0F       		.uleb128 0xf
 444 01f4 2E020000 		.4byte	.LASF23
 445 01f8 01       		.byte	0x1
 446 01f9 8B       		.byte	0x8b
 447 01fa 00000000 		.4byte	.LFB38
 448 01fe 1C000000 		.4byte	.LFE38-.LFB38
 449 0202 01       		.uleb128 0x1
 450 0203 9C       		.byte	0x9c
 451 0204 51020000 		.4byte	0x251
 452 0208 10       		.uleb128 0x10
 453 0209 08000000 		.4byte	.LVL20
 454 020d 91020000 		.4byte	0x291
 455 0211 1B020000 		.4byte	0x21b
 456 0215 11       		.uleb128 0x11
 457 0216 01       		.uleb128 0x1
 458 0217 50       		.byte	0x50
 459 0218 01       		.uleb128 0x1
 460 0219 30       		.byte	0x30
 461 021a 00       		.byte	0
 462 021b 10       		.uleb128 0x10
 463 021c 0E000000 		.4byte	.LVL21
 464 0220 A3020000 		.4byte	0x2a3
 465 0224 2E020000 		.4byte	0x22e
 466 0228 11       		.uleb128 0x11
 467 0229 01       		.uleb128 0x1
 468 022a 50       		.byte	0x50
 469 022b 01       		.uleb128 0x1
 470 022c 30       		.byte	0x30
 471 022d 00       		.byte	0
 472 022e 10       		.uleb128 0x10
 473 022f 14000000 		.4byte	.LVL22
 474 0233 B5020000 		.4byte	0x2b5
 475 0237 41020000 		.4byte	0x241
 476 023b 11       		.uleb128 0x11
ARM GAS  C:\Users\Nick\AppData\Local\Temp\ccBVIL7L.s 			page 12


 477 023c 01       		.uleb128 0x1
 478 023d 50       		.byte	0x50
 479 023e 01       		.uleb128 0x1
 480 023f 30       		.byte	0x30
 481 0240 00       		.byte	0
 482 0241 12       		.uleb128 0x12
 483 0242 1A000000 		.4byte	.LVL23
 484 0246 C7020000 		.4byte	0x2c7
 485 024a 11       		.uleb128 0x11
 486 024b 01       		.uleb128 0x1
 487 024c 50       		.byte	0x50
 488 024d 01       		.uleb128 0x1
 489 024e 30       		.byte	0x30
 490 024f 00       		.byte	0
 491 0250 00       		.byte	0
 492 0251 14       		.uleb128 0x14
 493 0252 28010000 		.4byte	.LASF24
 494 0256 04       		.byte	0x4
 495 0257 25       		.byte	0x25
 496 0258 62020000 		.4byte	0x262
 497 025c 15       		.uleb128 0x15
 498 025d 6B000000 		.4byte	0x6b
 499 0261 00       		.byte	0
 500 0262 16       		.uleb128 0x16
 501 0263 74000000 		.4byte	.LASF32
 502 0267 05       		.byte	0x5
 503 0268 B2       		.byte	0xb2
 504 0269 5D000000 		.4byte	0x5d
 505 026d 78020000 		.4byte	0x278
 506 0271 15       		.uleb128 0x15
 507 0272 B9000000 		.4byte	0xb9
 508 0276 17       		.uleb128 0x17
 509 0277 00       		.byte	0
 510 0278 18       		.uleb128 0x18
 511 0279 53020000 		.4byte	.LASF33
 512 027d 06       		.byte	0x6
 513 027e 00       		.byte	0
 514 027f 38020000 		.4byte	.LASF34
 515 0283 5D000000 		.4byte	0x5d
 516 0287 91020000 		.4byte	0x291
 517 028b 15       		.uleb128 0x15
 518 028c B9000000 		.4byte	0xb9
 519 0290 00       		.byte	0
 520 0291 19       		.uleb128 0x19
 521 0292 DD000000 		.4byte	.LASF25
 522 0296 03       		.byte	0x3
 523 0297 CB0C     		.2byte	0xccb
 524 0299 A3020000 		.4byte	0x2a3
 525 029d 15       		.uleb128 0x15
 526 029e 6B000000 		.4byte	0x6b
 527 02a2 00       		.byte	0
 528 02a3 19       		.uleb128 0x19
 529 02a4 B6000000 		.4byte	.LASF26
 530 02a8 03       		.byte	0x3
 531 02a9 CA0C     		.2byte	0xcca
 532 02ab B5020000 		.4byte	0x2b5
 533 02af 15       		.uleb128 0x15
ARM GAS  C:\Users\Nick\AppData\Local\Temp\ccBVIL7L.s 			page 13


 534 02b0 6B000000 		.4byte	0x6b
 535 02b4 00       		.byte	0
 536 02b5 19       		.uleb128 0x19
 537 02b6 53010000 		.4byte	.LASF27
 538 02ba 03       		.byte	0x3
 539 02bb D30C     		.2byte	0xcd3
 540 02bd C7020000 		.4byte	0x2c7
 541 02c1 15       		.uleb128 0x15
 542 02c2 6B000000 		.4byte	0x6b
 543 02c6 00       		.byte	0
 544 02c7 1A       		.uleb128 0x1a
 545 02c8 4C010000 		.4byte	.LASF35
 546 02cc 07       		.byte	0x7
 547 02cd 60       		.byte	0x60
 548 02ce 15       		.uleb128 0x15
 549 02cf 6B000000 		.4byte	0x6b
 550 02d3 00       		.byte	0
 551 02d4 00       		.byte	0
 552              		.section	.debug_abbrev,"",%progbits
 553              	.Ldebug_abbrev0:
 554 0000 01       		.uleb128 0x1
 555 0001 11       		.uleb128 0x11
 556 0002 01       		.byte	0x1
 557 0003 25       		.uleb128 0x25
 558 0004 0E       		.uleb128 0xe
 559 0005 13       		.uleb128 0x13
 560 0006 0B       		.uleb128 0xb
 561 0007 03       		.uleb128 0x3
 562 0008 0E       		.uleb128 0xe
 563 0009 1B       		.uleb128 0x1b
 564 000a 0E       		.uleb128 0xe
 565 000b 55       		.uleb128 0x55
 566 000c 17       		.uleb128 0x17
 567 000d 11       		.uleb128 0x11
 568 000e 01       		.uleb128 0x1
 569 000f 10       		.uleb128 0x10
 570 0010 17       		.uleb128 0x17
 571 0011 00       		.byte	0
 572 0012 00       		.byte	0
 573 0013 02       		.uleb128 0x2
 574 0014 24       		.uleb128 0x24
 575 0015 00       		.byte	0
 576 0016 0B       		.uleb128 0xb
 577 0017 0B       		.uleb128 0xb
 578 0018 3E       		.uleb128 0x3e
 579 0019 0B       		.uleb128 0xb
 580 001a 03       		.uleb128 0x3
 581 001b 0E       		.uleb128 0xe
 582 001c 00       		.byte	0
 583 001d 00       		.byte	0
 584 001e 03       		.uleb128 0x3
 585 001f 24       		.uleb128 0x24
 586 0020 00       		.byte	0
 587 0021 0B       		.uleb128 0xb
 588 0022 0B       		.uleb128 0xb
 589 0023 3E       		.uleb128 0x3e
 590 0024 0B       		.uleb128 0xb
ARM GAS  C:\Users\Nick\AppData\Local\Temp\ccBVIL7L.s 			page 14


 591 0025 03       		.uleb128 0x3
 592 0026 08       		.uleb128 0x8
 593 0027 00       		.byte	0
 594 0028 00       		.byte	0
 595 0029 04       		.uleb128 0x4
 596 002a 16       		.uleb128 0x16
 597 002b 00       		.byte	0
 598 002c 03       		.uleb128 0x3
 599 002d 0E       		.uleb128 0xe
 600 002e 3A       		.uleb128 0x3a
 601 002f 0B       		.uleb128 0xb
 602 0030 3B       		.uleb128 0x3b
 603 0031 0B       		.uleb128 0xb
 604 0032 49       		.uleb128 0x49
 605 0033 13       		.uleb128 0x13
 606 0034 00       		.byte	0
 607 0035 00       		.byte	0
 608 0036 05       		.uleb128 0x5
 609 0037 0F       		.uleb128 0xf
 610 0038 00       		.byte	0
 611 0039 0B       		.uleb128 0xb
 612 003a 0B       		.uleb128 0xb
 613 003b 49       		.uleb128 0x49
 614 003c 13       		.uleb128 0x13
 615 003d 00       		.byte	0
 616 003e 00       		.byte	0
 617 003f 06       		.uleb128 0x6
 618 0040 26       		.uleb128 0x26
 619 0041 00       		.byte	0
 620 0042 49       		.uleb128 0x49
 621 0043 13       		.uleb128 0x13
 622 0044 00       		.byte	0
 623 0045 00       		.byte	0
 624 0046 07       		.uleb128 0x7
 625 0047 13       		.uleb128 0x13
 626 0048 01       		.byte	0x1
 627 0049 0B       		.uleb128 0xb
 628 004a 0B       		.uleb128 0xb
 629 004b 3A       		.uleb128 0x3a
 630 004c 0B       		.uleb128 0xb
 631 004d 3B       		.uleb128 0x3b
 632 004e 0B       		.uleb128 0xb
 633 004f 01       		.uleb128 0x1
 634 0050 13       		.uleb128 0x13
 635 0051 00       		.byte	0
 636 0052 00       		.byte	0
 637 0053 08       		.uleb128 0x8
 638 0054 0D       		.uleb128 0xd
 639 0055 00       		.byte	0
 640 0056 03       		.uleb128 0x3
 641 0057 08       		.uleb128 0x8
 642 0058 3A       		.uleb128 0x3a
 643 0059 0B       		.uleb128 0xb
 644 005a 3B       		.uleb128 0x3b
 645 005b 0B       		.uleb128 0xb
 646 005c 49       		.uleb128 0x49
 647 005d 13       		.uleb128 0x13
ARM GAS  C:\Users\Nick\AppData\Local\Temp\ccBVIL7L.s 			page 15


 648 005e 38       		.uleb128 0x38
 649 005f 0B       		.uleb128 0xb
 650 0060 00       		.byte	0
 651 0061 00       		.byte	0
 652 0062 09       		.uleb128 0x9
 653 0063 0D       		.uleb128 0xd
 654 0064 00       		.byte	0
 655 0065 03       		.uleb128 0x3
 656 0066 0E       		.uleb128 0xe
 657 0067 3A       		.uleb128 0x3a
 658 0068 0B       		.uleb128 0xb
 659 0069 3B       		.uleb128 0x3b
 660 006a 0B       		.uleb128 0xb
 661 006b 49       		.uleb128 0x49
 662 006c 13       		.uleb128 0x13
 663 006d 38       		.uleb128 0x38
 664 006e 0B       		.uleb128 0xb
 665 006f 00       		.byte	0
 666 0070 00       		.byte	0
 667 0071 0A       		.uleb128 0xa
 668 0072 2E       		.uleb128 0x2e
 669 0073 01       		.byte	0x1
 670 0074 3F       		.uleb128 0x3f
 671 0075 19       		.uleb128 0x19
 672 0076 03       		.uleb128 0x3
 673 0077 0E       		.uleb128 0xe
 674 0078 3A       		.uleb128 0x3a
 675 0079 0B       		.uleb128 0xb
 676 007a 3B       		.uleb128 0x3b
 677 007b 0B       		.uleb128 0xb
 678 007c 27       		.uleb128 0x27
 679 007d 19       		.uleb128 0x19
 680 007e 49       		.uleb128 0x49
 681 007f 13       		.uleb128 0x13
 682 0080 11       		.uleb128 0x11
 683 0081 01       		.uleb128 0x1
 684 0082 12       		.uleb128 0x12
 685 0083 06       		.uleb128 0x6
 686 0084 40       		.uleb128 0x40
 687 0085 18       		.uleb128 0x18
 688 0086 9742     		.uleb128 0x2117
 689 0088 19       		.uleb128 0x19
 690 0089 01       		.uleb128 0x1
 691 008a 13       		.uleb128 0x13
 692 008b 00       		.byte	0
 693 008c 00       		.byte	0
 694 008d 0B       		.uleb128 0xb
 695 008e 05       		.uleb128 0x5
 696 008f 00       		.byte	0
 697 0090 03       		.uleb128 0x3
 698 0091 0E       		.uleb128 0xe
 699 0092 3A       		.uleb128 0x3a
 700 0093 0B       		.uleb128 0xb
 701 0094 3B       		.uleb128 0x3b
 702 0095 0B       		.uleb128 0xb
 703 0096 49       		.uleb128 0x49
 704 0097 13       		.uleb128 0x13
ARM GAS  C:\Users\Nick\AppData\Local\Temp\ccBVIL7L.s 			page 16


 705 0098 02       		.uleb128 0x2
 706 0099 17       		.uleb128 0x17
 707 009a 00       		.byte	0
 708 009b 00       		.byte	0
 709 009c 0C       		.uleb128 0xc
 710 009d 05       		.uleb128 0x5
 711 009e 00       		.byte	0
 712 009f 03       		.uleb128 0x3
 713 00a0 08       		.uleb128 0x8
 714 00a1 3A       		.uleb128 0x3a
 715 00a2 0B       		.uleb128 0xb
 716 00a3 3B       		.uleb128 0x3b
 717 00a4 0B       		.uleb128 0xb
 718 00a5 49       		.uleb128 0x49
 719 00a6 13       		.uleb128 0x13
 720 00a7 02       		.uleb128 0x2
 721 00a8 17       		.uleb128 0x17
 722 00a9 00       		.byte	0
 723 00aa 00       		.byte	0
 724 00ab 0D       		.uleb128 0xd
 725 00ac 34       		.uleb128 0x34
 726 00ad 00       		.byte	0
 727 00ae 03       		.uleb128 0x3
 728 00af 08       		.uleb128 0x8
 729 00b0 3A       		.uleb128 0x3a
 730 00b1 0B       		.uleb128 0xb
 731 00b2 3B       		.uleb128 0x3b
 732 00b3 0B       		.uleb128 0xb
 733 00b4 49       		.uleb128 0x49
 734 00b5 13       		.uleb128 0x13
 735 00b6 02       		.uleb128 0x2
 736 00b7 17       		.uleb128 0x17
 737 00b8 00       		.byte	0
 738 00b9 00       		.byte	0
 739 00ba 0E       		.uleb128 0xe
 740 00bb 898201   		.uleb128 0x4109
 741 00be 00       		.byte	0
 742 00bf 11       		.uleb128 0x11
 743 00c0 01       		.uleb128 0x1
 744 00c1 31       		.uleb128 0x31
 745 00c2 13       		.uleb128 0x13
 746 00c3 00       		.byte	0
 747 00c4 00       		.byte	0
 748 00c5 0F       		.uleb128 0xf
 749 00c6 2E       		.uleb128 0x2e
 750 00c7 01       		.byte	0x1
 751 00c8 3F       		.uleb128 0x3f
 752 00c9 19       		.uleb128 0x19
 753 00ca 03       		.uleb128 0x3
 754 00cb 0E       		.uleb128 0xe
 755 00cc 3A       		.uleb128 0x3a
 756 00cd 0B       		.uleb128 0xb
 757 00ce 3B       		.uleb128 0x3b
 758 00cf 0B       		.uleb128 0xb
 759 00d0 27       		.uleb128 0x27
 760 00d1 19       		.uleb128 0x19
 761 00d2 11       		.uleb128 0x11
ARM GAS  C:\Users\Nick\AppData\Local\Temp\ccBVIL7L.s 			page 17


 762 00d3 01       		.uleb128 0x1
 763 00d4 12       		.uleb128 0x12
 764 00d5 06       		.uleb128 0x6
 765 00d6 40       		.uleb128 0x40
 766 00d7 18       		.uleb128 0x18
 767 00d8 9742     		.uleb128 0x2117
 768 00da 19       		.uleb128 0x19
 769 00db 01       		.uleb128 0x1
 770 00dc 13       		.uleb128 0x13
 771 00dd 00       		.byte	0
 772 00de 00       		.byte	0
 773 00df 10       		.uleb128 0x10
 774 00e0 898201   		.uleb128 0x4109
 775 00e3 01       		.byte	0x1
 776 00e4 11       		.uleb128 0x11
 777 00e5 01       		.uleb128 0x1
 778 00e6 31       		.uleb128 0x31
 779 00e7 13       		.uleb128 0x13
 780 00e8 01       		.uleb128 0x1
 781 00e9 13       		.uleb128 0x13
 782 00ea 00       		.byte	0
 783 00eb 00       		.byte	0
 784 00ec 11       		.uleb128 0x11
 785 00ed 8A8201   		.uleb128 0x410a
 786 00f0 00       		.byte	0
 787 00f1 02       		.uleb128 0x2
 788 00f2 18       		.uleb128 0x18
 789 00f3 9142     		.uleb128 0x2111
 790 00f5 18       		.uleb128 0x18
 791 00f6 00       		.byte	0
 792 00f7 00       		.byte	0
 793 00f8 12       		.uleb128 0x12
 794 00f9 898201   		.uleb128 0x4109
 795 00fc 01       		.byte	0x1
 796 00fd 11       		.uleb128 0x11
 797 00fe 01       		.uleb128 0x1
 798 00ff 31       		.uleb128 0x31
 799 0100 13       		.uleb128 0x13
 800 0101 00       		.byte	0
 801 0102 00       		.byte	0
 802 0103 13       		.uleb128 0x13
 803 0104 05       		.uleb128 0x5
 804 0105 00       		.byte	0
 805 0106 03       		.uleb128 0x3
 806 0107 08       		.uleb128 0x8
 807 0108 3A       		.uleb128 0x3a
 808 0109 0B       		.uleb128 0xb
 809 010a 3B       		.uleb128 0x3b
 810 010b 0B       		.uleb128 0xb
 811 010c 49       		.uleb128 0x49
 812 010d 13       		.uleb128 0x13
 813 010e 02       		.uleb128 0x2
 814 010f 18       		.uleb128 0x18
 815 0110 00       		.byte	0
 816 0111 00       		.byte	0
 817 0112 14       		.uleb128 0x14
 818 0113 2E       		.uleb128 0x2e
ARM GAS  C:\Users\Nick\AppData\Local\Temp\ccBVIL7L.s 			page 18


 819 0114 01       		.byte	0x1
 820 0115 3F       		.uleb128 0x3f
 821 0116 19       		.uleb128 0x19
 822 0117 03       		.uleb128 0x3
 823 0118 0E       		.uleb128 0xe
 824 0119 3A       		.uleb128 0x3a
 825 011a 0B       		.uleb128 0xb
 826 011b 3B       		.uleb128 0x3b
 827 011c 0B       		.uleb128 0xb
 828 011d 27       		.uleb128 0x27
 829 011e 19       		.uleb128 0x19
 830 011f 3C       		.uleb128 0x3c
 831 0120 19       		.uleb128 0x19
 832 0121 01       		.uleb128 0x1
 833 0122 13       		.uleb128 0x13
 834 0123 00       		.byte	0
 835 0124 00       		.byte	0
 836 0125 15       		.uleb128 0x15
 837 0126 05       		.uleb128 0x5
 838 0127 00       		.byte	0
 839 0128 49       		.uleb128 0x49
 840 0129 13       		.uleb128 0x13
 841 012a 00       		.byte	0
 842 012b 00       		.byte	0
 843 012c 16       		.uleb128 0x16
 844 012d 2E       		.uleb128 0x2e
 845 012e 01       		.byte	0x1
 846 012f 3F       		.uleb128 0x3f
 847 0130 19       		.uleb128 0x19
 848 0131 03       		.uleb128 0x3
 849 0132 0E       		.uleb128 0xe
 850 0133 3A       		.uleb128 0x3a
 851 0134 0B       		.uleb128 0xb
 852 0135 3B       		.uleb128 0x3b
 853 0136 0B       		.uleb128 0xb
 854 0137 27       		.uleb128 0x27
 855 0138 19       		.uleb128 0x19
 856 0139 49       		.uleb128 0x49
 857 013a 13       		.uleb128 0x13
 858 013b 3C       		.uleb128 0x3c
 859 013c 19       		.uleb128 0x19
 860 013d 01       		.uleb128 0x1
 861 013e 13       		.uleb128 0x13
 862 013f 00       		.byte	0
 863 0140 00       		.byte	0
 864 0141 17       		.uleb128 0x17
 865 0142 18       		.uleb128 0x18
 866 0143 00       		.byte	0
 867 0144 00       		.byte	0
 868 0145 00       		.byte	0
 869 0146 18       		.uleb128 0x18
 870 0147 2E       		.uleb128 0x2e
 871 0148 01       		.byte	0x1
 872 0149 3F       		.uleb128 0x3f
 873 014a 19       		.uleb128 0x19
 874 014b 03       		.uleb128 0x3
 875 014c 0E       		.uleb128 0xe
ARM GAS  C:\Users\Nick\AppData\Local\Temp\ccBVIL7L.s 			page 19


 876 014d 3A       		.uleb128 0x3a
 877 014e 0B       		.uleb128 0xb
 878 014f 3B       		.uleb128 0x3b
 879 0150 0B       		.uleb128 0xb
 880 0151 6E       		.uleb128 0x6e
 881 0152 0E       		.uleb128 0xe
 882 0153 27       		.uleb128 0x27
 883 0154 19       		.uleb128 0x19
 884 0155 49       		.uleb128 0x49
 885 0156 13       		.uleb128 0x13
 886 0157 3C       		.uleb128 0x3c
 887 0158 19       		.uleb128 0x19
 888 0159 01       		.uleb128 0x1
 889 015a 13       		.uleb128 0x13
 890 015b 00       		.byte	0
 891 015c 00       		.byte	0
 892 015d 19       		.uleb128 0x19
 893 015e 2E       		.uleb128 0x2e
 894 015f 01       		.byte	0x1
 895 0160 3F       		.uleb128 0x3f
 896 0161 19       		.uleb128 0x19
 897 0162 03       		.uleb128 0x3
 898 0163 0E       		.uleb128 0xe
 899 0164 3A       		.uleb128 0x3a
 900 0165 0B       		.uleb128 0xb
 901 0166 3B       		.uleb128 0x3b
 902 0167 05       		.uleb128 0x5
 903 0168 27       		.uleb128 0x27
 904 0169 19       		.uleb128 0x19
 905 016a 3C       		.uleb128 0x3c
 906 016b 19       		.uleb128 0x19
 907 016c 01       		.uleb128 0x1
 908 016d 13       		.uleb128 0x13
 909 016e 00       		.byte	0
 910 016f 00       		.byte	0
 911 0170 1A       		.uleb128 0x1a
 912 0171 2E       		.uleb128 0x2e
 913 0172 01       		.byte	0x1
 914 0173 3F       		.uleb128 0x3f
 915 0174 19       		.uleb128 0x19
 916 0175 03       		.uleb128 0x3
 917 0176 0E       		.uleb128 0xe
 918 0177 3A       		.uleb128 0x3a
 919 0178 0B       		.uleb128 0xb
 920 0179 3B       		.uleb128 0x3b
 921 017a 0B       		.uleb128 0xb
 922 017b 27       		.uleb128 0x27
 923 017c 19       		.uleb128 0x19
 924 017d 3C       		.uleb128 0x3c
 925 017e 19       		.uleb128 0x19
 926 017f 00       		.byte	0
 927 0180 00       		.byte	0
 928 0181 00       		.byte	0
 929              		.section	.debug_loc,"",%progbits
 930              	.Ldebug_loc0:
 931              	.LLST0:
 932 0000 00000000 		.4byte	.LVL0
ARM GAS  C:\Users\Nick\AppData\Local\Temp\ccBVIL7L.s 			page 20


 933 0004 08000000 		.4byte	.LVL2
 934 0008 0100     		.2byte	0x1
 935 000a 50       		.byte	0x50
 936 000b 08000000 		.4byte	.LVL2
 937 000f 1C000000 		.4byte	.LFE35
 938 0013 0400     		.2byte	0x4
 939 0015 F3       		.byte	0xf3
 940 0016 01       		.uleb128 0x1
 941 0017 50       		.byte	0x50
 942 0018 9F       		.byte	0x9f
 943 0019 00000000 		.4byte	0
 944 001d 00000000 		.4byte	0
 945              	.LLST1:
 946 0021 00000000 		.4byte	.LVL0
 947 0025 0A000000 		.4byte	.LVL3
 948 0029 0100     		.2byte	0x1
 949 002b 51       		.byte	0x51
 950 002c 0A000000 		.4byte	.LVL3
 951 0030 14000000 		.4byte	.LVL6
 952 0034 0100     		.2byte	0x1
 953 0036 55       		.byte	0x55
 954 0037 14000000 		.4byte	.LVL6
 955 003b 1C000000 		.4byte	.LFE35
 956 003f 0100     		.2byte	0x1
 957 0041 51       		.byte	0x51
 958 0042 00000000 		.4byte	0
 959 0046 00000000 		.4byte	0
 960              	.LLST2:
 961 004a 00000000 		.4byte	.LVL0
 962 004e 08000000 		.4byte	.LVL2
 963 0052 0100     		.2byte	0x1
 964 0054 52       		.byte	0x52
 965 0055 08000000 		.4byte	.LVL2
 966 0059 1A000000 		.4byte	.LVL8
 967 005d 0100     		.2byte	0x1
 968 005f 56       		.byte	0x56
 969 0060 1A000000 		.4byte	.LVL8
 970 0064 1C000000 		.4byte	.LFE35
 971 0068 0100     		.2byte	0x1
 972 006a 50       		.byte	0x50
 973 006b 00000000 		.4byte	0
 974 006f 00000000 		.4byte	0
 975              	.LLST3:
 976 0073 04000000 		.4byte	.LVL1
 977 0077 08000000 		.4byte	.LVL2
 978 007b 0200     		.2byte	0x2
 979 007d 30       		.byte	0x30
 980 007e 9F       		.byte	0x9f
 981 007f 08000000 		.4byte	.LVL2
 982 0083 1A000000 		.4byte	.LVL7
 983 0087 0100     		.2byte	0x1
 984 0089 54       		.byte	0x54
 985 008a 00000000 		.4byte	0
 986 008e 00000000 		.4byte	0
 987              	.LLST4:
 988 0092 00000000 		.4byte	.LVL9
 989 0096 08000000 		.4byte	.LVL11
ARM GAS  C:\Users\Nick\AppData\Local\Temp\ccBVIL7L.s 			page 21


 990 009a 0100     		.2byte	0x1
 991 009c 50       		.byte	0x50
 992 009d 08000000 		.4byte	.LVL11
 993 00a1 26000000 		.4byte	.LVL17
 994 00a5 0100     		.2byte	0x1
 995 00a7 55       		.byte	0x55
 996 00a8 26000000 		.4byte	.LVL17
 997 00ac 30000000 		.4byte	.LFE36
 998 00b0 0400     		.2byte	0x4
 999 00b2 F3       		.byte	0xf3
 1000 00b3 01       		.uleb128 0x1
 1001 00b4 50       		.byte	0x50
 1002 00b5 9F       		.byte	0x9f
 1003 00b6 00000000 		.4byte	0
 1004 00ba 00000000 		.4byte	0
 1005              	.LLST5:
 1006 00be 04000000 		.4byte	.LVL10
 1007 00c2 08000000 		.4byte	.LVL11
 1008 00c6 0200     		.2byte	0x2
 1009 00c8 30       		.byte	0x30
 1010 00c9 9F       		.byte	0x9f
 1011 00ca 08000000 		.4byte	.LVL11
 1012 00ce 16000000 		.4byte	.LVL13
 1013 00d2 0100     		.2byte	0x1
 1014 00d4 54       		.byte	0x54
 1015 00d5 18000000 		.4byte	.LVL14
 1016 00d9 26000000 		.4byte	.LVL16
 1017 00dd 0100     		.2byte	0x1
 1018 00df 54       		.byte	0x54
 1019 00e0 00000000 		.4byte	0
 1020 00e4 00000000 		.4byte	0
 1021              	.LLST6:
 1022 00e8 00000000 		.4byte	.LVL18
 1023 00ec 0C000000 		.4byte	.LVL19
 1024 00f0 0100     		.2byte	0x1
 1025 00f2 51       		.byte	0x51
 1026 00f3 0C000000 		.4byte	.LVL19
 1027 00f7 10000000 		.4byte	.LFE37
 1028 00fb 0400     		.2byte	0x4
 1029 00fd F3       		.byte	0xf3
 1030 00fe 01       		.uleb128 0x1
 1031 00ff 51       		.byte	0x51
 1032 0100 9F       		.byte	0x9f
 1033 0101 00000000 		.4byte	0
 1034 0105 00000000 		.4byte	0
 1035              		.section	.debug_aranges,"",%progbits
 1036 0000 34000000 		.4byte	0x34
 1037 0004 0200     		.2byte	0x2
 1038 0006 00000000 		.4byte	.Ldebug_info0
 1039 000a 04       		.byte	0x4
 1040 000b 00       		.byte	0
 1041 000c 0000     		.2byte	0
 1042 000e 0000     		.2byte	0
 1043 0010 00000000 		.4byte	.LFB35
 1044 0014 1C000000 		.4byte	.LFE35-.LFB35
 1045 0018 00000000 		.4byte	.LFB36
 1046 001c 30000000 		.4byte	.LFE36-.LFB36
ARM GAS  C:\Users\Nick\AppData\Local\Temp\ccBVIL7L.s 			page 22


 1047 0020 00000000 		.4byte	.LFB37
 1048 0024 10000000 		.4byte	.LFE37-.LFB37
 1049 0028 00000000 		.4byte	.LFB38
 1050 002c 1C000000 		.4byte	.LFE38-.LFB38
 1051 0030 00000000 		.4byte	0
 1052 0034 00000000 		.4byte	0
 1053              		.section	.debug_ranges,"",%progbits
 1054              	.Ldebug_ranges0:
 1055 0000 00000000 		.4byte	.LFB35
 1056 0004 1C000000 		.4byte	.LFE35
 1057 0008 00000000 		.4byte	.LFB36
 1058 000c 30000000 		.4byte	.LFE36
 1059 0010 00000000 		.4byte	.LFB37
 1060 0014 10000000 		.4byte	.LFE37
 1061 0018 00000000 		.4byte	.LFB38
 1062 001c 1C000000 		.4byte	.LFE38
 1063 0020 00000000 		.4byte	0
 1064 0024 00000000 		.4byte	0
 1065              		.section	.debug_line,"",%progbits
 1066              	.Ldebug_line0:
 1067 0000 64010000 		.section	.debug_str,"MS",%progbits,1
 1067      0200EA00 
 1067      00000201 
 1067      FB0E0D00 
 1067      01010101 
 1068              	.LASF20:
 1069 0000 76616C75 		.ascii	"value\000"
 1069      6500
 1070              	.LASF30:
 1071 0006 433A5C55 		.ascii	"C:\\Users\\Nick\\Documents\\PSoC Creator\\capsensel"
 1071      73657273 
 1071      5C4E6963 
 1071      6B5C446F 
 1071      63756D65 
 1072 0034 6564315C 		.ascii	"ed1\\capsenseled\\capsenseled.cydsn\000"
 1072      63617073 
 1072      656E7365 
 1072      6C65645C 
 1072      63617073 
 1073              	.LASF3:
 1074 0056 73686F72 		.ascii	"short unsigned int\000"
 1074      7420756E 
 1074      7369676E 
 1074      65642069 
 1074      6E7400
 1075              	.LASF22:
 1076 0069 53657433 		.ascii	"Set32ByPtr\000"
 1076      32427950 
 1076      747200
 1077              	.LASF32:
 1078 0074 7072696E 		.ascii	"printf\000"
 1078      746600
 1079              	.LASF21:
 1080 007b 53686F77 		.ascii	"ShowValue\000"
 1080      56616C75 
 1080      6500
 1081              	.LASF13:
ARM GAS  C:\Users\Nick\AppData\Local\Temp\ccBVIL7L.s 			page 23


 1082 0085 666C6F61 		.ascii	"float\000"
 1082      7400
 1083              	.LASF19:
 1084 008b 66696C65 		.ascii	"file\000"
 1084      00
 1085              	.LASF1:
 1086 0090 756E7369 		.ascii	"unsigned char\000"
 1086      676E6564 
 1086      20636861 
 1086      7200
 1087              	.LASF12:
 1088 009e 696E7431 		.ascii	"int16\000"
 1088      3600
 1089              	.LASF5:
 1090 00a4 6C6F6E67 		.ascii	"long unsigned int\000"
 1090      20756E73 
 1090      69676E65 
 1090      6420696E 
 1090      7400
 1091              	.LASF26:
 1092 00b6 41647665 		.ascii	"Advertising_LED_1_Write\000"
 1092      72746973 
 1092      696E675F 
 1092      4C45445F 
 1092      315F5772 
 1093              	.LASF29:
 1094 00ce 64656275 		.ascii	"debug.c\000"
 1094      672E6300 
 1095              	.LASF14:
 1096 00d6 646F7562 		.ascii	"double\000"
 1096      6C6500
 1097              	.LASF25:
 1098 00dd 41647665 		.ascii	"Advertising_LED_2_Write\000"
 1098      72746973 
 1098      696E675F 
 1098      4C45445F 
 1098      325F5772 
 1099              	.LASF10:
 1100 00f5 75696E74 		.ascii	"uint16\000"
 1100      313600
 1101              	.LASF11:
 1102 00fc 75696E74 		.ascii	"uint32\000"
 1102      333200
 1103              	.LASF18:
 1104 0103 4359424C 		.ascii	"CYBLE_GATT_VALUE_T\000"
 1104      455F4741 
 1104      54545F56 
 1104      414C5545 
 1104      5F5400
 1105              	.LASF8:
 1106 0116 756E7369 		.ascii	"unsigned int\000"
 1106      676E6564 
 1106      20696E74 
 1106      00
 1107              	.LASF15:
 1108 0123 63686172 		.ascii	"char\000"
 1108      00
ARM GAS  C:\Users\Nick\AppData\Local\Temp\ccBVIL7L.s 			page 24


 1109              	.LASF24:
 1110 0128 55415254 		.ascii	"UART_PutChar\000"
 1110      5F507574 
 1110      43686172 
 1110      00
 1111              	.LASF7:
 1112 0135 6C6F6E67 		.ascii	"long long unsigned int\000"
 1112      206C6F6E 
 1112      6720756E 
 1112      7369676E 
 1112      65642069 
 1113              	.LASF35:
 1114 014c 43794861 		.ascii	"CyHalt\000"
 1114      6C7400
 1115              	.LASF27:
 1116 0153 426F6F74 		.ascii	"Bootloading_LED_Write\000"
 1116      6C6F6164 
 1116      696E675F 
 1116      4C45445F 
 1116      57726974 
 1117              	.LASF16:
 1118 0169 73697A65 		.ascii	"sizetype\000"
 1118      74797065 
 1118      00
 1119              	.LASF28:
 1120 0172 474E5520 		.ascii	"GNU C 4.9.3 20150303 (release) [ARM/embedded-4_9-br"
 1120      4320342E 
 1120      392E3320 
 1120      32303135 
 1120      30333033 
 1121 01a5 616E6368 		.ascii	"anch revision 221220] -mcpu=cortex-m0 -mthumb -g -O"
 1121      20726576 
 1121      6973696F 
 1121      6E203232 
 1121      31323230 
 1122 01d8 67202D66 		.ascii	"g -ffunction-sections -ffat-lto-objects\000"
 1122      66756E63 
 1122      74696F6E 
 1122      2D736563 
 1122      74696F6E 
 1123              	.LASF6:
 1124 0200 6C6F6E67 		.ascii	"long long int\000"
 1124      206C6F6E 
 1124      6720696E 
 1124      7400
 1125              	.LASF31:
 1126 020e 5F777269 		.ascii	"_write\000"
 1126      746500
 1127              	.LASF2:
 1128 0215 73686F72 		.ascii	"short int\000"
 1128      7420696E 
 1128      7400
 1129              	.LASF9:
 1130 021f 75696E74 		.ascii	"uint8\000"
 1130      3800
 1131              	.LASF4:
 1132 0225 6C6F6E67 		.ascii	"long int\000"
ARM GAS  C:\Users\Nick\AppData\Local\Temp\ccBVIL7L.s 			page 25


 1132      20696E74 
 1132      00
 1133              	.LASF23:
 1134 022e 53686F77 		.ascii	"ShowError\000"
 1134      4572726F 
 1134      7200
 1135              	.LASF34:
 1136 0238 70757473 		.ascii	"puts\000"
 1136      00
 1137              	.LASF0:
 1138 023d 7369676E 		.ascii	"signed char\000"
 1138      65642063 
 1138      68617200 
 1139              	.LASF17:
 1140 0249 61637475 		.ascii	"actualLen\000"
 1140      616C4C65 
 1140      6E00
 1141              	.LASF33:
 1142 0253 5F5F6275 		.ascii	"__builtin_puts\000"
 1142      696C7469 
 1142      6E5F7075 
 1142      747300
 1143              		.ident	"GCC: (GNU Tools for ARM Embedded Processors) 4.9.3 20150303 (release) [ARM/embedded-4_9-br
