ARM GAS  C:\Users\Nick\AppData\Local\Temp\cc2HAKVU.s 			page 1


   1              		.cpu cortex-m0
   2              		.fpu softvfp
   3              		.eabi_attribute 20, 1
   4              		.eabi_attribute 21, 1
   5              		.eabi_attribute 23, 3
   6              		.eabi_attribute 24, 1
   7              		.eabi_attribute 25, 1
   8              		.eabi_attribute 26, 1
   9              		.eabi_attribute 30, 1
  10              		.eabi_attribute 34, 0
  11              		.eabi_attribute 18, 4
  12              		.code	16
  13              		.file	"IDAC_Fire_Thresh.c"
  14              		.text
  15              	.Ltext0:
  16              		.cfi_sections	.debug_frame
  17              		.section	.text.IDAC_Fire_Thresh_Init,"ax",%progbits
  18              		.align	2
  19              		.global	IDAC_Fire_Thresh_Init
  20              		.code	16
  21              		.thumb_func
  22              		.type	IDAC_Fire_Thresh_Init, %function
  23              	IDAC_Fire_Thresh_Init:
  24              	.LFB2:
  25              		.file 1 "Generated_Source\\PSoC4\\IDAC_Fire_Thresh.c"
   1:Generated_Source\PSoC4/IDAC_Fire_Thresh.c **** /*******************************************************************************
   2:Generated_Source\PSoC4/IDAC_Fire_Thresh.c **** * File Name: IDAC_Fire_Thresh.c
   3:Generated_Source\PSoC4/IDAC_Fire_Thresh.c **** * Version 1.10
   4:Generated_Source\PSoC4/IDAC_Fire_Thresh.c **** *
   5:Generated_Source\PSoC4/IDAC_Fire_Thresh.c **** * Description:
   6:Generated_Source\PSoC4/IDAC_Fire_Thresh.c **** *  This file provides the source code of APIs for the IDAC_P4 component.
   7:Generated_Source\PSoC4/IDAC_Fire_Thresh.c **** *
   8:Generated_Source\PSoC4/IDAC_Fire_Thresh.c **** *******************************************************************************
   9:Generated_Source\PSoC4/IDAC_Fire_Thresh.c **** * Copyright 2013-2015, Cypress Semiconductor Corporation.  All rights reserved.
  10:Generated_Source\PSoC4/IDAC_Fire_Thresh.c **** * You may use this file only in accordance with the license, terms, conditions,
  11:Generated_Source\PSoC4/IDAC_Fire_Thresh.c **** * disclaimers, and limitations in the end user license agreement accompanying
  12:Generated_Source\PSoC4/IDAC_Fire_Thresh.c **** * the software package with which this file was provided.
  13:Generated_Source\PSoC4/IDAC_Fire_Thresh.c **** *******************************************************************************/
  14:Generated_Source\PSoC4/IDAC_Fire_Thresh.c **** 
  15:Generated_Source\PSoC4/IDAC_Fire_Thresh.c **** #include "IDAC_Fire_Thresh.h"
  16:Generated_Source\PSoC4/IDAC_Fire_Thresh.c **** 
  17:Generated_Source\PSoC4/IDAC_Fire_Thresh.c **** uint32 IDAC_Fire_Thresh_initVar = 0u;
  18:Generated_Source\PSoC4/IDAC_Fire_Thresh.c **** 
  19:Generated_Source\PSoC4/IDAC_Fire_Thresh.c **** 
  20:Generated_Source\PSoC4/IDAC_Fire_Thresh.c **** /*******************************************************************************
  21:Generated_Source\PSoC4/IDAC_Fire_Thresh.c **** * Function Name: IDAC_Fire_Thresh_Init
  22:Generated_Source\PSoC4/IDAC_Fire_Thresh.c **** ********************************************************************************
  23:Generated_Source\PSoC4/IDAC_Fire_Thresh.c **** *
  24:Generated_Source\PSoC4/IDAC_Fire_Thresh.c **** * Summary:
  25:Generated_Source\PSoC4/IDAC_Fire_Thresh.c **** *  Initializes IDAC registers with initial values provided from customizer.
  26:Generated_Source\PSoC4/IDAC_Fire_Thresh.c **** *
  27:Generated_Source\PSoC4/IDAC_Fire_Thresh.c **** * Parameters:
  28:Generated_Source\PSoC4/IDAC_Fire_Thresh.c **** *  None
  29:Generated_Source\PSoC4/IDAC_Fire_Thresh.c **** *
  30:Generated_Source\PSoC4/IDAC_Fire_Thresh.c **** * Return:
  31:Generated_Source\PSoC4/IDAC_Fire_Thresh.c **** *  None
  32:Generated_Source\PSoC4/IDAC_Fire_Thresh.c **** *
ARM GAS  C:\Users\Nick\AppData\Local\Temp\cc2HAKVU.s 			page 2


  33:Generated_Source\PSoC4/IDAC_Fire_Thresh.c **** * Global variables:
  34:Generated_Source\PSoC4/IDAC_Fire_Thresh.c **** *  None
  35:Generated_Source\PSoC4/IDAC_Fire_Thresh.c **** *
  36:Generated_Source\PSoC4/IDAC_Fire_Thresh.c **** *******************************************************************************/
  37:Generated_Source\PSoC4/IDAC_Fire_Thresh.c **** void IDAC_Fire_Thresh_Init(void)
  38:Generated_Source\PSoC4/IDAC_Fire_Thresh.c **** {
  26              		.loc 1 38 0
  27              		.cfi_startproc
  28 0000 10B5     		push	{r4, lr}
  29              		.cfi_def_cfa_offset 8
  30              		.cfi_offset 4, -8
  31              		.cfi_offset 14, -4
  39:Generated_Source\PSoC4/IDAC_Fire_Thresh.c ****     uint32 regVal;
  40:Generated_Source\PSoC4/IDAC_Fire_Thresh.c ****     uint8 enableInterrupts;
  41:Generated_Source\PSoC4/IDAC_Fire_Thresh.c **** 
  42:Generated_Source\PSoC4/IDAC_Fire_Thresh.c ****     /* Set initial configuration */
  43:Generated_Source\PSoC4/IDAC_Fire_Thresh.c ****     enableInterrupts = CyEnterCriticalSection();
  32              		.loc 1 43 0
  33 0002 FFF7FEFF 		bl	CyEnterCriticalSection
  34              	.LVL0:
  44:Generated_Source\PSoC4/IDAC_Fire_Thresh.c ****     
  45:Generated_Source\PSoC4/IDAC_Fire_Thresh.c ****     #if(IDAC_Fire_Thresh_MODE_SOURCE == IDAC_Fire_Thresh_IDAC_POLARITY)
  46:Generated_Source\PSoC4/IDAC_Fire_Thresh.c ****         regVal  = IDAC_Fire_Thresh_CSD_TRIM1_REG & ~(IDAC_Fire_Thresh_CSD_IDAC_TRIM1_MASK);
  35              		.loc 1 46 0
  36 0006 0E49     		ldr	r1, .L2
  37 0008 0B68     		ldr	r3, [r1]
  38 000a 0F22     		mov	r2, #15
  39 000c 9343     		bic	r3, r2
  40 000e 1A1C     		mov	r2, r3
  41              	.LVL1:
  47:Generated_Source\PSoC4/IDAC_Fire_Thresh.c ****         regVal |=  (IDAC_Fire_Thresh_SFLASH_TRIM1_REG & IDAC_Fire_Thresh_CSD_IDAC_TRIM1_MASK);
  42              		.loc 1 47 0
  43 0010 0C4B     		ldr	r3, .L2+4
  44 0012 1C78     		ldrb	r4, [r3]
  45 0014 0F23     		mov	r3, #15
  46 0016 2340     		and	r3, r4
  47 0018 1343     		orr	r3, r2
  48              	.LVL2:
  48:Generated_Source\PSoC4/IDAC_Fire_Thresh.c ****         IDAC_Fire_Thresh_CSD_TRIM1_REG = regVal;
  49              		.loc 1 48 0
  50 001a 0B60     		str	r3, [r1]
  49:Generated_Source\PSoC4/IDAC_Fire_Thresh.c ****     #else
  50:Generated_Source\PSoC4/IDAC_Fire_Thresh.c ****         regVal  = IDAC_Fire_Thresh_CSD_TRIM2_REG & ~(IDAC_Fire_Thresh_CSD_IDAC_TRIM2_MASK);
  51:Generated_Source\PSoC4/IDAC_Fire_Thresh.c ****         regVal |=  (IDAC_Fire_Thresh_SFLASH_TRIM2_REG & IDAC_Fire_Thresh_CSD_IDAC_TRIM2_MASK);
  52:Generated_Source\PSoC4/IDAC_Fire_Thresh.c ****         IDAC_Fire_Thresh_CSD_TRIM2_REG = regVal;
  53:Generated_Source\PSoC4/IDAC_Fire_Thresh.c ****     #endif /* (IDAC_Fire_Thresh_MODE_SOURCE == IDAC_Fire_Thresh_IDAC_POLARITY) */
  54:Generated_Source\PSoC4/IDAC_Fire_Thresh.c **** 
  55:Generated_Source\PSoC4/IDAC_Fire_Thresh.c ****     /* clear previous values */
  56:Generated_Source\PSoC4/IDAC_Fire_Thresh.c ****     IDAC_Fire_Thresh_IDAC_CONTROL_REG &= ((uint32)~((uint32)IDAC_Fire_Thresh_IDAC_VALUE_MASK <<
  51              		.loc 1 56 0
  52 001c 0A4A     		ldr	r2, .L2+8
  53 001e 1368     		ldr	r3, [r2]
  54              	.LVL3:
  55 0020 1360     		str	r3, [r2]
  56              	.LVL4:
  57:Generated_Source\PSoC4/IDAC_Fire_Thresh.c ****         IDAC_Fire_Thresh_IDAC_VALUE_POSITION)) | ((uint32)~((uint32)IDAC_Fire_Thresh_IDAC_MODE_MASK
  58:Generated_Source\PSoC4/IDAC_Fire_Thresh.c ****         IDAC_Fire_Thresh_IDAC_MODE_POSITION))  | ((uint32)~((uint32)IDAC_Fire_Thresh_IDAC_RANGE_MAS
ARM GAS  C:\Users\Nick\AppData\Local\Temp\cc2HAKVU.s 			page 3


  59:Generated_Source\PSoC4/IDAC_Fire_Thresh.c ****         IDAC_Fire_Thresh_IDAC_RANGE_POSITION));
  60:Generated_Source\PSoC4/IDAC_Fire_Thresh.c **** 
  61:Generated_Source\PSoC4/IDAC_Fire_Thresh.c ****     IDAC_Fire_Thresh_IDAC_POLARITY_CONTROL_REG &= (~(uint32)((uint32)IDAC_Fire_Thresh_IDAC_POLARITY
  57              		.loc 1 61 0
  58 0022 0A4B     		ldr	r3, .L2+12
  59 0024 1C68     		ldr	r4, [r3]
  60 0026 0A49     		ldr	r1, .L2+16
  61 0028 2140     		and	r1, r4
  62 002a 1960     		str	r1, [r3]
  62:Generated_Source\PSoC4/IDAC_Fire_Thresh.c ****         IDAC_Fire_Thresh_IDAC_POLARITY_POSITION));
  63:Generated_Source\PSoC4/IDAC_Fire_Thresh.c **** 
  64:Generated_Source\PSoC4/IDAC_Fire_Thresh.c ****     /* set new configuration */
  65:Generated_Source\PSoC4/IDAC_Fire_Thresh.c ****     IDAC_Fire_Thresh_IDAC_CONTROL_REG |= (((uint32)IDAC_Fire_Thresh_IDAC_INIT_VALUE <<
  63              		.loc 1 65 0
  64 002c 1468     		ldr	r4, [r2]
  65 002e 7F21     		mov	r1, #127
  66 0030 2143     		orr	r1, r4
  67 0032 1160     		str	r1, [r2]
  66:Generated_Source\PSoC4/IDAC_Fire_Thresh.c ****         IDAC_Fire_Thresh_IDAC_VALUE_POSITION) | ((uint32)IDAC_Fire_Thresh_IDAC_RANGE <<
  67:Generated_Source\PSoC4/IDAC_Fire_Thresh.c ****         IDAC_Fire_Thresh_IDAC_RANGE_POSITION));
  68:Generated_Source\PSoC4/IDAC_Fire_Thresh.c **** 
  69:Generated_Source\PSoC4/IDAC_Fire_Thresh.c ****     IDAC_Fire_Thresh_IDAC_POLARITY_CONTROL_REG |= ((uint32)IDAC_Fire_Thresh_IDAC_POLARITY <<
  68              		.loc 1 69 0
  69 0034 1A68     		ldr	r2, [r3]
  70 0036 1A60     		str	r2, [r3]
  70:Generated_Source\PSoC4/IDAC_Fire_Thresh.c ****                                                            IDAC_Fire_Thresh_IDAC_POLARITY_POSITION)
  71:Generated_Source\PSoC4/IDAC_Fire_Thresh.c **** 
  72:Generated_Source\PSoC4/IDAC_Fire_Thresh.c ****     CyExitCriticalSection(enableInterrupts);
  71              		.loc 1 72 0
  72 0038 FFF7FEFF 		bl	CyExitCriticalSection
  73              	.LVL5:
  73:Generated_Source\PSoC4/IDAC_Fire_Thresh.c **** 
  74:Generated_Source\PSoC4/IDAC_Fire_Thresh.c **** }
  74              		.loc 1 74 0
  75              		@ sp needed
  76 003c 10BD     		pop	{r4, pc}
  77              	.L3:
  78 003e C046     		.align	2
  79              	.L2:
  80 0040 00FF2840 		.word	1076428544
  81 0044 60F1FF0F 		.word	268431712
  82 0048 08002840 		.word	1076363272
  83 004c 04002840 		.word	1076363268
  84 0050 FFFFFEFF 		.word	-65537
  85              		.cfi_endproc
  86              	.LFE2:
  87              		.size	IDAC_Fire_Thresh_Init, .-IDAC_Fire_Thresh_Init
  88              		.section	.text.IDAC_Fire_Thresh_Enable,"ax",%progbits
  89              		.align	2
  90              		.global	IDAC_Fire_Thresh_Enable
  91              		.code	16
  92              		.thumb_func
  93              		.type	IDAC_Fire_Thresh_Enable, %function
  94              	IDAC_Fire_Thresh_Enable:
  95              	.LFB3:
  75:Generated_Source\PSoC4/IDAC_Fire_Thresh.c **** 
  76:Generated_Source\PSoC4/IDAC_Fire_Thresh.c **** 
ARM GAS  C:\Users\Nick\AppData\Local\Temp\cc2HAKVU.s 			page 4


  77:Generated_Source\PSoC4/IDAC_Fire_Thresh.c **** /*******************************************************************************
  78:Generated_Source\PSoC4/IDAC_Fire_Thresh.c **** * Function Name: IDAC_Fire_Thresh_Enable
  79:Generated_Source\PSoC4/IDAC_Fire_Thresh.c **** ********************************************************************************
  80:Generated_Source\PSoC4/IDAC_Fire_Thresh.c **** *
  81:Generated_Source\PSoC4/IDAC_Fire_Thresh.c **** * Summary:
  82:Generated_Source\PSoC4/IDAC_Fire_Thresh.c **** *  Enables IDAC operations.
  83:Generated_Source\PSoC4/IDAC_Fire_Thresh.c **** *
  84:Generated_Source\PSoC4/IDAC_Fire_Thresh.c **** * Parameters:
  85:Generated_Source\PSoC4/IDAC_Fire_Thresh.c **** *  None
  86:Generated_Source\PSoC4/IDAC_Fire_Thresh.c **** *
  87:Generated_Source\PSoC4/IDAC_Fire_Thresh.c **** * Return:
  88:Generated_Source\PSoC4/IDAC_Fire_Thresh.c **** *  None
  89:Generated_Source\PSoC4/IDAC_Fire_Thresh.c **** *
  90:Generated_Source\PSoC4/IDAC_Fire_Thresh.c **** * Global variables:
  91:Generated_Source\PSoC4/IDAC_Fire_Thresh.c **** *  None
  92:Generated_Source\PSoC4/IDAC_Fire_Thresh.c **** *
  93:Generated_Source\PSoC4/IDAC_Fire_Thresh.c **** *******************************************************************************/
  94:Generated_Source\PSoC4/IDAC_Fire_Thresh.c **** void IDAC_Fire_Thresh_Enable(void)
  95:Generated_Source\PSoC4/IDAC_Fire_Thresh.c **** {
  96              		.loc 1 95 0
  97              		.cfi_startproc
  98 0000 08B5     		push	{r3, lr}
  99              		.cfi_def_cfa_offset 8
 100              		.cfi_offset 3, -8
 101              		.cfi_offset 14, -4
  96:Generated_Source\PSoC4/IDAC_Fire_Thresh.c ****     uint8 enableInterrupts;
  97:Generated_Source\PSoC4/IDAC_Fire_Thresh.c **** 
  98:Generated_Source\PSoC4/IDAC_Fire_Thresh.c ****     enableInterrupts = CyEnterCriticalSection();
 102              		.loc 1 98 0
 103 0002 FFF7FEFF 		bl	CyEnterCriticalSection
 104              	.LVL6:
  99:Generated_Source\PSoC4/IDAC_Fire_Thresh.c **** 
 100:Generated_Source\PSoC4/IDAC_Fire_Thresh.c ****     /* Enable the IDAC */
 101:Generated_Source\PSoC4/IDAC_Fire_Thresh.c ****     IDAC_Fire_Thresh_IDAC_CONTROL_REG |= ((uint32)IDAC_Fire_Thresh_IDAC_EN_MODE <<
 105              		.loc 1 101 0
 106 0006 074A     		ldr	r2, .L5
 107 0008 1368     		ldr	r3, [r2]
 108 000a C021     		mov	r1, #192
 109 000c 8900     		lsl	r1, r1, #2
 110 000e 0B43     		orr	r3, r1
 111 0010 1360     		str	r3, [r2]
 102:Generated_Source\PSoC4/IDAC_Fire_Thresh.c ****                                                   IDAC_Fire_Thresh_IDAC_MODE_POSITION);
 103:Generated_Source\PSoC4/IDAC_Fire_Thresh.c ****     IDAC_Fire_Thresh_IDAC_POLARITY_CONTROL_REG |= ((uint32)IDAC_Fire_Thresh_IDAC_CSD_EN <<
 112              		.loc 1 103 0
 113 0012 054A     		ldr	r2, .L5+4
 114 0014 1368     		ldr	r3, [r2]
 115 0016 8021     		mov	r1, #128
 116 0018 0906     		lsl	r1, r1, #24
 117 001a 0B43     		orr	r3, r1
 118 001c 1360     		str	r3, [r2]
 104:Generated_Source\PSoC4/IDAC_Fire_Thresh.c ****                                                            IDAC_Fire_Thresh_IDAC_CSD_EN_POSITION);
 105:Generated_Source\PSoC4/IDAC_Fire_Thresh.c ****     CyExitCriticalSection(enableInterrupts);
 119              		.loc 1 105 0
 120 001e FFF7FEFF 		bl	CyExitCriticalSection
 121              	.LVL7:
 106:Generated_Source\PSoC4/IDAC_Fire_Thresh.c **** 
 107:Generated_Source\PSoC4/IDAC_Fire_Thresh.c **** }
ARM GAS  C:\Users\Nick\AppData\Local\Temp\cc2HAKVU.s 			page 5


 122              		.loc 1 107 0
 123              		@ sp needed
 124 0022 08BD     		pop	{r3, pc}
 125              	.L6:
 126              		.align	2
 127              	.L5:
 128 0024 08002840 		.word	1076363272
 129 0028 04002840 		.word	1076363268
 130              		.cfi_endproc
 131              	.LFE3:
 132              		.size	IDAC_Fire_Thresh_Enable, .-IDAC_Fire_Thresh_Enable
 133              		.section	.text.IDAC_Fire_Thresh_Start,"ax",%progbits
 134              		.align	2
 135              		.global	IDAC_Fire_Thresh_Start
 136              		.code	16
 137              		.thumb_func
 138              		.type	IDAC_Fire_Thresh_Start, %function
 139              	IDAC_Fire_Thresh_Start:
 140              	.LFB4:
 108:Generated_Source\PSoC4/IDAC_Fire_Thresh.c **** 
 109:Generated_Source\PSoC4/IDAC_Fire_Thresh.c **** 
 110:Generated_Source\PSoC4/IDAC_Fire_Thresh.c **** /*******************************************************************************
 111:Generated_Source\PSoC4/IDAC_Fire_Thresh.c **** * Function Name: IDAC_Fire_Thresh_Start
 112:Generated_Source\PSoC4/IDAC_Fire_Thresh.c **** ********************************************************************************
 113:Generated_Source\PSoC4/IDAC_Fire_Thresh.c **** *
 114:Generated_Source\PSoC4/IDAC_Fire_Thresh.c **** * Summary:
 115:Generated_Source\PSoC4/IDAC_Fire_Thresh.c **** *  Starts the IDAC hardware.
 116:Generated_Source\PSoC4/IDAC_Fire_Thresh.c **** *
 117:Generated_Source\PSoC4/IDAC_Fire_Thresh.c **** * Parameters:
 118:Generated_Source\PSoC4/IDAC_Fire_Thresh.c **** *  None
 119:Generated_Source\PSoC4/IDAC_Fire_Thresh.c **** *
 120:Generated_Source\PSoC4/IDAC_Fire_Thresh.c **** * Return:
 121:Generated_Source\PSoC4/IDAC_Fire_Thresh.c **** *  None
 122:Generated_Source\PSoC4/IDAC_Fire_Thresh.c **** *
 123:Generated_Source\PSoC4/IDAC_Fire_Thresh.c **** * Global variables:
 124:Generated_Source\PSoC4/IDAC_Fire_Thresh.c **** *  IDAC_Fire_Thresh_initVar
 125:Generated_Source\PSoC4/IDAC_Fire_Thresh.c **** *
 126:Generated_Source\PSoC4/IDAC_Fire_Thresh.c **** *******************************************************************************/
 127:Generated_Source\PSoC4/IDAC_Fire_Thresh.c **** void IDAC_Fire_Thresh_Start(void)
 128:Generated_Source\PSoC4/IDAC_Fire_Thresh.c **** {
 141              		.loc 1 128 0
 142              		.cfi_startproc
 143 0000 08B5     		push	{r3, lr}
 144              		.cfi_def_cfa_offset 8
 145              		.cfi_offset 3, -8
 146              		.cfi_offset 14, -4
 129:Generated_Source\PSoC4/IDAC_Fire_Thresh.c ****     if(0u == IDAC_Fire_Thresh_initVar)
 147              		.loc 1 129 0
 148 0002 064B     		ldr	r3, .L9
 149 0004 1B68     		ldr	r3, [r3]
 150 0006 002B     		cmp	r3, #0
 151 0008 04D1     		bne	.L8
 130:Generated_Source\PSoC4/IDAC_Fire_Thresh.c ****     {
 131:Generated_Source\PSoC4/IDAC_Fire_Thresh.c ****         IDAC_Fire_Thresh_Init();
 152              		.loc 1 131 0
 153 000a FFF7FEFF 		bl	IDAC_Fire_Thresh_Init
 154              	.LVL8:
ARM GAS  C:\Users\Nick\AppData\Local\Temp\cc2HAKVU.s 			page 6


 132:Generated_Source\PSoC4/IDAC_Fire_Thresh.c ****         IDAC_Fire_Thresh_initVar = 1u;
 155              		.loc 1 132 0
 156 000e 0122     		mov	r2, #1
 157 0010 024B     		ldr	r3, .L9
 158 0012 1A60     		str	r2, [r3]
 159              	.L8:
 133:Generated_Source\PSoC4/IDAC_Fire_Thresh.c ****     }
 134:Generated_Source\PSoC4/IDAC_Fire_Thresh.c **** 
 135:Generated_Source\PSoC4/IDAC_Fire_Thresh.c ****     IDAC_Fire_Thresh_Enable();
 160              		.loc 1 135 0
 161 0014 FFF7FEFF 		bl	IDAC_Fire_Thresh_Enable
 162              	.LVL9:
 136:Generated_Source\PSoC4/IDAC_Fire_Thresh.c **** 
 137:Generated_Source\PSoC4/IDAC_Fire_Thresh.c **** }
 163              		.loc 1 137 0
 164              		@ sp needed
 165 0018 08BD     		pop	{r3, pc}
 166              	.L10:
 167 001a C046     		.align	2
 168              	.L9:
 169 001c 00000000 		.word	.LANCHOR0
 170              		.cfi_endproc
 171              	.LFE4:
 172              		.size	IDAC_Fire_Thresh_Start, .-IDAC_Fire_Thresh_Start
 173              		.section	.text.IDAC_Fire_Thresh_Stop,"ax",%progbits
 174              		.align	2
 175              		.global	IDAC_Fire_Thresh_Stop
 176              		.code	16
 177              		.thumb_func
 178              		.type	IDAC_Fire_Thresh_Stop, %function
 179              	IDAC_Fire_Thresh_Stop:
 180              	.LFB5:
 138:Generated_Source\PSoC4/IDAC_Fire_Thresh.c **** 
 139:Generated_Source\PSoC4/IDAC_Fire_Thresh.c **** 
 140:Generated_Source\PSoC4/IDAC_Fire_Thresh.c **** /*******************************************************************************
 141:Generated_Source\PSoC4/IDAC_Fire_Thresh.c **** * Function Name: IDAC_Fire_Thresh_Stop
 142:Generated_Source\PSoC4/IDAC_Fire_Thresh.c **** ********************************************************************************
 143:Generated_Source\PSoC4/IDAC_Fire_Thresh.c **** *
 144:Generated_Source\PSoC4/IDAC_Fire_Thresh.c **** * Summary:
 145:Generated_Source\PSoC4/IDAC_Fire_Thresh.c **** *  Stops the IDAC hardware.
 146:Generated_Source\PSoC4/IDAC_Fire_Thresh.c **** *
 147:Generated_Source\PSoC4/IDAC_Fire_Thresh.c **** * Parameters:
 148:Generated_Source\PSoC4/IDAC_Fire_Thresh.c **** *  None
 149:Generated_Source\PSoC4/IDAC_Fire_Thresh.c **** *
 150:Generated_Source\PSoC4/IDAC_Fire_Thresh.c **** * Return:
 151:Generated_Source\PSoC4/IDAC_Fire_Thresh.c **** *  None
 152:Generated_Source\PSoC4/IDAC_Fire_Thresh.c **** *
 153:Generated_Source\PSoC4/IDAC_Fire_Thresh.c **** * Global variables:
 154:Generated_Source\PSoC4/IDAC_Fire_Thresh.c **** *  None
 155:Generated_Source\PSoC4/IDAC_Fire_Thresh.c **** *
 156:Generated_Source\PSoC4/IDAC_Fire_Thresh.c **** *******************************************************************************/
 157:Generated_Source\PSoC4/IDAC_Fire_Thresh.c **** void IDAC_Fire_Thresh_Stop(void)
 158:Generated_Source\PSoC4/IDAC_Fire_Thresh.c **** {
 181              		.loc 1 158 0
 182              		.cfi_startproc
 183 0000 08B5     		push	{r3, lr}
 184              		.cfi_def_cfa_offset 8
ARM GAS  C:\Users\Nick\AppData\Local\Temp\cc2HAKVU.s 			page 7


 185              		.cfi_offset 3, -8
 186              		.cfi_offset 14, -4
 159:Generated_Source\PSoC4/IDAC_Fire_Thresh.c ****     uint8 enableInterrupts;
 160:Generated_Source\PSoC4/IDAC_Fire_Thresh.c **** 
 161:Generated_Source\PSoC4/IDAC_Fire_Thresh.c ****     enableInterrupts = CyEnterCriticalSection();
 187              		.loc 1 161 0
 188 0002 FFF7FEFF 		bl	CyEnterCriticalSection
 189              	.LVL10:
 162:Generated_Source\PSoC4/IDAC_Fire_Thresh.c **** 
 163:Generated_Source\PSoC4/IDAC_Fire_Thresh.c ****     /* Disable the IDAC */
 164:Generated_Source\PSoC4/IDAC_Fire_Thresh.c ****     IDAC_Fire_Thresh_IDAC_CONTROL_REG &= ((uint32)~((uint32)IDAC_Fire_Thresh_IDAC_MODE_MASK <<
 190              		.loc 1 164 0
 191 0006 044A     		ldr	r2, .L12
 192 0008 1168     		ldr	r1, [r2]
 193 000a 044B     		ldr	r3, .L12+4
 194 000c 0B40     		and	r3, r1
 195 000e 1360     		str	r3, [r2]
 165:Generated_Source\PSoC4/IDAC_Fire_Thresh.c ****         IDAC_Fire_Thresh_IDAC_MODE_POSITION));
 166:Generated_Source\PSoC4/IDAC_Fire_Thresh.c ****     CyExitCriticalSection(enableInterrupts);
 196              		.loc 1 166 0
 197 0010 FFF7FEFF 		bl	CyExitCriticalSection
 198              	.LVL11:
 167:Generated_Source\PSoC4/IDAC_Fire_Thresh.c **** }
 199              		.loc 1 167 0
 200              		@ sp needed
 201 0014 08BD     		pop	{r3, pc}
 202              	.L13:
 203 0016 C046     		.align	2
 204              	.L12:
 205 0018 08002840 		.word	1076363272
 206 001c FFFCFFFF 		.word	-769
 207              		.cfi_endproc
 208              	.LFE5:
 209              		.size	IDAC_Fire_Thresh_Stop, .-IDAC_Fire_Thresh_Stop
 210              		.section	.text.IDAC_Fire_Thresh_SetValue,"ax",%progbits
 211              		.align	2
 212              		.global	IDAC_Fire_Thresh_SetValue
 213              		.code	16
 214              		.thumb_func
 215              		.type	IDAC_Fire_Thresh_SetValue, %function
 216              	IDAC_Fire_Thresh_SetValue:
 217              	.LFB6:
 168:Generated_Source\PSoC4/IDAC_Fire_Thresh.c **** 
 169:Generated_Source\PSoC4/IDAC_Fire_Thresh.c **** 
 170:Generated_Source\PSoC4/IDAC_Fire_Thresh.c **** /*******************************************************************************
 171:Generated_Source\PSoC4/IDAC_Fire_Thresh.c **** * Function Name: IDAC_Fire_Thresh_SetValue
 172:Generated_Source\PSoC4/IDAC_Fire_Thresh.c **** ********************************************************************************
 173:Generated_Source\PSoC4/IDAC_Fire_Thresh.c **** *
 174:Generated_Source\PSoC4/IDAC_Fire_Thresh.c **** * Summary:
 175:Generated_Source\PSoC4/IDAC_Fire_Thresh.c **** *  Sets the IDAC value.
 176:Generated_Source\PSoC4/IDAC_Fire_Thresh.c **** *
 177:Generated_Source\PSoC4/IDAC_Fire_Thresh.c **** * Parameters:
 178:Generated_Source\PSoC4/IDAC_Fire_Thresh.c **** *  uint32 value
 179:Generated_Source\PSoC4/IDAC_Fire_Thresh.c **** *
 180:Generated_Source\PSoC4/IDAC_Fire_Thresh.c **** * Return:
 181:Generated_Source\PSoC4/IDAC_Fire_Thresh.c **** *  None
 182:Generated_Source\PSoC4/IDAC_Fire_Thresh.c **** *
ARM GAS  C:\Users\Nick\AppData\Local\Temp\cc2HAKVU.s 			page 8


 183:Generated_Source\PSoC4/IDAC_Fire_Thresh.c **** * Global variables:
 184:Generated_Source\PSoC4/IDAC_Fire_Thresh.c **** *  None
 185:Generated_Source\PSoC4/IDAC_Fire_Thresh.c **** *
 186:Generated_Source\PSoC4/IDAC_Fire_Thresh.c **** *******************************************************************************/
 187:Generated_Source\PSoC4/IDAC_Fire_Thresh.c **** void IDAC_Fire_Thresh_SetValue(uint32 value)
 188:Generated_Source\PSoC4/IDAC_Fire_Thresh.c **** {
 218              		.loc 1 188 0
 219              		.cfi_startproc
 220              	.LVL12:
 221 0000 10B5     		push	{r4, lr}
 222              		.cfi_def_cfa_offset 8
 223              		.cfi_offset 4, -8
 224              		.cfi_offset 14, -4
 225 0002 041C     		mov	r4, r0
 189:Generated_Source\PSoC4/IDAC_Fire_Thresh.c ****     uint8 enableInterrupts;
 190:Generated_Source\PSoC4/IDAC_Fire_Thresh.c ****     uint32 newRegisterValue;
 191:Generated_Source\PSoC4/IDAC_Fire_Thresh.c **** 
 192:Generated_Source\PSoC4/IDAC_Fire_Thresh.c ****     enableInterrupts = CyEnterCriticalSection();
 226              		.loc 1 192 0
 227 0004 FFF7FEFF 		bl	CyEnterCriticalSection
 228              	.LVL13:
 193:Generated_Source\PSoC4/IDAC_Fire_Thresh.c **** 
 194:Generated_Source\PSoC4/IDAC_Fire_Thresh.c ****     #if(IDAC_Fire_Thresh_IDAC_VALUE_POSITION != 0u)
 195:Generated_Source\PSoC4/IDAC_Fire_Thresh.c ****         newRegisterValue = ((IDAC_Fire_Thresh_IDAC_CONTROL_REG & (~(uint32)((uint32)IDAC_Fire_Thres
 196:Generated_Source\PSoC4/IDAC_Fire_Thresh.c ****         IDAC_Fire_Thresh_IDAC_VALUE_POSITION))) | (value << IDAC_Fire_Thresh_IDAC_VALUE_POSITION));
 197:Generated_Source\PSoC4/IDAC_Fire_Thresh.c ****     #else
 198:Generated_Source\PSoC4/IDAC_Fire_Thresh.c ****         newRegisterValue = ((IDAC_Fire_Thresh_IDAC_CONTROL_REG & (~(uint32)IDAC_Fire_Thresh_IDAC_VA
 229              		.loc 1 198 0
 230 0008 044A     		ldr	r2, .L15
 231 000a 1368     		ldr	r3, [r2]
 232 000c FF21     		mov	r1, #255
 233 000e 8B43     		bic	r3, r1
 234 0010 1C43     		orr	r4, r3
 235              	.LVL14:
 199:Generated_Source\PSoC4/IDAC_Fire_Thresh.c ****     #endif /* IDAC_Fire_Thresh_IDAC_VALUE_POSITION != 0u */
 200:Generated_Source\PSoC4/IDAC_Fire_Thresh.c **** 
 201:Generated_Source\PSoC4/IDAC_Fire_Thresh.c ****     IDAC_Fire_Thresh_IDAC_CONTROL_REG = newRegisterValue;
 236              		.loc 1 201 0
 237 0012 1460     		str	r4, [r2]
 202:Generated_Source\PSoC4/IDAC_Fire_Thresh.c **** 
 203:Generated_Source\PSoC4/IDAC_Fire_Thresh.c ****     CyExitCriticalSection(enableInterrupts);
 238              		.loc 1 203 0
 239 0014 FFF7FEFF 		bl	CyExitCriticalSection
 240              	.LVL15:
 204:Generated_Source\PSoC4/IDAC_Fire_Thresh.c **** }
 241              		.loc 1 204 0
 242              		@ sp needed
 243              	.LVL16:
 244 0018 10BD     		pop	{r4, pc}
 245              	.L16:
 246 001a C046     		.align	2
 247              	.L15:
 248 001c 08002840 		.word	1076363272
 249              		.cfi_endproc
 250              	.LFE6:
 251              		.size	IDAC_Fire_Thresh_SetValue, .-IDAC_Fire_Thresh_SetValue
 252              		.global	IDAC_Fire_Thresh_initVar
ARM GAS  C:\Users\Nick\AppData\Local\Temp\cc2HAKVU.s 			page 9


 253              		.bss
 254              		.align	2
 255              		.set	.LANCHOR0,. + 0
 256              		.type	IDAC_Fire_Thresh_initVar, %object
 257              		.size	IDAC_Fire_Thresh_initVar, 4
 258              	IDAC_Fire_Thresh_initVar:
 259 0000 00000000 		.space	4
 260              		.text
 261              	.Letext0:
 262              		.file 2 "Generated_Source\\PSoC4\\cytypes.h"
 263              		.file 3 "Generated_Source\\PSoC4\\CyLib.h"
 264              		.section	.debug_info,"",%progbits
 265              	.Ldebug_info0:
 266 0000 16020000 		.4byte	0x216
 267 0004 0400     		.2byte	0x4
 268 0006 00000000 		.4byte	.Ldebug_abbrev0
 269 000a 04       		.byte	0x4
 270 000b 01       		.uleb128 0x1
 271 000c BC010000 		.4byte	.LASF25
 272 0010 01       		.byte	0x1
 273 0011 7F020000 		.4byte	.LASF26
 274 0015 26010000 		.4byte	.LASF27
 275 0019 00000000 		.4byte	.Ldebug_ranges0+0
 276 001d 00000000 		.4byte	0
 277 0021 00000000 		.4byte	.Ldebug_line0
 278 0025 02       		.uleb128 0x2
 279 0026 01       		.byte	0x1
 280 0027 06       		.byte	0x6
 281 0028 73020000 		.4byte	.LASF0
 282 002c 02       		.uleb128 0x2
 283 002d 01       		.byte	0x1
 284 002e 08       		.byte	0x8
 285 002f 69000000 		.4byte	.LASF1
 286 0033 02       		.uleb128 0x2
 287 0034 02       		.byte	0x2
 288 0035 05       		.byte	0x5
 289 0036 4A020000 		.4byte	.LASF2
 290 003a 02       		.uleb128 0x2
 291 003b 02       		.byte	0x2
 292 003c 07       		.byte	0x7
 293 003d 0C000000 		.4byte	.LASF3
 294 0041 02       		.uleb128 0x2
 295 0042 04       		.byte	0x4
 296 0043 05       		.byte	0x5
 297 0044 54020000 		.4byte	.LASF4
 298 0048 02       		.uleb128 0x2
 299 0049 04       		.byte	0x4
 300 004a 07       		.byte	0x7
 301 004b 7C000000 		.4byte	.LASF5
 302 004f 02       		.uleb128 0x2
 303 0050 08       		.byte	0x8
 304 0051 05       		.byte	0x5
 305 0052 A9010000 		.4byte	.LASF6
 306 0056 02       		.uleb128 0x2
 307 0057 08       		.byte	0x8
 308 0058 07       		.byte	0x7
 309 0059 52000000 		.4byte	.LASF7
ARM GAS  C:\Users\Nick\AppData\Local\Temp\cc2HAKVU.s 			page 10


 310 005d 03       		.uleb128 0x3
 311 005e 04       		.byte	0x4
 312 005f 05       		.byte	0x5
 313 0060 696E7400 		.ascii	"int\000"
 314 0064 02       		.uleb128 0x2
 315 0065 04       		.byte	0x4
 316 0066 07       		.byte	0x7
 317 0067 03010000 		.4byte	.LASF8
 318 006b 04       		.uleb128 0x4
 319 006c 8E000000 		.4byte	.LASF9
 320 0070 02       		.byte	0x2
 321 0071 C2       		.byte	0xc2
 322 0072 2C000000 		.4byte	0x2c
 323 0076 04       		.uleb128 0x4
 324 0077 E5000000 		.4byte	.LASF10
 325 007b 02       		.byte	0x2
 326 007c C4       		.byte	0xc4
 327 007d 48000000 		.4byte	0x48
 328 0081 02       		.uleb128 0x2
 329 0082 04       		.byte	0x4
 330 0083 04       		.byte	0x4
 331 0084 4C000000 		.4byte	.LASF11
 332 0088 02       		.uleb128 0x2
 333 0089 08       		.byte	0x8
 334 008a 04       		.byte	0x4
 335 008b D7000000 		.4byte	.LASF12
 336 008f 02       		.uleb128 0x2
 337 0090 01       		.byte	0x1
 338 0091 08       		.byte	0x8
 339 0092 B7010000 		.4byte	.LASF13
 340 0096 05       		.uleb128 0x5
 341 0097 77000000 		.4byte	.LASF14
 342 009b 02       		.byte	0x2
 343 009c 6C01     		.2byte	0x16c
 344 009e A2000000 		.4byte	0xa2
 345 00a2 06       		.uleb128 0x6
 346 00a3 6B000000 		.4byte	0x6b
 347 00a7 05       		.uleb128 0x5
 348 00a8 00000000 		.4byte	.LASF15
 349 00ac 02       		.byte	0x2
 350 00ad 6E01     		.2byte	0x16e
 351 00af B3000000 		.4byte	0xb3
 352 00b3 06       		.uleb128 0x6
 353 00b4 76000000 		.4byte	0x76
 354 00b8 02       		.uleb128 0x2
 355 00b9 04       		.byte	0x4
 356 00ba 07       		.byte	0x7
 357 00bb A0010000 		.4byte	.LASF16
 358 00bf 07       		.uleb128 0x7
 359 00c0 5D020000 		.4byte	.LASF19
 360 00c4 01       		.byte	0x1
 361 00c5 25       		.byte	0x25
 362 00c6 00000000 		.4byte	.LFB2
 363 00ca 54000000 		.4byte	.LFE2-.LFB2
 364 00ce 01       		.uleb128 0x1
 365 00cf 9C       		.byte	0x9c
 366 00d0 05010000 		.4byte	0x105
ARM GAS  C:\Users\Nick\AppData\Local\Temp\cc2HAKVU.s 			page 11


 367 00d4 08       		.uleb128 0x8
 368 00d5 DE000000 		.4byte	.LASF17
 369 00d9 01       		.byte	0x1
 370 00da 27       		.byte	0x27
 371 00db 76000000 		.4byte	0x76
 372 00df 00000000 		.4byte	.LLST0
 373 00e3 08       		.uleb128 0x8
 374 00e4 C6000000 		.4byte	.LASF18
 375 00e8 01       		.byte	0x1
 376 00e9 28       		.byte	0x28
 377 00ea 6B000000 		.4byte	0x6b
 378 00ee 2A000000 		.4byte	.LLST1
 379 00f2 09       		.uleb128 0x9
 380 00f3 06000000 		.4byte	.LVL0
 381 00f7 01020000 		.4byte	0x201
 382 00fb 09       		.uleb128 0x9
 383 00fc 3C000000 		.4byte	.LVL5
 384 0100 0C020000 		.4byte	0x20c
 385 0104 00       		.byte	0
 386 0105 07       		.uleb128 0x7
 387 0106 94000000 		.4byte	.LASF20
 388 010a 01       		.byte	0x1
 389 010b 5E       		.byte	0x5e
 390 010c 00000000 		.4byte	.LFB3
 391 0110 2C000000 		.4byte	.LFE3-.LFB3
 392 0114 01       		.uleb128 0x1
 393 0115 9C       		.byte	0x9c
 394 0116 3C010000 		.4byte	0x13c
 395 011a 08       		.uleb128 0x8
 396 011b C6000000 		.4byte	.LASF18
 397 011f 01       		.byte	0x1
 398 0120 60       		.byte	0x60
 399 0121 6B000000 		.4byte	0x6b
 400 0125 3D000000 		.4byte	.LLST2
 401 0129 09       		.uleb128 0x9
 402 012a 06000000 		.4byte	.LVL6
 403 012e 01020000 		.4byte	0x201
 404 0132 09       		.uleb128 0x9
 405 0133 22000000 		.4byte	.LVL7
 406 0137 0C020000 		.4byte	0x20c
 407 013b 00       		.byte	0
 408 013c 07       		.uleb128 0x7
 409 013d 1F000000 		.4byte	.LASF21
 410 0141 01       		.byte	0x1
 411 0142 7F       		.byte	0x7f
 412 0143 00000000 		.4byte	.LFB4
 413 0147 20000000 		.4byte	.LFE4-.LFB4
 414 014b 01       		.uleb128 0x1
 415 014c 9C       		.byte	0x9c
 416 014d 64010000 		.4byte	0x164
 417 0151 09       		.uleb128 0x9
 418 0152 0E000000 		.4byte	.LVL8
 419 0156 BF000000 		.4byte	0xbf
 420 015a 09       		.uleb128 0x9
 421 015b 18000000 		.4byte	.LVL9
 422 015f 05010000 		.4byte	0x105
 423 0163 00       		.byte	0
ARM GAS  C:\Users\Nick\AppData\Local\Temp\cc2HAKVU.s 			page 12


 424 0164 07       		.uleb128 0x7
 425 0165 36000000 		.4byte	.LASF22
 426 0169 01       		.byte	0x1
 427 016a 9D       		.byte	0x9d
 428 016b 00000000 		.4byte	.LFB5
 429 016f 20000000 		.4byte	.LFE5-.LFB5
 430 0173 01       		.uleb128 0x1
 431 0174 9C       		.byte	0x9c
 432 0175 9B010000 		.4byte	0x19b
 433 0179 08       		.uleb128 0x8
 434 017a C6000000 		.4byte	.LASF18
 435 017e 01       		.byte	0x1
 436 017f 9F       		.byte	0x9f
 437 0180 6B000000 		.4byte	0x6b
 438 0184 50000000 		.4byte	.LLST3
 439 0188 09       		.uleb128 0x9
 440 0189 06000000 		.4byte	.LVL10
 441 018d 01020000 		.4byte	0x201
 442 0191 09       		.uleb128 0x9
 443 0192 14000000 		.4byte	.LVL11
 444 0196 0C020000 		.4byte	0x20c
 445 019a 00       		.byte	0
 446 019b 07       		.uleb128 0x7
 447 019c AC000000 		.4byte	.LASF23
 448 01a0 01       		.byte	0x1
 449 01a1 BB       		.byte	0xbb
 450 01a2 00000000 		.4byte	.LFB6
 451 01a6 20000000 		.4byte	.LFE6-.LFB6
 452 01aa 01       		.uleb128 0x1
 453 01ab 9C       		.byte	0x9c
 454 01ac F0010000 		.4byte	0x1f0
 455 01b0 0A       		.uleb128 0xa
 456 01b1 06000000 		.4byte	.LASF28
 457 01b5 01       		.byte	0x1
 458 01b6 BB       		.byte	0xbb
 459 01b7 76000000 		.4byte	0x76
 460 01bb 63000000 		.4byte	.LLST4
 461 01bf 08       		.uleb128 0x8
 462 01c0 C6000000 		.4byte	.LASF18
 463 01c4 01       		.byte	0x1
 464 01c5 BD       		.byte	0xbd
 465 01c6 6B000000 		.4byte	0x6b
 466 01ca 8F000000 		.4byte	.LLST5
 467 01ce 08       		.uleb128 0x8
 468 01cf 8F010000 		.4byte	.LASF24
 469 01d3 01       		.byte	0x1
 470 01d4 BE       		.byte	0xbe
 471 01d5 76000000 		.4byte	0x76
 472 01d9 A2000000 		.4byte	.LLST6
 473 01dd 09       		.uleb128 0x9
 474 01de 08000000 		.4byte	.LVL13
 475 01e2 01020000 		.4byte	0x201
 476 01e6 09       		.uleb128 0x9
 477 01e7 18000000 		.4byte	.LVL15
 478 01eb 0C020000 		.4byte	0x20c
 479 01ef 00       		.byte	0
 480 01f0 0B       		.uleb128 0xb
ARM GAS  C:\Users\Nick\AppData\Local\Temp\cc2HAKVU.s 			page 13


 481 01f1 76010000 		.4byte	.LASF29
 482 01f5 01       		.byte	0x1
 483 01f6 11       		.byte	0x11
 484 01f7 76000000 		.4byte	0x76
 485 01fb 05       		.uleb128 0x5
 486 01fc 03       		.byte	0x3
 487 01fd 00000000 		.4byte	IDAC_Fire_Thresh_initVar
 488 0201 0C       		.uleb128 0xc
 489 0202 EC000000 		.4byte	.LASF30
 490 0206 03       		.byte	0x3
 491 0207 5E       		.byte	0x5e
 492 0208 6B000000 		.4byte	0x6b
 493 020c 0D       		.uleb128 0xd
 494 020d 10010000 		.4byte	.LASF31
 495 0211 03       		.byte	0x3
 496 0212 5F       		.byte	0x5f
 497 0213 0E       		.uleb128 0xe
 498 0214 6B000000 		.4byte	0x6b
 499 0218 00       		.byte	0
 500 0219 00       		.byte	0
 501              		.section	.debug_abbrev,"",%progbits
 502              	.Ldebug_abbrev0:
 503 0000 01       		.uleb128 0x1
 504 0001 11       		.uleb128 0x11
 505 0002 01       		.byte	0x1
 506 0003 25       		.uleb128 0x25
 507 0004 0E       		.uleb128 0xe
 508 0005 13       		.uleb128 0x13
 509 0006 0B       		.uleb128 0xb
 510 0007 03       		.uleb128 0x3
 511 0008 0E       		.uleb128 0xe
 512 0009 1B       		.uleb128 0x1b
 513 000a 0E       		.uleb128 0xe
 514 000b 55       		.uleb128 0x55
 515 000c 17       		.uleb128 0x17
 516 000d 11       		.uleb128 0x11
 517 000e 01       		.uleb128 0x1
 518 000f 10       		.uleb128 0x10
 519 0010 17       		.uleb128 0x17
 520 0011 00       		.byte	0
 521 0012 00       		.byte	0
 522 0013 02       		.uleb128 0x2
 523 0014 24       		.uleb128 0x24
 524 0015 00       		.byte	0
 525 0016 0B       		.uleb128 0xb
 526 0017 0B       		.uleb128 0xb
 527 0018 3E       		.uleb128 0x3e
 528 0019 0B       		.uleb128 0xb
 529 001a 03       		.uleb128 0x3
 530 001b 0E       		.uleb128 0xe
 531 001c 00       		.byte	0
 532 001d 00       		.byte	0
 533 001e 03       		.uleb128 0x3
 534 001f 24       		.uleb128 0x24
 535 0020 00       		.byte	0
 536 0021 0B       		.uleb128 0xb
 537 0022 0B       		.uleb128 0xb
ARM GAS  C:\Users\Nick\AppData\Local\Temp\cc2HAKVU.s 			page 14


 538 0023 3E       		.uleb128 0x3e
 539 0024 0B       		.uleb128 0xb
 540 0025 03       		.uleb128 0x3
 541 0026 08       		.uleb128 0x8
 542 0027 00       		.byte	0
 543 0028 00       		.byte	0
 544 0029 04       		.uleb128 0x4
 545 002a 16       		.uleb128 0x16
 546 002b 00       		.byte	0
 547 002c 03       		.uleb128 0x3
 548 002d 0E       		.uleb128 0xe
 549 002e 3A       		.uleb128 0x3a
 550 002f 0B       		.uleb128 0xb
 551 0030 3B       		.uleb128 0x3b
 552 0031 0B       		.uleb128 0xb
 553 0032 49       		.uleb128 0x49
 554 0033 13       		.uleb128 0x13
 555 0034 00       		.byte	0
 556 0035 00       		.byte	0
 557 0036 05       		.uleb128 0x5
 558 0037 16       		.uleb128 0x16
 559 0038 00       		.byte	0
 560 0039 03       		.uleb128 0x3
 561 003a 0E       		.uleb128 0xe
 562 003b 3A       		.uleb128 0x3a
 563 003c 0B       		.uleb128 0xb
 564 003d 3B       		.uleb128 0x3b
 565 003e 05       		.uleb128 0x5
 566 003f 49       		.uleb128 0x49
 567 0040 13       		.uleb128 0x13
 568 0041 00       		.byte	0
 569 0042 00       		.byte	0
 570 0043 06       		.uleb128 0x6
 571 0044 35       		.uleb128 0x35
 572 0045 00       		.byte	0
 573 0046 49       		.uleb128 0x49
 574 0047 13       		.uleb128 0x13
 575 0048 00       		.byte	0
 576 0049 00       		.byte	0
 577 004a 07       		.uleb128 0x7
 578 004b 2E       		.uleb128 0x2e
 579 004c 01       		.byte	0x1
 580 004d 3F       		.uleb128 0x3f
 581 004e 19       		.uleb128 0x19
 582 004f 03       		.uleb128 0x3
 583 0050 0E       		.uleb128 0xe
 584 0051 3A       		.uleb128 0x3a
 585 0052 0B       		.uleb128 0xb
 586 0053 3B       		.uleb128 0x3b
 587 0054 0B       		.uleb128 0xb
 588 0055 27       		.uleb128 0x27
 589 0056 19       		.uleb128 0x19
 590 0057 11       		.uleb128 0x11
 591 0058 01       		.uleb128 0x1
 592 0059 12       		.uleb128 0x12
 593 005a 06       		.uleb128 0x6
 594 005b 40       		.uleb128 0x40
ARM GAS  C:\Users\Nick\AppData\Local\Temp\cc2HAKVU.s 			page 15


 595 005c 18       		.uleb128 0x18
 596 005d 9742     		.uleb128 0x2117
 597 005f 19       		.uleb128 0x19
 598 0060 01       		.uleb128 0x1
 599 0061 13       		.uleb128 0x13
 600 0062 00       		.byte	0
 601 0063 00       		.byte	0
 602 0064 08       		.uleb128 0x8
 603 0065 34       		.uleb128 0x34
 604 0066 00       		.byte	0
 605 0067 03       		.uleb128 0x3
 606 0068 0E       		.uleb128 0xe
 607 0069 3A       		.uleb128 0x3a
 608 006a 0B       		.uleb128 0xb
 609 006b 3B       		.uleb128 0x3b
 610 006c 0B       		.uleb128 0xb
 611 006d 49       		.uleb128 0x49
 612 006e 13       		.uleb128 0x13
 613 006f 02       		.uleb128 0x2
 614 0070 17       		.uleb128 0x17
 615 0071 00       		.byte	0
 616 0072 00       		.byte	0
 617 0073 09       		.uleb128 0x9
 618 0074 898201   		.uleb128 0x4109
 619 0077 00       		.byte	0
 620 0078 11       		.uleb128 0x11
 621 0079 01       		.uleb128 0x1
 622 007a 31       		.uleb128 0x31
 623 007b 13       		.uleb128 0x13
 624 007c 00       		.byte	0
 625 007d 00       		.byte	0
 626 007e 0A       		.uleb128 0xa
 627 007f 05       		.uleb128 0x5
 628 0080 00       		.byte	0
 629 0081 03       		.uleb128 0x3
 630 0082 0E       		.uleb128 0xe
 631 0083 3A       		.uleb128 0x3a
 632 0084 0B       		.uleb128 0xb
 633 0085 3B       		.uleb128 0x3b
 634 0086 0B       		.uleb128 0xb
 635 0087 49       		.uleb128 0x49
 636 0088 13       		.uleb128 0x13
 637 0089 02       		.uleb128 0x2
 638 008a 17       		.uleb128 0x17
 639 008b 00       		.byte	0
 640 008c 00       		.byte	0
 641 008d 0B       		.uleb128 0xb
 642 008e 34       		.uleb128 0x34
 643 008f 00       		.byte	0
 644 0090 03       		.uleb128 0x3
 645 0091 0E       		.uleb128 0xe
 646 0092 3A       		.uleb128 0x3a
 647 0093 0B       		.uleb128 0xb
 648 0094 3B       		.uleb128 0x3b
 649 0095 0B       		.uleb128 0xb
 650 0096 49       		.uleb128 0x49
 651 0097 13       		.uleb128 0x13
ARM GAS  C:\Users\Nick\AppData\Local\Temp\cc2HAKVU.s 			page 16


 652 0098 3F       		.uleb128 0x3f
 653 0099 19       		.uleb128 0x19
 654 009a 02       		.uleb128 0x2
 655 009b 18       		.uleb128 0x18
 656 009c 00       		.byte	0
 657 009d 00       		.byte	0
 658 009e 0C       		.uleb128 0xc
 659 009f 2E       		.uleb128 0x2e
 660 00a0 00       		.byte	0
 661 00a1 3F       		.uleb128 0x3f
 662 00a2 19       		.uleb128 0x19
 663 00a3 03       		.uleb128 0x3
 664 00a4 0E       		.uleb128 0xe
 665 00a5 3A       		.uleb128 0x3a
 666 00a6 0B       		.uleb128 0xb
 667 00a7 3B       		.uleb128 0x3b
 668 00a8 0B       		.uleb128 0xb
 669 00a9 27       		.uleb128 0x27
 670 00aa 19       		.uleb128 0x19
 671 00ab 49       		.uleb128 0x49
 672 00ac 13       		.uleb128 0x13
 673 00ad 3C       		.uleb128 0x3c
 674 00ae 19       		.uleb128 0x19
 675 00af 00       		.byte	0
 676 00b0 00       		.byte	0
 677 00b1 0D       		.uleb128 0xd
 678 00b2 2E       		.uleb128 0x2e
 679 00b3 01       		.byte	0x1
 680 00b4 3F       		.uleb128 0x3f
 681 00b5 19       		.uleb128 0x19
 682 00b6 03       		.uleb128 0x3
 683 00b7 0E       		.uleb128 0xe
 684 00b8 3A       		.uleb128 0x3a
 685 00b9 0B       		.uleb128 0xb
 686 00ba 3B       		.uleb128 0x3b
 687 00bb 0B       		.uleb128 0xb
 688 00bc 27       		.uleb128 0x27
 689 00bd 19       		.uleb128 0x19
 690 00be 3C       		.uleb128 0x3c
 691 00bf 19       		.uleb128 0x19
 692 00c0 00       		.byte	0
 693 00c1 00       		.byte	0
 694 00c2 0E       		.uleb128 0xe
 695 00c3 05       		.uleb128 0x5
 696 00c4 00       		.byte	0
 697 00c5 49       		.uleb128 0x49
 698 00c6 13       		.uleb128 0x13
 699 00c7 00       		.byte	0
 700 00c8 00       		.byte	0
 701 00c9 00       		.byte	0
 702              		.section	.debug_loc,"",%progbits
 703              	.Ldebug_loc0:
 704              	.LLST0:
 705 0000 10000000 		.4byte	.LVL1
 706 0004 1A000000 		.4byte	.LVL2
 707 0008 0100     		.2byte	0x1
 708 000a 52       		.byte	0x52
ARM GAS  C:\Users\Nick\AppData\Local\Temp\cc2HAKVU.s 			page 17


 709 000b 1A000000 		.4byte	.LVL2
 710 000f 20000000 		.4byte	.LVL3
 711 0013 0100     		.2byte	0x1
 712 0015 53       		.byte	0x53
 713 0016 20000000 		.4byte	.LVL3
 714 001a 22000000 		.4byte	.LVL4
 715 001e 0200     		.2byte	0x2
 716 0020 71       		.byte	0x71
 717 0021 00       		.sleb128 0
 718 0022 00000000 		.4byte	0
 719 0026 00000000 		.4byte	0
 720              	.LLST1:
 721 002a 06000000 		.4byte	.LVL0
 722 002e 3B000000 		.4byte	.LVL5-1
 723 0032 0100     		.2byte	0x1
 724 0034 50       		.byte	0x50
 725 0035 00000000 		.4byte	0
 726 0039 00000000 		.4byte	0
 727              	.LLST2:
 728 003d 06000000 		.4byte	.LVL6
 729 0041 21000000 		.4byte	.LVL7-1
 730 0045 0100     		.2byte	0x1
 731 0047 50       		.byte	0x50
 732 0048 00000000 		.4byte	0
 733 004c 00000000 		.4byte	0
 734              	.LLST3:
 735 0050 06000000 		.4byte	.LVL10
 736 0054 13000000 		.4byte	.LVL11-1
 737 0058 0100     		.2byte	0x1
 738 005a 50       		.byte	0x50
 739 005b 00000000 		.4byte	0
 740 005f 00000000 		.4byte	0
 741              	.LLST4:
 742 0063 00000000 		.4byte	.LVL12
 743 0067 07000000 		.4byte	.LVL13-1
 744 006b 0100     		.2byte	0x1
 745 006d 50       		.byte	0x50
 746 006e 07000000 		.4byte	.LVL13-1
 747 0072 12000000 		.4byte	.LVL14
 748 0076 0100     		.2byte	0x1
 749 0078 54       		.byte	0x54
 750 0079 12000000 		.4byte	.LVL14
 751 007d 20000000 		.4byte	.LFE6
 752 0081 0400     		.2byte	0x4
 753 0083 F3       		.byte	0xf3
 754 0084 01       		.uleb128 0x1
 755 0085 50       		.byte	0x50
 756 0086 9F       		.byte	0x9f
 757 0087 00000000 		.4byte	0
 758 008b 00000000 		.4byte	0
 759              	.LLST5:
 760 008f 08000000 		.4byte	.LVL13
 761 0093 17000000 		.4byte	.LVL15-1
 762 0097 0100     		.2byte	0x1
 763 0099 50       		.byte	0x50
 764 009a 00000000 		.4byte	0
 765 009e 00000000 		.4byte	0
ARM GAS  C:\Users\Nick\AppData\Local\Temp\cc2HAKVU.s 			page 18


 766              	.LLST6:
 767 00a2 12000000 		.4byte	.LVL14
 768 00a6 18000000 		.4byte	.LVL16
 769 00aa 0100     		.2byte	0x1
 770 00ac 54       		.byte	0x54
 771 00ad 00000000 		.4byte	0
 772 00b1 00000000 		.4byte	0
 773              		.section	.debug_aranges,"",%progbits
 774 0000 3C000000 		.4byte	0x3c
 775 0004 0200     		.2byte	0x2
 776 0006 00000000 		.4byte	.Ldebug_info0
 777 000a 04       		.byte	0x4
 778 000b 00       		.byte	0
 779 000c 0000     		.2byte	0
 780 000e 0000     		.2byte	0
 781 0010 00000000 		.4byte	.LFB2
 782 0014 54000000 		.4byte	.LFE2-.LFB2
 783 0018 00000000 		.4byte	.LFB3
 784 001c 2C000000 		.4byte	.LFE3-.LFB3
 785 0020 00000000 		.4byte	.LFB4
 786 0024 20000000 		.4byte	.LFE4-.LFB4
 787 0028 00000000 		.4byte	.LFB5
 788 002c 20000000 		.4byte	.LFE5-.LFB5
 789 0030 00000000 		.4byte	.LFB6
 790 0034 20000000 		.4byte	.LFE6-.LFB6
 791 0038 00000000 		.4byte	0
 792 003c 00000000 		.4byte	0
 793              		.section	.debug_ranges,"",%progbits
 794              	.Ldebug_ranges0:
 795 0000 00000000 		.4byte	.LFB2
 796 0004 54000000 		.4byte	.LFE2
 797 0008 00000000 		.4byte	.LFB3
 798 000c 2C000000 		.4byte	.LFE3
 799 0010 00000000 		.4byte	.LFB4
 800 0014 20000000 		.4byte	.LFE4
 801 0018 00000000 		.4byte	.LFB5
 802 001c 20000000 		.4byte	.LFE5
 803 0020 00000000 		.4byte	.LFB6
 804 0024 20000000 		.4byte	.LFE6
 805 0028 00000000 		.4byte	0
 806 002c 00000000 		.4byte	0
 807              		.section	.debug_line,"",%progbits
 808              	.Ldebug_line0:
 809 0000 CA000000 		.section	.debug_str,"MS",%progbits,1
 809      02005800 
 809      00000201 
 809      FB0E0D00 
 809      01010101 
 810              	.LASF15:
 811 0000 72656733 		.ascii	"reg32\000"
 811      3200
 812              	.LASF28:
 813 0006 76616C75 		.ascii	"value\000"
 813      6500
 814              	.LASF3:
 815 000c 73686F72 		.ascii	"short unsigned int\000"
 815      7420756E 
ARM GAS  C:\Users\Nick\AppData\Local\Temp\cc2HAKVU.s 			page 19


 815      7369676E 
 815      65642069 
 815      6E7400
 816              	.LASF21:
 817 001f 49444143 		.ascii	"IDAC_Fire_Thresh_Start\000"
 817      5F466972 
 817      655F5468 
 817      72657368 
 817      5F537461 
 818              	.LASF22:
 819 0036 49444143 		.ascii	"IDAC_Fire_Thresh_Stop\000"
 819      5F466972 
 819      655F5468 
 819      72657368 
 819      5F53746F 
 820              	.LASF11:
 821 004c 666C6F61 		.ascii	"float\000"
 821      7400
 822              	.LASF7:
 823 0052 6C6F6E67 		.ascii	"long long unsigned int\000"
 823      206C6F6E 
 823      6720756E 
 823      7369676E 
 823      65642069 
 824              	.LASF1:
 825 0069 756E7369 		.ascii	"unsigned char\000"
 825      676E6564 
 825      20636861 
 825      7200
 826              	.LASF14:
 827 0077 72656738 		.ascii	"reg8\000"
 827      00
 828              	.LASF5:
 829 007c 6C6F6E67 		.ascii	"long unsigned int\000"
 829      20756E73 
 829      69676E65 
 829      6420696E 
 829      7400
 830              	.LASF9:
 831 008e 75696E74 		.ascii	"uint8\000"
 831      3800
 832              	.LASF20:
 833 0094 49444143 		.ascii	"IDAC_Fire_Thresh_Enable\000"
 833      5F466972 
 833      655F5468 
 833      72657368 
 833      5F456E61 
 834              	.LASF23:
 835 00ac 49444143 		.ascii	"IDAC_Fire_Thresh_SetValue\000"
 835      5F466972 
 835      655F5468 
 835      72657368 
 835      5F536574 
 836              	.LASF18:
 837 00c6 656E6162 		.ascii	"enableInterrupts\000"
 837      6C65496E 
 837      74657272 
ARM GAS  C:\Users\Nick\AppData\Local\Temp\cc2HAKVU.s 			page 20


 837      75707473 
 837      00
 838              	.LASF12:
 839 00d7 646F7562 		.ascii	"double\000"
 839      6C6500
 840              	.LASF17:
 841 00de 72656756 		.ascii	"regVal\000"
 841      616C00
 842              	.LASF10:
 843 00e5 75696E74 		.ascii	"uint32\000"
 843      333200
 844              	.LASF30:
 845 00ec 4379456E 		.ascii	"CyEnterCriticalSection\000"
 845      74657243 
 845      72697469 
 845      63616C53 
 845      65637469 
 846              	.LASF8:
 847 0103 756E7369 		.ascii	"unsigned int\000"
 847      676E6564 
 847      20696E74 
 847      00
 848              	.LASF31:
 849 0110 43794578 		.ascii	"CyExitCriticalSection\000"
 849      69744372 
 849      69746963 
 849      616C5365 
 849      6374696F 
 850              	.LASF27:
 851 0126 433A5C55 		.ascii	"C:\\Users\\Nick\\Documents\\PSoC Creator\\capsensel"
 851      73657273 
 851      5C4E6963 
 851      6B5C446F 
 851      63756D65 
 852 0154 6564315C 		.ascii	"ed1\\capsenseled\\capsenseled.cydsn\000"
 852      63617073 
 852      656E7365 
 852      6C65645C 
 852      63617073 
 853              	.LASF29:
 854 0176 49444143 		.ascii	"IDAC_Fire_Thresh_initVar\000"
 854      5F466972 
 854      655F5468 
 854      72657368 
 854      5F696E69 
 855              	.LASF24:
 856 018f 6E657752 		.ascii	"newRegisterValue\000"
 856      65676973 
 856      74657256 
 856      616C7565 
 856      00
 857              	.LASF16:
 858 01a0 73697A65 		.ascii	"sizetype\000"
 858      74797065 
 858      00
 859              	.LASF6:
 860 01a9 6C6F6E67 		.ascii	"long long int\000"
ARM GAS  C:\Users\Nick\AppData\Local\Temp\cc2HAKVU.s 			page 21


 860      206C6F6E 
 860      6720696E 
 860      7400
 861              	.LASF13:
 862 01b7 63686172 		.ascii	"char\000"
 862      00
 863              	.LASF25:
 864 01bc 474E5520 		.ascii	"GNU C 4.9.3 20150303 (release) [ARM/embedded-4_9-br"
 864      4320342E 
 864      392E3320 
 864      32303135 
 864      30333033 
 865 01ef 616E6368 		.ascii	"anch revision 221220] -mcpu=cortex-m0 -mthumb -g -O"
 865      20726576 
 865      6973696F 
 865      6E203232 
 865      31323230 
 866 0222 67202D66 		.ascii	"g -ffunction-sections -ffat-lto-objects\000"
 866      66756E63 
 866      74696F6E 
 866      2D736563 
 866      74696F6E 
 867              	.LASF2:
 868 024a 73686F72 		.ascii	"short int\000"
 868      7420696E 
 868      7400
 869              	.LASF4:
 870 0254 6C6F6E67 		.ascii	"long int\000"
 870      20696E74 
 870      00
 871              	.LASF19:
 872 025d 49444143 		.ascii	"IDAC_Fire_Thresh_Init\000"
 872      5F466972 
 872      655F5468 
 872      72657368 
 872      5F496E69 
 873              	.LASF0:
 874 0273 7369676E 		.ascii	"signed char\000"
 874      65642063 
 874      68617200 
 875              	.LASF26:
 876 027f 47656E65 		.ascii	"Generated_Source\\PSoC4\\IDAC_Fire_Thresh.c\000"
 876      72617465 
 876      645F536F 
 876      75726365 
 876      5C50536F 
 877              		.ident	"GCC: (GNU Tools for ARM Embedded Processors) 4.9.3 20150303 (release) [ARM/embedded-4_9-br
