ARM GAS  C:\Users\Nick\AppData\Local\Temp\cchGC51D.s 			page 1


   1              		.cpu cortex-m0
   2              		.fpu softvfp
   3              		.eabi_attribute 20, 1
   4              		.eabi_attribute 21, 1
   5              		.eabi_attribute 23, 3
   6              		.eabi_attribute 24, 1
   7              		.eabi_attribute 25, 1
   8              		.eabi_attribute 26, 1
   9              		.eabi_attribute 30, 1
  10              		.eabi_attribute 34, 0
  11              		.eabi_attribute 18, 4
  12              		.code	16
  13              		.file	"LED_BLUE.c"
  14              		.text
  15              	.Ltext0:
  16              		.cfi_sections	.debug_frame
  17              		.section	.text.LED_BLUE_SetDriveMode,"ax",%progbits
  18              		.align	2
  19              		.global	LED_BLUE_SetDriveMode
  20              		.code	16
  21              		.thumb_func
  22              		.type	LED_BLUE_SetDriveMode, %function
  23              	LED_BLUE_SetDriveMode:
  24              	.LFB0:
  25              		.file 1 "Generated_Source\\PSoC4\\LED_BLUE.c"
   1:Generated_Source\PSoC4/LED_BLUE.c **** /*******************************************************************************
   2:Generated_Source\PSoC4/LED_BLUE.c **** * File Name: LED_BLUE.c  
   3:Generated_Source\PSoC4/LED_BLUE.c **** * Version 2.20
   4:Generated_Source\PSoC4/LED_BLUE.c **** *
   5:Generated_Source\PSoC4/LED_BLUE.c **** * Description:
   6:Generated_Source\PSoC4/LED_BLUE.c **** *  This file contains API to enable firmware control of a Pins component.
   7:Generated_Source\PSoC4/LED_BLUE.c **** *
   8:Generated_Source\PSoC4/LED_BLUE.c **** ********************************************************************************
   9:Generated_Source\PSoC4/LED_BLUE.c **** * Copyright 2008-2015, Cypress Semiconductor Corporation.  All rights reserved.
  10:Generated_Source\PSoC4/LED_BLUE.c **** * You may use this file only in accordance with the license, terms, conditions, 
  11:Generated_Source\PSoC4/LED_BLUE.c **** * disclaimers, and limitations in the end user license agreement accompanying 
  12:Generated_Source\PSoC4/LED_BLUE.c **** * the software package with which this file was provided.
  13:Generated_Source\PSoC4/LED_BLUE.c **** *******************************************************************************/
  14:Generated_Source\PSoC4/LED_BLUE.c **** 
  15:Generated_Source\PSoC4/LED_BLUE.c **** #include "cytypes.h"
  16:Generated_Source\PSoC4/LED_BLUE.c **** #include "LED_BLUE.h"
  17:Generated_Source\PSoC4/LED_BLUE.c **** 
  18:Generated_Source\PSoC4/LED_BLUE.c **** 
  19:Generated_Source\PSoC4/LED_BLUE.c **** #if defined(LED_BLUE__PC)
  20:Generated_Source\PSoC4/LED_BLUE.c ****     #define LED_BLUE_SetP4PinDriveMode(shift, mode)  \
  21:Generated_Source\PSoC4/LED_BLUE.c ****     do { \
  22:Generated_Source\PSoC4/LED_BLUE.c ****         LED_BLUE_PC =   (LED_BLUE_PC & \
  23:Generated_Source\PSoC4/LED_BLUE.c ****                                 (uint32)(~(uint32)(LED_BLUE_DRIVE_MODE_IND_MASK << \
  24:Generated_Source\PSoC4/LED_BLUE.c ****                                 (LED_BLUE_DRIVE_MODE_BITS * (shift))))) | \
  25:Generated_Source\PSoC4/LED_BLUE.c ****                                 (uint32)((uint32)(mode) << \
  26:Generated_Source\PSoC4/LED_BLUE.c ****                                 (LED_BLUE_DRIVE_MODE_BITS * (shift))); \
  27:Generated_Source\PSoC4/LED_BLUE.c ****     } while (0)
  28:Generated_Source\PSoC4/LED_BLUE.c **** #else
  29:Generated_Source\PSoC4/LED_BLUE.c ****     #if (CY_PSOC4_4200L)
  30:Generated_Source\PSoC4/LED_BLUE.c ****         #define LED_BLUE_SetP4PinDriveMode(shift, mode)  \
  31:Generated_Source\PSoC4/LED_BLUE.c ****         do { \
  32:Generated_Source\PSoC4/LED_BLUE.c ****             LED_BLUE_USBIO_CTRL_REG = (LED_BLUE_USBIO_CTRL_REG & \
ARM GAS  C:\Users\Nick\AppData\Local\Temp\cchGC51D.s 			page 2


  33:Generated_Source\PSoC4/LED_BLUE.c ****                                     (uint32)(~(uint32)(LED_BLUE_DRIVE_MODE_IND_MASK << \
  34:Generated_Source\PSoC4/LED_BLUE.c ****                                     (LED_BLUE_DRIVE_MODE_BITS * (shift))))) | \
  35:Generated_Source\PSoC4/LED_BLUE.c ****                                     (uint32)((uint32)(mode) << \
  36:Generated_Source\PSoC4/LED_BLUE.c ****                                     (LED_BLUE_DRIVE_MODE_BITS * (shift))); \
  37:Generated_Source\PSoC4/LED_BLUE.c ****         } while (0)
  38:Generated_Source\PSoC4/LED_BLUE.c ****     #endif
  39:Generated_Source\PSoC4/LED_BLUE.c **** #endif
  40:Generated_Source\PSoC4/LED_BLUE.c ****   
  41:Generated_Source\PSoC4/LED_BLUE.c **** 
  42:Generated_Source\PSoC4/LED_BLUE.c **** #if defined(LED_BLUE__PC) || (CY_PSOC4_4200L) 
  43:Generated_Source\PSoC4/LED_BLUE.c ****     /*******************************************************************************
  44:Generated_Source\PSoC4/LED_BLUE.c ****     * Function Name: LED_BLUE_SetDriveMode
  45:Generated_Source\PSoC4/LED_BLUE.c ****     ****************************************************************************//**
  46:Generated_Source\PSoC4/LED_BLUE.c ****     *
  47:Generated_Source\PSoC4/LED_BLUE.c ****     * \brief Sets the drive mode for each of the Pins component's pins.
  48:Generated_Source\PSoC4/LED_BLUE.c ****     * 
  49:Generated_Source\PSoC4/LED_BLUE.c ****     * <b>Note</b> This affects all pins in the Pins component instance. Use the
  50:Generated_Source\PSoC4/LED_BLUE.c ****     * Per-Pin APIs if you wish to control individual pin's drive modes.
  51:Generated_Source\PSoC4/LED_BLUE.c ****     *
  52:Generated_Source\PSoC4/LED_BLUE.c ****     * <b>Note</b> USBIOs have limited drive functionality. Refer to the Drive Mode
  53:Generated_Source\PSoC4/LED_BLUE.c ****     * parameter for more information.
  54:Generated_Source\PSoC4/LED_BLUE.c ****     *
  55:Generated_Source\PSoC4/LED_BLUE.c ****     * \param mode
  56:Generated_Source\PSoC4/LED_BLUE.c ****     *  Mode for the selected signals. Valid options are documented in 
  57:Generated_Source\PSoC4/LED_BLUE.c ****     *  \ref driveMode.
  58:Generated_Source\PSoC4/LED_BLUE.c ****     *
  59:Generated_Source\PSoC4/LED_BLUE.c ****     * \return
  60:Generated_Source\PSoC4/LED_BLUE.c ****     *  None
  61:Generated_Source\PSoC4/LED_BLUE.c ****     *
  62:Generated_Source\PSoC4/LED_BLUE.c ****     * \sideeffect
  63:Generated_Source\PSoC4/LED_BLUE.c ****     *  If you use read-modify-write operations that are not atomic, the ISR can
  64:Generated_Source\PSoC4/LED_BLUE.c ****     *  cause corruption of this function. An ISR that interrupts this function 
  65:Generated_Source\PSoC4/LED_BLUE.c ****     *  and performs writes to the Pins component Drive Mode registers can cause 
  66:Generated_Source\PSoC4/LED_BLUE.c ****     *  corrupted port data. To avoid this issue, you should either use the Per-Pin
  67:Generated_Source\PSoC4/LED_BLUE.c ****     *  APIs (primary method) or disable interrupts around this function.
  68:Generated_Source\PSoC4/LED_BLUE.c ****     *
  69:Generated_Source\PSoC4/LED_BLUE.c ****     * \funcusage
  70:Generated_Source\PSoC4/LED_BLUE.c ****     *  \snippet LED_BLUE_SUT.c usage_LED_BLUE_SetDriveMode
  71:Generated_Source\PSoC4/LED_BLUE.c ****     *******************************************************************************/
  72:Generated_Source\PSoC4/LED_BLUE.c ****     void LED_BLUE_SetDriveMode(uint8 mode)
  73:Generated_Source\PSoC4/LED_BLUE.c ****     {
  26              		.loc 1 73 0
  27              		.cfi_startproc
  28              	.LVL0:
  74:Generated_Source\PSoC4/LED_BLUE.c **** 		LED_BLUE_SetP4PinDriveMode(LED_BLUE__0__SHIFT, mode);
  29              		.loc 1 74 0
  30 0000 034A     		ldr	r2, .L2
  31 0002 1168     		ldr	r1, [r2]
  32 0004 034B     		ldr	r3, .L2+4
  33 0006 0B40     		and	r3, r1
  34 0008 4005     		lsl	r0, r0, #21
  35              	.LVL1:
  36 000a 1843     		orr	r0, r3
  37 000c 1060     		str	r0, [r2]
  75:Generated_Source\PSoC4/LED_BLUE.c ****     }
  38              		.loc 1 75 0
  39              		@ sp needed
ARM GAS  C:\Users\Nick\AppData\Local\Temp\cchGC51D.s 			page 3


  40 000e 7047     		bx	lr
  41              	.L3:
  42              		.align	2
  43              	.L2:
  44 0010 08030440 		.word	1074004744
  45 0014 FFFF1FFF 		.word	-14680065
  46              		.cfi_endproc
  47              	.LFE0:
  48              		.size	LED_BLUE_SetDriveMode, .-LED_BLUE_SetDriveMode
  49              		.section	.text.LED_BLUE_Write,"ax",%progbits
  50              		.align	2
  51              		.global	LED_BLUE_Write
  52              		.code	16
  53              		.thumb_func
  54              		.type	LED_BLUE_Write, %function
  55              	LED_BLUE_Write:
  56              	.LFB1:
  76:Generated_Source\PSoC4/LED_BLUE.c **** #endif
  77:Generated_Source\PSoC4/LED_BLUE.c **** 
  78:Generated_Source\PSoC4/LED_BLUE.c **** 
  79:Generated_Source\PSoC4/LED_BLUE.c **** /*******************************************************************************
  80:Generated_Source\PSoC4/LED_BLUE.c **** * Function Name: LED_BLUE_Write
  81:Generated_Source\PSoC4/LED_BLUE.c **** ****************************************************************************//**
  82:Generated_Source\PSoC4/LED_BLUE.c **** *
  83:Generated_Source\PSoC4/LED_BLUE.c **** * \brief Writes the value to the physical port (data output register), masking
  84:Generated_Source\PSoC4/LED_BLUE.c **** *  and shifting the bits appropriately. 
  85:Generated_Source\PSoC4/LED_BLUE.c **** *
  86:Generated_Source\PSoC4/LED_BLUE.c **** * The data output register controls the signal applied to the physical pin in 
  87:Generated_Source\PSoC4/LED_BLUE.c **** * conjunction with the drive mode parameter. This function avoids changing 
  88:Generated_Source\PSoC4/LED_BLUE.c **** * other bits in the port by using the appropriate method (read-modify-write or
  89:Generated_Source\PSoC4/LED_BLUE.c **** * bit banding).
  90:Generated_Source\PSoC4/LED_BLUE.c **** *
  91:Generated_Source\PSoC4/LED_BLUE.c **** * <b>Note</b> This function should not be used on a hardware digital output pin 
  92:Generated_Source\PSoC4/LED_BLUE.c **** * as it is driven by the hardware signal attached to it.
  93:Generated_Source\PSoC4/LED_BLUE.c **** *
  94:Generated_Source\PSoC4/LED_BLUE.c **** * \param value
  95:Generated_Source\PSoC4/LED_BLUE.c **** *  Value to write to the component instance.
  96:Generated_Source\PSoC4/LED_BLUE.c **** *
  97:Generated_Source\PSoC4/LED_BLUE.c **** * \return 
  98:Generated_Source\PSoC4/LED_BLUE.c **** *  None 
  99:Generated_Source\PSoC4/LED_BLUE.c **** *
 100:Generated_Source\PSoC4/LED_BLUE.c **** * \sideeffect
 101:Generated_Source\PSoC4/LED_BLUE.c **** *  If you use read-modify-write operations that are not atomic; the Interrupt 
 102:Generated_Source\PSoC4/LED_BLUE.c **** *  Service Routines (ISR) can cause corruption of this function. An ISR that 
 103:Generated_Source\PSoC4/LED_BLUE.c **** *  interrupts this function and performs writes to the Pins component data 
 104:Generated_Source\PSoC4/LED_BLUE.c **** *  register can cause corrupted port data. To avoid this issue, you should 
 105:Generated_Source\PSoC4/LED_BLUE.c **** *  either use the Per-Pin APIs (primary method) or disable interrupts around 
 106:Generated_Source\PSoC4/LED_BLUE.c **** *  this function.
 107:Generated_Source\PSoC4/LED_BLUE.c **** *
 108:Generated_Source\PSoC4/LED_BLUE.c **** * \funcusage
 109:Generated_Source\PSoC4/LED_BLUE.c **** *  \snippet LED_BLUE_SUT.c usage_LED_BLUE_Write
 110:Generated_Source\PSoC4/LED_BLUE.c **** *******************************************************************************/
 111:Generated_Source\PSoC4/LED_BLUE.c **** void LED_BLUE_Write(uint8 value)
 112:Generated_Source\PSoC4/LED_BLUE.c **** {
  57              		.loc 1 112 0
  58              		.cfi_startproc
  59              	.LVL2:
ARM GAS  C:\Users\Nick\AppData\Local\Temp\cchGC51D.s 			page 4


 113:Generated_Source\PSoC4/LED_BLUE.c ****     uint8 drVal = (uint8)(LED_BLUE_DR & (uint8)(~LED_BLUE_MASK));
  60              		.loc 1 113 0
  61 0000 044A     		ldr	r2, .L5
  62 0002 1168     		ldr	r1, [r2]
  63 0004 7F23     		mov	r3, #127
  64 0006 0B40     		and	r3, r1
  65              	.LVL3:
 114:Generated_Source\PSoC4/LED_BLUE.c ****     drVal = (drVal | ((uint8)(value << LED_BLUE_SHIFT) & LED_BLUE_MASK));
  66              		.loc 1 114 0
  67 0008 C001     		lsl	r0, r0, #7
  68              	.LVL4:
  69 000a C0B2     		uxtb	r0, r0
  70 000c 1843     		orr	r0, r3
  71              	.LVL5:
 115:Generated_Source\PSoC4/LED_BLUE.c ****     LED_BLUE_DR = (uint32)drVal;
  72              		.loc 1 115 0
  73 000e 1060     		str	r0, [r2]
 116:Generated_Source\PSoC4/LED_BLUE.c **** }
  74              		.loc 1 116 0
  75              		@ sp needed
  76 0010 7047     		bx	lr
  77              	.L6:
  78 0012 C046     		.align	2
  79              	.L5:
  80 0014 00030440 		.word	1074004736
  81              		.cfi_endproc
  82              	.LFE1:
  83              		.size	LED_BLUE_Write, .-LED_BLUE_Write
  84              		.section	.text.LED_BLUE_Read,"ax",%progbits
  85              		.align	2
  86              		.global	LED_BLUE_Read
  87              		.code	16
  88              		.thumb_func
  89              		.type	LED_BLUE_Read, %function
  90              	LED_BLUE_Read:
  91              	.LFB2:
 117:Generated_Source\PSoC4/LED_BLUE.c **** 
 118:Generated_Source\PSoC4/LED_BLUE.c **** 
 119:Generated_Source\PSoC4/LED_BLUE.c **** /*******************************************************************************
 120:Generated_Source\PSoC4/LED_BLUE.c **** * Function Name: LED_BLUE_Read
 121:Generated_Source\PSoC4/LED_BLUE.c **** ****************************************************************************//**
 122:Generated_Source\PSoC4/LED_BLUE.c **** *
 123:Generated_Source\PSoC4/LED_BLUE.c **** * \brief Reads the associated physical port (pin status register) and masks 
 124:Generated_Source\PSoC4/LED_BLUE.c **** *  the required bits according to the width and bit position of the component
 125:Generated_Source\PSoC4/LED_BLUE.c **** *  instance. 
 126:Generated_Source\PSoC4/LED_BLUE.c **** *
 127:Generated_Source\PSoC4/LED_BLUE.c **** * The pin's status register returns the current logic level present on the 
 128:Generated_Source\PSoC4/LED_BLUE.c **** * physical pin.
 129:Generated_Source\PSoC4/LED_BLUE.c **** *
 130:Generated_Source\PSoC4/LED_BLUE.c **** * \return 
 131:Generated_Source\PSoC4/LED_BLUE.c **** *  The current value for the pins in the component as a right justified number.
 132:Generated_Source\PSoC4/LED_BLUE.c **** *
 133:Generated_Source\PSoC4/LED_BLUE.c **** * \funcusage
 134:Generated_Source\PSoC4/LED_BLUE.c **** *  \snippet LED_BLUE_SUT.c usage_LED_BLUE_Read  
 135:Generated_Source\PSoC4/LED_BLUE.c **** *******************************************************************************/
 136:Generated_Source\PSoC4/LED_BLUE.c **** uint8 LED_BLUE_Read(void)
 137:Generated_Source\PSoC4/LED_BLUE.c **** {
ARM GAS  C:\Users\Nick\AppData\Local\Temp\cchGC51D.s 			page 5


  92              		.loc 1 137 0
  93              		.cfi_startproc
 138:Generated_Source\PSoC4/LED_BLUE.c ****     return (uint8)((LED_BLUE_PS & LED_BLUE_MASK) >> LED_BLUE_SHIFT);
  94              		.loc 1 138 0
  95 0000 024B     		ldr	r3, .L8
  96 0002 1868     		ldr	r0, [r3]
  97 0004 0006     		lsl	r0, r0, #24
  98 0006 C00F     		lsr	r0, r0, #31
 139:Generated_Source\PSoC4/LED_BLUE.c **** }
  99              		.loc 1 139 0
 100              		@ sp needed
 101 0008 7047     		bx	lr
 102              	.L9:
 103 000a C046     		.align	2
 104              	.L8:
 105 000c 04030440 		.word	1074004740
 106              		.cfi_endproc
 107              	.LFE2:
 108              		.size	LED_BLUE_Read, .-LED_BLUE_Read
 109              		.section	.text.LED_BLUE_ReadDataReg,"ax",%progbits
 110              		.align	2
 111              		.global	LED_BLUE_ReadDataReg
 112              		.code	16
 113              		.thumb_func
 114              		.type	LED_BLUE_ReadDataReg, %function
 115              	LED_BLUE_ReadDataReg:
 116              	.LFB3:
 140:Generated_Source\PSoC4/LED_BLUE.c **** 
 141:Generated_Source\PSoC4/LED_BLUE.c **** 
 142:Generated_Source\PSoC4/LED_BLUE.c **** /*******************************************************************************
 143:Generated_Source\PSoC4/LED_BLUE.c **** * Function Name: LED_BLUE_ReadDataReg
 144:Generated_Source\PSoC4/LED_BLUE.c **** ****************************************************************************//**
 145:Generated_Source\PSoC4/LED_BLUE.c **** *
 146:Generated_Source\PSoC4/LED_BLUE.c **** * \brief Reads the associated physical port's data output register and masks 
 147:Generated_Source\PSoC4/LED_BLUE.c **** *  the correct bits according to the width and bit position of the component 
 148:Generated_Source\PSoC4/LED_BLUE.c **** *  instance. 
 149:Generated_Source\PSoC4/LED_BLUE.c **** *
 150:Generated_Source\PSoC4/LED_BLUE.c **** * The data output register controls the signal applied to the physical pin in 
 151:Generated_Source\PSoC4/LED_BLUE.c **** * conjunction with the drive mode parameter. This is not the same as the 
 152:Generated_Source\PSoC4/LED_BLUE.c **** * preferred LED_BLUE_Read() API because the 
 153:Generated_Source\PSoC4/LED_BLUE.c **** * LED_BLUE_ReadDataReg() reads the data register instead of the status 
 154:Generated_Source\PSoC4/LED_BLUE.c **** * register. For output pins this is a useful function to determine the value 
 155:Generated_Source\PSoC4/LED_BLUE.c **** * just written to the pin.
 156:Generated_Source\PSoC4/LED_BLUE.c **** *
 157:Generated_Source\PSoC4/LED_BLUE.c **** * \return 
 158:Generated_Source\PSoC4/LED_BLUE.c **** *  The current value of the data register masked and shifted into a right 
 159:Generated_Source\PSoC4/LED_BLUE.c **** *  justified number for the component instance.
 160:Generated_Source\PSoC4/LED_BLUE.c **** *
 161:Generated_Source\PSoC4/LED_BLUE.c **** * \funcusage
 162:Generated_Source\PSoC4/LED_BLUE.c **** *  \snippet LED_BLUE_SUT.c usage_LED_BLUE_ReadDataReg 
 163:Generated_Source\PSoC4/LED_BLUE.c **** *******************************************************************************/
 164:Generated_Source\PSoC4/LED_BLUE.c **** uint8 LED_BLUE_ReadDataReg(void)
 165:Generated_Source\PSoC4/LED_BLUE.c **** {
 117              		.loc 1 165 0
 118              		.cfi_startproc
 166:Generated_Source\PSoC4/LED_BLUE.c ****     return (uint8)((LED_BLUE_DR & LED_BLUE_MASK) >> LED_BLUE_SHIFT);
 119              		.loc 1 166 0
ARM GAS  C:\Users\Nick\AppData\Local\Temp\cchGC51D.s 			page 6


 120 0000 024B     		ldr	r3, .L11
 121 0002 1868     		ldr	r0, [r3]
 122 0004 0006     		lsl	r0, r0, #24
 123 0006 C00F     		lsr	r0, r0, #31
 167:Generated_Source\PSoC4/LED_BLUE.c **** }
 124              		.loc 1 167 0
 125              		@ sp needed
 126 0008 7047     		bx	lr
 127              	.L12:
 128 000a C046     		.align	2
 129              	.L11:
 130 000c 00030440 		.word	1074004736
 131              		.cfi_endproc
 132              	.LFE3:
 133              		.size	LED_BLUE_ReadDataReg, .-LED_BLUE_ReadDataReg
 134              		.section	.text.LED_BLUE_SetInterruptMode,"ax",%progbits
 135              		.align	2
 136              		.global	LED_BLUE_SetInterruptMode
 137              		.code	16
 138              		.thumb_func
 139              		.type	LED_BLUE_SetInterruptMode, %function
 140              	LED_BLUE_SetInterruptMode:
 141              	.LFB4:
 168:Generated_Source\PSoC4/LED_BLUE.c **** 
 169:Generated_Source\PSoC4/LED_BLUE.c **** 
 170:Generated_Source\PSoC4/LED_BLUE.c **** /*******************************************************************************
 171:Generated_Source\PSoC4/LED_BLUE.c **** * Function Name: LED_BLUE_SetInterruptMode
 172:Generated_Source\PSoC4/LED_BLUE.c **** ****************************************************************************//**
 173:Generated_Source\PSoC4/LED_BLUE.c **** *
 174:Generated_Source\PSoC4/LED_BLUE.c **** * \brief Configures the interrupt mode for each of the Pins component's
 175:Generated_Source\PSoC4/LED_BLUE.c **** *  pins. Alternatively you may set the interrupt mode for all the pins
 176:Generated_Source\PSoC4/LED_BLUE.c **** *  specified in the Pins component.
 177:Generated_Source\PSoC4/LED_BLUE.c **** *
 178:Generated_Source\PSoC4/LED_BLUE.c **** *  <b>Note</b> The interrupt is port-wide and therefore any enabled pin
 179:Generated_Source\PSoC4/LED_BLUE.c **** *  interrupt may trigger it.
 180:Generated_Source\PSoC4/LED_BLUE.c **** *
 181:Generated_Source\PSoC4/LED_BLUE.c **** * \param position
 182:Generated_Source\PSoC4/LED_BLUE.c **** *  The pin position as listed in the Pins component. You may OR these to be 
 183:Generated_Source\PSoC4/LED_BLUE.c **** *  able to configure the interrupt mode of multiple pins within a Pins 
 184:Generated_Source\PSoC4/LED_BLUE.c **** *  component. Or you may use LED_BLUE_INTR_ALL to configure the
 185:Generated_Source\PSoC4/LED_BLUE.c **** *  interrupt mode of all the pins in the Pins component.       
 186:Generated_Source\PSoC4/LED_BLUE.c **** *  - LED_BLUE_0_INTR       (First pin in the list)
 187:Generated_Source\PSoC4/LED_BLUE.c **** *  - LED_BLUE_1_INTR       (Second pin in the list)
 188:Generated_Source\PSoC4/LED_BLUE.c **** *  - ...
 189:Generated_Source\PSoC4/LED_BLUE.c **** *  - LED_BLUE_INTR_ALL     (All pins in Pins component)
 190:Generated_Source\PSoC4/LED_BLUE.c **** *
 191:Generated_Source\PSoC4/LED_BLUE.c **** * \param mode
 192:Generated_Source\PSoC4/LED_BLUE.c **** *  Interrupt mode for the selected pins. Valid options are documented in
 193:Generated_Source\PSoC4/LED_BLUE.c **** *  \ref intrMode.
 194:Generated_Source\PSoC4/LED_BLUE.c **** *
 195:Generated_Source\PSoC4/LED_BLUE.c **** * \return 
 196:Generated_Source\PSoC4/LED_BLUE.c **** *  None
 197:Generated_Source\PSoC4/LED_BLUE.c **** *  
 198:Generated_Source\PSoC4/LED_BLUE.c **** * \sideeffect
 199:Generated_Source\PSoC4/LED_BLUE.c **** *  It is recommended that the interrupt be disabled before calling this 
 200:Generated_Source\PSoC4/LED_BLUE.c **** *  function to avoid unintended interrupt requests. Note that the interrupt
 201:Generated_Source\PSoC4/LED_BLUE.c **** *  type is port wide, and therefore will trigger for any enabled pin on the 
ARM GAS  C:\Users\Nick\AppData\Local\Temp\cchGC51D.s 			page 7


 202:Generated_Source\PSoC4/LED_BLUE.c **** *  port.
 203:Generated_Source\PSoC4/LED_BLUE.c **** *
 204:Generated_Source\PSoC4/LED_BLUE.c **** * \funcusage
 205:Generated_Source\PSoC4/LED_BLUE.c **** *  \snippet LED_BLUE_SUT.c usage_LED_BLUE_SetInterruptMode
 206:Generated_Source\PSoC4/LED_BLUE.c **** *******************************************************************************/
 207:Generated_Source\PSoC4/LED_BLUE.c **** void LED_BLUE_SetInterruptMode(uint16 position, uint16 mode)
 208:Generated_Source\PSoC4/LED_BLUE.c **** {
 142              		.loc 1 208 0
 143              		.cfi_startproc
 144              	.LVL6:
 209:Generated_Source\PSoC4/LED_BLUE.c ****     uint32 intrCfg;
 210:Generated_Source\PSoC4/LED_BLUE.c ****     
 211:Generated_Source\PSoC4/LED_BLUE.c ****     intrCfg =  LED_BLUE_INTCFG & (uint32)(~(uint32)position);
 145              		.loc 1 211 0
 146 0000 034A     		ldr	r2, .L14
 147 0002 1368     		ldr	r3, [r2]
 148 0004 8343     		bic	r3, r0
 149              	.LVL7:
 212:Generated_Source\PSoC4/LED_BLUE.c ****     LED_BLUE_INTCFG = intrCfg | ((uint32)position & (uint32)mode);
 150              		.loc 1 212 0
 151 0006 0140     		and	r1, r0
 152              	.LVL8:
 153 0008 1943     		orr	r1, r3
 154 000a 1160     		str	r1, [r2]
 213:Generated_Source\PSoC4/LED_BLUE.c **** }
 155              		.loc 1 213 0
 156              		@ sp needed
 157 000c 7047     		bx	lr
 158              	.L15:
 159 000e C046     		.align	2
 160              	.L14:
 161 0010 0C030440 		.word	1074004748
 162              		.cfi_endproc
 163              	.LFE4:
 164              		.size	LED_BLUE_SetInterruptMode, .-LED_BLUE_SetInterruptMode
 165              		.section	.text.LED_BLUE_ClearInterrupt,"ax",%progbits
 166              		.align	2
 167              		.global	LED_BLUE_ClearInterrupt
 168              		.code	16
 169              		.thumb_func
 170              		.type	LED_BLUE_ClearInterrupt, %function
 171              	LED_BLUE_ClearInterrupt:
 172              	.LFB5:
 214:Generated_Source\PSoC4/LED_BLUE.c **** 
 215:Generated_Source\PSoC4/LED_BLUE.c **** 
 216:Generated_Source\PSoC4/LED_BLUE.c **** /*******************************************************************************
 217:Generated_Source\PSoC4/LED_BLUE.c **** * Function Name: LED_BLUE_ClearInterrupt
 218:Generated_Source\PSoC4/LED_BLUE.c **** ****************************************************************************//**
 219:Generated_Source\PSoC4/LED_BLUE.c **** *
 220:Generated_Source\PSoC4/LED_BLUE.c **** * \brief Clears any active interrupts attached with the component and returns 
 221:Generated_Source\PSoC4/LED_BLUE.c **** *  the value of the interrupt status register allowing determination of which
 222:Generated_Source\PSoC4/LED_BLUE.c **** *  pins generated an interrupt event.
 223:Generated_Source\PSoC4/LED_BLUE.c **** *
 224:Generated_Source\PSoC4/LED_BLUE.c **** * \return 
 225:Generated_Source\PSoC4/LED_BLUE.c **** *  The right-shifted current value of the interrupt status register. Each pin 
 226:Generated_Source\PSoC4/LED_BLUE.c **** *  has one bit set if it generated an interrupt event. For example, bit 0 is 
 227:Generated_Source\PSoC4/LED_BLUE.c **** *  for pin 0 and bit 1 is for pin 1 of the Pins component.
ARM GAS  C:\Users\Nick\AppData\Local\Temp\cchGC51D.s 			page 8


 228:Generated_Source\PSoC4/LED_BLUE.c **** *  
 229:Generated_Source\PSoC4/LED_BLUE.c **** * \sideeffect
 230:Generated_Source\PSoC4/LED_BLUE.c **** *  Clears all bits of the physical port's interrupt status register, not just
 231:Generated_Source\PSoC4/LED_BLUE.c **** *  those associated with the Pins component.
 232:Generated_Source\PSoC4/LED_BLUE.c **** *
 233:Generated_Source\PSoC4/LED_BLUE.c **** * \funcusage
 234:Generated_Source\PSoC4/LED_BLUE.c **** *  \snippet LED_BLUE_SUT.c usage_LED_BLUE_ClearInterrupt
 235:Generated_Source\PSoC4/LED_BLUE.c **** *******************************************************************************/
 236:Generated_Source\PSoC4/LED_BLUE.c **** uint8 LED_BLUE_ClearInterrupt(void)
 237:Generated_Source\PSoC4/LED_BLUE.c **** {
 173              		.loc 1 237 0
 174              		.cfi_startproc
 238:Generated_Source\PSoC4/LED_BLUE.c **** 	uint8 maskedStatus = (uint8)(LED_BLUE_INTSTAT & LED_BLUE_MASK);
 175              		.loc 1 238 0
 176 0000 034A     		ldr	r2, .L17
 177 0002 1068     		ldr	r0, [r2]
 178 0004 8023     		mov	r3, #128
 179 0006 1840     		and	r0, r3
 180              	.LVL9:
 239:Generated_Source\PSoC4/LED_BLUE.c **** 	LED_BLUE_INTSTAT = maskedStatus;
 181              		.loc 1 239 0
 182 0008 1060     		str	r0, [r2]
 240:Generated_Source\PSoC4/LED_BLUE.c ****     return maskedStatus >> LED_BLUE_SHIFT;
 183              		.loc 1 240 0
 184 000a C009     		lsr	r0, r0, #7
 185              	.LVL10:
 186 000c C0B2     		uxtb	r0, r0
 241:Generated_Source\PSoC4/LED_BLUE.c **** }
 187              		.loc 1 241 0
 188              		@ sp needed
 189 000e 7047     		bx	lr
 190              	.L18:
 191              		.align	2
 192              	.L17:
 193 0010 10030440 		.word	1074004752
 194              		.cfi_endproc
 195              	.LFE5:
 196              		.size	LED_BLUE_ClearInterrupt, .-LED_BLUE_ClearInterrupt
 197              		.text
 198              	.Letext0:
 199              		.file 2 "Generated_Source\\PSoC4\\cytypes.h"
 200              		.section	.debug_info,"",%progbits
 201              	.Ldebug_info0:
 202 0000 96010000 		.4byte	0x196
 203 0004 0400     		.2byte	0x4
 204 0006 00000000 		.4byte	.Ldebug_abbrev0
 205 000a 04       		.byte	0x4
 206 000b 01       		.uleb128 0x1
 207 000c 78010000 		.4byte	.LASF28
 208 0010 01       		.byte	0x1
 209 0011 56010000 		.4byte	.LASF29
 210 0015 E1000000 		.4byte	.LASF30
 211 0019 00000000 		.4byte	.Ldebug_ranges0+0
 212 001d 00000000 		.4byte	0
 213 0021 00000000 		.4byte	.Ldebug_line0
 214 0025 02       		.uleb128 0x2
 215 0026 01       		.byte	0x1
ARM GAS  C:\Users\Nick\AppData\Local\Temp\cchGC51D.s 			page 9


 216 0027 06       		.byte	0x6
 217 0028 1F020000 		.4byte	.LASF0
 218 002c 02       		.uleb128 0x2
 219 002d 01       		.byte	0x1
 220 002e 08       		.byte	0x8
 221 002f 2C000000 		.4byte	.LASF1
 222 0033 02       		.uleb128 0x2
 223 0034 02       		.byte	0x2
 224 0035 05       		.byte	0x5
 225 0036 06020000 		.4byte	.LASF2
 226 003a 02       		.uleb128 0x2
 227 003b 02       		.byte	0x2
 228 003c 07       		.byte	0x7
 229 003d 52000000 		.4byte	.LASF3
 230 0041 02       		.uleb128 0x2
 231 0042 04       		.byte	0x4
 232 0043 05       		.byte	0x5
 233 0044 16020000 		.4byte	.LASF4
 234 0048 02       		.uleb128 0x2
 235 0049 04       		.byte	0x4
 236 004a 07       		.byte	0x7
 237 004b 40000000 		.4byte	.LASF5
 238 004f 02       		.uleb128 0x2
 239 0050 08       		.byte	0x8
 240 0051 05       		.byte	0x5
 241 0052 36010000 		.4byte	.LASF6
 242 0056 02       		.uleb128 0x2
 243 0057 08       		.byte	0x8
 244 0058 07       		.byte	0x7
 245 0059 CA000000 		.4byte	.LASF7
 246 005d 03       		.uleb128 0x3
 247 005e 04       		.byte	0x4
 248 005f 05       		.byte	0x5
 249 0060 696E7400 		.ascii	"int\000"
 250 0064 02       		.uleb128 0x2
 251 0065 04       		.byte	0x4
 252 0066 07       		.byte	0x7
 253 0067 AF000000 		.4byte	.LASF8
 254 006b 04       		.uleb128 0x4
 255 006c 10020000 		.4byte	.LASF9
 256 0070 02       		.byte	0x2
 257 0071 C2       		.byte	0xc2
 258 0072 2C000000 		.4byte	0x2c
 259 0076 04       		.uleb128 0x4
 260 0077 81000000 		.4byte	.LASF10
 261 007b 02       		.byte	0x2
 262 007c C3       		.byte	0xc3
 263 007d 3A000000 		.4byte	0x3a
 264 0081 04       		.uleb128 0x4
 265 0082 A0000000 		.4byte	.LASF11
 266 0086 02       		.byte	0x2
 267 0087 C4       		.byte	0xc4
 268 0088 48000000 		.4byte	0x48
 269 008c 02       		.uleb128 0x2
 270 008d 04       		.byte	0x4
 271 008e 04       		.byte	0x4
 272 008f 26000000 		.4byte	.LASF12
ARM GAS  C:\Users\Nick\AppData\Local\Temp\cchGC51D.s 			page 10


 273 0093 02       		.uleb128 0x2
 274 0094 08       		.byte	0x8
 275 0095 04       		.byte	0x4
 276 0096 7A000000 		.4byte	.LASF13
 277 009a 02       		.uleb128 0x2
 278 009b 01       		.byte	0x1
 279 009c 08       		.byte	0x8
 280 009d 51010000 		.4byte	.LASF14
 281 00a1 05       		.uleb128 0x5
 282 00a2 00000000 		.4byte	.LASF15
 283 00a6 02       		.byte	0x2
 284 00a7 6E01     		.2byte	0x16e
 285 00a9 AD000000 		.4byte	0xad
 286 00ad 06       		.uleb128 0x6
 287 00ae 81000000 		.4byte	0x81
 288 00b2 07       		.uleb128 0x7
 289 00b3 2B020000 		.4byte	.LASF16
 290 00b7 01       		.byte	0x1
 291 00b8 48       		.byte	0x48
 292 00b9 00000000 		.4byte	.LFB0
 293 00bd 18000000 		.4byte	.LFE0-.LFB0
 294 00c1 01       		.uleb128 0x1
 295 00c2 9C       		.byte	0x9c
 296 00c3 D7000000 		.4byte	0xd7
 297 00c7 08       		.uleb128 0x8
 298 00c8 31010000 		.4byte	.LASF18
 299 00cc 01       		.byte	0x1
 300 00cd 48       		.byte	0x48
 301 00ce 6B000000 		.4byte	0x6b
 302 00d2 00000000 		.4byte	.LLST0
 303 00d6 00       		.byte	0
 304 00d7 07       		.uleb128 0x7
 305 00d8 88000000 		.4byte	.LASF17
 306 00dc 01       		.byte	0x1
 307 00dd 6F       		.byte	0x6f
 308 00de 00000000 		.4byte	.LFB1
 309 00e2 18000000 		.4byte	.LFE1-.LFB1
 310 00e6 01       		.uleb128 0x1
 311 00e7 9C       		.byte	0x9c
 312 00e8 0B010000 		.4byte	0x10b
 313 00ec 08       		.uleb128 0x8
 314 00ed 06000000 		.4byte	.LASF19
 315 00f1 01       		.byte	0x1
 316 00f2 6F       		.byte	0x6f
 317 00f3 6B000000 		.4byte	0x6b
 318 00f7 21000000 		.4byte	.LLST1
 319 00fb 09       		.uleb128 0x9
 320 00fc 3A000000 		.4byte	.LASF24
 321 0100 01       		.byte	0x1
 322 0101 71       		.byte	0x71
 323 0102 6B000000 		.4byte	0x6b
 324 0106 42000000 		.4byte	.LLST2
 325 010a 00       		.byte	0
 326 010b 0A       		.uleb128 0xa
 327 010c BC000000 		.4byte	.LASF20
 328 0110 01       		.byte	0x1
 329 0111 88       		.byte	0x88
ARM GAS  C:\Users\Nick\AppData\Local\Temp\cchGC51D.s 			page 11


 330 0112 6B000000 		.4byte	0x6b
 331 0116 00000000 		.4byte	.LFB2
 332 011a 10000000 		.4byte	.LFE2-.LFB2
 333 011e 01       		.uleb128 0x1
 334 011f 9C       		.byte	0x9c
 335 0120 0A       		.uleb128 0xa
 336 0121 65000000 		.4byte	.LASF21
 337 0125 01       		.byte	0x1
 338 0126 A4       		.byte	0xa4
 339 0127 6B000000 		.4byte	0x6b
 340 012b 00000000 		.4byte	.LFB3
 341 012f 10000000 		.4byte	.LFE3-.LFB3
 342 0133 01       		.uleb128 0x1
 343 0134 9C       		.byte	0x9c
 344 0135 07       		.uleb128 0x7
 345 0136 0C000000 		.4byte	.LASF22
 346 013a 01       		.byte	0x1
 347 013b CF       		.byte	0xcf
 348 013c 00000000 		.4byte	.LFB4
 349 0140 14000000 		.4byte	.LFE4-.LFB4
 350 0144 01       		.uleb128 0x1
 351 0145 9C       		.byte	0x9c
 352 0146 74010000 		.4byte	0x174
 353 014a 0B       		.uleb128 0xb
 354 014b 97000000 		.4byte	.LASF23
 355 014f 01       		.byte	0x1
 356 0150 CF       		.byte	0xcf
 357 0151 76000000 		.4byte	0x76
 358 0155 01       		.uleb128 0x1
 359 0156 50       		.byte	0x50
 360 0157 08       		.uleb128 0x8
 361 0158 31010000 		.4byte	.LASF18
 362 015c 01       		.byte	0x1
 363 015d CF       		.byte	0xcf
 364 015e 76000000 		.4byte	0x76
 365 0162 60000000 		.4byte	.LLST3
 366 0166 0C       		.uleb128 0xc
 367 0167 A7000000 		.4byte	.LASF25
 368 016b 01       		.byte	0x1
 369 016c D1       		.byte	0xd1
 370 016d 81000000 		.4byte	0x81
 371 0171 01       		.uleb128 0x1
 372 0172 53       		.byte	0x53
 373 0173 00       		.byte	0
 374 0174 0D       		.uleb128 0xd
 375 0175 41020000 		.4byte	.LASF26
 376 0179 01       		.byte	0x1
 377 017a EC       		.byte	0xec
 378 017b 6B000000 		.4byte	0x6b
 379 017f 00000000 		.4byte	.LFB5
 380 0183 14000000 		.4byte	.LFE5-.LFB5
 381 0187 01       		.uleb128 0x1
 382 0188 9C       		.byte	0x9c
 383 0189 09       		.uleb128 0x9
 384 018a 44010000 		.4byte	.LASF27
 385 018e 01       		.byte	0x1
 386 018f EE       		.byte	0xee
ARM GAS  C:\Users\Nick\AppData\Local\Temp\cchGC51D.s 			page 12


 387 0190 6B000000 		.4byte	0x6b
 388 0194 81000000 		.4byte	.LLST4
 389 0198 00       		.byte	0
 390 0199 00       		.byte	0
 391              		.section	.debug_abbrev,"",%progbits
 392              	.Ldebug_abbrev0:
 393 0000 01       		.uleb128 0x1
 394 0001 11       		.uleb128 0x11
 395 0002 01       		.byte	0x1
 396 0003 25       		.uleb128 0x25
 397 0004 0E       		.uleb128 0xe
 398 0005 13       		.uleb128 0x13
 399 0006 0B       		.uleb128 0xb
 400 0007 03       		.uleb128 0x3
 401 0008 0E       		.uleb128 0xe
 402 0009 1B       		.uleb128 0x1b
 403 000a 0E       		.uleb128 0xe
 404 000b 55       		.uleb128 0x55
 405 000c 17       		.uleb128 0x17
 406 000d 11       		.uleb128 0x11
 407 000e 01       		.uleb128 0x1
 408 000f 10       		.uleb128 0x10
 409 0010 17       		.uleb128 0x17
 410 0011 00       		.byte	0
 411 0012 00       		.byte	0
 412 0013 02       		.uleb128 0x2
 413 0014 24       		.uleb128 0x24
 414 0015 00       		.byte	0
 415 0016 0B       		.uleb128 0xb
 416 0017 0B       		.uleb128 0xb
 417 0018 3E       		.uleb128 0x3e
 418 0019 0B       		.uleb128 0xb
 419 001a 03       		.uleb128 0x3
 420 001b 0E       		.uleb128 0xe
 421 001c 00       		.byte	0
 422 001d 00       		.byte	0
 423 001e 03       		.uleb128 0x3
 424 001f 24       		.uleb128 0x24
 425 0020 00       		.byte	0
 426 0021 0B       		.uleb128 0xb
 427 0022 0B       		.uleb128 0xb
 428 0023 3E       		.uleb128 0x3e
 429 0024 0B       		.uleb128 0xb
 430 0025 03       		.uleb128 0x3
 431 0026 08       		.uleb128 0x8
 432 0027 00       		.byte	0
 433 0028 00       		.byte	0
 434 0029 04       		.uleb128 0x4
 435 002a 16       		.uleb128 0x16
 436 002b 00       		.byte	0
 437 002c 03       		.uleb128 0x3
 438 002d 0E       		.uleb128 0xe
 439 002e 3A       		.uleb128 0x3a
 440 002f 0B       		.uleb128 0xb
 441 0030 3B       		.uleb128 0x3b
 442 0031 0B       		.uleb128 0xb
 443 0032 49       		.uleb128 0x49
ARM GAS  C:\Users\Nick\AppData\Local\Temp\cchGC51D.s 			page 13


 444 0033 13       		.uleb128 0x13
 445 0034 00       		.byte	0
 446 0035 00       		.byte	0
 447 0036 05       		.uleb128 0x5
 448 0037 16       		.uleb128 0x16
 449 0038 00       		.byte	0
 450 0039 03       		.uleb128 0x3
 451 003a 0E       		.uleb128 0xe
 452 003b 3A       		.uleb128 0x3a
 453 003c 0B       		.uleb128 0xb
 454 003d 3B       		.uleb128 0x3b
 455 003e 05       		.uleb128 0x5
 456 003f 49       		.uleb128 0x49
 457 0040 13       		.uleb128 0x13
 458 0041 00       		.byte	0
 459 0042 00       		.byte	0
 460 0043 06       		.uleb128 0x6
 461 0044 35       		.uleb128 0x35
 462 0045 00       		.byte	0
 463 0046 49       		.uleb128 0x49
 464 0047 13       		.uleb128 0x13
 465 0048 00       		.byte	0
 466 0049 00       		.byte	0
 467 004a 07       		.uleb128 0x7
 468 004b 2E       		.uleb128 0x2e
 469 004c 01       		.byte	0x1
 470 004d 3F       		.uleb128 0x3f
 471 004e 19       		.uleb128 0x19
 472 004f 03       		.uleb128 0x3
 473 0050 0E       		.uleb128 0xe
 474 0051 3A       		.uleb128 0x3a
 475 0052 0B       		.uleb128 0xb
 476 0053 3B       		.uleb128 0x3b
 477 0054 0B       		.uleb128 0xb
 478 0055 27       		.uleb128 0x27
 479 0056 19       		.uleb128 0x19
 480 0057 11       		.uleb128 0x11
 481 0058 01       		.uleb128 0x1
 482 0059 12       		.uleb128 0x12
 483 005a 06       		.uleb128 0x6
 484 005b 40       		.uleb128 0x40
 485 005c 18       		.uleb128 0x18
 486 005d 9742     		.uleb128 0x2117
 487 005f 19       		.uleb128 0x19
 488 0060 01       		.uleb128 0x1
 489 0061 13       		.uleb128 0x13
 490 0062 00       		.byte	0
 491 0063 00       		.byte	0
 492 0064 08       		.uleb128 0x8
 493 0065 05       		.uleb128 0x5
 494 0066 00       		.byte	0
 495 0067 03       		.uleb128 0x3
 496 0068 0E       		.uleb128 0xe
 497 0069 3A       		.uleb128 0x3a
 498 006a 0B       		.uleb128 0xb
 499 006b 3B       		.uleb128 0x3b
 500 006c 0B       		.uleb128 0xb
ARM GAS  C:\Users\Nick\AppData\Local\Temp\cchGC51D.s 			page 14


 501 006d 49       		.uleb128 0x49
 502 006e 13       		.uleb128 0x13
 503 006f 02       		.uleb128 0x2
 504 0070 17       		.uleb128 0x17
 505 0071 00       		.byte	0
 506 0072 00       		.byte	0
 507 0073 09       		.uleb128 0x9
 508 0074 34       		.uleb128 0x34
 509 0075 00       		.byte	0
 510 0076 03       		.uleb128 0x3
 511 0077 0E       		.uleb128 0xe
 512 0078 3A       		.uleb128 0x3a
 513 0079 0B       		.uleb128 0xb
 514 007a 3B       		.uleb128 0x3b
 515 007b 0B       		.uleb128 0xb
 516 007c 49       		.uleb128 0x49
 517 007d 13       		.uleb128 0x13
 518 007e 02       		.uleb128 0x2
 519 007f 17       		.uleb128 0x17
 520 0080 00       		.byte	0
 521 0081 00       		.byte	0
 522 0082 0A       		.uleb128 0xa
 523 0083 2E       		.uleb128 0x2e
 524 0084 00       		.byte	0
 525 0085 3F       		.uleb128 0x3f
 526 0086 19       		.uleb128 0x19
 527 0087 03       		.uleb128 0x3
 528 0088 0E       		.uleb128 0xe
 529 0089 3A       		.uleb128 0x3a
 530 008a 0B       		.uleb128 0xb
 531 008b 3B       		.uleb128 0x3b
 532 008c 0B       		.uleb128 0xb
 533 008d 27       		.uleb128 0x27
 534 008e 19       		.uleb128 0x19
 535 008f 49       		.uleb128 0x49
 536 0090 13       		.uleb128 0x13
 537 0091 11       		.uleb128 0x11
 538 0092 01       		.uleb128 0x1
 539 0093 12       		.uleb128 0x12
 540 0094 06       		.uleb128 0x6
 541 0095 40       		.uleb128 0x40
 542 0096 18       		.uleb128 0x18
 543 0097 9742     		.uleb128 0x2117
 544 0099 19       		.uleb128 0x19
 545 009a 00       		.byte	0
 546 009b 00       		.byte	0
 547 009c 0B       		.uleb128 0xb
 548 009d 05       		.uleb128 0x5
 549 009e 00       		.byte	0
 550 009f 03       		.uleb128 0x3
 551 00a0 0E       		.uleb128 0xe
 552 00a1 3A       		.uleb128 0x3a
 553 00a2 0B       		.uleb128 0xb
 554 00a3 3B       		.uleb128 0x3b
 555 00a4 0B       		.uleb128 0xb
 556 00a5 49       		.uleb128 0x49
 557 00a6 13       		.uleb128 0x13
ARM GAS  C:\Users\Nick\AppData\Local\Temp\cchGC51D.s 			page 15


 558 00a7 02       		.uleb128 0x2
 559 00a8 18       		.uleb128 0x18
 560 00a9 00       		.byte	0
 561 00aa 00       		.byte	0
 562 00ab 0C       		.uleb128 0xc
 563 00ac 34       		.uleb128 0x34
 564 00ad 00       		.byte	0
 565 00ae 03       		.uleb128 0x3
 566 00af 0E       		.uleb128 0xe
 567 00b0 3A       		.uleb128 0x3a
 568 00b1 0B       		.uleb128 0xb
 569 00b2 3B       		.uleb128 0x3b
 570 00b3 0B       		.uleb128 0xb
 571 00b4 49       		.uleb128 0x49
 572 00b5 13       		.uleb128 0x13
 573 00b6 02       		.uleb128 0x2
 574 00b7 18       		.uleb128 0x18
 575 00b8 00       		.byte	0
 576 00b9 00       		.byte	0
 577 00ba 0D       		.uleb128 0xd
 578 00bb 2E       		.uleb128 0x2e
 579 00bc 01       		.byte	0x1
 580 00bd 3F       		.uleb128 0x3f
 581 00be 19       		.uleb128 0x19
 582 00bf 03       		.uleb128 0x3
 583 00c0 0E       		.uleb128 0xe
 584 00c1 3A       		.uleb128 0x3a
 585 00c2 0B       		.uleb128 0xb
 586 00c3 3B       		.uleb128 0x3b
 587 00c4 0B       		.uleb128 0xb
 588 00c5 27       		.uleb128 0x27
 589 00c6 19       		.uleb128 0x19
 590 00c7 49       		.uleb128 0x49
 591 00c8 13       		.uleb128 0x13
 592 00c9 11       		.uleb128 0x11
 593 00ca 01       		.uleb128 0x1
 594 00cb 12       		.uleb128 0x12
 595 00cc 06       		.uleb128 0x6
 596 00cd 40       		.uleb128 0x40
 597 00ce 18       		.uleb128 0x18
 598 00cf 9742     		.uleb128 0x2117
 599 00d1 19       		.uleb128 0x19
 600 00d2 00       		.byte	0
 601 00d3 00       		.byte	0
 602 00d4 00       		.byte	0
 603              		.section	.debug_loc,"",%progbits
 604              	.Ldebug_loc0:
 605              	.LLST0:
 606 0000 00000000 		.4byte	.LVL0
 607 0004 0A000000 		.4byte	.LVL1
 608 0008 0100     		.2byte	0x1
 609 000a 50       		.byte	0x50
 610 000b 0A000000 		.4byte	.LVL1
 611 000f 18000000 		.4byte	.LFE0
 612 0013 0400     		.2byte	0x4
 613 0015 F3       		.byte	0xf3
 614 0016 01       		.uleb128 0x1
ARM GAS  C:\Users\Nick\AppData\Local\Temp\cchGC51D.s 			page 16


 615 0017 50       		.byte	0x50
 616 0018 9F       		.byte	0x9f
 617 0019 00000000 		.4byte	0
 618 001d 00000000 		.4byte	0
 619              	.LLST1:
 620 0021 00000000 		.4byte	.LVL2
 621 0025 0A000000 		.4byte	.LVL4
 622 0029 0100     		.2byte	0x1
 623 002b 50       		.byte	0x50
 624 002c 0A000000 		.4byte	.LVL4
 625 0030 18000000 		.4byte	.LFE1
 626 0034 0400     		.2byte	0x4
 627 0036 F3       		.byte	0xf3
 628 0037 01       		.uleb128 0x1
 629 0038 50       		.byte	0x50
 630 0039 9F       		.byte	0x9f
 631 003a 00000000 		.4byte	0
 632 003e 00000000 		.4byte	0
 633              	.LLST2:
 634 0042 08000000 		.4byte	.LVL3
 635 0046 0E000000 		.4byte	.LVL5
 636 004a 0100     		.2byte	0x1
 637 004c 53       		.byte	0x53
 638 004d 0E000000 		.4byte	.LVL5
 639 0051 18000000 		.4byte	.LFE1
 640 0055 0100     		.2byte	0x1
 641 0057 50       		.byte	0x50
 642 0058 00000000 		.4byte	0
 643 005c 00000000 		.4byte	0
 644              	.LLST3:
 645 0060 00000000 		.4byte	.LVL6
 646 0064 08000000 		.4byte	.LVL8
 647 0068 0100     		.2byte	0x1
 648 006a 51       		.byte	0x51
 649 006b 08000000 		.4byte	.LVL8
 650 006f 14000000 		.4byte	.LFE4
 651 0073 0400     		.2byte	0x4
 652 0075 F3       		.byte	0xf3
 653 0076 01       		.uleb128 0x1
 654 0077 51       		.byte	0x51
 655 0078 9F       		.byte	0x9f
 656 0079 00000000 		.4byte	0
 657 007d 00000000 		.4byte	0
 658              	.LLST4:
 659 0081 08000000 		.4byte	.LVL9
 660 0085 0C000000 		.4byte	.LVL10
 661 0089 0100     		.2byte	0x1
 662 008b 50       		.byte	0x50
 663 008c 0C000000 		.4byte	.LVL10
 664 0090 14000000 		.4byte	.LFE5
 665 0094 0400     		.2byte	0x4
 666 0096 72       		.byte	0x72
 667 0097 00       		.sleb128 0
 668 0098 06       		.byte	0x6
 669 0099 9F       		.byte	0x9f
 670 009a 00000000 		.4byte	0
 671 009e 00000000 		.4byte	0
ARM GAS  C:\Users\Nick\AppData\Local\Temp\cchGC51D.s 			page 17


 672              		.section	.debug_aranges,"",%progbits
 673 0000 44000000 		.4byte	0x44
 674 0004 0200     		.2byte	0x2
 675 0006 00000000 		.4byte	.Ldebug_info0
 676 000a 04       		.byte	0x4
 677 000b 00       		.byte	0
 678 000c 0000     		.2byte	0
 679 000e 0000     		.2byte	0
 680 0010 00000000 		.4byte	.LFB0
 681 0014 18000000 		.4byte	.LFE0-.LFB0
 682 0018 00000000 		.4byte	.LFB1
 683 001c 18000000 		.4byte	.LFE1-.LFB1
 684 0020 00000000 		.4byte	.LFB2
 685 0024 10000000 		.4byte	.LFE2-.LFB2
 686 0028 00000000 		.4byte	.LFB3
 687 002c 10000000 		.4byte	.LFE3-.LFB3
 688 0030 00000000 		.4byte	.LFB4
 689 0034 14000000 		.4byte	.LFE4-.LFB4
 690 0038 00000000 		.4byte	.LFB5
 691 003c 14000000 		.4byte	.LFE5-.LFB5
 692 0040 00000000 		.4byte	0
 693 0044 00000000 		.4byte	0
 694              		.section	.debug_ranges,"",%progbits
 695              	.Ldebug_ranges0:
 696 0000 00000000 		.4byte	.LFB0
 697 0004 18000000 		.4byte	.LFE0
 698 0008 00000000 		.4byte	.LFB1
 699 000c 18000000 		.4byte	.LFE1
 700 0010 00000000 		.4byte	.LFB2
 701 0014 10000000 		.4byte	.LFE2
 702 0018 00000000 		.4byte	.LFB3
 703 001c 10000000 		.4byte	.LFE3
 704 0020 00000000 		.4byte	.LFB4
 705 0024 14000000 		.4byte	.LFE4
 706 0028 00000000 		.4byte	.LFB5
 707 002c 14000000 		.4byte	.LFE5
 708 0030 00000000 		.4byte	0
 709 0034 00000000 		.4byte	0
 710              		.section	.debug_line,"",%progbits
 711              	.Ldebug_line0:
 712 0000 BC000000 		.section	.debug_str,"MS",%progbits,1
 712      02004500 
 712      00000201 
 712      FB0E0D00 
 712      01010101 
 713              	.LASF15:
 714 0000 72656733 		.ascii	"reg32\000"
 714      3200
 715              	.LASF19:
 716 0006 76616C75 		.ascii	"value\000"
 716      6500
 717              	.LASF22:
 718 000c 4C45445F 		.ascii	"LED_BLUE_SetInterruptMode\000"
 718      424C5545 
 718      5F536574 
 718      496E7465 
 718      72727570 
ARM GAS  C:\Users\Nick\AppData\Local\Temp\cchGC51D.s 			page 18


 719              	.LASF12:
 720 0026 666C6F61 		.ascii	"float\000"
 720      7400
 721              	.LASF1:
 722 002c 756E7369 		.ascii	"unsigned char\000"
 722      676E6564 
 722      20636861 
 722      7200
 723              	.LASF24:
 724 003a 64725661 		.ascii	"drVal\000"
 724      6C00
 725              	.LASF5:
 726 0040 6C6F6E67 		.ascii	"long unsigned int\000"
 726      20756E73 
 726      69676E65 
 726      6420696E 
 726      7400
 727              	.LASF3:
 728 0052 73686F72 		.ascii	"short unsigned int\000"
 728      7420756E 
 728      7369676E 
 728      65642069 
 728      6E7400
 729              	.LASF21:
 730 0065 4C45445F 		.ascii	"LED_BLUE_ReadDataReg\000"
 730      424C5545 
 730      5F526561 
 730      64446174 
 730      61526567 
 731              	.LASF13:
 732 007a 646F7562 		.ascii	"double\000"
 732      6C6500
 733              	.LASF10:
 734 0081 75696E74 		.ascii	"uint16\000"
 734      313600
 735              	.LASF17:
 736 0088 4C45445F 		.ascii	"LED_BLUE_Write\000"
 736      424C5545 
 736      5F577269 
 736      746500
 737              	.LASF23:
 738 0097 706F7369 		.ascii	"position\000"
 738      74696F6E 
 738      00
 739              	.LASF11:
 740 00a0 75696E74 		.ascii	"uint32\000"
 740      333200
 741              	.LASF25:
 742 00a7 696E7472 		.ascii	"intrCfg\000"
 742      43666700 
 743              	.LASF8:
 744 00af 756E7369 		.ascii	"unsigned int\000"
 744      676E6564 
 744      20696E74 
 744      00
 745              	.LASF20:
 746 00bc 4C45445F 		.ascii	"LED_BLUE_Read\000"
ARM GAS  C:\Users\Nick\AppData\Local\Temp\cchGC51D.s 			page 19


 746      424C5545 
 746      5F526561 
 746      6400
 747              	.LASF7:
 748 00ca 6C6F6E67 		.ascii	"long long unsigned int\000"
 748      206C6F6E 
 748      6720756E 
 748      7369676E 
 748      65642069 
 749              	.LASF30:
 750 00e1 433A5C55 		.ascii	"C:\\Users\\Nick\\Documents\\PSoC Creator\\capsensel"
 750      73657273 
 750      5C4E6963 
 750      6B5C446F 
 750      63756D65 
 751 010f 6564315C 		.ascii	"ed1\\capsenseled\\capsenseled.cydsn\000"
 751      63617073 
 751      656E7365 
 751      6C65645C 
 751      63617073 
 752              	.LASF18:
 753 0131 6D6F6465 		.ascii	"mode\000"
 753      00
 754              	.LASF6:
 755 0136 6C6F6E67 		.ascii	"long long int\000"
 755      206C6F6E 
 755      6720696E 
 755      7400
 756              	.LASF27:
 757 0144 6D61736B 		.ascii	"maskedStatus\000"
 757      65645374 
 757      61747573 
 757      00
 758              	.LASF14:
 759 0151 63686172 		.ascii	"char\000"
 759      00
 760              	.LASF29:
 761 0156 47656E65 		.ascii	"Generated_Source\\PSoC4\\LED_BLUE.c\000"
 761      72617465 
 761      645F536F 
 761      75726365 
 761      5C50536F 
 762              	.LASF28:
 763 0178 474E5520 		.ascii	"GNU C 4.9.3 20150303 (release) [ARM/embedded-4_9-br"
 763      4320342E 
 763      392E3320 
 763      32303135 
 763      30333033 
 764 01ab 616E6368 		.ascii	"anch revision 221220] -mcpu=cortex-m0 -mthumb -g -O"
 764      20726576 
 764      6973696F 
 764      6E203232 
 764      31323230 
 765 01de 67202D66 		.ascii	"g -ffunction-sections -ffat-lto-objects\000"
 765      66756E63 
 765      74696F6E 
 765      2D736563 
ARM GAS  C:\Users\Nick\AppData\Local\Temp\cchGC51D.s 			page 20


 765      74696F6E 
 766              	.LASF2:
 767 0206 73686F72 		.ascii	"short int\000"
 767      7420696E 
 767      7400
 768              	.LASF9:
 769 0210 75696E74 		.ascii	"uint8\000"
 769      3800
 770              	.LASF4:
 771 0216 6C6F6E67 		.ascii	"long int\000"
 771      20696E74 
 771      00
 772              	.LASF0:
 773 021f 7369676E 		.ascii	"signed char\000"
 773      65642063 
 773      68617200 
 774              	.LASF16:
 775 022b 4C45445F 		.ascii	"LED_BLUE_SetDriveMode\000"
 775      424C5545 
 775      5F536574 
 775      44726976 
 775      654D6F64 
 776              	.LASF26:
 777 0241 4C45445F 		.ascii	"LED_BLUE_ClearInterrupt\000"
 777      424C5545 
 777      5F436C65 
 777      6172496E 
 777      74657272 
 778              		.ident	"GCC: (GNU Tools for ARM Embedded Processors) 4.9.3 20150303 (release) [ARM/embedded-4_9-br
