ARM GAS  C:\Users\rdeiaco\AppData\Local\Temp\ccaLmkji.s 			page 1


   1              		.cpu cortex-m0
   2              		.fpu softvfp
   3              		.eabi_attribute 20, 1
   4              		.eabi_attribute 21, 1
   5              		.eabi_attribute 23, 3
   6              		.eabi_attribute 24, 1
   7              		.eabi_attribute 25, 1
   8              		.eabi_attribute 26, 1
   9              		.eabi_attribute 30, 1
  10              		.eabi_attribute 34, 0
  11              		.eabi_attribute 18, 4
  12              		.code	16
  13              		.file	"OTAMandatory.c"
  14              		.text
  15              	.Ltext0:
  16              		.cfi_sections	.debug_frame
  17              		.section	.text.Bootloader_Start_c,"ax",%progbits
  18              		.align	2
  19              		.global	Bootloader_Start_c
  20              		.code	16
  21              		.thumb_func
  22              		.type	Bootloader_Start_c, %function
  23              	Bootloader_Start_c:
  24              	.LFB35:
  25              		.file 1 "OTAMandatory.c"
   1:OTAMandatory.c **** /*******************************************************************************
   2:OTAMandatory.c **** * File Name: OTAMandatory.c
   3:OTAMandatory.c **** *
   4:OTAMandatory.c **** * Version: 1.30
   5:OTAMandatory.c **** *
   6:OTAMandatory.c **** * Description:
   7:OTAMandatory.c **** *  Provides an API that implement core functionality of OTA.
   8:OTAMandatory.c **** *
   9:OTAMandatory.c **** * Hardware Dependency:
  10:OTAMandatory.c **** *  CY8CKIT-042 BLE
  11:OTAMandatory.c **** *
  12:OTAMandatory.c **** ********************************************************************************
  13:OTAMandatory.c **** * Copyright 2014-2015, Cypress Semiconductor Corporation. All rights reserved.
  14:OTAMandatory.c **** * This software is owned by Cypress Semiconductor Corporation and is protected
  15:OTAMandatory.c **** * by and subject to worldwide patent and copyright laws and treaties.
  16:OTAMandatory.c **** * Therefore, you may use this software only as provided in the license agreement
  17:OTAMandatory.c **** * accompanying the software package from which you obtained this software.
  18:OTAMandatory.c **** * CYPRESS AND ITS SUPPLIERS MAKE NO WARRANTY OF ANY KIND, EXPRESS OR IMPLIED,
  19:OTAMandatory.c **** * WITH REGARD TO THIS SOFTWARE, INCLUDING, BUT NOT LIMITED TO, NONINFRINGEMENT,
  20:OTAMandatory.c **** * IMPLIED WARRANTIES OF MERCHANTABILITY AND FITNESS FOR A PARTICULAR PURPOSE.
  21:OTAMandatory.c **** *******************************************************************************/
  22:OTAMandatory.c **** #include "common.h"
  23:OTAMandatory.c **** 
  24:OTAMandatory.c **** #if defined(__ARMCC_VERSION)
  25:OTAMandatory.c ****     
  26:OTAMandatory.c **** #include <cytypes.h>
  27:OTAMandatory.c **** 
  28:OTAMandatory.c **** __attribute__ ((section(".bootloaderruntype"), zero_init))
  29:OTAMandatory.c **** extern volatile uint8 appType; 
  30:OTAMandatory.c **** __attribute__ ((section(".bootloaderruntype"), zero_init))
  31:OTAMandatory.c **** volatile uint32 CyReturnToBootloaddableAddress;
  32:OTAMandatory.c **** extern void Bootloader__main(void);
ARM GAS  C:\Users\rdeiaco\AppData\Local\Temp\ccaLmkji.s 			page 2


  33:OTAMandatory.c **** void InitializeBootloaderSRAM(void);
  34:OTAMandatory.c **** extern int main(void);
  35:OTAMandatory.c **** extern int $Super$$main(void);
  36:OTAMandatory.c **** extern void initialize_psoc(void);
  37:OTAMandatory.c **** #endif /*__ARMCC_VERSION*/
  38:OTAMandatory.c **** 
  39:OTAMandatory.c **** 
  40:OTAMandatory.c **** #if defined(__ARMCC_VERSION)
  41:OTAMandatory.c ****     /*******************************************************************************
  42:OTAMandatory.c ****     * Following code implements re-initialization of separate RAM segment containing
  43:OTAMandatory.c ****     * data that is required for BLE Stack operation.
  44:OTAMandatory.c ****     * This code is used in case of MDK compiler.
  45:OTAMandatory.c ****     *******************************************************************************/
  46:OTAMandatory.c ****     __attribute__ ((section(".bootloaderruntype"), zero_init))
  47:OTAMandatory.c ****     volatile uint32 CyReturnToBootloaddableAddress;
  48:OTAMandatory.c ****     extern void Bootloader__main(void);
  49:OTAMandatory.c ****     void InitializeBootloaderSRAM(void);
  50:OTAMandatory.c ****     extern int main(void);
  51:OTAMandatory.c ****     extern int $Super$$main(void);
  52:OTAMandatory.c ****     extern void initialize_psoc(void);
  53:OTAMandatory.c **** 
  54:OTAMandatory.c ****     /*******************************************************************************
  55:OTAMandatory.c ****     * Function Name: _platform_post_lib_init()
  56:OTAMandatory.c ****     ********************************************************************************
  57:OTAMandatory.c ****     *
  58:OTAMandatory.c ****     * Summary:
  59:OTAMandatory.c ****     *   This function is called by MDK compiler startup code.
  60:OTAMandatory.c ****     *
  61:OTAMandatory.c ****     * Parameters:
  62:OTAMandatory.c ****     *   None
  63:OTAMandatory.c ****     *
  64:OTAMandatory.c ****     *******************************************************************************/
  65:OTAMandatory.c ****     void _platform_post_lib_init()
  66:OTAMandatory.c ****     {
  67:OTAMandatory.c ****         initialize_psoc();
  68:OTAMandatory.c ****         InitializeBootloaderSRAM();
  69:OTAMandatory.c ****     }
  70:OTAMandatory.c **** #elif defined (__GNUC__)
  71:OTAMandatory.c ****     /*******************************************************************************
  72:OTAMandatory.c ****     * Following code implements re-initialization of separate RAM segment containing
  73:OTAMandatory.c ****     * data that is required for BLE Stack operation.
  74:OTAMandatory.c ****     * This code is used in case of GCC compiler
  75:OTAMandatory.c ****     *******************************************************************************/
  76:OTAMandatory.c ****     extern void Bootloader__libc_init_array(void);
  77:OTAMandatory.c ****     typedef unsigned char __cy_byte_align8 __attribute ((aligned (8)));
  78:OTAMandatory.c ****     struct __cy_region
  79:OTAMandatory.c ****     {
  80:OTAMandatory.c ****         __cy_byte_align8 *init; /* Initial contents of this region.  */
  81:OTAMandatory.c ****         __cy_byte_align8 *data; /* Start address of region.  */
  82:OTAMandatory.c ****         size_t init_size;       /* Size of initial data.  */
  83:OTAMandatory.c ****         size_t zero_size;       /* Additional size to be zeroed.  */
  84:OTAMandatory.c ****     };
  85:OTAMandatory.c ****     extern const struct __cy_region Bootloader__cy_regions[];
  86:OTAMandatory.c ****     extern const char Bootloader__cy_region_num __attribute__((weak));
  87:OTAMandatory.c ****     
  88:OTAMandatory.c ****     
  89:OTAMandatory.c ****     #define Bootloader__cy_region_num ((size_t)&Bootloader__cy_region_num)
ARM GAS  C:\Users\rdeiaco\AppData\Local\Temp\ccaLmkji.s 			page 3


  90:OTAMandatory.c ****     
  91:OTAMandatory.c **** 
  92:OTAMandatory.c ****     /*******************************************************************************
  93:OTAMandatory.c ****     * Function Name: Bootloader_Start_c()
  94:OTAMandatory.c ****     ********************************************************************************
  95:OTAMandatory.c ****     *
  96:OTAMandatory.c ****     * Summary:
  97:OTAMandatory.c ****     *   This function initializes bootloader RAM .bss section. It is required for 
  98:OTAMandatory.c ****     *   BLE Stack operation.
  99:OTAMandatory.c ****     *
 100:OTAMandatory.c ****     * Parameters:
 101:OTAMandatory.c ****     *   None
 102:OTAMandatory.c ****     *
 103:OTAMandatory.c ****     *******************************************************************************/
 104:OTAMandatory.c ****     void Bootloader_Start_c(void)
 105:OTAMandatory.c ****     {
  26              		.loc 1 105 0
  27              		.cfi_startproc
  28 0000 70B5     		push	{r4, r5, r6, lr}
  29              		.cfi_def_cfa_offset 16
  30              		.cfi_offset 4, -16
  31              		.cfi_offset 5, -12
  32              		.cfi_offset 6, -8
  33              		.cfi_offset 14, -4
  34              	.LVL0:
 106:OTAMandatory.c ****         unsigned regions = Bootloader__cy_region_num;
 107:OTAMandatory.c ****         const struct __cy_region *rptr = Bootloader__cy_regions;
 108:OTAMandatory.c **** 
 109:OTAMandatory.c ****         /* Initialize memory */
 110:OTAMandatory.c ****         for (regions = Bootloader__cy_region_num; regions != 0u; regions--)
  35              		.loc 1 110 0
  36 0002 0D4E     		ldr	r6, .L8
  37              	.LVL1:
 107:OTAMandatory.c **** 
  38              		.loc 1 107 0
  39 0004 0D4D     		ldr	r5, .L8+4
  40              		.loc 1 110 0
  41 0006 13E0     		b	.L2
  42              	.LVL2:
  43              	.L7:
  44              	.LBB2:
 111:OTAMandatory.c ****         {
 112:OTAMandatory.c ****             uint32 *src = (uint32 *)rptr->init;
  45              		.loc 1 112 0
  46 0008 2968     		ldr	r1, [r5]
  47              	.LVL3:
 113:OTAMandatory.c ****             uint32 *dst = (uint32 *)rptr->data;
  48              		.loc 1 113 0
  49 000a 6B68     		ldr	r3, [r5, #4]
  50              	.LVL4:
 114:OTAMandatory.c ****             unsigned limit = rptr->init_size;
  51              		.loc 1 114 0
  52 000c AC68     		ldr	r4, [r5, #8]
  53              	.LVL5:
 115:OTAMandatory.c ****             unsigned count;
 116:OTAMandatory.c **** 
 117:OTAMandatory.c ****             for (count = 0u; count != limit; count += sizeof (uint32))
ARM GAS  C:\Users\rdeiaco\AppData\Local\Temp\ccaLmkji.s 			page 4


  54              		.loc 1 117 0
  55 000e 0022     		mov	r2, #0
  56 0010 02E0     		b	.L3
  57              	.LVL6:
  58              	.L4:
 118:OTAMandatory.c ****             {
 119:OTAMandatory.c ****                 *dst = *src;
  59              		.loc 1 119 0 discriminator 3
  60 0012 01C9     		ldmia	r1!, {r0}
  61              	.LVL7:
  62 0014 01C3     		stmia	r3!, {r0}
  63              	.LVL8:
 117:OTAMandatory.c ****             {
  64              		.loc 1 117 0 discriminator 3
  65 0016 0432     		add	r2, r2, #4
  66              	.LVL9:
  67              	.L3:
 117:OTAMandatory.c ****             {
  68              		.loc 1 117 0 is_stmt 0 discriminator 1
  69 0018 A242     		cmp	r2, r4
  70 001a FAD1     		bne	.L4
 120:OTAMandatory.c ****                 dst++;
 121:OTAMandatory.c ****                 src++;
 122:OTAMandatory.c ****             }
 123:OTAMandatory.c ****             limit = rptr->zero_size;
  71              		.loc 1 123 0 is_stmt 1
  72 001c E868     		ldr	r0, [r5, #12]
  73              	.LVL10:
 124:OTAMandatory.c ****             for (count = 0u; count != limit; count += sizeof (uint32))
  74              		.loc 1 124 0
  75 001e 0022     		mov	r2, #0
  76 0020 02E0     		b	.L5
  77              	.LVL11:
  78              	.L6:
 125:OTAMandatory.c ****             {
 126:OTAMandatory.c ****                 *dst = 0u;
  79              		.loc 1 126 0 discriminator 3
  80 0022 0021     		mov	r1, #0
  81 0024 02C3     		stmia	r3!, {r1}
  82              	.LVL12:
 124:OTAMandatory.c ****             for (count = 0u; count != limit; count += sizeof (uint32))
  83              		.loc 1 124 0 discriminator 3
  84 0026 0432     		add	r2, r2, #4
  85              	.LVL13:
  86              	.L5:
 124:OTAMandatory.c ****             for (count = 0u; count != limit; count += sizeof (uint32))
  87              		.loc 1 124 0 is_stmt 0 discriminator 1
  88 0028 8242     		cmp	r2, r0
  89 002a FAD1     		bne	.L6
 127:OTAMandatory.c ****                 dst++;
 128:OTAMandatory.c ****             }
 129:OTAMandatory.c **** 
 130:OTAMandatory.c ****             rptr++;
  90              		.loc 1 130 0 is_stmt 1 discriminator 2
  91 002c 1035     		add	r5, r5, #16
  92              	.LVL14:
  93              	.LBE2:
ARM GAS  C:\Users\rdeiaco\AppData\Local\Temp\ccaLmkji.s 			page 5


 110:OTAMandatory.c ****         {
  94              		.loc 1 110 0 discriminator 2
  95 002e 013E     		sub	r6, r6, #1
  96              	.LVL15:
  97              	.L2:
 110:OTAMandatory.c ****         {
  98              		.loc 1 110 0 is_stmt 0 discriminator 1
  99 0030 002E     		cmp	r6, #0
 100 0032 E9D1     		bne	.L7
 131:OTAMandatory.c ****         }
 132:OTAMandatory.c **** 
 133:OTAMandatory.c ****         /* Invoke static objects constructors using Bootloader__libc_init_array() function call her
 134:OTAMandatory.c ****          * if they are needed.
 135:OTAMandatory.c ****          */
 136:OTAMandatory.c **** }   
 101              		.loc 1 136 0 is_stmt 1
 102              		@ sp needed
 103              	.LVL16:
 104              	.LVL17:
 105 0034 70BD     		pop	{r4, r5, r6, pc}
 106              	.L9:
 107 0036 C046     		.align	2
 108              	.L8:
 109 0038 00000000 		.word	Bootloader__cy_region_num
 110 003c 00000000 		.word	Bootloader__cy_regions
 111              		.cfi_endproc
 112              	.LFE35:
 113              		.size	Bootloader_Start_c, .-Bootloader_Start_c
 114              		.section	.text.InitializeBootloaderSRAM,"ax",%progbits
 115              		.align	2
 116              		.global	InitializeBootloaderSRAM
 117              		.code	16
 118              		.thumb_func
 119              		.type	InitializeBootloaderSRAM, %function
 120              	InitializeBootloaderSRAM:
 121              	.LFB36:
 137:OTAMandatory.c **** #elif defined (__ICCARM__)
 138:OTAMandatory.c ****     /*******************************************************************************
 139:OTAMandatory.c ****     * Following code implements re-initialization of separate RAM segment containing
 140:OTAMandatory.c ****     * data that is required for BLE Stack operation.
 141:OTAMandatory.c ****     * This code is used in case of IAR compiler.
 142:OTAMandatory.c ****     *******************************************************************************/
 143:OTAMandatory.c ****     extern void Bootloader__iar_data_init3(void);
 144:OTAMandatory.c **** #endif  /* (__ARMCC_VERSION) */
 145:OTAMandatory.c **** 
 146:OTAMandatory.c **** 
 147:OTAMandatory.c **** /*******************************************************************************
 148:OTAMandatory.c **** * Function Name: Bootloader_Start_c()
 149:OTAMandatory.c **** ********************************************************************************
 150:OTAMandatory.c **** *
 151:OTAMandatory.c **** * Summary:
 152:OTAMandatory.c **** *   This function triggers initialization of bootloader RAM .bss section.
 153:OTAMandatory.c **** *   It is required for BLE Stack operation. This function should be called from
 154:OTAMandatory.c **** *   main() prior BLE component start.
 155:OTAMandatory.c **** *
 156:OTAMandatory.c **** * Parameters:
 157:OTAMandatory.c **** *   None
ARM GAS  C:\Users\rdeiaco\AppData\Local\Temp\ccaLmkji.s 			page 6


 158:OTAMandatory.c **** *
 159:OTAMandatory.c **** *******************************************************************************/
 160:OTAMandatory.c **** void InitializeBootloaderSRAM()
 161:OTAMandatory.c **** {
 122              		.loc 1 161 0
 123              		.cfi_startproc
 124 0000 08B5     		push	{r3, lr}
 125              		.cfi_def_cfa_offset 8
 126              		.cfi_offset 3, -8
 127              		.cfi_offset 14, -4
 162:OTAMandatory.c **** #if defined(__ARMCC_VERSION)
 163:OTAMandatory.c ****     CyReturnToBootloaddableAddress = (uint32)$Super$$main;
 164:OTAMandatory.c ****     Bootloader__main();
 165:OTAMandatory.c **** #elif defined (__GNUC__)
 166:OTAMandatory.c ****     Bootloader_Start_c();
 128              		.loc 1 166 0
 129 0002 FFF7FEFF 		bl	Bootloader_Start_c
 130              	.LVL18:
 167:OTAMandatory.c **** #elif defined (__ICCARM__)
 168:OTAMandatory.c ****     Bootloader__iar_data_init3();
 169:OTAMandatory.c **** #endif /* defined(__ARMCC_VERSION) */
 170:OTAMandatory.c **** }
 131              		.loc 1 170 0
 132              		@ sp needed
 133 0006 08BD     		pop	{r3, pc}
 134              		.cfi_endproc
 135              	.LFE36:
 136              		.size	InitializeBootloaderSRAM, .-InitializeBootloaderSRAM
 137              		.section	.text.ConfigureSharedPins,"ax",%progbits
 138              		.align	2
 139              		.global	ConfigureSharedPins
 140              		.code	16
 141              		.thumb_func
 142              		.type	ConfigureSharedPins, %function
 143              	ConfigureSharedPins:
 144              	.LFB37:
 171:OTAMandatory.c **** 
 172:OTAMandatory.c **** 
 173:OTAMandatory.c **** /*******************************************************************************
 174:OTAMandatory.c **** * Function Name: ConfigureSharedPins()
 175:OTAMandatory.c **** ********************************************************************************
 176:OTAMandatory.c **** *
 177:OTAMandatory.c **** * Summary:
 178:OTAMandatory.c **** *   This function configures shared pins.
 179:OTAMandatory.c **** *
 180:OTAMandatory.c **** * Parameters:
 181:OTAMandatory.c **** *   None
 182:OTAMandatory.c **** *
 183:OTAMandatory.c **** *******************************************************************************/
 184:OTAMandatory.c **** void ConfigureSharedPins()
 185:OTAMandatory.c **** {
 145              		.loc 1 185 0
 146              		.cfi_startproc
 147 0000 08B5     		push	{r3, lr}
 148              		.cfi_def_cfa_offset 8
 149              		.cfi_offset 3, -8
 150              		.cfi_offset 14, -4
ARM GAS  C:\Users\rdeiaco\AppData\Local\Temp\ccaLmkji.s 			page 7


 186:OTAMandatory.c ****     Disconnect_LED_SetDriveMode(LED_1_DM_RES_UP);
 151              		.loc 1 186 0
 152 0002 0220     		mov	r0, #2
 153 0004 FFF7FEFF 		bl	Advertising_LED_2_SetDriveMode
 154              	.LVL19:
 187:OTAMandatory.c ****     Advertising_LED_SetDriveMode(LED_1_DM_RES_UP);
 155              		.loc 1 187 0
 156 0008 0220     		mov	r0, #2
 157 000a FFF7FEFF 		bl	Advertising_LED_1_SetDriveMode
 158              	.LVL20:
 188:OTAMandatory.c ****     CapsLock_LED_SetDriveMode(LED_1_DM_RES_UP);
 159              		.loc 1 188 0
 160 000e 0220     		mov	r0, #2
 161 0010 FFF7FEFF 		bl	Bootloading_LED_SetDriveMode
 162              	.LVL21:
 189:OTAMandatory.c ****     Disconnect_LED_Write(LED_OFF);
 163              		.loc 1 189 0
 164 0014 0120     		mov	r0, #1
 165 0016 FFF7FEFF 		bl	Advertising_LED_2_Write
 166              	.LVL22:
 190:OTAMandatory.c ****     Advertising_LED_Write(LED_OFF);
 167              		.loc 1 190 0
 168 001a 0120     		mov	r0, #1
 169 001c FFF7FEFF 		bl	Advertising_LED_1_Write
 170              	.LVL23:
 191:OTAMandatory.c ****     CapsLock_LED_Write(LED_OFF);
 171              		.loc 1 191 0
 172 0020 0120     		mov	r0, #1
 173 0022 FFF7FEFF 		bl	Bootloading_LED_Write
 174              	.LVL24:
 192:OTAMandatory.c ****     Bootloader_Service_Activation_SetDriveMode(LED_1_DM_RES_UP);
 175              		.loc 1 192 0
 176 0026 0220     		mov	r0, #2
 177 0028 FFF7FEFF 		bl	Bootloader_Service_Activation_SetDriveMode
 178              	.LVL25:
 193:OTAMandatory.c ****     Bootloader_Service_Activation_Write(1);
 179              		.loc 1 193 0
 180 002c 0120     		mov	r0, #1
 181 002e FFF7FEFF 		bl	Bootloader_Service_Activation_Write
 182              	.LVL26:
 194:OTAMandatory.c **** }
 183              		.loc 1 194 0
 184              		@ sp needed
 185 0032 08BD     		pop	{r3, pc}
 186              		.cfi_endproc
 187              	.LFE37:
 188              		.size	ConfigureSharedPins, .-ConfigureSharedPins
 189              		.section	.text.BootloaderSwitch,"ax",%progbits
 190              		.align	2
 191              		.global	BootloaderSwitch
 192              		.code	16
 193              		.thumb_func
 194              		.type	BootloaderSwitch, %function
 195              	BootloaderSwitch:
 196              	.LFB38:
 195:OTAMandatory.c **** 
 196:OTAMandatory.c **** 
ARM GAS  C:\Users\rdeiaco\AppData\Local\Temp\ccaLmkji.s 			page 8


 197:OTAMandatory.c **** /*******************************************************************************
 198:OTAMandatory.c **** * Function Name: BootloaderSwitch()
 199:OTAMandatory.c **** ********************************************************************************
 200:OTAMandatory.c **** *
 201:OTAMandatory.c **** * Summary:
 202:OTAMandatory.c **** *   This function polls SW2 button and if it is pressed - shedules bootloader 
 203:OTAMandatory.c **** *   project launch. That action includes sotware reset.
 204:OTAMandatory.c **** *
 205:OTAMandatory.c **** * Parameters:
 206:OTAMandatory.c **** *   None
 207:OTAMandatory.c **** *
 208:OTAMandatory.c **** *******************************************************************************/
 209:OTAMandatory.c **** void BootloaderSwitch()
 210:OTAMandatory.c **** {
 197              		.loc 1 210 0
 198              		.cfi_startproc
 199 0000 08B5     		push	{r3, lr}
 200              		.cfi_def_cfa_offset 8
 201              		.cfi_offset 3, -8
 202              		.cfi_offset 14, -4
 211:OTAMandatory.c ****     if (Bootloader_Service_Activation_Read() == 0)
 203              		.loc 1 211 0
 204 0002 FFF7FEFF 		bl	Bootloader_Service_Activation_Read
 205              	.LVL27:
 206 0006 0028     		cmp	r0, #0
 207 0008 20D1     		bne	.L12
 212:OTAMandatory.c ****     {
 213:OTAMandatory.c ****         CyDelay(100);
 208              		.loc 1 213 0
 209 000a 6430     		add	r0, r0, #100
 210 000c FFF7FEFF 		bl	CyDelay
 211              	.LVL28:
 214:OTAMandatory.c ****         if (Bootloader_Service_Activation_Read() == 0)
 212              		.loc 1 214 0
 213 0010 FFF7FEFF 		bl	Bootloader_Service_Activation_Read
 214              	.LVL29:
 215 0014 0028     		cmp	r0, #0
 216 0016 19D1     		bne	.L12
 215:OTAMandatory.c ****         {
 216:OTAMandatory.c ****             DBG_PRINTF("Bootloader activation button pressed \r\n");
 217              		.loc 1 216 0
 218 0018 0D48     		ldr	r0, .L14
 219 001a FFF7FEFF 		bl	puts
 220              	.LVL30:
 217:OTAMandatory.c ****             DBG_PRINTF("Switching to bootloader application... \r\n");
 221              		.loc 1 217 0
 222 001e 0D48     		ldr	r0, .L14+4
 223 0020 FFF7FEFF 		bl	puts
 224              	.LVL31:
 218:OTAMandatory.c ****             CyDelay(500);
 225              		.loc 1 218 0
 226 0024 FA20     		mov	r0, #250
 227 0026 4000     		lsl	r0, r0, #1
 228 0028 FFF7FEFF 		bl	CyDelay
 229              	.LVL32:
 219:OTAMandatory.c ****             
 220:OTAMandatory.c ****             
ARM GAS  C:\Users\rdeiaco\AppData\Local\Temp\ccaLmkji.s 			page 9


 221:OTAMandatory.c ****             CyBle_Shutdown(); /* stop all ongoing activities */
 230              		.loc 1 221 0
 231 002c FFF7FEFF 		bl	CyBle_Shutdown
 232              	.LVL33:
 222:OTAMandatory.c ****             CyBle_ProcessEvents(); /* process all pending events */
 233              		.loc 1 222 0
 234 0030 FFF7FEFF 		bl	CyBle_ProcessEvents
 235              	.LVL34:
 223:OTAMandatory.c ****             CyBle_SetState(CYBLE_STATE_STOPPED);
 236              		.loc 1 223 0
 237 0034 0022     		mov	r2, #0
 238 0036 084B     		ldr	r3, .L14+8
 239 0038 1A70     		strb	r2, [r3]
 224:OTAMandatory.c ****             CySysWdtUnlock();
 240              		.loc 1 224 0
 241 003a FFF7FEFF 		bl	CySysWdtUnlock
 242              	.LVL35:
 225:OTAMandatory.c ****             CySysWdtDisable(WDT_COUNTER_MASK);
 243              		.loc 1 225 0
 244 003e 8020     		mov	r0, #128
 245 0040 4000     		lsl	r0, r0, #1
 246 0042 FFF7FEFF 		bl	CySysWdtDisable
 247              	.LVL36:
 226:OTAMandatory.c ****             CyGlobalIntDisable;
 248              		.loc 1 226 0
 249              	@ 226 "OTAMandatory.c" 1
 250 0046 72B6     		CPSID   i
 251              	@ 0 "" 2
 227:OTAMandatory.c ****             Bootloadable_Load();
 252              		.loc 1 227 0
 253              		.code	16
 254 0048 FFF7FEFF 		bl	Bootloadable_Load
 255              	.LVL37:
 256              	.L12:
 228:OTAMandatory.c ****         }
 229:OTAMandatory.c ****     }
 230:OTAMandatory.c **** }
 257              		.loc 1 230 0
 258              		@ sp needed
 259 004c 08BD     		pop	{r3, pc}
 260              	.L15:
 261 004e C046     		.align	2
 262              	.L14:
 263 0050 00000000 		.word	.LC2
 264 0054 28000000 		.word	.LC4
 265 0058 00000000 		.word	cyBle_state
 266              		.cfi_endproc
 267              	.LFE38:
 268              		.size	BootloaderSwitch, .-BootloaderSwitch
 269              		.section	.text.ConfigureServices,"ax",%progbits
 270              		.align	2
 271              		.global	ConfigureServices
 272              		.code	16
 273              		.thumb_func
 274              		.type	ConfigureServices, %function
 275              	ConfigureServices:
 276              	.LFB39:
ARM GAS  C:\Users\rdeiaco\AppData\Local\Temp\ccaLmkji.s 			page 10


 231:OTAMandatory.c **** 
 232:OTAMandatory.c **** 
 233:OTAMandatory.c **** /*******************************************************************************
 234:OTAMandatory.c **** * Function Name: ConfigureServices()
 235:OTAMandatory.c **** ********************************************************************************
 236:OTAMandatory.c **** *
 237:OTAMandatory.c **** * Summary:
 238:OTAMandatory.c **** *   This function configures BLE component services to match required
 239:OTAMandatory.c **** *   configuration.
 240:OTAMandatory.c **** *
 241:OTAMandatory.c **** * Parameters:
 242:OTAMandatory.c **** *   None
 243:OTAMandatory.c **** *
 244:OTAMandatory.c **** *******************************************************************************/
 245:OTAMandatory.c **** void ConfigureServices()
 246:OTAMandatory.c **** {
 277              		.loc 1 246 0
 278              		.cfi_startproc
 279 0000 08B5     		push	{r3, lr}
 280              		.cfi_def_cfa_offset 8
 281              		.cfi_offset 3, -8
 282              		.cfi_offset 14, -4
 247:OTAMandatory.c ****     CyBle_GattsDisableAttribute(CYBLE_BTS_SERVICE_HANDLE);
 283              		.loc 1 247 0
 284 0002 3320     		mov	r0, #51
 285 0004 FFF7FEFF 		bl	CyBle_GattsDisableAttribute
 286              	.LVL38:
 248:OTAMandatory.c **** 
 249:OTAMandatory.c **** #if defined(__ICCARM__)
 250:OTAMandatory.c ****     CyBle_GattsEnableAttribute(CYBLE_HID_SERVICE_HANDLE);
 251:OTAMandatory.c ****     CyBle_GattsEnableAttribute(CYBLE_DIS_SERVICE_HANDLE);
 252:OTAMandatory.c ****     CyBle_GattsEnableAttribute(CYBLE_BAS_SERVICE_HANDLE);
 253:OTAMandatory.c ****     CyBle_GattsEnableAttribute(CYBLE_SCPS_SERVICE_HANDLE);
 254:OTAMandatory.c **** #endif /* defined(__ICCARM__) */
 255:OTAMandatory.c **** }
 287              		.loc 1 255 0
 288              		@ sp needed
 289 0008 08BD     		pop	{r3, pc}
 290              		.cfi_endproc
 291              	.LFE39:
 292              		.size	ConfigureServices, .-ConfigureServices
 293 000a C046     		.section	.rodata.str1.4,"aMS",%progbits,1
 294              		.align	2
 295              	.LC2:
 296 0000 426F6F74 		.ascii	"Bootloader activation button pressed \015\000"
 296      6C6F6164 
 296      65722061 
 296      63746976 
 296      6174696F 
 297 0027 00       		.space	1
 298              	.LC4:
 299 0028 53776974 		.ascii	"Switching to bootloader application... \015\000"
 299      6368696E 
 299      6720746F 
 299      20626F6F 
 299      746C6F61 
 300              		.weak	Bootloader__cy_region_num
ARM GAS  C:\Users\rdeiaco\AppData\Local\Temp\ccaLmkji.s 			page 11


 301 0051 000000   		.text
 302              	.Letext0:
 303              		.file 2 "Generated_Source\\PSoC4/cytypes.h"
 304              		.file 3 "c:\\program files (x86)\\cypress\\psoc creator\\4.0\\psoc creator\\import\\gnu\\arm\\4.9.
 305              		.file 4 "OTAMandatory.h"
 306              		.file 5 "Generated_Source\\PSoC4/CyLib.h"
 307              		.file 6 "<built-in>"
 308              		.file 7 "Generated_Source\\PSoC4/CyLFClk.h"
 309              		.file 8 "Generated_Source\\PSoC4/Bootloadable.h"
 310              		.section	.debug_info,"",%progbits
 311              	.Ldebug_info0:
 312 0000 63050000 		.4byte	0x563
 313 0004 0400     		.2byte	0x4
 314 0006 00000000 		.4byte	.Ldebug_abbrev0
 315 000a 04       		.byte	0x4
 316 000b 01       		.uleb128 0x1
 317 000c 70030000 		.4byte	.LASF84
 318 0010 01       		.byte	0x1
 319 0011 95080000 		.4byte	.LASF85
 320 0015 33060000 		.4byte	.LASF86
 321 0019 00000000 		.4byte	.Ldebug_ranges0+0
 322 001d 00000000 		.4byte	0
 323 0021 00000000 		.4byte	.Ldebug_line0
 324 0025 02       		.uleb128 0x2
 325 0026 01       		.byte	0x1
 326 0027 06       		.byte	0x6
 327 0028 6C040000 		.4byte	.LASF0
 328 002c 02       		.uleb128 0x2
 329 002d 01       		.byte	0x1
 330 002e 08       		.byte	0x8
 331 002f 0C040000 		.4byte	.LASF1
 332 0033 02       		.uleb128 0x2
 333 0034 02       		.byte	0x2
 334 0035 05       		.byte	0x5
 335 0036 DA000000 		.4byte	.LASF2
 336 003a 02       		.uleb128 0x2
 337 003b 02       		.byte	0x2
 338 003c 07       		.byte	0x7
 339 003d 14050000 		.4byte	.LASF3
 340 0041 02       		.uleb128 0x2
 341 0042 04       		.byte	0x4
 342 0043 05       		.byte	0x5
 343 0044 A0020000 		.4byte	.LASF4
 344 0048 02       		.uleb128 0x2
 345 0049 04       		.byte	0x4
 346 004a 07       		.byte	0x7
 347 004b 34070000 		.4byte	.LASF5
 348 004f 02       		.uleb128 0x2
 349 0050 08       		.byte	0x8
 350 0051 05       		.byte	0x5
 351 0052 64020000 		.4byte	.LASF6
 352 0056 02       		.uleb128 0x2
 353 0057 08       		.byte	0x8
 354 0058 07       		.byte	0x7
 355 0059 72020000 		.4byte	.LASF7
 356 005d 03       		.uleb128 0x3
 357 005e 04       		.byte	0x4
ARM GAS  C:\Users\rdeiaco\AppData\Local\Temp\ccaLmkji.s 			page 12


 358 005f 05       		.byte	0x5
 359 0060 696E7400 		.ascii	"int\000"
 360 0064 02       		.uleb128 0x2
 361 0065 04       		.byte	0x4
 362 0066 07       		.byte	0x7
 363 0067 B0040000 		.4byte	.LASF8
 364 006b 04       		.uleb128 0x4
 365 006c FE030000 		.4byte	.LASF9
 366 0070 02       		.byte	0x2
 367 0071 C2       		.byte	0xc2
 368 0072 2C000000 		.4byte	0x2c
 369 0076 04       		.uleb128 0x4
 370 0077 C9010000 		.4byte	.LASF10
 371 007b 02       		.byte	0x2
 372 007c C3       		.byte	0xc3
 373 007d 3A000000 		.4byte	0x3a
 374 0081 04       		.uleb128 0x4
 375 0082 2D070000 		.4byte	.LASF11
 376 0086 02       		.byte	0x2
 377 0087 C4       		.byte	0xc4
 378 0088 48000000 		.4byte	0x48
 379 008c 02       		.uleb128 0x2
 380 008d 04       		.byte	0x4
 381 008e 04       		.byte	0x4
 382 008f 4A020000 		.4byte	.LASF12
 383 0093 02       		.uleb128 0x2
 384 0094 08       		.byte	0x8
 385 0095 04       		.byte	0x4
 386 0096 46070000 		.4byte	.LASF13
 387 009a 02       		.uleb128 0x2
 388 009b 01       		.byte	0x1
 389 009c 08       		.byte	0x8
 390 009d AB050000 		.4byte	.LASF14
 391 00a1 04       		.uleb128 0x4
 392 00a2 E4000000 		.4byte	.LASF15
 393 00a6 03       		.byte	0x3
 394 00a7 D4       		.byte	0xd4
 395 00a8 64000000 		.4byte	0x64
 396 00ac 02       		.uleb128 0x2
 397 00ad 04       		.byte	0x4
 398 00ae 07       		.byte	0x7
 399 00af EB000000 		.4byte	.LASF16
 400 00b3 05       		.uleb128 0x5
 401 00b4 04       		.byte	0x4
 402 00b5 B9000000 		.4byte	0xb9
 403 00b9 06       		.uleb128 0x6
 404 00ba 9A000000 		.4byte	0x9a
 405 00be 07       		.uleb128 0x7
 406 00bf 01       		.byte	0x1
 407 00c0 04       		.byte	0x4
 408 00c1 5B02     		.2byte	0x25b
 409 00c3 E6000000 		.4byte	0xe6
 410 00c7 08       		.uleb128 0x8
 411 00c8 9F010000 		.4byte	.LASF17
 412 00cc 00       		.sleb128 0
 413 00cd 08       		.uleb128 0x8
 414 00ce 27020000 		.4byte	.LASF18
ARM GAS  C:\Users\rdeiaco\AppData\Local\Temp\ccaLmkji.s 			page 13


 415 00d2 01       		.sleb128 1
 416 00d3 08       		.uleb128 0x8
 417 00d4 B3010000 		.4byte	.LASF19
 418 00d8 02       		.sleb128 2
 419 00d9 08       		.uleb128 0x8
 420 00da 15070000 		.4byte	.LASF20
 421 00de 03       		.sleb128 3
 422 00df 08       		.uleb128 0x8
 423 00e0 D8050000 		.4byte	.LASF21
 424 00e4 04       		.sleb128 4
 425 00e5 00       		.byte	0
 426 00e6 09       		.uleb128 0x9
 427 00e7 E8040000 		.4byte	.LASF22
 428 00eb 04       		.byte	0x4
 429 00ec 6102     		.2byte	0x261
 430 00ee BE000000 		.4byte	0xbe
 431 00f2 09       		.uleb128 0x9
 432 00f3 A4080000 		.4byte	.LASF23
 433 00f7 04       		.byte	0x4
 434 00f8 6E02     		.2byte	0x26e
 435 00fa 76000000 		.4byte	0x76
 436 00fe 07       		.uleb128 0x7
 437 00ff 01       		.byte	0x1
 438 0100 04       		.byte	0x4
 439 0101 4304     		.2byte	0x443
 440 0103 AC010000 		.4byte	0x1ac
 441 0107 08       		.uleb128 0x8
 442 0108 C6000000 		.4byte	.LASF24
 443 010c 00       		.sleb128 0
 444 010d 08       		.uleb128 0x8
 445 010e 05030000 		.4byte	.LASF25
 446 0112 01       		.sleb128 1
 447 0113 08       		.uleb128 0x8
 448 0114 D0010000 		.4byte	.LASF26
 449 0118 02       		.sleb128 2
 450 0119 08       		.uleb128 0x8
 451 011a E2020000 		.4byte	.LASF27
 452 011e 03       		.sleb128 3
 453 011f 08       		.uleb128 0x8
 454 0120 7F050000 		.4byte	.LASF28
 455 0124 04       		.sleb128 4
 456 0125 08       		.uleb128 0x8
 457 0126 F3070000 		.4byte	.LASF29
 458 012a 05       		.sleb128 5
 459 012b 08       		.uleb128 0x8
 460 012c 02020000 		.4byte	.LASF30
 461 0130 06       		.sleb128 6
 462 0131 08       		.uleb128 0x8
 463 0132 F6040000 		.4byte	.LASF31
 464 0136 07       		.sleb128 7
 465 0137 08       		.uleb128 0x8
 466 0138 55050000 		.4byte	.LASF32
 467 013c 08       		.sleb128 8
 468 013d 08       		.uleb128 0x8
 469 013e 3A080000 		.4byte	.LASF33
 470 0142 09       		.sleb128 9
 471 0143 08       		.uleb128 0x8
ARM GAS  C:\Users\rdeiaco\AppData\Local\Temp\ccaLmkji.s 			page 14


 472 0144 B5050000 		.4byte	.LASF34
 473 0148 0A       		.sleb128 10
 474 0149 08       		.uleb128 0x8
 475 014a 4E030000 		.4byte	.LASF35
 476 014e 0B       		.sleb128 11
 477 014f 08       		.uleb128 0x8
 478 0150 7D070000 		.4byte	.LASF36
 479 0154 0C       		.sleb128 12
 480 0155 08       		.uleb128 0x8
 481 0156 1A040000 		.4byte	.LASF37
 482 015a 0D       		.sleb128 13
 483 015b 08       		.uleb128 0x8
 484 015c F4000000 		.4byte	.LASF38
 485 0160 0E       		.sleb128 14
 486 0161 08       		.uleb128 0x8
 487 0162 AC060000 		.4byte	.LASF39
 488 0166 0F       		.sleb128 15
 489 0167 08       		.uleb128 0x8
 490 0168 BD040000 		.4byte	.LASF40
 491 016c 10       		.sleb128 16
 492 016d 08       		.uleb128 0x8
 493 016e F0060000 		.4byte	.LASF41
 494 0172 11       		.sleb128 17
 495 0173 08       		.uleb128 0x8
 496 0174 66000000 		.4byte	.LASF42
 497 0178 8001     		.sleb128 128
 498 017a 08       		.uleb128 0x8
 499 017b 12010000 		.4byte	.LASF43
 500 017f 8001     		.sleb128 128
 501 0181 08       		.uleb128 0x8
 502 0182 27050000 		.4byte	.LASF44
 503 0186 8001     		.sleb128 128
 504 0188 08       		.uleb128 0x8
 505 0189 23030000 		.4byte	.LASF45
 506 018d 8101     		.sleb128 129
 507 018f 08       		.uleb128 0x8
 508 0190 7E060000 		.4byte	.LASF46
 509 0194 A001     		.sleb128 160
 510 0196 08       		.uleb128 0x8
 511 0197 9C000000 		.4byte	.LASF47
 512 019b FD01     		.sleb128 253
 513 019d 08       		.uleb128 0x8
 514 019e 49010000 		.4byte	.LASF48
 515 01a2 FE01     		.sleb128 254
 516 01a4 08       		.uleb128 0x8
 517 01a5 1E080000 		.4byte	.LASF49
 518 01a9 FF01     		.sleb128 255
 519 01ab 00       		.byte	0
 520 01ac 09       		.uleb128 0x9
 521 01ad DD070000 		.4byte	.LASF50
 522 01b1 04       		.byte	0x4
 523 01b2 C704     		.2byte	0x4c7
 524 01b4 FE000000 		.4byte	0xfe
 525 01b8 04       		.uleb128 0x4
 526 01b9 9A050000 		.4byte	.LASF51
 527 01bd 01       		.byte	0x1
 528 01be 4D       		.byte	0x4d
ARM GAS  C:\Users\rdeiaco\AppData\Local\Temp\ccaLmkji.s 			page 15


 529 01bf 2C000000 		.4byte	0x2c
 530 01c3 0A       		.uleb128 0xa
 531 01c4 5A000000 		.4byte	.LASF87
 532 01c8 10       		.byte	0x10
 533 01c9 01       		.byte	0x1
 534 01ca 4E       		.byte	0x4e
 535 01cb 00020000 		.4byte	0x200
 536 01cf 0B       		.uleb128 0xb
 537 01d0 B0050000 		.4byte	.LASF52
 538 01d4 01       		.byte	0x1
 539 01d5 50       		.byte	0x50
 540 01d6 00020000 		.4byte	0x200
 541 01da 00       		.byte	0
 542 01db 0B       		.uleb128 0xb
 543 01dc A7060000 		.4byte	.LASF53
 544 01e0 01       		.byte	0x1
 545 01e1 51       		.byte	0x51
 546 01e2 00020000 		.4byte	0x200
 547 01e6 04       		.byte	0x4
 548 01e7 0B       		.uleb128 0xb
 549 01e8 40020000 		.4byte	.LASF54
 550 01ec 01       		.byte	0x1
 551 01ed 52       		.byte	0x52
 552 01ee A1000000 		.4byte	0xa1
 553 01f2 08       		.byte	0x8
 554 01f3 0B       		.uleb128 0xb
 555 01f4 A6040000 		.4byte	.LASF55
 556 01f8 01       		.byte	0x1
 557 01f9 53       		.byte	0x53
 558 01fa A1000000 		.4byte	0xa1
 559 01fe 0C       		.byte	0xc
 560 01ff 00       		.byte	0
 561 0200 05       		.uleb128 0x5
 562 0201 04       		.byte	0x4
 563 0202 B8010000 		.4byte	0x1b8
 564 0206 0C       		.uleb128 0xc
 565 0207 82080000 		.4byte	.LASF60
 566 020b 01       		.byte	0x1
 567 020c 68       		.byte	0x68
 568 020d 00000000 		.4byte	.LFB35
 569 0211 40000000 		.4byte	.LFE35-.LFB35
 570 0215 01       		.uleb128 0x1
 571 0216 9C       		.byte	0x9c
 572 0217 80020000 		.4byte	0x280
 573 021b 0D       		.uleb128 0xd
 574 021c 04040000 		.4byte	.LASF56
 575 0220 01       		.byte	0x1
 576 0221 6A       		.byte	0x6a
 577 0222 64000000 		.4byte	0x64
 578 0226 00000000 		.4byte	.LLST0
 579 022a 0D       		.uleb128 0xd
 580 022b 9A010000 		.4byte	.LASF57
 581 022f 01       		.byte	0x1
 582 0230 6B       		.byte	0x6b
 583 0231 80020000 		.4byte	0x280
 584 0235 13000000 		.4byte	.LLST1
 585 0239 0E       		.uleb128 0xe
ARM GAS  C:\Users\rdeiaco\AppData\Local\Temp\ccaLmkji.s 			page 16


 586 023a 08000000 		.4byte	.LBB2
 587 023e 26000000 		.4byte	.LBE2-.LBB2
 588 0242 0F       		.uleb128 0xf
 589 0243 73726300 		.ascii	"src\000"
 590 0247 01       		.byte	0x1
 591 0248 70       		.byte	0x70
 592 0249 8B020000 		.4byte	0x28b
 593 024d 26000000 		.4byte	.LLST2
 594 0251 0F       		.uleb128 0xf
 595 0252 64737400 		.ascii	"dst\000"
 596 0256 01       		.byte	0x1
 597 0257 71       		.byte	0x71
 598 0258 8B020000 		.4byte	0x28b
 599 025c 51000000 		.4byte	.LLST3
 600 0260 0D       		.uleb128 0xd
 601 0261 00000000 		.4byte	.LASF58
 602 0265 01       		.byte	0x1
 603 0266 72       		.byte	0x72
 604 0267 64000000 		.4byte	0x64
 605 026b 64000000 		.4byte	.LLST4
 606 026f 0D       		.uleb128 0xd
 607 0270 77070000 		.4byte	.LASF59
 608 0274 01       		.byte	0x1
 609 0275 73       		.byte	0x73
 610 0276 64000000 		.4byte	0x64
 611 027a 82000000 		.4byte	.LLST5
 612 027e 00       		.byte	0
 613 027f 00       		.byte	0
 614 0280 05       		.uleb128 0x5
 615 0281 04       		.byte	0x4
 616 0282 86020000 		.4byte	0x286
 617 0286 06       		.uleb128 0x6
 618 0287 C3010000 		.4byte	0x1c3
 619 028b 05       		.uleb128 0x5
 620 028c 04       		.byte	0x4
 621 028d 81000000 		.4byte	0x81
 622 0291 10       		.uleb128 0x10
 623 0292 27000000 		.4byte	.LASF76
 624 0296 01       		.byte	0x1
 625 0297 A0       		.byte	0xa0
 626 0298 00000000 		.4byte	.LFB36
 627 029c 08000000 		.4byte	.LFE36-.LFB36
 628 02a0 01       		.uleb128 0x1
 629 02a1 9C       		.byte	0x9c
 630 02a2 B0020000 		.4byte	0x2b0
 631 02a6 11       		.uleb128 0x11
 632 02a7 06000000 		.4byte	.LVL18
 633 02ab 06020000 		.4byte	0x206
 634 02af 00       		.byte	0
 635 02b0 0C       		.uleb128 0xc
 636 02b1 50020000 		.4byte	.LASF61
 637 02b5 01       		.byte	0x1
 638 02b6 B8       		.byte	0xb8
 639 02b7 00000000 		.4byte	.LFB37
 640 02bb 34000000 		.4byte	.LFE37-.LFB37
 641 02bf 01       		.uleb128 0x1
 642 02c0 9C       		.byte	0x9c
ARM GAS  C:\Users\rdeiaco\AppData\Local\Temp\ccaLmkji.s 			page 17


 643 02c1 5A030000 		.4byte	0x35a
 644 02c5 12       		.uleb128 0x12
 645 02c6 08000000 		.4byte	.LVL19
 646 02ca 5F040000 		.4byte	0x45f
 647 02ce D8020000 		.4byte	0x2d8
 648 02d2 13       		.uleb128 0x13
 649 02d3 01       		.uleb128 0x1
 650 02d4 50       		.byte	0x50
 651 02d5 01       		.uleb128 0x1
 652 02d6 32       		.byte	0x32
 653 02d7 00       		.byte	0
 654 02d8 12       		.uleb128 0x12
 655 02d9 0E000000 		.4byte	.LVL20
 656 02dd 71040000 		.4byte	0x471
 657 02e1 EB020000 		.4byte	0x2eb
 658 02e5 13       		.uleb128 0x13
 659 02e6 01       		.uleb128 0x1
 660 02e7 50       		.byte	0x50
 661 02e8 01       		.uleb128 0x1
 662 02e9 32       		.byte	0x32
 663 02ea 00       		.byte	0
 664 02eb 12       		.uleb128 0x12
 665 02ec 14000000 		.4byte	.LVL21
 666 02f0 83040000 		.4byte	0x483
 667 02f4 FE020000 		.4byte	0x2fe
 668 02f8 13       		.uleb128 0x13
 669 02f9 01       		.uleb128 0x1
 670 02fa 50       		.byte	0x50
 671 02fb 01       		.uleb128 0x1
 672 02fc 32       		.byte	0x32
 673 02fd 00       		.byte	0
 674 02fe 12       		.uleb128 0x12
 675 02ff 1A000000 		.4byte	.LVL22
 676 0303 95040000 		.4byte	0x495
 677 0307 11030000 		.4byte	0x311
 678 030b 13       		.uleb128 0x13
 679 030c 01       		.uleb128 0x1
 680 030d 50       		.byte	0x50
 681 030e 01       		.uleb128 0x1
 682 030f 31       		.byte	0x31
 683 0310 00       		.byte	0
 684 0311 12       		.uleb128 0x12
 685 0312 20000000 		.4byte	.LVL23
 686 0316 A7040000 		.4byte	0x4a7
 687 031a 24030000 		.4byte	0x324
 688 031e 13       		.uleb128 0x13
 689 031f 01       		.uleb128 0x1
 690 0320 50       		.byte	0x50
 691 0321 01       		.uleb128 0x1
 692 0322 31       		.byte	0x31
 693 0323 00       		.byte	0
 694 0324 12       		.uleb128 0x12
 695 0325 26000000 		.4byte	.LVL24
 696 0329 B9040000 		.4byte	0x4b9
 697 032d 37030000 		.4byte	0x337
 698 0331 13       		.uleb128 0x13
 699 0332 01       		.uleb128 0x1
ARM GAS  C:\Users\rdeiaco\AppData\Local\Temp\ccaLmkji.s 			page 18


 700 0333 50       		.byte	0x50
 701 0334 01       		.uleb128 0x1
 702 0335 31       		.byte	0x31
 703 0336 00       		.byte	0
 704 0337 12       		.uleb128 0x12
 705 0338 2C000000 		.4byte	.LVL25
 706 033c CB040000 		.4byte	0x4cb
 707 0340 4A030000 		.4byte	0x34a
 708 0344 13       		.uleb128 0x13
 709 0345 01       		.uleb128 0x1
 710 0346 50       		.byte	0x50
 711 0347 01       		.uleb128 0x1
 712 0348 32       		.byte	0x32
 713 0349 00       		.byte	0
 714 034a 14       		.uleb128 0x14
 715 034b 32000000 		.4byte	.LVL26
 716 034f DD040000 		.4byte	0x4dd
 717 0353 13       		.uleb128 0x13
 718 0354 01       		.uleb128 0x1
 719 0355 50       		.byte	0x50
 720 0356 01       		.uleb128 0x1
 721 0357 31       		.byte	0x31
 722 0358 00       		.byte	0
 723 0359 00       		.byte	0
 724 035a 0C       		.uleb128 0xc
 725 035b 3F040000 		.4byte	.LASF62
 726 035f 01       		.byte	0x1
 727 0360 D1       		.byte	0xd1
 728 0361 00000000 		.4byte	.LFB38
 729 0365 5C000000 		.4byte	.LFE38-.LFB38
 730 0369 01       		.uleb128 0x1
 731 036a 9C       		.byte	0x9c
 732 036b 07040000 		.4byte	0x407
 733 036f 11       		.uleb128 0x11
 734 0370 06000000 		.4byte	.LVL27
 735 0374 EF040000 		.4byte	0x4ef
 736 0378 11       		.uleb128 0x11
 737 0379 10000000 		.4byte	.LVL28
 738 037d FB040000 		.4byte	0x4fb
 739 0381 11       		.uleb128 0x11
 740 0382 14000000 		.4byte	.LVL29
 741 0386 EF040000 		.4byte	0x4ef
 742 038a 12       		.uleb128 0x12
 743 038b 1E000000 		.4byte	.LVL30
 744 038f 0C050000 		.4byte	0x50c
 745 0393 A1030000 		.4byte	0x3a1
 746 0397 13       		.uleb128 0x13
 747 0398 01       		.uleb128 0x1
 748 0399 50       		.byte	0x50
 749 039a 05       		.uleb128 0x5
 750 039b 03       		.byte	0x3
 751 039c 00000000 		.4byte	.LC2
 752 03a0 00       		.byte	0
 753 03a1 12       		.uleb128 0x12
 754 03a2 24000000 		.4byte	.LVL31
 755 03a6 0C050000 		.4byte	0x50c
 756 03aa B8030000 		.4byte	0x3b8
ARM GAS  C:\Users\rdeiaco\AppData\Local\Temp\ccaLmkji.s 			page 19


 757 03ae 13       		.uleb128 0x13
 758 03af 01       		.uleb128 0x1
 759 03b0 50       		.byte	0x50
 760 03b1 05       		.uleb128 0x5
 761 03b2 03       		.byte	0x3
 762 03b3 28000000 		.4byte	.LC4
 763 03b7 00       		.byte	0
 764 03b8 12       		.uleb128 0x12
 765 03b9 2C000000 		.4byte	.LVL32
 766 03bd FB040000 		.4byte	0x4fb
 767 03c1 CD030000 		.4byte	0x3cd
 768 03c5 13       		.uleb128 0x13
 769 03c6 01       		.uleb128 0x1
 770 03c7 50       		.byte	0x50
 771 03c8 03       		.uleb128 0x3
 772 03c9 0A       		.byte	0xa
 773 03ca F401     		.2byte	0x1f4
 774 03cc 00       		.byte	0
 775 03cd 11       		.uleb128 0x11
 776 03ce 30000000 		.4byte	.LVL33
 777 03d2 25050000 		.4byte	0x525
 778 03d6 11       		.uleb128 0x11
 779 03d7 34000000 		.4byte	.LVL34
 780 03db 2D050000 		.4byte	0x52d
 781 03df 11       		.uleb128 0x11
 782 03e0 3E000000 		.4byte	.LVL35
 783 03e4 35050000 		.4byte	0x535
 784 03e8 12       		.uleb128 0x12
 785 03e9 46000000 		.4byte	.LVL36
 786 03ed 3C050000 		.4byte	0x53c
 787 03f1 FD030000 		.4byte	0x3fd
 788 03f5 13       		.uleb128 0x13
 789 03f6 01       		.uleb128 0x1
 790 03f7 50       		.byte	0x50
 791 03f8 03       		.uleb128 0x3
 792 03f9 0A       		.byte	0xa
 793 03fa 0001     		.2byte	0x100
 794 03fc 00       		.byte	0
 795 03fd 11       		.uleb128 0x11
 796 03fe 4C000000 		.4byte	.LVL37
 797 0402 4D050000 		.4byte	0x54d
 798 0406 00       		.byte	0
 799 0407 0C       		.uleb128 0xc
 800 0408 06000000 		.4byte	.LASF63
 801 040c 01       		.byte	0x1
 802 040d F5       		.byte	0xf5
 803 040e 00000000 		.4byte	.LFB39
 804 0412 0A000000 		.4byte	.LFE39-.LFB39
 805 0416 01       		.uleb128 0x1
 806 0417 9C       		.byte	0x9c
 807 0418 2D040000 		.4byte	0x42d
 808 041c 14       		.uleb128 0x14
 809 041d 08000000 		.4byte	.LVL38
 810 0421 54050000 		.4byte	0x554
 811 0425 13       		.uleb128 0x13
 812 0426 01       		.uleb128 0x1
 813 0427 50       		.byte	0x50
ARM GAS  C:\Users\rdeiaco\AppData\Local\Temp\ccaLmkji.s 			page 20


 814 0428 02       		.uleb128 0x2
 815 0429 08       		.byte	0x8
 816 042a 33       		.byte	0x33
 817 042b 00       		.byte	0
 818 042c 00       		.byte	0
 819 042d 15       		.uleb128 0x15
 820 042e D1070000 		.4byte	.LASF64
 821 0432 04       		.byte	0x4
 822 0433 A00C     		.2byte	0xca0
 823 0435 E6000000 		.4byte	0xe6
 824 0439 16       		.uleb128 0x16
 825 043a C3010000 		.4byte	0x1c3
 826 043e 44040000 		.4byte	0x444
 827 0442 17       		.uleb128 0x17
 828 0443 00       		.byte	0
 829 0444 18       		.uleb128 0x18
 830 0445 89020000 		.4byte	.LASF65
 831 0449 01       		.byte	0x1
 832 044a 55       		.byte	0x55
 833 044b 4F040000 		.4byte	0x44f
 834 044f 06       		.uleb128 0x6
 835 0450 39040000 		.4byte	0x439
 836 0454 18       		.uleb128 0x18
 837 0455 40000000 		.4byte	.LASF66
 838 0459 01       		.byte	0x1
 839 045a 56       		.byte	0x56
 840 045b B9000000 		.4byte	0xb9
 841 045f 19       		.uleb128 0x19
 842 0460 87040000 		.4byte	.LASF67
 843 0464 04       		.byte	0x4
 844 0465 CD0C     		.2byte	0xccd
 845 0467 71040000 		.4byte	0x471
 846 046b 1A       		.uleb128 0x1a
 847 046c 6B000000 		.4byte	0x6b
 848 0470 00       		.byte	0
 849 0471 19       		.uleb128 0x19
 850 0472 F1050000 		.4byte	.LASF68
 851 0476 04       		.byte	0x4
 852 0477 CC0C     		.2byte	0xccc
 853 0479 83040000 		.4byte	0x483
 854 047d 1A       		.uleb128 0x1a
 855 047e 6B000000 		.4byte	0x6b
 856 0482 00       		.byte	0
 857 0483 19       		.uleb128 0x19
 858 0484 D3060000 		.4byte	.LASF69
 859 0488 04       		.byte	0x4
 860 0489 D20C     		.2byte	0xcd2
 861 048b 95040000 		.4byte	0x495
 862 048f 1A       		.uleb128 0x1a
 863 0490 6B000000 		.4byte	0x6b
 864 0494 00       		.byte	0
 865 0495 19       		.uleb128 0x19
 866 0496 62080000 		.4byte	.LASF70
 867 049a 04       		.byte	0x4
 868 049b CB0C     		.2byte	0xccb
 869 049d A7040000 		.4byte	0x4a7
 870 04a1 1A       		.uleb128 0x1a
ARM GAS  C:\Users\rdeiaco\AppData\Local\Temp\ccaLmkji.s 			page 21


 871 04a2 6B000000 		.4byte	0x6b
 872 04a6 00       		.byte	0
 873 04a7 19       		.uleb128 0x19
 874 04a8 CA020000 		.4byte	.LASF71
 875 04ac 04       		.byte	0x4
 876 04ad CA0C     		.2byte	0xcca
 877 04af B9040000 		.4byte	0x4b9
 878 04b3 1A       		.uleb128 0x1a
 879 04b4 6B000000 		.4byte	0x6b
 880 04b8 00       		.byte	0
 881 04b9 19       		.uleb128 0x19
 882 04ba 61070000 		.4byte	.LASF72
 883 04be 04       		.byte	0x4
 884 04bf D30C     		.2byte	0xcd3
 885 04c1 CB040000 		.4byte	0x4cb
 886 04c5 1A       		.uleb128 0x1a
 887 04c6 6B000000 		.4byte	0x6b
 888 04ca 00       		.byte	0
 889 04cb 19       		.uleb128 0x19
 890 04cc A6070000 		.4byte	.LASF73
 891 04d0 04       		.byte	0x4
 892 04d1 C90C     		.2byte	0xcc9
 893 04d3 DD040000 		.4byte	0x4dd
 894 04d7 1A       		.uleb128 0x1a
 895 04d8 6B000000 		.4byte	0x6b
 896 04dc 00       		.byte	0
 897 04dd 19       		.uleb128 0x19
 898 04de 76010000 		.4byte	.LASF74
 899 04e2 04       		.byte	0x4
 900 04e3 C70C     		.2byte	0xcc7
 901 04e5 EF040000 		.4byte	0x4ef
 902 04e9 1A       		.uleb128 0x1a
 903 04ea 6B000000 		.4byte	0x6b
 904 04ee 00       		.byte	0
 905 04ef 1B       		.uleb128 0x1b
 906 04f0 10060000 		.4byte	.LASF88
 907 04f4 04       		.byte	0x4
 908 04f5 D80C     		.2byte	0xcd8
 909 04f7 6B000000 		.4byte	0x6b
 910 04fb 1C       		.uleb128 0x1c
 911 04fc 7A080000 		.4byte	.LASF75
 912 0500 05       		.byte	0x5
 913 0501 57       		.byte	0x57
 914 0502 0C050000 		.4byte	0x50c
 915 0506 1A       		.uleb128 0x1a
 916 0507 81000000 		.4byte	0x81
 917 050b 00       		.byte	0
 918 050c 1D       		.uleb128 0x1d
 919 050d 18000000 		.4byte	.LASF77
 920 0511 06       		.byte	0x6
 921 0512 00       		.byte	0
 922 0513 E3040000 		.4byte	.LASF89
 923 0517 5D000000 		.4byte	0x5d
 924 051b 25050000 		.4byte	0x525
 925 051f 1A       		.uleb128 0x1a
 926 0520 B3000000 		.4byte	0xb3
 927 0524 00       		.byte	0
ARM GAS  C:\Users\rdeiaco\AppData\Local\Temp\ccaLmkji.s 			page 22


 928 0525 1E       		.uleb128 0x1e
 929 0526 78040000 		.4byte	.LASF78
 930 052a 04       		.byte	0x4
 931 052b EC0C     		.2byte	0xcec
 932 052d 1E       		.uleb128 0x1e
 933 052e 4D070000 		.4byte	.LASF79
 934 0532 04       		.byte	0x4
 935 0533 A40C     		.2byte	0xca4
 936 0535 1F       		.uleb128 0x1f
 937 0536 A9020000 		.4byte	.LASF80
 938 053a 07       		.byte	0x7
 939 053b 32       		.byte	0x32
 940 053c 1C       		.uleb128 0x1c
 941 053d F2010000 		.4byte	.LASF81
 942 0541 07       		.byte	0x7
 943 0542 39       		.byte	0x39
 944 0543 4D050000 		.4byte	0x54d
 945 0547 1A       		.uleb128 0x1a
 946 0548 81000000 		.4byte	0x81
 947 054c 00       		.byte	0
 948 054d 1F       		.uleb128 0x1f
 949 054e B8020000 		.4byte	.LASF82
 950 0552 08       		.byte	0x8
 951 0553 59       		.byte	0x59
 952 0554 20       		.uleb128 0x20
 953 0555 50040000 		.4byte	.LASF83
 954 0559 04       		.byte	0x4
 955 055a E70C     		.2byte	0xce7
 956 055c AC010000 		.4byte	0x1ac
 957 0560 1A       		.uleb128 0x1a
 958 0561 F2000000 		.4byte	0xf2
 959 0565 00       		.byte	0
 960 0566 00       		.byte	0
 961              		.section	.debug_abbrev,"",%progbits
 962              	.Ldebug_abbrev0:
 963 0000 01       		.uleb128 0x1
 964 0001 11       		.uleb128 0x11
 965 0002 01       		.byte	0x1
 966 0003 25       		.uleb128 0x25
 967 0004 0E       		.uleb128 0xe
 968 0005 13       		.uleb128 0x13
 969 0006 0B       		.uleb128 0xb
 970 0007 03       		.uleb128 0x3
 971 0008 0E       		.uleb128 0xe
 972 0009 1B       		.uleb128 0x1b
 973 000a 0E       		.uleb128 0xe
 974 000b 55       		.uleb128 0x55
 975 000c 17       		.uleb128 0x17
 976 000d 11       		.uleb128 0x11
 977 000e 01       		.uleb128 0x1
 978 000f 10       		.uleb128 0x10
 979 0010 17       		.uleb128 0x17
 980 0011 00       		.byte	0
 981 0012 00       		.byte	0
 982 0013 02       		.uleb128 0x2
 983 0014 24       		.uleb128 0x24
 984 0015 00       		.byte	0
ARM GAS  C:\Users\rdeiaco\AppData\Local\Temp\ccaLmkji.s 			page 23


 985 0016 0B       		.uleb128 0xb
 986 0017 0B       		.uleb128 0xb
 987 0018 3E       		.uleb128 0x3e
 988 0019 0B       		.uleb128 0xb
 989 001a 03       		.uleb128 0x3
 990 001b 0E       		.uleb128 0xe
 991 001c 00       		.byte	0
 992 001d 00       		.byte	0
 993 001e 03       		.uleb128 0x3
 994 001f 24       		.uleb128 0x24
 995 0020 00       		.byte	0
 996 0021 0B       		.uleb128 0xb
 997 0022 0B       		.uleb128 0xb
 998 0023 3E       		.uleb128 0x3e
 999 0024 0B       		.uleb128 0xb
 1000 0025 03       		.uleb128 0x3
 1001 0026 08       		.uleb128 0x8
 1002 0027 00       		.byte	0
 1003 0028 00       		.byte	0
 1004 0029 04       		.uleb128 0x4
 1005 002a 16       		.uleb128 0x16
 1006 002b 00       		.byte	0
 1007 002c 03       		.uleb128 0x3
 1008 002d 0E       		.uleb128 0xe
 1009 002e 3A       		.uleb128 0x3a
 1010 002f 0B       		.uleb128 0xb
 1011 0030 3B       		.uleb128 0x3b
 1012 0031 0B       		.uleb128 0xb
 1013 0032 49       		.uleb128 0x49
 1014 0033 13       		.uleb128 0x13
 1015 0034 00       		.byte	0
 1016 0035 00       		.byte	0
 1017 0036 05       		.uleb128 0x5
 1018 0037 0F       		.uleb128 0xf
 1019 0038 00       		.byte	0
 1020 0039 0B       		.uleb128 0xb
 1021 003a 0B       		.uleb128 0xb
 1022 003b 49       		.uleb128 0x49
 1023 003c 13       		.uleb128 0x13
 1024 003d 00       		.byte	0
 1025 003e 00       		.byte	0
 1026 003f 06       		.uleb128 0x6
 1027 0040 26       		.uleb128 0x26
 1028 0041 00       		.byte	0
 1029 0042 49       		.uleb128 0x49
 1030 0043 13       		.uleb128 0x13
 1031 0044 00       		.byte	0
 1032 0045 00       		.byte	0
 1033 0046 07       		.uleb128 0x7
 1034 0047 04       		.uleb128 0x4
 1035 0048 01       		.byte	0x1
 1036 0049 0B       		.uleb128 0xb
 1037 004a 0B       		.uleb128 0xb
 1038 004b 3A       		.uleb128 0x3a
 1039 004c 0B       		.uleb128 0xb
 1040 004d 3B       		.uleb128 0x3b
 1041 004e 05       		.uleb128 0x5
ARM GAS  C:\Users\rdeiaco\AppData\Local\Temp\ccaLmkji.s 			page 24


 1042 004f 01       		.uleb128 0x1
 1043 0050 13       		.uleb128 0x13
 1044 0051 00       		.byte	0
 1045 0052 00       		.byte	0
 1046 0053 08       		.uleb128 0x8
 1047 0054 28       		.uleb128 0x28
 1048 0055 00       		.byte	0
 1049 0056 03       		.uleb128 0x3
 1050 0057 0E       		.uleb128 0xe
 1051 0058 1C       		.uleb128 0x1c
 1052 0059 0D       		.uleb128 0xd
 1053 005a 00       		.byte	0
 1054 005b 00       		.byte	0
 1055 005c 09       		.uleb128 0x9
 1056 005d 16       		.uleb128 0x16
 1057 005e 00       		.byte	0
 1058 005f 03       		.uleb128 0x3
 1059 0060 0E       		.uleb128 0xe
 1060 0061 3A       		.uleb128 0x3a
 1061 0062 0B       		.uleb128 0xb
 1062 0063 3B       		.uleb128 0x3b
 1063 0064 05       		.uleb128 0x5
 1064 0065 49       		.uleb128 0x49
 1065 0066 13       		.uleb128 0x13
 1066 0067 00       		.byte	0
 1067 0068 00       		.byte	0
 1068 0069 0A       		.uleb128 0xa
 1069 006a 13       		.uleb128 0x13
 1070 006b 01       		.byte	0x1
 1071 006c 03       		.uleb128 0x3
 1072 006d 0E       		.uleb128 0xe
 1073 006e 0B       		.uleb128 0xb
 1074 006f 0B       		.uleb128 0xb
 1075 0070 3A       		.uleb128 0x3a
 1076 0071 0B       		.uleb128 0xb
 1077 0072 3B       		.uleb128 0x3b
 1078 0073 0B       		.uleb128 0xb
 1079 0074 01       		.uleb128 0x1
 1080 0075 13       		.uleb128 0x13
 1081 0076 00       		.byte	0
 1082 0077 00       		.byte	0
 1083 0078 0B       		.uleb128 0xb
 1084 0079 0D       		.uleb128 0xd
 1085 007a 00       		.byte	0
 1086 007b 03       		.uleb128 0x3
 1087 007c 0E       		.uleb128 0xe
 1088 007d 3A       		.uleb128 0x3a
 1089 007e 0B       		.uleb128 0xb
 1090 007f 3B       		.uleb128 0x3b
 1091 0080 0B       		.uleb128 0xb
 1092 0081 49       		.uleb128 0x49
 1093 0082 13       		.uleb128 0x13
 1094 0083 38       		.uleb128 0x38
 1095 0084 0B       		.uleb128 0xb
 1096 0085 00       		.byte	0
 1097 0086 00       		.byte	0
 1098 0087 0C       		.uleb128 0xc
ARM GAS  C:\Users\rdeiaco\AppData\Local\Temp\ccaLmkji.s 			page 25


 1099 0088 2E       		.uleb128 0x2e
 1100 0089 01       		.byte	0x1
 1101 008a 3F       		.uleb128 0x3f
 1102 008b 19       		.uleb128 0x19
 1103 008c 03       		.uleb128 0x3
 1104 008d 0E       		.uleb128 0xe
 1105 008e 3A       		.uleb128 0x3a
 1106 008f 0B       		.uleb128 0xb
 1107 0090 3B       		.uleb128 0x3b
 1108 0091 0B       		.uleb128 0xb
 1109 0092 27       		.uleb128 0x27
 1110 0093 19       		.uleb128 0x19
 1111 0094 11       		.uleb128 0x11
 1112 0095 01       		.uleb128 0x1
 1113 0096 12       		.uleb128 0x12
 1114 0097 06       		.uleb128 0x6
 1115 0098 40       		.uleb128 0x40
 1116 0099 18       		.uleb128 0x18
 1117 009a 9742     		.uleb128 0x2117
 1118 009c 19       		.uleb128 0x19
 1119 009d 01       		.uleb128 0x1
 1120 009e 13       		.uleb128 0x13
 1121 009f 00       		.byte	0
 1122 00a0 00       		.byte	0
 1123 00a1 0D       		.uleb128 0xd
 1124 00a2 34       		.uleb128 0x34
 1125 00a3 00       		.byte	0
 1126 00a4 03       		.uleb128 0x3
 1127 00a5 0E       		.uleb128 0xe
 1128 00a6 3A       		.uleb128 0x3a
 1129 00a7 0B       		.uleb128 0xb
 1130 00a8 3B       		.uleb128 0x3b
 1131 00a9 0B       		.uleb128 0xb
 1132 00aa 49       		.uleb128 0x49
 1133 00ab 13       		.uleb128 0x13
 1134 00ac 02       		.uleb128 0x2
 1135 00ad 17       		.uleb128 0x17
 1136 00ae 00       		.byte	0
 1137 00af 00       		.byte	0
 1138 00b0 0E       		.uleb128 0xe
 1139 00b1 0B       		.uleb128 0xb
 1140 00b2 01       		.byte	0x1
 1141 00b3 11       		.uleb128 0x11
 1142 00b4 01       		.uleb128 0x1
 1143 00b5 12       		.uleb128 0x12
 1144 00b6 06       		.uleb128 0x6
 1145 00b7 00       		.byte	0
 1146 00b8 00       		.byte	0
 1147 00b9 0F       		.uleb128 0xf
 1148 00ba 34       		.uleb128 0x34
 1149 00bb 00       		.byte	0
 1150 00bc 03       		.uleb128 0x3
 1151 00bd 08       		.uleb128 0x8
 1152 00be 3A       		.uleb128 0x3a
 1153 00bf 0B       		.uleb128 0xb
 1154 00c0 3B       		.uleb128 0x3b
 1155 00c1 0B       		.uleb128 0xb
ARM GAS  C:\Users\rdeiaco\AppData\Local\Temp\ccaLmkji.s 			page 26


 1156 00c2 49       		.uleb128 0x49
 1157 00c3 13       		.uleb128 0x13
 1158 00c4 02       		.uleb128 0x2
 1159 00c5 17       		.uleb128 0x17
 1160 00c6 00       		.byte	0
 1161 00c7 00       		.byte	0
 1162 00c8 10       		.uleb128 0x10
 1163 00c9 2E       		.uleb128 0x2e
 1164 00ca 01       		.byte	0x1
 1165 00cb 3F       		.uleb128 0x3f
 1166 00cc 19       		.uleb128 0x19
 1167 00cd 03       		.uleb128 0x3
 1168 00ce 0E       		.uleb128 0xe
 1169 00cf 3A       		.uleb128 0x3a
 1170 00d0 0B       		.uleb128 0xb
 1171 00d1 3B       		.uleb128 0x3b
 1172 00d2 0B       		.uleb128 0xb
 1173 00d3 11       		.uleb128 0x11
 1174 00d4 01       		.uleb128 0x1
 1175 00d5 12       		.uleb128 0x12
 1176 00d6 06       		.uleb128 0x6
 1177 00d7 40       		.uleb128 0x40
 1178 00d8 18       		.uleb128 0x18
 1179 00d9 9742     		.uleb128 0x2117
 1180 00db 19       		.uleb128 0x19
 1181 00dc 01       		.uleb128 0x1
 1182 00dd 13       		.uleb128 0x13
 1183 00de 00       		.byte	0
 1184 00df 00       		.byte	0
 1185 00e0 11       		.uleb128 0x11
 1186 00e1 898201   		.uleb128 0x4109
 1187 00e4 00       		.byte	0
 1188 00e5 11       		.uleb128 0x11
 1189 00e6 01       		.uleb128 0x1
 1190 00e7 31       		.uleb128 0x31
 1191 00e8 13       		.uleb128 0x13
 1192 00e9 00       		.byte	0
 1193 00ea 00       		.byte	0
 1194 00eb 12       		.uleb128 0x12
 1195 00ec 898201   		.uleb128 0x4109
 1196 00ef 01       		.byte	0x1
 1197 00f0 11       		.uleb128 0x11
 1198 00f1 01       		.uleb128 0x1
 1199 00f2 31       		.uleb128 0x31
 1200 00f3 13       		.uleb128 0x13
 1201 00f4 01       		.uleb128 0x1
 1202 00f5 13       		.uleb128 0x13
 1203 00f6 00       		.byte	0
 1204 00f7 00       		.byte	0
 1205 00f8 13       		.uleb128 0x13
 1206 00f9 8A8201   		.uleb128 0x410a
 1207 00fc 00       		.byte	0
 1208 00fd 02       		.uleb128 0x2
 1209 00fe 18       		.uleb128 0x18
 1210 00ff 9142     		.uleb128 0x2111
 1211 0101 18       		.uleb128 0x18
 1212 0102 00       		.byte	0
ARM GAS  C:\Users\rdeiaco\AppData\Local\Temp\ccaLmkji.s 			page 27


 1213 0103 00       		.byte	0
 1214 0104 14       		.uleb128 0x14
 1215 0105 898201   		.uleb128 0x4109
 1216 0108 01       		.byte	0x1
 1217 0109 11       		.uleb128 0x11
 1218 010a 01       		.uleb128 0x1
 1219 010b 31       		.uleb128 0x31
 1220 010c 13       		.uleb128 0x13
 1221 010d 00       		.byte	0
 1222 010e 00       		.byte	0
 1223 010f 15       		.uleb128 0x15
 1224 0110 34       		.uleb128 0x34
 1225 0111 00       		.byte	0
 1226 0112 03       		.uleb128 0x3
 1227 0113 0E       		.uleb128 0xe
 1228 0114 3A       		.uleb128 0x3a
 1229 0115 0B       		.uleb128 0xb
 1230 0116 3B       		.uleb128 0x3b
 1231 0117 05       		.uleb128 0x5
 1232 0118 49       		.uleb128 0x49
 1233 0119 13       		.uleb128 0x13
 1234 011a 3F       		.uleb128 0x3f
 1235 011b 19       		.uleb128 0x19
 1236 011c 3C       		.uleb128 0x3c
 1237 011d 19       		.uleb128 0x19
 1238 011e 00       		.byte	0
 1239 011f 00       		.byte	0
 1240 0120 16       		.uleb128 0x16
 1241 0121 01       		.uleb128 0x1
 1242 0122 01       		.byte	0x1
 1243 0123 49       		.uleb128 0x49
 1244 0124 13       		.uleb128 0x13
 1245 0125 01       		.uleb128 0x1
 1246 0126 13       		.uleb128 0x13
 1247 0127 00       		.byte	0
 1248 0128 00       		.byte	0
 1249 0129 17       		.uleb128 0x17
 1250 012a 21       		.uleb128 0x21
 1251 012b 00       		.byte	0
 1252 012c 00       		.byte	0
 1253 012d 00       		.byte	0
 1254 012e 18       		.uleb128 0x18
 1255 012f 34       		.uleb128 0x34
 1256 0130 00       		.byte	0
 1257 0131 03       		.uleb128 0x3
 1258 0132 0E       		.uleb128 0xe
 1259 0133 3A       		.uleb128 0x3a
 1260 0134 0B       		.uleb128 0xb
 1261 0135 3B       		.uleb128 0x3b
 1262 0136 0B       		.uleb128 0xb
 1263 0137 49       		.uleb128 0x49
 1264 0138 13       		.uleb128 0x13
 1265 0139 3F       		.uleb128 0x3f
 1266 013a 19       		.uleb128 0x19
 1267 013b 3C       		.uleb128 0x3c
 1268 013c 19       		.uleb128 0x19
 1269 013d 00       		.byte	0
ARM GAS  C:\Users\rdeiaco\AppData\Local\Temp\ccaLmkji.s 			page 28


 1270 013e 00       		.byte	0
 1271 013f 19       		.uleb128 0x19
 1272 0140 2E       		.uleb128 0x2e
 1273 0141 01       		.byte	0x1
 1274 0142 3F       		.uleb128 0x3f
 1275 0143 19       		.uleb128 0x19
 1276 0144 03       		.uleb128 0x3
 1277 0145 0E       		.uleb128 0xe
 1278 0146 3A       		.uleb128 0x3a
 1279 0147 0B       		.uleb128 0xb
 1280 0148 3B       		.uleb128 0x3b
 1281 0149 05       		.uleb128 0x5
 1282 014a 27       		.uleb128 0x27
 1283 014b 19       		.uleb128 0x19
 1284 014c 3C       		.uleb128 0x3c
 1285 014d 19       		.uleb128 0x19
 1286 014e 01       		.uleb128 0x1
 1287 014f 13       		.uleb128 0x13
 1288 0150 00       		.byte	0
 1289 0151 00       		.byte	0
 1290 0152 1A       		.uleb128 0x1a
 1291 0153 05       		.uleb128 0x5
 1292 0154 00       		.byte	0
 1293 0155 49       		.uleb128 0x49
 1294 0156 13       		.uleb128 0x13
 1295 0157 00       		.byte	0
 1296 0158 00       		.byte	0
 1297 0159 1B       		.uleb128 0x1b
 1298 015a 2E       		.uleb128 0x2e
 1299 015b 00       		.byte	0
 1300 015c 3F       		.uleb128 0x3f
 1301 015d 19       		.uleb128 0x19
 1302 015e 03       		.uleb128 0x3
 1303 015f 0E       		.uleb128 0xe
 1304 0160 3A       		.uleb128 0x3a
 1305 0161 0B       		.uleb128 0xb
 1306 0162 3B       		.uleb128 0x3b
 1307 0163 05       		.uleb128 0x5
 1308 0164 27       		.uleb128 0x27
 1309 0165 19       		.uleb128 0x19
 1310 0166 49       		.uleb128 0x49
 1311 0167 13       		.uleb128 0x13
 1312 0168 3C       		.uleb128 0x3c
 1313 0169 19       		.uleb128 0x19
 1314 016a 00       		.byte	0
 1315 016b 00       		.byte	0
 1316 016c 1C       		.uleb128 0x1c
 1317 016d 2E       		.uleb128 0x2e
 1318 016e 01       		.byte	0x1
 1319 016f 3F       		.uleb128 0x3f
 1320 0170 19       		.uleb128 0x19
 1321 0171 03       		.uleb128 0x3
 1322 0172 0E       		.uleb128 0xe
 1323 0173 3A       		.uleb128 0x3a
 1324 0174 0B       		.uleb128 0xb
 1325 0175 3B       		.uleb128 0x3b
 1326 0176 0B       		.uleb128 0xb
ARM GAS  C:\Users\rdeiaco\AppData\Local\Temp\ccaLmkji.s 			page 29


 1327 0177 27       		.uleb128 0x27
 1328 0178 19       		.uleb128 0x19
 1329 0179 3C       		.uleb128 0x3c
 1330 017a 19       		.uleb128 0x19
 1331 017b 01       		.uleb128 0x1
 1332 017c 13       		.uleb128 0x13
 1333 017d 00       		.byte	0
 1334 017e 00       		.byte	0
 1335 017f 1D       		.uleb128 0x1d
 1336 0180 2E       		.uleb128 0x2e
 1337 0181 01       		.byte	0x1
 1338 0182 3F       		.uleb128 0x3f
 1339 0183 19       		.uleb128 0x19
 1340 0184 03       		.uleb128 0x3
 1341 0185 0E       		.uleb128 0xe
 1342 0186 3A       		.uleb128 0x3a
 1343 0187 0B       		.uleb128 0xb
 1344 0188 3B       		.uleb128 0x3b
 1345 0189 0B       		.uleb128 0xb
 1346 018a 6E       		.uleb128 0x6e
 1347 018b 0E       		.uleb128 0xe
 1348 018c 27       		.uleb128 0x27
 1349 018d 19       		.uleb128 0x19
 1350 018e 49       		.uleb128 0x49
 1351 018f 13       		.uleb128 0x13
 1352 0190 3C       		.uleb128 0x3c
 1353 0191 19       		.uleb128 0x19
 1354 0192 01       		.uleb128 0x1
 1355 0193 13       		.uleb128 0x13
 1356 0194 00       		.byte	0
 1357 0195 00       		.byte	0
 1358 0196 1E       		.uleb128 0x1e
 1359 0197 2E       		.uleb128 0x2e
 1360 0198 00       		.byte	0
 1361 0199 3F       		.uleb128 0x3f
 1362 019a 19       		.uleb128 0x19
 1363 019b 03       		.uleb128 0x3
 1364 019c 0E       		.uleb128 0xe
 1365 019d 3A       		.uleb128 0x3a
 1366 019e 0B       		.uleb128 0xb
 1367 019f 3B       		.uleb128 0x3b
 1368 01a0 05       		.uleb128 0x5
 1369 01a1 27       		.uleb128 0x27
 1370 01a2 19       		.uleb128 0x19
 1371 01a3 3C       		.uleb128 0x3c
 1372 01a4 19       		.uleb128 0x19
 1373 01a5 00       		.byte	0
 1374 01a6 00       		.byte	0
 1375 01a7 1F       		.uleb128 0x1f
 1376 01a8 2E       		.uleb128 0x2e
 1377 01a9 00       		.byte	0
 1378 01aa 3F       		.uleb128 0x3f
 1379 01ab 19       		.uleb128 0x19
 1380 01ac 03       		.uleb128 0x3
 1381 01ad 0E       		.uleb128 0xe
 1382 01ae 3A       		.uleb128 0x3a
 1383 01af 0B       		.uleb128 0xb
ARM GAS  C:\Users\rdeiaco\AppData\Local\Temp\ccaLmkji.s 			page 30


 1384 01b0 3B       		.uleb128 0x3b
 1385 01b1 0B       		.uleb128 0xb
 1386 01b2 27       		.uleb128 0x27
 1387 01b3 19       		.uleb128 0x19
 1388 01b4 3C       		.uleb128 0x3c
 1389 01b5 19       		.uleb128 0x19
 1390 01b6 00       		.byte	0
 1391 01b7 00       		.byte	0
 1392 01b8 20       		.uleb128 0x20
 1393 01b9 2E       		.uleb128 0x2e
 1394 01ba 01       		.byte	0x1
 1395 01bb 3F       		.uleb128 0x3f
 1396 01bc 19       		.uleb128 0x19
 1397 01bd 03       		.uleb128 0x3
 1398 01be 0E       		.uleb128 0xe
 1399 01bf 3A       		.uleb128 0x3a
 1400 01c0 0B       		.uleb128 0xb
 1401 01c1 3B       		.uleb128 0x3b
 1402 01c2 05       		.uleb128 0x5
 1403 01c3 27       		.uleb128 0x27
 1404 01c4 19       		.uleb128 0x19
 1405 01c5 49       		.uleb128 0x49
 1406 01c6 13       		.uleb128 0x13
 1407 01c7 3C       		.uleb128 0x3c
 1408 01c8 19       		.uleb128 0x19
 1409 01c9 00       		.byte	0
 1410 01ca 00       		.byte	0
 1411 01cb 00       		.byte	0
 1412              		.section	.debug_loc,"",%progbits
 1413              	.Ldebug_loc0:
 1414              	.LLST0:
 1415 0000 04000000 		.4byte	.LVL1
 1416 0004 34000000 		.4byte	.LVL17
 1417 0008 0100     		.2byte	0x1
 1418 000a 56       		.byte	0x56
 1419 000b 00000000 		.4byte	0
 1420 000f 00000000 		.4byte	0
 1421              	.LLST1:
 1422 0013 08000000 		.4byte	.LVL2
 1423 0017 34000000 		.4byte	.LVL16
 1424 001b 0100     		.2byte	0x1
 1425 001d 55       		.byte	0x55
 1426 001e 00000000 		.4byte	0
 1427 0022 00000000 		.4byte	0
 1428              	.LLST2:
 1429 0026 0A000000 		.4byte	.LVL3
 1430 002a 14000000 		.4byte	.LVL7
 1431 002e 0100     		.2byte	0x1
 1432 0030 51       		.byte	0x51
 1433 0031 14000000 		.4byte	.LVL7
 1434 0035 16000000 		.4byte	.LVL8
 1435 0039 0300     		.2byte	0x3
 1436 003b 71       		.byte	0x71
 1437 003c 7C       		.sleb128 -4
 1438 003d 9F       		.byte	0x9f
 1439 003e 16000000 		.4byte	.LVL8
 1440 0042 22000000 		.4byte	.LVL11
ARM GAS  C:\Users\rdeiaco\AppData\Local\Temp\ccaLmkji.s 			page 31


 1441 0046 0100     		.2byte	0x1
 1442 0048 51       		.byte	0x51
 1443 0049 00000000 		.4byte	0
 1444 004d 00000000 		.4byte	0
 1445              	.LLST3:
 1446 0051 0C000000 		.4byte	.LVL4
 1447 0055 30000000 		.4byte	.LVL15
 1448 0059 0100     		.2byte	0x1
 1449 005b 53       		.byte	0x53
 1450 005c 00000000 		.4byte	0
 1451 0060 00000000 		.4byte	0
 1452              	.LLST4:
 1453 0064 0E000000 		.4byte	.LVL5
 1454 0068 1E000000 		.4byte	.LVL10
 1455 006c 0100     		.2byte	0x1
 1456 006e 54       		.byte	0x54
 1457 006f 1E000000 		.4byte	.LVL10
 1458 0073 30000000 		.4byte	.LVL15
 1459 0077 0100     		.2byte	0x1
 1460 0079 50       		.byte	0x50
 1461 007a 00000000 		.4byte	0
 1462 007e 00000000 		.4byte	0
 1463              	.LLST5:
 1464 0082 0E000000 		.4byte	.LVL5
 1465 0086 12000000 		.4byte	.LVL6
 1466 008a 0200     		.2byte	0x2
 1467 008c 30       		.byte	0x30
 1468 008d 9F       		.byte	0x9f
 1469 008e 12000000 		.4byte	.LVL6
 1470 0092 1E000000 		.4byte	.LVL10
 1471 0096 0100     		.2byte	0x1
 1472 0098 52       		.byte	0x52
 1473 0099 1E000000 		.4byte	.LVL10
 1474 009d 22000000 		.4byte	.LVL11
 1475 00a1 0200     		.2byte	0x2
 1476 00a3 30       		.byte	0x30
 1477 00a4 9F       		.byte	0x9f
 1478 00a5 22000000 		.4byte	.LVL11
 1479 00a9 30000000 		.4byte	.LVL15
 1480 00ad 0100     		.2byte	0x1
 1481 00af 52       		.byte	0x52
 1482 00b0 00000000 		.4byte	0
 1483 00b4 00000000 		.4byte	0
 1484              		.section	.debug_aranges,"",%progbits
 1485 0000 3C000000 		.4byte	0x3c
 1486 0004 0200     		.2byte	0x2
 1487 0006 00000000 		.4byte	.Ldebug_info0
 1488 000a 04       		.byte	0x4
 1489 000b 00       		.byte	0
 1490 000c 0000     		.2byte	0
 1491 000e 0000     		.2byte	0
 1492 0010 00000000 		.4byte	.LFB35
 1493 0014 40000000 		.4byte	.LFE35-.LFB35
 1494 0018 00000000 		.4byte	.LFB36
 1495 001c 08000000 		.4byte	.LFE36-.LFB36
 1496 0020 00000000 		.4byte	.LFB37
 1497 0024 34000000 		.4byte	.LFE37-.LFB37
ARM GAS  C:\Users\rdeiaco\AppData\Local\Temp\ccaLmkji.s 			page 32


 1498 0028 00000000 		.4byte	.LFB38
 1499 002c 5C000000 		.4byte	.LFE38-.LFB38
 1500 0030 00000000 		.4byte	.LFB39
 1501 0034 0A000000 		.4byte	.LFE39-.LFB39
 1502 0038 00000000 		.4byte	0
 1503 003c 00000000 		.4byte	0
 1504              		.section	.debug_ranges,"",%progbits
 1505              	.Ldebug_ranges0:
 1506 0000 00000000 		.4byte	.LFB35
 1507 0004 40000000 		.4byte	.LFE35
 1508 0008 00000000 		.4byte	.LFB36
 1509 000c 08000000 		.4byte	.LFE36
 1510 0010 00000000 		.4byte	.LFB37
 1511 0014 34000000 		.4byte	.LFE37
 1512 0018 00000000 		.4byte	.LFB38
 1513 001c 5C000000 		.4byte	.LFE38
 1514 0020 00000000 		.4byte	.LFB39
 1515 0024 0A000000 		.4byte	.LFE39
 1516 0028 00000000 		.4byte	0
 1517 002c 00000000 		.4byte	0
 1518              		.section	.debug_line,"",%progbits
 1519              	.Ldebug_line0:
 1520 0000 C7010000 		.section	.debug_str,"MS",%progbits,1
 1520      02001501 
 1520      00000201 
 1520      FB0E0D00 
 1520      01010101 
 1521              	.LASF58:
 1522 0000 6C696D69 		.ascii	"limit\000"
 1522      7400
 1523              	.LASF63:
 1524 0006 436F6E66 		.ascii	"ConfigureServices\000"
 1524      69677572 
 1524      65536572 
 1524      76696365 
 1524      7300
 1525              	.LASF77:
 1526 0018 5F5F6275 		.ascii	"__builtin_puts\000"
 1526      696C7469 
 1526      6E5F7075 
 1526      747300
 1527              	.LASF76:
 1528 0027 496E6974 		.ascii	"InitializeBootloaderSRAM\000"
 1528      69616C69 
 1528      7A65426F 
 1528      6F746C6F 
 1528      61646572 
 1529              	.LASF66:
 1530 0040 426F6F74 		.ascii	"Bootloader__cy_region_num\000"
 1530      6C6F6164 
 1530      65725F5F 
 1530      63795F72 
 1530      6567696F 
 1531              	.LASF87:
 1532 005a 5F5F6379 		.ascii	"__cy_region\000"
 1532      5F726567 
 1532      696F6E00 
ARM GAS  C:\Users\rdeiaco\AppData\Local\Temp\ccaLmkji.s 			page 33


 1533              	.LASF42:
 1534 0066 4359424C 		.ascii	"CYBLE_GATT_ERR_HEART_RATE_CONTROL_POINT_NOT_SUPPORT"
 1534      455F4741 
 1534      54545F45 
 1534      52525F48 
 1534      45415254 
 1535 0099 454400   		.ascii	"ED\000"
 1536              	.LASF47:
 1537 009c 4359424C 		.ascii	"CYBLE_GATT_ERR_CCCD_IMPROPERLY_CONFIGURED\000"
 1537      455F4741 
 1537      54545F45 
 1537      52525F43 
 1537      4343445F 
 1538              	.LASF24:
 1539 00c6 4359424C 		.ascii	"CYBLE_GATT_ERR_NONE\000"
 1539      455F4741 
 1539      54545F45 
 1539      52525F4E 
 1539      4F4E4500 
 1540              	.LASF2:
 1541 00da 73686F72 		.ascii	"short int\000"
 1541      7420696E 
 1541      7400
 1542              	.LASF15:
 1543 00e4 73697A65 		.ascii	"size_t\000"
 1543      5F7400
 1544              	.LASF16:
 1545 00eb 73697A65 		.ascii	"sizetype\000"
 1545      74797065 
 1545      00
 1546              	.LASF38:
 1547 00f4 4359424C 		.ascii	"CYBLE_GATT_ERR_UNLIKELY_ERROR\000"
 1547      455F4741 
 1547      54545F45 
 1547      52525F55 
 1547      4E4C494B 
 1548              	.LASF43:
 1549 0112 4359424C 		.ascii	"CYBLE_GATT_ERR_CPS_INAPPROPRIATE_CONNECTION_PARAMET"
 1549      455F4741 
 1549      54545F45 
 1549      52525F43 
 1549      50535F49 
 1550 0145 45525300 		.ascii	"ERS\000"
 1551              	.LASF48:
 1552 0149 4359424C 		.ascii	"CYBLE_GATT_ERR_PROCEDURE_ALREADY_IN_PROGRESS\000"
 1552      455F4741 
 1552      54545F45 
 1552      52525F50 
 1552      524F4345 
 1553              	.LASF74:
 1554 0176 426F6F74 		.ascii	"Bootloader_Service_Activation_Write\000"
 1554      6C6F6164 
 1554      65725F53 
 1554      65727669 
 1554      63655F41 
 1555              	.LASF57:
 1556 019a 72707472 		.ascii	"rptr\000"
ARM GAS  C:\Users\rdeiaco\AppData\Local\Temp\ccaLmkji.s 			page 34


 1556      00
 1557              	.LASF17:
 1558 019f 4359424C 		.ascii	"CYBLE_STATE_STOPPED\000"
 1558      455F5354 
 1558      4154455F 
 1558      53544F50 
 1558      50454400 
 1559              	.LASF19:
 1560 01b3 4359424C 		.ascii	"CYBLE_STATE_CONNECTED\000"
 1560      455F5354 
 1560      4154455F 
 1560      434F4E4E 
 1560      45435445 
 1561              	.LASF10:
 1562 01c9 75696E74 		.ascii	"uint16\000"
 1562      313600
 1563              	.LASF26:
 1564 01d0 4359424C 		.ascii	"CYBLE_GATT_ERR_READ_NOT_PERMITTED\000"
 1564      455F4741 
 1564      54545F45 
 1564      52525F52 
 1564      4541445F 
 1565              	.LASF81:
 1566 01f2 43795379 		.ascii	"CySysWdtDisable\000"
 1566      73576474 
 1566      44697361 
 1566      626C6500 
 1567              	.LASF30:
 1568 0202 4359424C 		.ascii	"CYBLE_GATT_ERR_REQUEST_NOT_SUPPORTED\000"
 1568      455F4741 
 1568      54545F45 
 1568      52525F52 
 1568      45515545 
 1569              	.LASF18:
 1570 0227 4359424C 		.ascii	"CYBLE_STATE_INITIALIZING\000"
 1570      455F5354 
 1570      4154455F 
 1570      494E4954 
 1570      49414C49 
 1571              	.LASF54:
 1572 0240 696E6974 		.ascii	"init_size\000"
 1572      5F73697A 
 1572      6500
 1573              	.LASF12:
 1574 024a 666C6F61 		.ascii	"float\000"
 1574      7400
 1575              	.LASF61:
 1576 0250 436F6E66 		.ascii	"ConfigureSharedPins\000"
 1576      69677572 
 1576      65536861 
 1576      72656450 
 1576      696E7300 
 1577              	.LASF6:
 1578 0264 6C6F6E67 		.ascii	"long long int\000"
 1578      206C6F6E 
 1578      6720696E 
 1578      7400
ARM GAS  C:\Users\rdeiaco\AppData\Local\Temp\ccaLmkji.s 			page 35


 1579              	.LASF7:
 1580 0272 6C6F6E67 		.ascii	"long long unsigned int\000"
 1580      206C6F6E 
 1580      6720756E 
 1580      7369676E 
 1580      65642069 
 1581              	.LASF65:
 1582 0289 426F6F74 		.ascii	"Bootloader__cy_regions\000"
 1582      6C6F6164 
 1582      65725F5F 
 1582      63795F72 
 1582      6567696F 
 1583              	.LASF4:
 1584 02a0 6C6F6E67 		.ascii	"long int\000"
 1584      20696E74 
 1584      00
 1585              	.LASF80:
 1586 02a9 43795379 		.ascii	"CySysWdtUnlock\000"
 1586      73576474 
 1586      556E6C6F 
 1586      636B00
 1587              	.LASF82:
 1588 02b8 426F6F74 		.ascii	"Bootloadable_Load\000"
 1588      6C6F6164 
 1588      61626C65 
 1588      5F4C6F61 
 1588      6400
 1589              	.LASF71:
 1590 02ca 41647665 		.ascii	"Advertising_LED_1_Write\000"
 1590      72746973 
 1590      696E675F 
 1590      4C45445F 
 1590      315F5772 
 1591              	.LASF27:
 1592 02e2 4359424C 		.ascii	"CYBLE_GATT_ERR_WRITE_NOT_PERMITTED\000"
 1592      455F4741 
 1592      54545F45 
 1592      52525F57 
 1592      52495445 
 1593              	.LASF25:
 1594 0305 4359424C 		.ascii	"CYBLE_GATT_ERR_INVALID_HANDLE\000"
 1594      455F4741 
 1594      54545F45 
 1594      52525F49 
 1594      4E56414C 
 1595              	.LASF45:
 1596 0323 4359424C 		.ascii	"CYBLE_GATTS_ERR_CCCD_IMPROPERLY_CONFIGURED\000"
 1596      455F4741 
 1596      5454535F 
 1596      4552525F 
 1596      43434344 
 1597              	.LASF35:
 1598 034e 4359424C 		.ascii	"CYBLE_GATT_ERR_ATTRIBUTE_NOT_LONG\000"
 1598      455F4741 
 1598      54545F45 
 1598      52525F41 
 1598      54545249 
ARM GAS  C:\Users\rdeiaco\AppData\Local\Temp\ccaLmkji.s 			page 36


 1599              	.LASF84:
 1600 0370 474E5520 		.ascii	"GNU C 4.9.3 20150303 (release) [ARM/embedded-4_9-br"
 1600      4320342E 
 1600      392E3320 
 1600      32303135 
 1600      30333033 
 1601 03a3 616E6368 		.ascii	"anch revision 221220] -mcpu=cortex-m0 -mthumb -g -O"
 1601      20726576 
 1601      6973696F 
 1601      6E203232 
 1601      31323230 
 1602 03d6 67202D66 		.ascii	"g -ffunction-sections -ffat-lto-objects\000"
 1602      66756E63 
 1602      74696F6E 
 1602      2D736563 
 1602      74696F6E 
 1603              	.LASF9:
 1604 03fe 75696E74 		.ascii	"uint8\000"
 1604      3800
 1605              	.LASF56:
 1606 0404 72656769 		.ascii	"regions\000"
 1606      6F6E7300 
 1607              	.LASF1:
 1608 040c 756E7369 		.ascii	"unsigned char\000"
 1608      676E6564 
 1608      20636861 
 1608      7200
 1609              	.LASF37:
 1610 041a 4359424C 		.ascii	"CYBLE_GATT_ERR_INVALID_ATTRIBUTE_LEN\000"
 1610      455F4741 
 1610      54545F45 
 1610      52525F49 
 1610      4E56414C 
 1611              	.LASF62:
 1612 043f 426F6F74 		.ascii	"BootloaderSwitch\000"
 1612      6C6F6164 
 1612      65725377 
 1612      69746368 
 1612      00
 1613              	.LASF83:
 1614 0450 4379426C 		.ascii	"CyBle_GattsDisableAttribute\000"
 1614      655F4761 
 1614      74747344 
 1614      69736162 
 1614      6C654174 
 1615              	.LASF0:
 1616 046c 7369676E 		.ascii	"signed char\000"
 1616      65642063 
 1616      68617200 
 1617              	.LASF78:
 1618 0478 4379426C 		.ascii	"CyBle_Shutdown\000"
 1618      655F5368 
 1618      7574646F 
 1618      776E00
 1619              	.LASF67:
 1620 0487 41647665 		.ascii	"Advertising_LED_2_SetDriveMode\000"
 1620      72746973 
ARM GAS  C:\Users\rdeiaco\AppData\Local\Temp\ccaLmkji.s 			page 37


 1620      696E675F 
 1620      4C45445F 
 1620      325F5365 
 1621              	.LASF55:
 1622 04a6 7A65726F 		.ascii	"zero_size\000"
 1622      5F73697A 
 1622      6500
 1623              	.LASF8:
 1624 04b0 756E7369 		.ascii	"unsigned int\000"
 1624      676E6564 
 1624      20696E74 
 1624      00
 1625              	.LASF40:
 1626 04bd 4359424C 		.ascii	"CYBLE_GATT_ERR_UNSUPPORTED_GROUP_TYPE\000"
 1626      455F4741 
 1626      54545F45 
 1626      52525F55 
 1626      4E535550 
 1627              	.LASF89:
 1628 04e3 70757473 		.ascii	"puts\000"
 1628      00
 1629              	.LASF22:
 1630 04e8 4359424C 		.ascii	"CYBLE_STATE_T\000"
 1630      455F5354 
 1630      4154455F 
 1630      5400
 1631              	.LASF31:
 1632 04f6 4359424C 		.ascii	"CYBLE_GATT_ERR_INVALID_OFFSET\000"
 1632      455F4741 
 1632      54545F45 
 1632      52525F49 
 1632      4E56414C 
 1633              	.LASF3:
 1634 0514 73686F72 		.ascii	"short unsigned int\000"
 1634      7420756E 
 1634      7369676E 
 1634      65642069 
 1634      6E7400
 1635              	.LASF44:
 1636 0527 4359424C 		.ascii	"CYBLE_GATTS_ERR_PROCEDURE_ALREADY_IN_PROGRESS\000"
 1636      455F4741 
 1636      5454535F 
 1636      4552525F 
 1636      50524F43 
 1637              	.LASF32:
 1638 0555 4359424C 		.ascii	"CYBLE_GATT_ERR_INSUFFICIENT_AUTHORIZATION\000"
 1638      455F4741 
 1638      54545F45 
 1638      52525F49 
 1638      4E535546 
 1639              	.LASF28:
 1640 057f 4359424C 		.ascii	"CYBLE_GATT_ERR_INVALID_PDU\000"
 1640      455F4741 
 1640      54545F45 
 1640      52525F49 
 1640      4E56414C 
 1641              	.LASF51:
ARM GAS  C:\Users\rdeiaco\AppData\Local\Temp\ccaLmkji.s 			page 38


 1642 059a 5F5F6379 		.ascii	"__cy_byte_align8\000"
 1642      5F627974 
 1642      655F616C 
 1642      69676E38 
 1642      00
 1643              	.LASF14:
 1644 05ab 63686172 		.ascii	"char\000"
 1644      00
 1645              	.LASF52:
 1646 05b0 696E6974 		.ascii	"init\000"
 1646      00
 1647              	.LASF34:
 1648 05b5 4359424C 		.ascii	"CYBLE_GATT_ERR_ATTRIBUTE_NOT_FOUND\000"
 1648      455F4741 
 1648      54545F45 
 1648      52525F41 
 1648      54545249 
 1649              	.LASF21:
 1650 05d8 4359424C 		.ascii	"CYBLE_STATE_DISCONNECTED\000"
 1650      455F5354 
 1650      4154455F 
 1650      44495343 
 1650      4F4E4E45 
 1651              	.LASF68:
 1652 05f1 41647665 		.ascii	"Advertising_LED_1_SetDriveMode\000"
 1652      72746973 
 1652      696E675F 
 1652      4C45445F 
 1652      315F5365 
 1653              	.LASF88:
 1654 0610 426F6F74 		.ascii	"Bootloader_Service_Activation_Read\000"
 1654      6C6F6164 
 1654      65725F53 
 1654      65727669 
 1654      63655F41 
 1655              	.LASF86:
 1656 0633 433A5C55 		.ascii	"C:\\Users\\rdeiaco\\Documents\\PSoC Creator\\capsto"
 1656      73657273 
 1656      5C726465 
 1656      6961636F 
 1656      5C446F63 
 1657 0661 6E653730 		.ascii	"ne70merged\\capsenseled.cydsn\000"
 1657      6D657267 
 1657      65645C63 
 1657      61707365 
 1657      6E73656C 
 1658              	.LASF46:
 1659 067e 4359424C 		.ascii	"CYBLE_GATT_ERR_ANS_COMMAND_NOT_SUPPORTED\000"
 1659      455F4741 
 1659      54545F45 
 1659      52525F41 
 1659      4E535F43 
 1660              	.LASF53:
 1661 06a7 64617461 		.ascii	"data\000"
 1661      00
 1662              	.LASF39:
 1663 06ac 4359424C 		.ascii	"CYBLE_GATT_ERR_INSUFFICIENT_ENCRYPTION\000"
ARM GAS  C:\Users\rdeiaco\AppData\Local\Temp\ccaLmkji.s 			page 39


 1663      455F4741 
 1663      54545F45 
 1663      52525F49 
 1663      4E535546 
 1664              	.LASF69:
 1665 06d3 426F6F74 		.ascii	"Bootloading_LED_SetDriveMode\000"
 1665      6C6F6164 
 1665      696E675F 
 1665      4C45445F 
 1665      53657444 
 1666              	.LASF41:
 1667 06f0 4359424C 		.ascii	"CYBLE_GATT_ERR_INSUFFICIENT_RESOURCE\000"
 1667      455F4741 
 1667      54545F45 
 1667      52525F49 
 1667      4E535546 
 1668              	.LASF20:
 1669 0715 4359424C 		.ascii	"CYBLE_STATE_ADVERTISING\000"
 1669      455F5354 
 1669      4154455F 
 1669      41445645 
 1669      52544953 
 1670              	.LASF11:
 1671 072d 75696E74 		.ascii	"uint32\000"
 1671      333200
 1672              	.LASF5:
 1673 0734 6C6F6E67 		.ascii	"long unsigned int\000"
 1673      20756E73 
 1673      69676E65 
 1673      6420696E 
 1673      7400
 1674              	.LASF13:
 1675 0746 646F7562 		.ascii	"double\000"
 1675      6C6500
 1676              	.LASF79:
 1677 074d 4379426C 		.ascii	"CyBle_ProcessEvents\000"
 1677      655F5072 
 1677      6F636573 
 1677      73457665 
 1677      6E747300 
 1678              	.LASF72:
 1679 0761 426F6F74 		.ascii	"Bootloading_LED_Write\000"
 1679      6C6F6164 
 1679      696E675F 
 1679      4C45445F 
 1679      57726974 
 1680              	.LASF59:
 1681 0777 636F756E 		.ascii	"count\000"
 1681      7400
 1682              	.LASF36:
 1683 077d 4359424C 		.ascii	"CYBLE_GATT_ERR_INSUFFICIENT_ENC_KEY_SIZE\000"
 1683      455F4741 
 1683      54545F45 
 1683      52525F49 
 1683      4E535546 
 1684              	.LASF73:
 1685 07a6 426F6F74 		.ascii	"Bootloader_Service_Activation_SetDriveMode\000"
ARM GAS  C:\Users\rdeiaco\AppData\Local\Temp\ccaLmkji.s 			page 40


 1685      6C6F6164 
 1685      65725F53 
 1685      65727669 
 1685      63655F41 
 1686              	.LASF64:
 1687 07d1 6379426C 		.ascii	"cyBle_state\000"
 1687      655F7374 
 1687      61746500 
 1688              	.LASF50:
 1689 07dd 4359424C 		.ascii	"CYBLE_GATT_ERR_CODE_T\000"
 1689      455F4741 
 1689      54545F45 
 1689      52525F43 
 1689      4F44455F 
 1690              	.LASF29:
 1691 07f3 4359424C 		.ascii	"CYBLE_GATT_ERR_INSUFFICIENT_AUTHENTICATION\000"
 1691      455F4741 
 1691      54545F45 
 1691      52525F49 
 1691      4E535546 
 1692              	.LASF49:
 1693 081e 4359424C 		.ascii	"CYBLE_GATT_ERR_OUT_OF_RANGE\000"
 1693      455F4741 
 1693      54545F45 
 1693      52525F4F 
 1693      55545F4F 
 1694              	.LASF33:
 1695 083a 4359424C 		.ascii	"CYBLE_GATT_ERR_PREPARE_WRITE_QUEUE_FULL\000"
 1695      455F4741 
 1695      54545F45 
 1695      52525F50 
 1695      52455041 
 1696              	.LASF70:
 1697 0862 41647665 		.ascii	"Advertising_LED_2_Write\000"
 1697      72746973 
 1697      696E675F 
 1697      4C45445F 
 1697      325F5772 
 1698              	.LASF75:
 1699 087a 43794465 		.ascii	"CyDelay\000"
 1699      6C617900 
 1700              	.LASF60:
 1701 0882 426F6F74 		.ascii	"Bootloader_Start_c\000"
 1701      6C6F6164 
 1701      65725F53 
 1701      74617274 
 1701      5F6300
 1702              	.LASF85:
 1703 0895 4F54414D 		.ascii	"OTAMandatory.c\000"
 1703      616E6461 
 1703      746F7279 
 1703      2E6300
 1704              	.LASF23:
 1705 08a4 4359424C 		.ascii	"CYBLE_GATT_DB_ATTR_HANDLE_T\000"
 1705      455F4741 
 1705      54545F44 
 1705      425F4154 
ARM GAS  C:\Users\rdeiaco\AppData\Local\Temp\ccaLmkji.s 			page 41


 1705      54525F48 
 1706              		.ident	"GCC: (GNU Tools for ARM Embedded Processors) 4.9.3 20150303 (release) [ARM/embedded-4_9-br
