ARM GAS  C:\Users\rdeiaco\AppData\Local\Temp\cc4gKDno.s 			page 1


   1              		.cpu cortex-m0
   2              		.fpu softvfp
   3              		.eabi_attribute 20, 1
   4              		.eabi_attribute 21, 1
   5              		.eabi_attribute 23, 3
   6              		.eabi_attribute 24, 1
   7              		.eabi_attribute 25, 1
   8              		.eabi_attribute 26, 1
   9              		.eabi_attribute 30, 1
  10              		.eabi_attribute 34, 0
  11              		.eabi_attribute 18, 4
  12              		.code	16
  13              		.file	"PGA.c"
  14              		.text
  15              	.Ltext0:
  16              		.cfi_sections	.debug_frame
  17              		.global	__aeabi_fmul
  18              		.global	__aeabi_fdiv
  19              		.global	__aeabi_fadd
  20              		.global	__aeabi_f2uiz
  21              		.section	.text.PGA_program_resistor,"ax",%progbits
  22              		.align	2
  23              		.global	PGA_program_resistor
  24              		.code	16
  25              		.thumb_func
  26              		.type	PGA_program_resistor, %function
  27              	PGA_program_resistor:
  28              	.LFB36:
  29              		.file 1 "PGA.c"
   1:PGA.c         **** /* ========================================
   2:PGA.c         ****  *
   3:PGA.c         ****  * Copyright YOUR COMPANY, THE YEAR
   4:PGA.c         ****  * All Rights Reserved
   5:PGA.c         ****  * UNPUBLISHED, LICENSED SOFTWARE.
   6:PGA.c         ****  *
   7:PGA.c         ****  * CONFIDENTIAL AND PROPRIETARY INFORMATION
   8:PGA.c         ****  * WHICH IS THE PROPERTY OF your company.
   9:PGA.c         ****  *
  10:PGA.c         ****  * ========================================
  11:PGA.c         **** */
  12:PGA.c         **** 
  13:PGA.c         **** #include "PGA.h"
  14:PGA.c         **** #include "project.h"
  15:PGA.c         **** 
  16:PGA.c         **** #define TAP_POSITIONS  32
  17:PGA.c         **** #define MAX_RESISTANCE 200000
  18:PGA.c         **** #define GAIN_DENOM     2200
  19:PGA.c         **** 
  20:PGA.c         **** #define LOW  0u
  21:PGA.c         **** #define HIGH 1u
  22:PGA.c         **** 
  23:PGA.c         **** static uint8 current_tap_pos = 15; //tap positon set to midscale on reset
  24:PGA.c         **** 
  25:PGA.c         **** void PGA_set_gain(float gain) {
  26:PGA.c         ****     float resistance = gain*GAIN_DENOM;
  27:PGA.c         ****     
  28:PGA.c         ****     if (resistance > MAX_RESISTANCE) {
ARM GAS  C:\Users\rdeiaco\AppData\Local\Temp\cc4gKDno.s 			page 2


  29:PGA.c         ****         resistance = MAX_RESISTANCE;
  30:PGA.c         ****     }
  31:PGA.c         ****     
  32:PGA.c         ****     PGA_program_resistor(resistance);
  33:PGA.c         **** }
  34:PGA.c         **** 
  35:PGA.c         **** void PGA_program_resistor(float resistance) {
  30              		.loc 1 35 0
  31              		.cfi_startproc
  32              	.LVL0:
  33 0000 70B5     		push	{r4, r5, r6, lr}
  34              		.cfi_def_cfa_offset 16
  35              		.cfi_offset 4, -16
  36              		.cfi_offset 5, -12
  37              		.cfi_offset 6, -8
  38              		.cfi_offset 14, -4
  36:PGA.c         **** 
  37:PGA.c         ****     uint8 new_tap_pos = resistance*(TAP_POSITIONS-1)/MAX_RESISTANCE + 1;
  39              		.loc 1 37 0
  40 0002 1B49     		ldr	r1, .L8
  41 0004 FFF7FEFF 		bl	__aeabi_fmul
  42              	.LVL1:
  43 0008 1A49     		ldr	r1, .L8+4
  44 000a FFF7FEFF 		bl	__aeabi_fdiv
  45              	.LVL2:
  46 000e FE21     		mov	r1, #254
  47 0010 8905     		lsl	r1, r1, #22
  48 0012 FFF7FEFF 		bl	__aeabi_fadd
  49              	.LVL3:
  50 0016 FFF7FEFF 		bl	__aeabi_f2uiz
  51              	.LVL4:
  52 001a C6B2     		uxtb	r6, r0
  53              	.LVL5:
  38:PGA.c         ****     int tap_pos_diff = new_tap_pos - current_tap_pos;
  54              		.loc 1 38 0
  55 001c 164B     		ldr	r3, .L8+8
  56 001e 1D78     		ldrb	r5, [r3]
  57 0020 751B     		sub	r5, r6, r5
  58              	.LVL6:
  39:PGA.c         ****     int i;
  40:PGA.c         ****     
  41:PGA.c         ****     PGA_CS_Write(LOW);
  59              		.loc 1 41 0
  60 0022 0020     		mov	r0, #0
  61 0024 FFF7FEFF 		bl	PGA_CS_Write
  62              	.LVL7:
  42:PGA.c         ****     if (tap_pos_diff > 0) {
  63              		.loc 1 42 0
  64 0028 002D     		cmp	r5, #0
  65 002a 0EDD     		ble	.L2
  43:PGA.c         ****         PGA_U_Db_Write(HIGH);
  66              		.loc 1 43 0
  67 002c 0120     		mov	r0, #1
  68 002e FFF7FEFF 		bl	PGA_U_Db_Write
  69              	.LVL8:
  44:PGA.c         ****         for (i = 0; i < tap_pos_diff; i++) {
  70              		.loc 1 44 0
ARM GAS  C:\Users\rdeiaco\AppData\Local\Temp\cc4gKDno.s 			page 3


  71 0032 0024     		mov	r4, #0
  72 0034 06E0     		b	.L3
  73              	.LVL9:
  74              	.L4:
  45:PGA.c         ****             PGA_INC_Write(LOW);
  75              		.loc 1 45 0 discriminator 3
  76 0036 0020     		mov	r0, #0
  77 0038 FFF7FEFF 		bl	PGA_INC_Write
  78              	.LVL10:
  46:PGA.c         ****             PGA_INC_Write(HIGH);
  79              		.loc 1 46 0 discriminator 3
  80 003c 0120     		mov	r0, #1
  81 003e FFF7FEFF 		bl	PGA_INC_Write
  82              	.LVL11:
  44:PGA.c         ****         for (i = 0; i < tap_pos_diff; i++) {
  83              		.loc 1 44 0 discriminator 3
  84 0042 0134     		add	r4, r4, #1
  85              	.LVL12:
  86              	.L3:
  44:PGA.c         ****         for (i = 0; i < tap_pos_diff; i++) {
  87              		.loc 1 44 0 is_stmt 0 discriminator 1
  88 0044 AC42     		cmp	r4, r5
  89 0046 F6DB     		blt	.L4
  90 0048 0CE0     		b	.L5
  91              	.LVL13:
  92              	.L2:
  47:PGA.c         ****         }
  48:PGA.c         ****     }
  49:PGA.c         ****     else {
  50:PGA.c         ****         PGA_U_Db_Write(LOW);
  93              		.loc 1 50 0 is_stmt 1
  94 004a 0020     		mov	r0, #0
  95 004c FFF7FEFF 		bl	PGA_U_Db_Write
  96              	.LVL14:
  51:PGA.c         ****         for (i = tap_pos_diff; i < 0; i++) {
  97              		.loc 1 51 0
  98 0050 06E0     		b	.L6
  99              	.LVL15:
 100              	.L7:
  52:PGA.c         ****             PGA_INC_Write(LOW);
 101              		.loc 1 52 0 discriminator 3
 102 0052 0020     		mov	r0, #0
 103 0054 FFF7FEFF 		bl	PGA_INC_Write
 104              	.LVL16:
  53:PGA.c         ****             PGA_INC_Write(HIGH);
 105              		.loc 1 53 0 discriminator 3
 106 0058 0120     		mov	r0, #1
 107 005a FFF7FEFF 		bl	PGA_INC_Write
 108              	.LVL17:
  51:PGA.c         ****         for (i = tap_pos_diff; i < 0; i++) {
 109              		.loc 1 51 0 discriminator 3
 110 005e 0135     		add	r5, r5, #1
 111              	.LVL18:
 112              	.L6:
  51:PGA.c         ****         for (i = tap_pos_diff; i < 0; i++) {
 113              		.loc 1 51 0 is_stmt 0 discriminator 1
 114 0060 002D     		cmp	r5, #0
ARM GAS  C:\Users\rdeiaco\AppData\Local\Temp\cc4gKDno.s 			page 4


 115 0062 F6DB     		blt	.L7
 116              	.LVL19:
 117              	.L5:
  54:PGA.c         ****         }
  55:PGA.c         ****     }
  56:PGA.c         ****     
  57:PGA.c         ****     PGA_CS_Write(HIGH);
 118              		.loc 1 57 0 is_stmt 1
 119 0064 0120     		mov	r0, #1
 120 0066 FFF7FEFF 		bl	PGA_CS_Write
 121              	.LVL20:
  58:PGA.c         ****     current_tap_pos = new_tap_pos;
 122              		.loc 1 58 0
 123 006a 034B     		ldr	r3, .L8+8
 124 006c 1E70     		strb	r6, [r3]
  59:PGA.c         **** }
 125              		.loc 1 59 0
 126              		@ sp needed
 127              	.LVL21:
 128 006e 70BD     		pop	{r4, r5, r6, pc}
 129              	.L9:
 130              		.align	2
 131              	.L8:
 132 0070 0000F841 		.word	1106771968
 133 0074 00504348 		.word	1212370944
 134 0078 00000000 		.word	.LANCHOR0
 135              		.cfi_endproc
 136              	.LFE36:
 137              		.size	PGA_program_resistor, .-PGA_program_resistor
 138              		.global	__aeabi_fcmpgt
 139              		.section	.text.PGA_set_gain,"ax",%progbits
 140              		.align	2
 141              		.global	PGA_set_gain
 142              		.code	16
 143              		.thumb_func
 144              		.type	PGA_set_gain, %function
 145              	PGA_set_gain:
 146              	.LFB35:
  25:PGA.c         ****     float resistance = gain*GAIN_DENOM;
 147              		.loc 1 25 0
 148              		.cfi_startproc
 149              	.LVL22:
 150 0000 10B5     		push	{r4, lr}
 151              		.cfi_def_cfa_offset 8
 152              		.cfi_offset 4, -8
 153              		.cfi_offset 14, -4
  26:PGA.c         ****     
 154              		.loc 1 26 0
 155 0002 0749     		ldr	r1, .L13
 156 0004 FFF7FEFF 		bl	__aeabi_fmul
 157              	.LVL23:
 158 0008 041C     		add	r4, r0, #0
 159              	.LVL24:
  28:PGA.c         ****         resistance = MAX_RESISTANCE;
 160              		.loc 1 28 0
 161 000a 0649     		ldr	r1, .L13+4
 162 000c FFF7FEFF 		bl	__aeabi_fcmpgt
ARM GAS  C:\Users\rdeiaco\AppData\Local\Temp\cc4gKDno.s 			page 5


 163              	.LVL25:
 164 0010 0028     		cmp	r0, #0
 165 0012 00D0     		beq	.L11
  29:PGA.c         ****     }
 166              		.loc 1 29 0
 167 0014 034C     		ldr	r4, .L13+4
 168              	.LVL26:
 169              	.L11:
  32:PGA.c         **** }
 170              		.loc 1 32 0
 171 0016 201C     		add	r0, r4, #0
 172 0018 FFF7FEFF 		bl	PGA_program_resistor
 173              	.LVL27:
  33:PGA.c         **** 
 174              		.loc 1 33 0
 175              		@ sp needed
 176              	.LVL28:
 177 001c 10BD     		pop	{r4, pc}
 178              	.L14:
 179 001e C046     		.align	2
 180              	.L13:
 181 0020 00800945 		.word	1158250496
 182 0024 00504348 		.word	1212370944
 183              		.cfi_endproc
 184              	.LFE35:
 185              		.size	PGA_set_gain, .-PGA_set_gain
 186              		.data
 187              		.set	.LANCHOR0,. + 0
 188              		.type	current_tap_pos, %object
 189              		.size	current_tap_pos, 1
 190              	current_tap_pos:
 191 0000 0F       		.byte	15
 192              		.text
 193              	.Letext0:
 194              		.file 2 "Generated_Source\\PSoC4/PGA_CS.h"
 195              		.file 3 "Generated_Source\\PSoC4/PGA_U_Db.h"
 196              		.file 4 "Generated_Source\\PSoC4/cytypes.h"
 197              		.file 5 "Generated_Source\\PSoC4/PGA_INC.h"
 198              		.section	.debug_info,"",%progbits
 199              	.Ldebug_info0:
 200 0000 F8010000 		.4byte	0x1f8
 201 0004 0400     		.2byte	0x4
 202 0006 00000000 		.4byte	.Ldebug_abbrev0
 203 000a 04       		.byte	0x4
 204 000b 01       		.uleb128 0x1
 205 000c 70000000 		.4byte	.LASF22
 206 0010 01       		.byte	0x1
 207 0011 F8010000 		.4byte	.LASF23
 208 0015 37010000 		.4byte	.LASF24
 209 0019 00000000 		.4byte	.Ldebug_ranges0+0
 210 001d 00000000 		.4byte	0
 211 0021 00000000 		.4byte	.Ldebug_line0
 212 0025 02       		.uleb128 0x2
 213 0026 04       		.byte	0x4
 214 0027 04       		.byte	0x4
 215 0028 6A000000 		.4byte	.LASF0
 216 002c 02       		.uleb128 0x2
ARM GAS  C:\Users\rdeiaco\AppData\Local\Temp\cc4gKDno.s 			page 6


 217 002d 01       		.byte	0x1
 218 002e 06       		.byte	0x6
 219 002f C7010000 		.4byte	.LASF1
 220 0033 02       		.uleb128 0x2
 221 0034 01       		.byte	0x1
 222 0035 08       		.byte	0x8
 223 0036 1A010000 		.4byte	.LASF2
 224 003a 02       		.uleb128 0x2
 225 003b 02       		.byte	0x2
 226 003c 05       		.byte	0x5
 227 003d EE010000 		.4byte	.LASF3
 228 0041 02       		.uleb128 0x2
 229 0042 02       		.byte	0x2
 230 0043 07       		.byte	0x7
 231 0044 B4010000 		.4byte	.LASF4
 232 0048 02       		.uleb128 0x2
 233 0049 04       		.byte	0x4
 234 004a 05       		.byte	0x5
 235 004b 82010000 		.4byte	.LASF5
 236 004f 02       		.uleb128 0x2
 237 0050 04       		.byte	0x4
 238 0051 07       		.byte	0x7
 239 0052 2E000000 		.4byte	.LASF6
 240 0056 02       		.uleb128 0x2
 241 0057 08       		.byte	0x8
 242 0058 05       		.byte	0x5
 243 0059 00000000 		.4byte	.LASF7
 244 005d 02       		.uleb128 0x2
 245 005e 08       		.byte	0x8
 246 005f 07       		.byte	0x7
 247 0060 4E000000 		.4byte	.LASF8
 248 0064 03       		.uleb128 0x3
 249 0065 04       		.byte	0x4
 250 0066 05       		.byte	0x5
 251 0067 696E7400 		.ascii	"int\000"
 252 006b 02       		.uleb128 0x2
 253 006c 04       		.byte	0x4
 254 006d 07       		.byte	0x7
 255 006e 0E000000 		.4byte	.LASF9
 256 0072 04       		.uleb128 0x4
 257 0073 28000000 		.4byte	.LASF25
 258 0077 04       		.byte	0x4
 259 0078 C2       		.byte	0xc2
 260 0079 33000000 		.4byte	0x33
 261 007d 02       		.uleb128 0x2
 262 007e 08       		.byte	0x8
 263 007f 04       		.byte	0x4
 264 0080 8B010000 		.4byte	.LASF10
 265 0084 02       		.uleb128 0x2
 266 0085 01       		.byte	0x1
 267 0086 08       		.byte	0x8
 268 0087 65000000 		.4byte	.LASF11
 269 008b 02       		.uleb128 0x2
 270 008c 04       		.byte	0x4
 271 008d 07       		.byte	0x7
 272 008e E0010000 		.4byte	.LASF12
 273 0092 05       		.uleb128 0x5
ARM GAS  C:\Users\rdeiaco\AppData\Local\Temp\cc4gKDno.s 			page 7


 274 0093 92010000 		.4byte	.LASF15
 275 0097 01       		.byte	0x1
 276 0098 23       		.byte	0x23
 277 0099 00000000 		.4byte	.LFB36
 278 009d 7C000000 		.4byte	.LFE36-.LFB36
 279 00a1 01       		.uleb128 0x1
 280 00a2 9C       		.byte	0x9c
 281 00a3 76010000 		.4byte	0x176
 282 00a7 06       		.uleb128 0x6
 283 00a8 FE010000 		.4byte	.LASF17
 284 00ac 01       		.byte	0x1
 285 00ad 23       		.byte	0x23
 286 00ae 25000000 		.4byte	0x25
 287 00b2 00000000 		.4byte	.LLST0
 288 00b6 07       		.uleb128 0x7
 289 00b7 0E010000 		.4byte	.LASF13
 290 00bb 01       		.byte	0x1
 291 00bc 25       		.byte	0x25
 292 00bd 72000000 		.4byte	0x72
 293 00c1 23000000 		.4byte	.LLST1
 294 00c5 07       		.uleb128 0x7
 295 00c6 A7010000 		.4byte	.LASF14
 296 00ca 01       		.byte	0x1
 297 00cb 26       		.byte	0x26
 298 00cc 64000000 		.4byte	0x64
 299 00d0 45000000 		.4byte	.LLST2
 300 00d4 08       		.uleb128 0x8
 301 00d5 6900     		.ascii	"i\000"
 302 00d7 01       		.byte	0x1
 303 00d8 27       		.byte	0x27
 304 00d9 64000000 		.4byte	0x64
 305 00dd 58000000 		.4byte	.LLST3
 306 00e1 09       		.uleb128 0x9
 307 00e2 28000000 		.4byte	.LVL7
 308 00e6 CC010000 		.4byte	0x1cc
 309 00ea F4000000 		.4byte	0xf4
 310 00ee 0A       		.uleb128 0xa
 311 00ef 01       		.uleb128 0x1
 312 00f0 50       		.byte	0x50
 313 00f1 01       		.uleb128 0x1
 314 00f2 30       		.byte	0x30
 315 00f3 00       		.byte	0
 316 00f4 09       		.uleb128 0x9
 317 00f5 32000000 		.4byte	.LVL8
 318 00f9 DD010000 		.4byte	0x1dd
 319 00fd 07010000 		.4byte	0x107
 320 0101 0A       		.uleb128 0xa
 321 0102 01       		.uleb128 0x1
 322 0103 50       		.byte	0x50
 323 0104 01       		.uleb128 0x1
 324 0105 31       		.byte	0x31
 325 0106 00       		.byte	0
 326 0107 09       		.uleb128 0x9
 327 0108 3C000000 		.4byte	.LVL10
 328 010c EE010000 		.4byte	0x1ee
 329 0110 1A010000 		.4byte	0x11a
 330 0114 0A       		.uleb128 0xa
ARM GAS  C:\Users\rdeiaco\AppData\Local\Temp\cc4gKDno.s 			page 8


 331 0115 01       		.uleb128 0x1
 332 0116 50       		.byte	0x50
 333 0117 01       		.uleb128 0x1
 334 0118 30       		.byte	0x30
 335 0119 00       		.byte	0
 336 011a 09       		.uleb128 0x9
 337 011b 42000000 		.4byte	.LVL11
 338 011f EE010000 		.4byte	0x1ee
 339 0123 2D010000 		.4byte	0x12d
 340 0127 0A       		.uleb128 0xa
 341 0128 01       		.uleb128 0x1
 342 0129 50       		.byte	0x50
 343 012a 01       		.uleb128 0x1
 344 012b 31       		.byte	0x31
 345 012c 00       		.byte	0
 346 012d 09       		.uleb128 0x9
 347 012e 50000000 		.4byte	.LVL14
 348 0132 DD010000 		.4byte	0x1dd
 349 0136 40010000 		.4byte	0x140
 350 013a 0A       		.uleb128 0xa
 351 013b 01       		.uleb128 0x1
 352 013c 50       		.byte	0x50
 353 013d 01       		.uleb128 0x1
 354 013e 30       		.byte	0x30
 355 013f 00       		.byte	0
 356 0140 09       		.uleb128 0x9
 357 0141 58000000 		.4byte	.LVL16
 358 0145 EE010000 		.4byte	0x1ee
 359 0149 53010000 		.4byte	0x153
 360 014d 0A       		.uleb128 0xa
 361 014e 01       		.uleb128 0x1
 362 014f 50       		.byte	0x50
 363 0150 01       		.uleb128 0x1
 364 0151 30       		.byte	0x30
 365 0152 00       		.byte	0
 366 0153 09       		.uleb128 0x9
 367 0154 5E000000 		.4byte	.LVL17
 368 0158 EE010000 		.4byte	0x1ee
 369 015c 66010000 		.4byte	0x166
 370 0160 0A       		.uleb128 0xa
 371 0161 01       		.uleb128 0x1
 372 0162 50       		.byte	0x50
 373 0163 01       		.uleb128 0x1
 374 0164 31       		.byte	0x31
 375 0165 00       		.byte	0
 376 0166 0B       		.uleb128 0xb
 377 0167 6A000000 		.4byte	.LVL20
 378 016b CC010000 		.4byte	0x1cc
 379 016f 0A       		.uleb128 0xa
 380 0170 01       		.uleb128 0x1
 381 0171 50       		.byte	0x50
 382 0172 01       		.uleb128 0x1
 383 0173 31       		.byte	0x31
 384 0174 00       		.byte	0
 385 0175 00       		.byte	0
 386 0176 05       		.uleb128 0x5
 387 0177 D3010000 		.4byte	.LASF16
ARM GAS  C:\Users\rdeiaco\AppData\Local\Temp\cc4gKDno.s 			page 9


 388 017b 01       		.byte	0x1
 389 017c 19       		.byte	0x19
 390 017d 00000000 		.4byte	.LFB35
 391 0181 28000000 		.4byte	.LFE35-.LFB35
 392 0185 01       		.uleb128 0x1
 393 0186 9C       		.byte	0x9c
 394 0187 BB010000 		.4byte	0x1bb
 395 018b 06       		.uleb128 0x6
 396 018c E9010000 		.4byte	.LASF18
 397 0190 01       		.byte	0x1
 398 0191 19       		.byte	0x19
 399 0192 25000000 		.4byte	0x25
 400 0196 82000000 		.4byte	.LLST4
 401 019a 07       		.uleb128 0x7
 402 019b FE010000 		.4byte	.LASF17
 403 019f 01       		.byte	0x1
 404 01a0 1A       		.byte	0x1a
 405 01a1 25000000 		.4byte	0x25
 406 01a5 A5000000 		.4byte	.LLST5
 407 01a9 0B       		.uleb128 0xb
 408 01aa 1C000000 		.4byte	.LVL27
 409 01ae 92000000 		.4byte	0x92
 410 01b2 0A       		.uleb128 0xa
 411 01b3 01       		.uleb128 0x1
 412 01b4 50       		.byte	0x50
 413 01b5 03       		.uleb128 0x3
 414 01b6 F5       		.byte	0xf5
 415 01b7 04       		.uleb128 0x4
 416 01b8 25       		.uleb128 0x25
 417 01b9 00       		.byte	0
 418 01ba 00       		.byte	0
 419 01bb 0C       		.uleb128 0xc
 420 01bc FE000000 		.4byte	.LASF19
 421 01c0 01       		.byte	0x1
 422 01c1 17       		.byte	0x17
 423 01c2 72000000 		.4byte	0x72
 424 01c6 05       		.uleb128 0x5
 425 01c7 03       		.byte	0x3
 426 01c8 00000000 		.4byte	current_tap_pos
 427 01cc 0D       		.uleb128 0xd
 428 01cd 1B000000 		.4byte	.LASF20
 429 01d1 02       		.byte	0x2
 430 01d2 33       		.byte	0x33
 431 01d3 DD010000 		.4byte	0x1dd
 432 01d7 0E       		.uleb128 0xe
 433 01d8 72000000 		.4byte	0x72
 434 01dc 00       		.byte	0
 435 01dd 0D       		.uleb128 0xd
 436 01de 28010000 		.4byte	.LASF21
 437 01e2 03       		.byte	0x3
 438 01e3 33       		.byte	0x33
 439 01e4 EE010000 		.4byte	0x1ee
 440 01e8 0E       		.uleb128 0xe
 441 01e9 72000000 		.4byte	0x72
 442 01ed 00       		.byte	0
 443 01ee 0F       		.uleb128 0xf
 444 01ef 40000000 		.4byte	.LASF26
ARM GAS  C:\Users\rdeiaco\AppData\Local\Temp\cc4gKDno.s 			page 10


 445 01f3 05       		.byte	0x5
 446 01f4 33       		.byte	0x33
 447 01f5 0E       		.uleb128 0xe
 448 01f6 72000000 		.4byte	0x72
 449 01fa 00       		.byte	0
 450 01fb 00       		.byte	0
 451              		.section	.debug_abbrev,"",%progbits
 452              	.Ldebug_abbrev0:
 453 0000 01       		.uleb128 0x1
 454 0001 11       		.uleb128 0x11
 455 0002 01       		.byte	0x1
 456 0003 25       		.uleb128 0x25
 457 0004 0E       		.uleb128 0xe
 458 0005 13       		.uleb128 0x13
 459 0006 0B       		.uleb128 0xb
 460 0007 03       		.uleb128 0x3
 461 0008 0E       		.uleb128 0xe
 462 0009 1B       		.uleb128 0x1b
 463 000a 0E       		.uleb128 0xe
 464 000b 55       		.uleb128 0x55
 465 000c 17       		.uleb128 0x17
 466 000d 11       		.uleb128 0x11
 467 000e 01       		.uleb128 0x1
 468 000f 10       		.uleb128 0x10
 469 0010 17       		.uleb128 0x17
 470 0011 00       		.byte	0
 471 0012 00       		.byte	0
 472 0013 02       		.uleb128 0x2
 473 0014 24       		.uleb128 0x24
 474 0015 00       		.byte	0
 475 0016 0B       		.uleb128 0xb
 476 0017 0B       		.uleb128 0xb
 477 0018 3E       		.uleb128 0x3e
 478 0019 0B       		.uleb128 0xb
 479 001a 03       		.uleb128 0x3
 480 001b 0E       		.uleb128 0xe
 481 001c 00       		.byte	0
 482 001d 00       		.byte	0
 483 001e 03       		.uleb128 0x3
 484 001f 24       		.uleb128 0x24
 485 0020 00       		.byte	0
 486 0021 0B       		.uleb128 0xb
 487 0022 0B       		.uleb128 0xb
 488 0023 3E       		.uleb128 0x3e
 489 0024 0B       		.uleb128 0xb
 490 0025 03       		.uleb128 0x3
 491 0026 08       		.uleb128 0x8
 492 0027 00       		.byte	0
 493 0028 00       		.byte	0
 494 0029 04       		.uleb128 0x4
 495 002a 16       		.uleb128 0x16
 496 002b 00       		.byte	0
 497 002c 03       		.uleb128 0x3
 498 002d 0E       		.uleb128 0xe
 499 002e 3A       		.uleb128 0x3a
 500 002f 0B       		.uleb128 0xb
 501 0030 3B       		.uleb128 0x3b
ARM GAS  C:\Users\rdeiaco\AppData\Local\Temp\cc4gKDno.s 			page 11


 502 0031 0B       		.uleb128 0xb
 503 0032 49       		.uleb128 0x49
 504 0033 13       		.uleb128 0x13
 505 0034 00       		.byte	0
 506 0035 00       		.byte	0
 507 0036 05       		.uleb128 0x5
 508 0037 2E       		.uleb128 0x2e
 509 0038 01       		.byte	0x1
 510 0039 3F       		.uleb128 0x3f
 511 003a 19       		.uleb128 0x19
 512 003b 03       		.uleb128 0x3
 513 003c 0E       		.uleb128 0xe
 514 003d 3A       		.uleb128 0x3a
 515 003e 0B       		.uleb128 0xb
 516 003f 3B       		.uleb128 0x3b
 517 0040 0B       		.uleb128 0xb
 518 0041 27       		.uleb128 0x27
 519 0042 19       		.uleb128 0x19
 520 0043 11       		.uleb128 0x11
 521 0044 01       		.uleb128 0x1
 522 0045 12       		.uleb128 0x12
 523 0046 06       		.uleb128 0x6
 524 0047 40       		.uleb128 0x40
 525 0048 18       		.uleb128 0x18
 526 0049 9642     		.uleb128 0x2116
 527 004b 19       		.uleb128 0x19
 528 004c 01       		.uleb128 0x1
 529 004d 13       		.uleb128 0x13
 530 004e 00       		.byte	0
 531 004f 00       		.byte	0
 532 0050 06       		.uleb128 0x6
 533 0051 05       		.uleb128 0x5
 534 0052 00       		.byte	0
 535 0053 03       		.uleb128 0x3
 536 0054 0E       		.uleb128 0xe
 537 0055 3A       		.uleb128 0x3a
 538 0056 0B       		.uleb128 0xb
 539 0057 3B       		.uleb128 0x3b
 540 0058 0B       		.uleb128 0xb
 541 0059 49       		.uleb128 0x49
 542 005a 13       		.uleb128 0x13
 543 005b 02       		.uleb128 0x2
 544 005c 17       		.uleb128 0x17
 545 005d 00       		.byte	0
 546 005e 00       		.byte	0
 547 005f 07       		.uleb128 0x7
 548 0060 34       		.uleb128 0x34
 549 0061 00       		.byte	0
 550 0062 03       		.uleb128 0x3
 551 0063 0E       		.uleb128 0xe
 552 0064 3A       		.uleb128 0x3a
 553 0065 0B       		.uleb128 0xb
 554 0066 3B       		.uleb128 0x3b
 555 0067 0B       		.uleb128 0xb
 556 0068 49       		.uleb128 0x49
 557 0069 13       		.uleb128 0x13
 558 006a 02       		.uleb128 0x2
ARM GAS  C:\Users\rdeiaco\AppData\Local\Temp\cc4gKDno.s 			page 12


 559 006b 17       		.uleb128 0x17
 560 006c 00       		.byte	0
 561 006d 00       		.byte	0
 562 006e 08       		.uleb128 0x8
 563 006f 34       		.uleb128 0x34
 564 0070 00       		.byte	0
 565 0071 03       		.uleb128 0x3
 566 0072 08       		.uleb128 0x8
 567 0073 3A       		.uleb128 0x3a
 568 0074 0B       		.uleb128 0xb
 569 0075 3B       		.uleb128 0x3b
 570 0076 0B       		.uleb128 0xb
 571 0077 49       		.uleb128 0x49
 572 0078 13       		.uleb128 0x13
 573 0079 02       		.uleb128 0x2
 574 007a 17       		.uleb128 0x17
 575 007b 00       		.byte	0
 576 007c 00       		.byte	0
 577 007d 09       		.uleb128 0x9
 578 007e 898201   		.uleb128 0x4109
 579 0081 01       		.byte	0x1
 580 0082 11       		.uleb128 0x11
 581 0083 01       		.uleb128 0x1
 582 0084 31       		.uleb128 0x31
 583 0085 13       		.uleb128 0x13
 584 0086 01       		.uleb128 0x1
 585 0087 13       		.uleb128 0x13
 586 0088 00       		.byte	0
 587 0089 00       		.byte	0
 588 008a 0A       		.uleb128 0xa
 589 008b 8A8201   		.uleb128 0x410a
 590 008e 00       		.byte	0
 591 008f 02       		.uleb128 0x2
 592 0090 18       		.uleb128 0x18
 593 0091 9142     		.uleb128 0x2111
 594 0093 18       		.uleb128 0x18
 595 0094 00       		.byte	0
 596 0095 00       		.byte	0
 597 0096 0B       		.uleb128 0xb
 598 0097 898201   		.uleb128 0x4109
 599 009a 01       		.byte	0x1
 600 009b 11       		.uleb128 0x11
 601 009c 01       		.uleb128 0x1
 602 009d 31       		.uleb128 0x31
 603 009e 13       		.uleb128 0x13
 604 009f 00       		.byte	0
 605 00a0 00       		.byte	0
 606 00a1 0C       		.uleb128 0xc
 607 00a2 34       		.uleb128 0x34
 608 00a3 00       		.byte	0
 609 00a4 03       		.uleb128 0x3
 610 00a5 0E       		.uleb128 0xe
 611 00a6 3A       		.uleb128 0x3a
 612 00a7 0B       		.uleb128 0xb
 613 00a8 3B       		.uleb128 0x3b
 614 00a9 0B       		.uleb128 0xb
 615 00aa 49       		.uleb128 0x49
ARM GAS  C:\Users\rdeiaco\AppData\Local\Temp\cc4gKDno.s 			page 13


 616 00ab 13       		.uleb128 0x13
 617 00ac 02       		.uleb128 0x2
 618 00ad 18       		.uleb128 0x18
 619 00ae 00       		.byte	0
 620 00af 00       		.byte	0
 621 00b0 0D       		.uleb128 0xd
 622 00b1 2E       		.uleb128 0x2e
 623 00b2 01       		.byte	0x1
 624 00b3 3F       		.uleb128 0x3f
 625 00b4 19       		.uleb128 0x19
 626 00b5 03       		.uleb128 0x3
 627 00b6 0E       		.uleb128 0xe
 628 00b7 3A       		.uleb128 0x3a
 629 00b8 0B       		.uleb128 0xb
 630 00b9 3B       		.uleb128 0x3b
 631 00ba 0B       		.uleb128 0xb
 632 00bb 27       		.uleb128 0x27
 633 00bc 19       		.uleb128 0x19
 634 00bd 3C       		.uleb128 0x3c
 635 00be 19       		.uleb128 0x19
 636 00bf 01       		.uleb128 0x1
 637 00c0 13       		.uleb128 0x13
 638 00c1 00       		.byte	0
 639 00c2 00       		.byte	0
 640 00c3 0E       		.uleb128 0xe
 641 00c4 05       		.uleb128 0x5
 642 00c5 00       		.byte	0
 643 00c6 49       		.uleb128 0x49
 644 00c7 13       		.uleb128 0x13
 645 00c8 00       		.byte	0
 646 00c9 00       		.byte	0
 647 00ca 0F       		.uleb128 0xf
 648 00cb 2E       		.uleb128 0x2e
 649 00cc 01       		.byte	0x1
 650 00cd 3F       		.uleb128 0x3f
 651 00ce 19       		.uleb128 0x19
 652 00cf 03       		.uleb128 0x3
 653 00d0 0E       		.uleb128 0xe
 654 00d1 3A       		.uleb128 0x3a
 655 00d2 0B       		.uleb128 0xb
 656 00d3 3B       		.uleb128 0x3b
 657 00d4 0B       		.uleb128 0xb
 658 00d5 27       		.uleb128 0x27
 659 00d6 19       		.uleb128 0x19
 660 00d7 3C       		.uleb128 0x3c
 661 00d8 19       		.uleb128 0x19
 662 00d9 00       		.byte	0
 663 00da 00       		.byte	0
 664 00db 00       		.byte	0
 665              		.section	.debug_loc,"",%progbits
 666              	.Ldebug_loc0:
 667              	.LLST0:
 668 0000 00000000 		.4byte	.LVL0
 669 0004 07000000 		.4byte	.LVL1-1
 670 0008 0100     		.2byte	0x1
 671 000a 50       		.byte	0x50
 672 000b 07000000 		.4byte	.LVL1-1
ARM GAS  C:\Users\rdeiaco\AppData\Local\Temp\cc4gKDno.s 			page 14


 673 000f 7C000000 		.4byte	.LFE36
 674 0013 0600     		.2byte	0x6
 675 0015 F3       		.byte	0xf3
 676 0016 03       		.uleb128 0x3
 677 0017 F5       		.byte	0xf5
 678 0018 00       		.uleb128 0
 679 0019 25       		.uleb128 0x25
 680 001a 9F       		.byte	0x9f
 681 001b 00000000 		.4byte	0
 682 001f 00000000 		.4byte	0
 683              	.LLST1:
 684 0023 1C000000 		.4byte	.LVL5
 685 0027 6E000000 		.4byte	.LVL21
 686 002b 0100     		.2byte	0x1
 687 002d 56       		.byte	0x56
 688 002e 6E000000 		.4byte	.LVL21
 689 0032 7C000000 		.4byte	.LFE36
 690 0036 0500     		.2byte	0x5
 691 0038 03       		.byte	0x3
 692 0039 00000000 		.4byte	current_tap_pos
 693 003d 00000000 		.4byte	0
 694 0041 00000000 		.4byte	0
 695              	.LLST2:
 696 0045 22000000 		.4byte	.LVL6
 697 0049 52000000 		.4byte	.LVL15
 698 004d 0100     		.2byte	0x1
 699 004f 55       		.byte	0x55
 700 0050 00000000 		.4byte	0
 701 0054 00000000 		.4byte	0
 702              	.LLST3:
 703 0058 32000000 		.4byte	.LVL8
 704 005c 36000000 		.4byte	.LVL9
 705 0060 0200     		.2byte	0x2
 706 0062 30       		.byte	0x30
 707 0063 9F       		.byte	0x9f
 708 0064 36000000 		.4byte	.LVL9
 709 0068 4A000000 		.4byte	.LVL13
 710 006c 0100     		.2byte	0x1
 711 006e 54       		.byte	0x54
 712 006f 50000000 		.4byte	.LVL14
 713 0073 64000000 		.4byte	.LVL19
 714 0077 0100     		.2byte	0x1
 715 0079 55       		.byte	0x55
 716 007a 00000000 		.4byte	0
 717 007e 00000000 		.4byte	0
 718              	.LLST4:
 719 0082 00000000 		.4byte	.LVL22
 720 0086 07000000 		.4byte	.LVL23-1
 721 008a 0100     		.2byte	0x1
 722 008c 50       		.byte	0x50
 723 008d 07000000 		.4byte	.LVL23-1
 724 0091 28000000 		.4byte	.LFE35
 725 0095 0600     		.2byte	0x6
 726 0097 F3       		.byte	0xf3
 727 0098 03       		.uleb128 0x3
 728 0099 F5       		.byte	0xf5
 729 009a 00       		.uleb128 0
ARM GAS  C:\Users\rdeiaco\AppData\Local\Temp\cc4gKDno.s 			page 15


 730 009b 25       		.uleb128 0x25
 731 009c 9F       		.byte	0x9f
 732 009d 00000000 		.4byte	0
 733 00a1 00000000 		.4byte	0
 734              	.LLST5:
 735 00a5 0A000000 		.4byte	.LVL24
 736 00a9 0F000000 		.4byte	.LVL25-1
 737 00ad 0100     		.2byte	0x1
 738 00af 50       		.byte	0x50
 739 00b0 0F000000 		.4byte	.LVL25-1
 740 00b4 1C000000 		.4byte	.LVL28
 741 00b8 0100     		.2byte	0x1
 742 00ba 54       		.byte	0x54
 743 00bb 00000000 		.4byte	0
 744 00bf 00000000 		.4byte	0
 745              		.section	.debug_aranges,"",%progbits
 746 0000 24000000 		.4byte	0x24
 747 0004 0200     		.2byte	0x2
 748 0006 00000000 		.4byte	.Ldebug_info0
 749 000a 04       		.byte	0x4
 750 000b 00       		.byte	0
 751 000c 0000     		.2byte	0
 752 000e 0000     		.2byte	0
 753 0010 00000000 		.4byte	.LFB36
 754 0014 7C000000 		.4byte	.LFE36-.LFB36
 755 0018 00000000 		.4byte	.LFB35
 756 001c 28000000 		.4byte	.LFE35-.LFB35
 757 0020 00000000 		.4byte	0
 758 0024 00000000 		.4byte	0
 759              		.section	.debug_ranges,"",%progbits
 760              	.Ldebug_ranges0:
 761 0000 00000000 		.4byte	.LFB36
 762 0004 7C000000 		.4byte	.LFE36
 763 0008 00000000 		.4byte	.LFB35
 764 000c 28000000 		.4byte	.LFE35
 765 0010 00000000 		.4byte	0
 766 0014 00000000 		.4byte	0
 767              		.section	.debug_line,"",%progbits
 768              	.Ldebug_line0:
 769 0000 C7000000 		.section	.debug_str,"MS",%progbits,1
 769      02006700 
 769      00000201 
 769      FB0E0D00 
 769      01010101 
 770              	.LASF7:
 771 0000 6C6F6E67 		.ascii	"long long int\000"
 771      206C6F6E 
 771      6720696E 
 771      7400
 772              	.LASF9:
 773 000e 756E7369 		.ascii	"unsigned int\000"
 773      676E6564 
 773      20696E74 
 773      00
 774              	.LASF20:
 775 001b 5047415F 		.ascii	"PGA_CS_Write\000"
 775      43535F57 
ARM GAS  C:\Users\rdeiaco\AppData\Local\Temp\cc4gKDno.s 			page 16


 775      72697465 
 775      00
 776              	.LASF25:
 777 0028 75696E74 		.ascii	"uint8\000"
 777      3800
 778              	.LASF6:
 779 002e 6C6F6E67 		.ascii	"long unsigned int\000"
 779      20756E73 
 779      69676E65 
 779      6420696E 
 779      7400
 780              	.LASF26:
 781 0040 5047415F 		.ascii	"PGA_INC_Write\000"
 781      494E435F 
 781      57726974 
 781      6500
 782              	.LASF8:
 783 004e 6C6F6E67 		.ascii	"long long unsigned int\000"
 783      206C6F6E 
 783      6720756E 
 783      7369676E 
 783      65642069 
 784              	.LASF11:
 785 0065 63686172 		.ascii	"char\000"
 785      00
 786              	.LASF0:
 787 006a 666C6F61 		.ascii	"float\000"
 787      7400
 788              	.LASF22:
 789 0070 474E5520 		.ascii	"GNU C 4.9.3 20150303 (release) [ARM/embedded-4_9-br"
 789      4320342E 
 789      392E3320 
 789      32303135 
 789      30333033 
 790 00a3 616E6368 		.ascii	"anch revision 221220] -mcpu=cortex-m0 -mthumb -g -O"
 790      20726576 
 790      6973696F 
 790      6E203232 
 790      31323230 
 791 00d6 67202D66 		.ascii	"g -ffunction-sections -ffat-lto-objects\000"
 791      66756E63 
 791      74696F6E 
 791      2D736563 
 791      74696F6E 
 792              	.LASF19:
 793 00fe 63757272 		.ascii	"current_tap_pos\000"
 793      656E745F 
 793      7461705F 
 793      706F7300 
 794              	.LASF13:
 795 010e 6E65775F 		.ascii	"new_tap_pos\000"
 795      7461705F 
 795      706F7300 
 796              	.LASF2:
 797 011a 756E7369 		.ascii	"unsigned char\000"
 797      676E6564 
 797      20636861 
ARM GAS  C:\Users\rdeiaco\AppData\Local\Temp\cc4gKDno.s 			page 17


 797      7200
 798              	.LASF21:
 799 0128 5047415F 		.ascii	"PGA_U_Db_Write\000"
 799      555F4462 
 799      5F577269 
 799      746500
 800              	.LASF24:
 801 0137 433A5C55 		.ascii	"C:\\Users\\rdeiaco\\Documents\\PSoC Creator\\capsto"
 801      73657273 
 801      5C726465 
 801      6961636F 
 801      5C446F63 
 802 0165 6E653730 		.ascii	"ne70merged\\capsenseled.cydsn\000"
 802      6D657267 
 802      65645C63 
 802      61707365 
 802      6E73656C 
 803              	.LASF5:
 804 0182 6C6F6E67 		.ascii	"long int\000"
 804      20696E74 
 804      00
 805              	.LASF10:
 806 018b 646F7562 		.ascii	"double\000"
 806      6C6500
 807              	.LASF15:
 808 0192 5047415F 		.ascii	"PGA_program_resistor\000"
 808      70726F67 
 808      72616D5F 
 808      72657369 
 808      73746F72 
 809              	.LASF14:
 810 01a7 7461705F 		.ascii	"tap_pos_diff\000"
 810      706F735F 
 810      64696666 
 810      00
 811              	.LASF4:
 812 01b4 73686F72 		.ascii	"short unsigned int\000"
 812      7420756E 
 812      7369676E 
 812      65642069 
 812      6E7400
 813              	.LASF1:
 814 01c7 7369676E 		.ascii	"signed char\000"
 814      65642063 
 814      68617200 
 815              	.LASF16:
 816 01d3 5047415F 		.ascii	"PGA_set_gain\000"
 816      7365745F 
 816      6761696E 
 816      00
 817              	.LASF12:
 818 01e0 73697A65 		.ascii	"sizetype\000"
 818      74797065 
 818      00
 819              	.LASF18:
 820 01e9 6761696E 		.ascii	"gain\000"
 820      00
ARM GAS  C:\Users\rdeiaco\AppData\Local\Temp\cc4gKDno.s 			page 18


 821              	.LASF3:
 822 01ee 73686F72 		.ascii	"short int\000"
 822      7420696E 
 822      7400
 823              	.LASF23:
 824 01f8 5047412E 		.ascii	"PGA.c\000"
 824      6300
 825              	.LASF17:
 826 01fe 72657369 		.ascii	"resistance\000"
 826      7374616E 
 826      636500
 827              		.ident	"GCC: (GNU Tools for ARM Embedded Processors) 4.9.3 20150303 (release) [ARM/embedded-4_9-br
