ARM GAS  C:\Users\Ellis\AppData\Local\Temp\ccPyaLCz.s 			page 1


   1              		.cpu cortex-m0
   2              		.fpu softvfp
   3              		.eabi_attribute 20, 1
   4              		.eabi_attribute 21, 1
   5              		.eabi_attribute 23, 3
   6              		.eabi_attribute 24, 1
   7              		.eabi_attribute 25, 1
   8              		.eabi_attribute 26, 1
   9              		.eabi_attribute 30, 1
  10              		.eabi_attribute 34, 0
  11              		.eabi_attribute 18, 4
  12              		.code	16
  13              		.file	"UART_1.c"
  14              		.text
  15              	.Ltext0:
  16              		.cfi_sections	.debug_frame
  17              		.section	.text.UART_1_Start,"ax",%progbits
  18              		.align	2
  19              		.global	UART_1_Start
  20              		.code	16
  21              		.thumb_func
  22              		.type	UART_1_Start, %function
  23              	UART_1_Start:
  24              	.LFB0:
  25              		.file 1 "Generated_Source\\PSoC4\\UART_1.c"
   1:Generated_Source\PSoC4/UART_1.c **** /*******************************************************************************
   2:Generated_Source\PSoC4/UART_1.c **** * File Name: UART_1.c
   3:Generated_Source\PSoC4/UART_1.c **** * Version 1.50
   4:Generated_Source\PSoC4/UART_1.c **** *
   5:Generated_Source\PSoC4/UART_1.c **** * Description:
   6:Generated_Source\PSoC4/UART_1.c **** *  This file provides the source code to the API for the Software Transmit UART.
   7:Generated_Source\PSoC4/UART_1.c **** *
   8:Generated_Source\PSoC4/UART_1.c **** ********************************************************************************
   9:Generated_Source\PSoC4/UART_1.c **** * Copyright 2013-2015, Cypress Semiconductor Corporation.  All rights reserved.
  10:Generated_Source\PSoC4/UART_1.c **** * You may use this file only in accordance with the license, terms, conditions,
  11:Generated_Source\PSoC4/UART_1.c **** * disclaimers, and limitations in the end user license agreement accompanying
  12:Generated_Source\PSoC4/UART_1.c **** * the software package with which this file was provided.
  13:Generated_Source\PSoC4/UART_1.c **** *******************************************************************************/
  14:Generated_Source\PSoC4/UART_1.c **** 
  15:Generated_Source\PSoC4/UART_1.c **** #include "UART_1_PVT.h"
  16:Generated_Source\PSoC4/UART_1.c **** 
  17:Generated_Source\PSoC4/UART_1.c **** #if(UART_1_PIN_STATIC_MODE == 1u)
  18:Generated_Source\PSoC4/UART_1.c ****     uint32 UART_1_pinNumber = UART_1_PIN_NUMBER;
  19:Generated_Source\PSoC4/UART_1.c ****     uint32 UART_1_pinPortNumber = UART_1_PIN_PORT_NUMBER;
  20:Generated_Source\PSoC4/UART_1.c ****     #if(CY_PSOC3)
  21:Generated_Source\PSoC4/UART_1.c ****         uint32 pdata UART_1_pinDrAdress = UART_1_PIN_DR;
  22:Generated_Source\PSoC4/UART_1.c ****     #else
  23:Generated_Source\PSoC4/UART_1.c ****         uint32 UART_1_pinDrAdress = UART_1_PIN_DR;
  24:Generated_Source\PSoC4/UART_1.c ****     #endif /* (CY_PSOC3) */
  25:Generated_Source\PSoC4/UART_1.c **** #else
  26:Generated_Source\PSoC4/UART_1.c ****     uint32 UART_1_pinNumber;
  27:Generated_Source\PSoC4/UART_1.c ****     uint32 UART_1_pinPortNumber;
  28:Generated_Source\PSoC4/UART_1.c ****     #if(CY_PSOC3)
  29:Generated_Source\PSoC4/UART_1.c ****         uint32 pdata UART_1_pinDrAdress;
  30:Generated_Source\PSoC4/UART_1.c ****     #else
  31:Generated_Source\PSoC4/UART_1.c ****         uint32 UART_1_pinDrAdress;
  32:Generated_Source\PSoC4/UART_1.c ****     #endif /* (CY_PSOC3) */
ARM GAS  C:\Users\Ellis\AppData\Local\Temp\ccPyaLCz.s 			page 2


  33:Generated_Source\PSoC4/UART_1.c **** #endif /* (UART_1_PIN_STATIC_MODE == 1u) */
  34:Generated_Source\PSoC4/UART_1.c **** 
  35:Generated_Source\PSoC4/UART_1.c **** 
  36:Generated_Source\PSoC4/UART_1.c **** #if(UART_1_PIN_STATIC_MODE == 1u)
  37:Generated_Source\PSoC4/UART_1.c ****     /*******************************************************************************
  38:Generated_Source\PSoC4/UART_1.c ****     * Function Name: UART_1_Start
  39:Generated_Source\PSoC4/UART_1.c ****     ********************************************************************************
  40:Generated_Source\PSoC4/UART_1.c ****     *
  41:Generated_Source\PSoC4/UART_1.c ****     * Summary:
  42:Generated_Source\PSoC4/UART_1.c ****     *  Empty function. Included for consistency with other
  43:Generated_Source\PSoC4/UART_1.c ****     *  components. This API is not available when PinAssignmentMethod
  44:Generated_Source\PSoC4/UART_1.c ****     *  is set to Dynamic.
  45:Generated_Source\PSoC4/UART_1.c ****     *
  46:Generated_Source\PSoC4/UART_1.c ****     * Parameters:
  47:Generated_Source\PSoC4/UART_1.c ****     *  None
  48:Generated_Source\PSoC4/UART_1.c ****     *
  49:Generated_Source\PSoC4/UART_1.c ****     * Return:
  50:Generated_Source\PSoC4/UART_1.c ****     *  None
  51:Generated_Source\PSoC4/UART_1.c ****     *
  52:Generated_Source\PSoC4/UART_1.c ****     *******************************************************************************/
  53:Generated_Source\PSoC4/UART_1.c ****     void UART_1_Start(void) 
  54:Generated_Source\PSoC4/UART_1.c ****     {
  26              		.loc 1 54 0
  27              		.cfi_startproc
  55:Generated_Source\PSoC4/UART_1.c **** 
  56:Generated_Source\PSoC4/UART_1.c ****     }
  28              		.loc 1 56 0
  29              		@ sp needed
  30 0000 7047     		bx	lr
  31              		.cfi_endproc
  32              	.LFE0:
  33              		.size	UART_1_Start, .-UART_1_Start
  34 0002 C046     		.section	.text.UART_1_Stop,"ax",%progbits
  35              		.align	2
  36              		.global	UART_1_Stop
  37              		.code	16
  38              		.thumb_func
  39              		.type	UART_1_Stop, %function
  40              	UART_1_Stop:
  41              	.LFB1:
  57:Generated_Source\PSoC4/UART_1.c **** #else
  58:Generated_Source\PSoC4/UART_1.c ****     /*******************************************************************************
  59:Generated_Source\PSoC4/UART_1.c ****     * Function Name: UART_1_StartEx
  60:Generated_Source\PSoC4/UART_1.c ****     ********************************************************************************
  61:Generated_Source\PSoC4/UART_1.c ****     *
  62:Generated_Source\PSoC4/UART_1.c ****     * Summary:
  63:Generated_Source\PSoC4/UART_1.c ****     *  Configures the SW Tx UART to use the pin specified
  64:Generated_Source\PSoC4/UART_1.c ****     *  by the parameters. This API is only available when
  65:Generated_Source\PSoC4/UART_1.c ****     *  PinAssignmentMethod is set to Dynamic.
  66:Generated_Source\PSoC4/UART_1.c ****     *
  67:Generated_Source\PSoC4/UART_1.c ****     * Parameters:
  68:Generated_Source\PSoC4/UART_1.c ****     *  port:  Port number for dynamic pin assignment
  69:Generated_Source\PSoC4/UART_1.c ****     *  pin:   Pin number for dynamic pin assignment
  70:Generated_Source\PSoC4/UART_1.c ****     *
  71:Generated_Source\PSoC4/UART_1.c ****     * Return:
  72:Generated_Source\PSoC4/UART_1.c ****     *  None
  73:Generated_Source\PSoC4/UART_1.c ****     *
ARM GAS  C:\Users\Ellis\AppData\Local\Temp\ccPyaLCz.s 			page 3


  74:Generated_Source\PSoC4/UART_1.c ****     *******************************************************************************/
  75:Generated_Source\PSoC4/UART_1.c ****     void UART_1_StartEx(uint8 port, uint8 pin) 
  76:Generated_Source\PSoC4/UART_1.c ****     {
  77:Generated_Source\PSoC4/UART_1.c ****         uint32 portConfigAddr;
  78:Generated_Source\PSoC4/UART_1.c **** 
  79:Generated_Source\PSoC4/UART_1.c ****         #if (CY_PSOC4)
  80:Generated_Source\PSoC4/UART_1.c ****             uint32 portDataRegAddr;
  81:Generated_Source\PSoC4/UART_1.c ****         #endif /* (CY_PSOC4) */
  82:Generated_Source\PSoC4/UART_1.c **** 
  83:Generated_Source\PSoC4/UART_1.c ****         if ((pin <= UART_1_MAX_PIN_NUMBER) && (port <= UART_1_MAX_PORT_NUMBER))
  84:Generated_Source\PSoC4/UART_1.c ****         {
  85:Generated_Source\PSoC4/UART_1.c ****             #if (!CY_PSOC4)
  86:Generated_Source\PSoC4/UART_1.c ****                 portConfigAddr = UART_1_PORT_CNF_BASE;
  87:Generated_Source\PSoC4/UART_1.c ****                 portConfigAddr += ((uint32)port * (UART_1_MAX_PIN_NUMBER + 1u)) + pin;
  88:Generated_Source\PSoC4/UART_1.c ****                 CyPins_SetPinDriveMode(portConfigAddr, CY_PINS_DM_STRONG);
  89:Generated_Source\PSoC4/UART_1.c ****                 CyPins_SetPin(portConfigAddr);
  90:Generated_Source\PSoC4/UART_1.c ****                 UART_1_pinDrAdress = portConfigAddr;
  91:Generated_Source\PSoC4/UART_1.c ****             #else
  92:Generated_Source\PSoC4/UART_1.c ****                 portConfigAddr = UART_1_PORT_CNF_BASE + (UART_1_PORT_CNF_SIZE * port) +
  93:Generated_Source\PSoC4/UART_1.c ****                                                                                 UART_1_PORT_CNF_MOD
  94:Generated_Source\PSoC4/UART_1.c ****                 CY_SYS_PINS_SET_DRIVE_MODE(portConfigAddr, pin, CY_SYS_PINS_DM_STRONG);
  95:Generated_Source\PSoC4/UART_1.c ****                 portDataRegAddr = UART_1_PORT_CNF_BASE + (UART_1_PORT_CNF_SIZE * port) +
  96:Generated_Source\PSoC4/UART_1.c ****                                                                                 UART_1_PORT_CNF_DR_
  97:Generated_Source\PSoC4/UART_1.c ****                 CY_SYS_PINS_SET_PIN(portDataRegAddr, pin);
  98:Generated_Source\PSoC4/UART_1.c ****                 UART_1_pinDrAdress = portDataRegAddr;
  99:Generated_Source\PSoC4/UART_1.c ****             #endif /* (!CY_PSOC4) */
 100:Generated_Source\PSoC4/UART_1.c ****             UART_1_pinNumber = pin;
 101:Generated_Source\PSoC4/UART_1.c ****             UART_1_pinPortNumber = port;
 102:Generated_Source\PSoC4/UART_1.c ****         }
 103:Generated_Source\PSoC4/UART_1.c ****     }
 104:Generated_Source\PSoC4/UART_1.c **** #endif /* (UART_1_PIN_STATIC_MODE == 1u) */
 105:Generated_Source\PSoC4/UART_1.c **** 
 106:Generated_Source\PSoC4/UART_1.c **** 
 107:Generated_Source\PSoC4/UART_1.c **** /*******************************************************************************
 108:Generated_Source\PSoC4/UART_1.c **** * Function Name: UART_1_Stop
 109:Generated_Source\PSoC4/UART_1.c **** ********************************************************************************
 110:Generated_Source\PSoC4/UART_1.c **** *
 111:Generated_Source\PSoC4/UART_1.c **** * Summary:
 112:Generated_Source\PSoC4/UART_1.c **** *  Empty function. Included for consistency with other components.
 113:Generated_Source\PSoC4/UART_1.c **** *
 114:Generated_Source\PSoC4/UART_1.c **** * Parameters:
 115:Generated_Source\PSoC4/UART_1.c **** *  None
 116:Generated_Source\PSoC4/UART_1.c **** *
 117:Generated_Source\PSoC4/UART_1.c **** * Return:
 118:Generated_Source\PSoC4/UART_1.c **** *  None
 119:Generated_Source\PSoC4/UART_1.c **** *
 120:Generated_Source\PSoC4/UART_1.c **** *******************************************************************************/
 121:Generated_Source\PSoC4/UART_1.c **** void UART_1_Stop(void) 
 122:Generated_Source\PSoC4/UART_1.c **** {
  42              		.loc 1 122 0
  43              		.cfi_startproc
 123:Generated_Source\PSoC4/UART_1.c **** 
 124:Generated_Source\PSoC4/UART_1.c **** }
  44              		.loc 1 124 0
  45              		@ sp needed
  46 0000 7047     		bx	lr
  47              		.cfi_endproc
ARM GAS  C:\Users\Ellis\AppData\Local\Temp\ccPyaLCz.s 			page 4


  48              	.LFE1:
  49              		.size	UART_1_Stop, .-UART_1_Stop
  50 0002 C046     		.section	.text.UART_1_PutString,"ax",%progbits
  51              		.align	2
  52              		.global	UART_1_PutString
  53              		.code	16
  54              		.thumb_func
  55              		.type	UART_1_PutString, %function
  56              	UART_1_PutString:
  57              	.LFB2:
 125:Generated_Source\PSoC4/UART_1.c **** 
 126:Generated_Source\PSoC4/UART_1.c **** 
 127:Generated_Source\PSoC4/UART_1.c **** /*******************************************************************************
 128:Generated_Source\PSoC4/UART_1.c **** * Function Name: UART_1_PutString
 129:Generated_Source\PSoC4/UART_1.c **** ********************************************************************************
 130:Generated_Source\PSoC4/UART_1.c **** *
 131:Generated_Source\PSoC4/UART_1.c **** * Summary:
 132:Generated_Source\PSoC4/UART_1.c **** *  Sends a NULL terminated string via the Tx pin.
 133:Generated_Source\PSoC4/UART_1.c **** *
 134:Generated_Source\PSoC4/UART_1.c **** * Parameters:
 135:Generated_Source\PSoC4/UART_1.c **** *  string: Pointer to the null terminated string to send
 136:Generated_Source\PSoC4/UART_1.c **** *
 137:Generated_Source\PSoC4/UART_1.c **** * Return:
 138:Generated_Source\PSoC4/UART_1.c **** *  None
 139:Generated_Source\PSoC4/UART_1.c **** *
 140:Generated_Source\PSoC4/UART_1.c **** *******************************************************************************/
 141:Generated_Source\PSoC4/UART_1.c **** void UART_1_PutString(const char8 string[]) 
 142:Generated_Source\PSoC4/UART_1.c **** {
  58              		.loc 1 142 0
  59              		.cfi_startproc
  60              	.LVL0:
  61 0000 38B5     		push	{r3, r4, r5, lr}
  62              		.cfi_def_cfa_offset 16
  63              		.cfi_offset 3, -16
  64              		.cfi_offset 4, -12
  65              		.cfi_offset 5, -8
  66              		.cfi_offset 14, -4
  67 0002 051C     		mov	r5, r0
  68              	.LVL1:
 143:Generated_Source\PSoC4/UART_1.c ****     uint8 stringIndex = 1u;
 144:Generated_Source\PSoC4/UART_1.c ****     char8 current = *string;
  69              		.loc 1 144 0
  70 0004 0078     		ldrb	r0, [r0]
  71              	.LVL2:
 143:Generated_Source\PSoC4/UART_1.c ****     uint8 stringIndex = 1u;
  72              		.loc 1 143 0
  73 0006 0124     		mov	r4, #1
 145:Generated_Source\PSoC4/UART_1.c **** 
 146:Generated_Source\PSoC4/UART_1.c ****     /* Until null is reached, print next character */
 147:Generated_Source\PSoC4/UART_1.c ****     while((char8) '\0' != current)
  74              		.loc 1 147 0
  75 0008 04E0     		b	.L4
  76              	.LVL3:
  77              	.L5:
 148:Generated_Source\PSoC4/UART_1.c ****     {
 149:Generated_Source\PSoC4/UART_1.c ****         UART_1_PutChar((uint8)current);
  78              		.loc 1 149 0
ARM GAS  C:\Users\Ellis\AppData\Local\Temp\ccPyaLCz.s 			page 5


  79 000a FFF7FEFF 		bl	UART_1_PutChar
  80              	.LVL4:
 150:Generated_Source\PSoC4/UART_1.c ****         current = string[stringIndex];
  81              		.loc 1 150 0
  82 000e 285D     		ldrb	r0, [r5, r4]
  83              	.LVL5:
 151:Generated_Source\PSoC4/UART_1.c ****         stringIndex++;
  84              		.loc 1 151 0
  85 0010 0134     		add	r4, r4, #1
  86              	.LVL6:
  87 0012 E4B2     		uxtb	r4, r4
  88              	.LVL7:
  89              	.L4:
 147:Generated_Source\PSoC4/UART_1.c ****     {
  90              		.loc 1 147 0
  91 0014 0028     		cmp	r0, #0
  92 0016 F8D1     		bne	.L5
 152:Generated_Source\PSoC4/UART_1.c ****     }
 153:Generated_Source\PSoC4/UART_1.c **** }
  93              		.loc 1 153 0
  94              		@ sp needed
  95              	.LVL8:
  96              	.LVL9:
  97 0018 38BD     		pop	{r3, r4, r5, pc}
  98              		.cfi_endproc
  99              	.LFE2:
 100              		.size	UART_1_PutString, .-UART_1_PutString
 101 001a C046     		.section	.text.UART_1_PutArray,"ax",%progbits
 102              		.align	2
 103              		.global	UART_1_PutArray
 104              		.code	16
 105              		.thumb_func
 106              		.type	UART_1_PutArray, %function
 107              	UART_1_PutArray:
 108              	.LFB3:
 154:Generated_Source\PSoC4/UART_1.c **** 
 155:Generated_Source\PSoC4/UART_1.c **** 
 156:Generated_Source\PSoC4/UART_1.c **** /*******************************************************************************
 157:Generated_Source\PSoC4/UART_1.c **** * Function Name: UART_1_PutArray
 158:Generated_Source\PSoC4/UART_1.c **** ********************************************************************************
 159:Generated_Source\PSoC4/UART_1.c **** *
 160:Generated_Source\PSoC4/UART_1.c **** * Summary:
 161:Generated_Source\PSoC4/UART_1.c **** *  Sends byteCount bytes from a memory array via the Tx pin.
 162:Generated_Source\PSoC4/UART_1.c **** *
 163:Generated_Source\PSoC4/UART_1.c **** * Parameters:
 164:Generated_Source\PSoC4/UART_1.c **** *  data: Pointer to the memory array
 165:Generated_Source\PSoC4/UART_1.c **** *  byteCount: Number of bytes to be transmitted
 166:Generated_Source\PSoC4/UART_1.c **** *
 167:Generated_Source\PSoC4/UART_1.c **** * Return:
 168:Generated_Source\PSoC4/UART_1.c **** *  None
 169:Generated_Source\PSoC4/UART_1.c **** *
 170:Generated_Source\PSoC4/UART_1.c **** *******************************************************************************/
 171:Generated_Source\PSoC4/UART_1.c **** void UART_1_PutArray(const uint8 array[], uint32 byteCount) 
 172:Generated_Source\PSoC4/UART_1.c **** {
 109              		.loc 1 172 0
 110              		.cfi_startproc
 111              	.LVL10:
ARM GAS  C:\Users\Ellis\AppData\Local\Temp\ccPyaLCz.s 			page 6


 112 0000 70B5     		push	{r4, r5, r6, lr}
 113              		.cfi_def_cfa_offset 16
 114              		.cfi_offset 4, -16
 115              		.cfi_offset 5, -12
 116              		.cfi_offset 6, -8
 117              		.cfi_offset 14, -4
 118 0002 061C     		mov	r6, r0
 119 0004 0D1C     		mov	r5, r1
 120              	.LVL11:
 173:Generated_Source\PSoC4/UART_1.c ****     uint32 arrayIndex;
 174:Generated_Source\PSoC4/UART_1.c **** 
 175:Generated_Source\PSoC4/UART_1.c ****     for (arrayIndex = 0u; arrayIndex < byteCount; arrayIndex++)
 121              		.loc 1 175 0
 122 0006 0024     		mov	r4, #0
 123 0008 03E0     		b	.L7
 124              	.LVL12:
 125              	.L8:
 176:Generated_Source\PSoC4/UART_1.c ****     {
 177:Generated_Source\PSoC4/UART_1.c ****         UART_1_PutChar(array[arrayIndex]);
 126              		.loc 1 177 0 discriminator 3
 127 000a 305D     		ldrb	r0, [r6, r4]
 128 000c FFF7FEFF 		bl	UART_1_PutChar
 129              	.LVL13:
 175:Generated_Source\PSoC4/UART_1.c ****     {
 130              		.loc 1 175 0 discriminator 3
 131 0010 0134     		add	r4, r4, #1
 132              	.LVL14:
 133              	.L7:
 175:Generated_Source\PSoC4/UART_1.c ****     {
 134              		.loc 1 175 0 is_stmt 0 discriminator 1
 135 0012 AC42     		cmp	r4, r5
 136 0014 F9D3     		bcc	.L8
 178:Generated_Source\PSoC4/UART_1.c ****     }
 179:Generated_Source\PSoC4/UART_1.c **** }
 137              		.loc 1 179 0 is_stmt 1
 138              		@ sp needed
 139              	.LVL15:
 140              	.LVL16:
 141              	.LVL17:
 142 0016 70BD     		pop	{r4, r5, r6, pc}
 143              		.cfi_endproc
 144              	.LFE3:
 145              		.size	UART_1_PutArray, .-UART_1_PutArray
 146              		.section	.text.UART_1_PutHexByte,"ax",%progbits
 147              		.align	2
 148              		.global	UART_1_PutHexByte
 149              		.code	16
 150              		.thumb_func
 151              		.type	UART_1_PutHexByte, %function
 152              	UART_1_PutHexByte:
 153              	.LFB4:
 180:Generated_Source\PSoC4/UART_1.c **** 
 181:Generated_Source\PSoC4/UART_1.c **** 
 182:Generated_Source\PSoC4/UART_1.c **** /*******************************************************************************
 183:Generated_Source\PSoC4/UART_1.c **** * Function Name: UART_1_PutHexByte
 184:Generated_Source\PSoC4/UART_1.c **** ********************************************************************************
 185:Generated_Source\PSoC4/UART_1.c **** *
ARM GAS  C:\Users\Ellis\AppData\Local\Temp\ccPyaLCz.s 			page 7


 186:Generated_Source\PSoC4/UART_1.c **** * Summary:
 187:Generated_Source\PSoC4/UART_1.c **** *  Sends a byte in Hex representation (two characters, uppercase for A-F) via
 188:Generated_Source\PSoC4/UART_1.c **** *  the Tx pin.
 189:Generated_Source\PSoC4/UART_1.c **** *
 190:Generated_Source\PSoC4/UART_1.c **** * Parameters:
 191:Generated_Source\PSoC4/UART_1.c **** *  TxHexByte: The byte to be converted to ASCII characters and
 192:Generated_Source\PSoC4/UART_1.c **** *             sent via the Tx pin.
 193:Generated_Source\PSoC4/UART_1.c **** *
 194:Generated_Source\PSoC4/UART_1.c **** * Return:
 195:Generated_Source\PSoC4/UART_1.c **** *  None
 196:Generated_Source\PSoC4/UART_1.c **** *
 197:Generated_Source\PSoC4/UART_1.c **** *******************************************************************************/
 198:Generated_Source\PSoC4/UART_1.c **** void UART_1_PutHexByte(uint8 txHexByte) 
 199:Generated_Source\PSoC4/UART_1.c **** {
 154              		.loc 1 199 0
 155              		.cfi_startproc
 156              	.LVL18:
 157 0000 38B5     		push	{r3, r4, r5, lr}
 158              		.cfi_def_cfa_offset 16
 159              		.cfi_offset 3, -16
 160              		.cfi_offset 4, -12
 161              		.cfi_offset 5, -8
 162              		.cfi_offset 14, -4
 163 0002 041C     		mov	r4, r0
 200:Generated_Source\PSoC4/UART_1.c ****     static char8 const CYCODE UART_1_hex[] = "0123456789ABCDEF";
 201:Generated_Source\PSoC4/UART_1.c **** 
 202:Generated_Source\PSoC4/UART_1.c ****     UART_1_PutChar((uint8) UART_1_hex[txHexByte >> UART_1_BYTE_UPPER_NIBBLE_SHIFT]);
 164              		.loc 1 202 0
 165 0004 0309     		lsr	r3, r0, #4
 166 0006 054D     		ldr	r5, .L10
 167 0008 E85C     		ldrb	r0, [r5, r3]
 168              	.LVL19:
 169 000a FFF7FEFF 		bl	UART_1_PutChar
 170              	.LVL20:
 203:Generated_Source\PSoC4/UART_1.c ****     UART_1_PutChar((uint8) UART_1_hex[txHexByte & UART_1_BYTE_LOWER_NIBBLE_MASK]);
 171              		.loc 1 203 0
 172 000e 0F23     		mov	r3, #15
 173 0010 1C40     		and	r4, r3
 174 0012 285D     		ldrb	r0, [r5, r4]
 175 0014 FFF7FEFF 		bl	UART_1_PutChar
 176              	.LVL21:
 204:Generated_Source\PSoC4/UART_1.c **** }
 177              		.loc 1 204 0
 178              		@ sp needed
 179 0018 38BD     		pop	{r3, r4, r5, pc}
 180              	.L11:
 181 001a C046     		.align	2
 182              	.L10:
 183 001c 00000000 		.word	.LANCHOR0
 184              		.cfi_endproc
 185              	.LFE4:
 186              		.size	UART_1_PutHexByte, .-UART_1_PutHexByte
 187              		.section	.text.UART_1_PutHexInt,"ax",%progbits
 188              		.align	2
 189              		.global	UART_1_PutHexInt
 190              		.code	16
 191              		.thumb_func
ARM GAS  C:\Users\Ellis\AppData\Local\Temp\ccPyaLCz.s 			page 8


 192              		.type	UART_1_PutHexInt, %function
 193              	UART_1_PutHexInt:
 194              	.LFB5:
 205:Generated_Source\PSoC4/UART_1.c **** 
 206:Generated_Source\PSoC4/UART_1.c **** 
 207:Generated_Source\PSoC4/UART_1.c **** /*******************************************************************************
 208:Generated_Source\PSoC4/UART_1.c **** * Function Name: UART_1_PutHexInt
 209:Generated_Source\PSoC4/UART_1.c **** ********************************************************************************
 210:Generated_Source\PSoC4/UART_1.c **** *
 211:Generated_Source\PSoC4/UART_1.c **** * Summary:
 212:Generated_Source\PSoC4/UART_1.c **** *  Sends a 16-bit unsigned integer in Hex representation (four characters,
 213:Generated_Source\PSoC4/UART_1.c **** *  uppercase for A-F) via the Tx pin.
 214:Generated_Source\PSoC4/UART_1.c **** *
 215:Generated_Source\PSoC4/UART_1.c **** * Parameters:
 216:Generated_Source\PSoC4/UART_1.c **** *  TxHexInt: The uint16 to be converted to ASCII characters and sent via
 217:Generated_Source\PSoC4/UART_1.c **** *            the Tx pin.
 218:Generated_Source\PSoC4/UART_1.c **** *
 219:Generated_Source\PSoC4/UART_1.c **** * Return:
 220:Generated_Source\PSoC4/UART_1.c **** *  None
 221:Generated_Source\PSoC4/UART_1.c **** *
 222:Generated_Source\PSoC4/UART_1.c **** *******************************************************************************/
 223:Generated_Source\PSoC4/UART_1.c **** void UART_1_PutHexInt(uint16 txHexInt) 
 224:Generated_Source\PSoC4/UART_1.c **** {
 195              		.loc 1 224 0
 196              		.cfi_startproc
 197              	.LVL22:
 198 0000 10B5     		push	{r4, lr}
 199              		.cfi_def_cfa_offset 8
 200              		.cfi_offset 4, -8
 201              		.cfi_offset 14, -4
 202 0002 041C     		mov	r4, r0
 225:Generated_Source\PSoC4/UART_1.c ****     UART_1_PutHexByte((uint8)(txHexInt >> UART_1_U16_UPPER_BYTE_SHIFT));
 203              		.loc 1 225 0
 204 0004 000A     		lsr	r0, r0, #8
 205              	.LVL23:
 206 0006 FFF7FEFF 		bl	UART_1_PutHexByte
 207              	.LVL24:
 226:Generated_Source\PSoC4/UART_1.c ****     UART_1_PutHexByte((uint8)(txHexInt & UART_1_U16_LOWER_BYTE_MASK));
 208              		.loc 1 226 0
 209 000a E0B2     		uxtb	r0, r4
 210 000c FFF7FEFF 		bl	UART_1_PutHexByte
 211              	.LVL25:
 227:Generated_Source\PSoC4/UART_1.c **** }
 212              		.loc 1 227 0
 213              		@ sp needed
 214 0010 10BD     		pop	{r4, pc}
 215              		.cfi_endproc
 216              	.LFE5:
 217              		.size	UART_1_PutHexInt, .-UART_1_PutHexInt
 218 0012 C046     		.section	.text.UART_1_PutCRLF,"ax",%progbits
 219              		.align	2
 220              		.global	UART_1_PutCRLF
 221              		.code	16
 222              		.thumb_func
 223              		.type	UART_1_PutCRLF, %function
 224              	UART_1_PutCRLF:
 225              	.LFB6:
ARM GAS  C:\Users\Ellis\AppData\Local\Temp\ccPyaLCz.s 			page 9


 228:Generated_Source\PSoC4/UART_1.c **** 
 229:Generated_Source\PSoC4/UART_1.c **** 
 230:Generated_Source\PSoC4/UART_1.c **** /*******************************************************************************
 231:Generated_Source\PSoC4/UART_1.c **** * Function Name: UART_1_PutCRLF
 232:Generated_Source\PSoC4/UART_1.c **** ********************************************************************************
 233:Generated_Source\PSoC4/UART_1.c **** *
 234:Generated_Source\PSoC4/UART_1.c **** * Summary:
 235:Generated_Source\PSoC4/UART_1.c **** *  Sends a carriage return (0x0D) and a line feed (0x0A) via the Tx pin.
 236:Generated_Source\PSoC4/UART_1.c **** *
 237:Generated_Source\PSoC4/UART_1.c **** * Parameters:
 238:Generated_Source\PSoC4/UART_1.c **** *  None
 239:Generated_Source\PSoC4/UART_1.c **** *
 240:Generated_Source\PSoC4/UART_1.c **** * Return:
 241:Generated_Source\PSoC4/UART_1.c **** *  None
 242:Generated_Source\PSoC4/UART_1.c **** *
 243:Generated_Source\PSoC4/UART_1.c **** *******************************************************************************/
 244:Generated_Source\PSoC4/UART_1.c **** void UART_1_PutCRLF(void) 
 245:Generated_Source\PSoC4/UART_1.c **** {
 226              		.loc 1 245 0
 227              		.cfi_startproc
 228 0000 08B5     		push	{r3, lr}
 229              		.cfi_def_cfa_offset 8
 230              		.cfi_offset 3, -8
 231              		.cfi_offset 14, -4
 246:Generated_Source\PSoC4/UART_1.c ****     UART_1_PutChar(0x0Du);
 232              		.loc 1 246 0
 233 0002 0D20     		mov	r0, #13
 234 0004 FFF7FEFF 		bl	UART_1_PutChar
 235              	.LVL26:
 247:Generated_Source\PSoC4/UART_1.c ****     UART_1_PutChar(0x0Au);
 236              		.loc 1 247 0
 237 0008 0A20     		mov	r0, #10
 238 000a FFF7FEFF 		bl	UART_1_PutChar
 239              	.LVL27:
 248:Generated_Source\PSoC4/UART_1.c **** }
 240              		.loc 1 248 0
 241              		@ sp needed
 242 000e 08BD     		pop	{r3, pc}
 243              		.cfi_endproc
 244              	.LFE6:
 245              		.size	UART_1_PutCRLF, .-UART_1_PutCRLF
 246              		.global	UART_1_pinDrAdress
 247              		.global	UART_1_pinPortNumber
 248              		.global	UART_1_pinNumber
 249              		.section	.rodata
 250              		.align	2
 251              		.set	.LANCHOR0,. + 0
 252              		.type	UART_1_hex.4188, %object
 253              		.size	UART_1_hex.4188, 17
 254              	UART_1_hex.4188:
 255 0000 30313233 		.ascii	"0123456789ABCDEF\000"
 255      34353637 
 255      38394142 
 255      43444546 
 255      00
 256 0011 000000   		.data
 257              		.align	2
ARM GAS  C:\Users\Ellis\AppData\Local\Temp\ccPyaLCz.s 			page 10


 258              		.type	UART_1_pinDrAdress, %object
 259              		.size	UART_1_pinDrAdress, 4
 260              	UART_1_pinDrAdress:
 261 0000 00000440 		.word	1074003968
 262              		.type	UART_1_pinNumber, %object
 263              		.size	UART_1_pinNumber, 4
 264              	UART_1_pinNumber:
 265 0004 05000000 		.word	5
 266              		.bss
 267              		.align	2
 268              		.type	UART_1_pinPortNumber, %object
 269              		.size	UART_1_pinPortNumber, 4
 270              	UART_1_pinPortNumber:
 271 0000 00000000 		.space	4
 272              		.text
 273              	.Letext0:
 274              		.file 2 "Generated_Source\\PSoC4\\cytypes.h"
 275              		.file 3 "Generated_Source\\PSoC4\\UART_1.h"
 276              		.section	.debug_info,"",%progbits
 277              	.Ldebug_info0:
 278 0000 BE020000 		.4byte	0x2be
 279 0004 0400     		.2byte	0x4
 280 0006 00000000 		.4byte	.Ldebug_abbrev0
 281 000a 04       		.byte	0x4
 282 000b 01       		.uleb128 0x1
 283 000c C0000000 		.4byte	.LASF36
 284 0010 01       		.byte	0x1
 285 0011 00020000 		.4byte	.LASF37
 286 0015 6F020000 		.4byte	.LASF38
 287 0019 00000000 		.4byte	.Ldebug_ranges0+0
 288 001d 00000000 		.4byte	0
 289 0021 00000000 		.4byte	.Ldebug_line0
 290 0025 02       		.uleb128 0x2
 291 0026 01       		.byte	0x1
 292 0027 06       		.byte	0x6
 293 0028 72010000 		.4byte	.LASF0
 294 002c 02       		.uleb128 0x2
 295 002d 01       		.byte	0x1
 296 002e 08       		.byte	0x8
 297 002f 58010000 		.4byte	.LASF1
 298 0033 02       		.uleb128 0x2
 299 0034 02       		.byte	0x2
 300 0035 05       		.byte	0x5
 301 0036 1B000000 		.4byte	.LASF2
 302 003a 02       		.uleb128 0x2
 303 003b 02       		.byte	0x2
 304 003c 07       		.byte	0x7
 305 003d C4010000 		.4byte	.LASF3
 306 0041 02       		.uleb128 0x2
 307 0042 04       		.byte	0x4
 308 0043 05       		.byte	0x5
 309 0044 94000000 		.4byte	.LASF4
 310 0048 02       		.uleb128 0x2
 311 0049 04       		.byte	0x4
 312 004a 07       		.byte	0x7
 313 004b EE010000 		.4byte	.LASF5
 314 004f 02       		.uleb128 0x2
ARM GAS  C:\Users\Ellis\AppData\Local\Temp\ccPyaLCz.s 			page 11


 315 0050 08       		.byte	0x8
 316 0051 05       		.byte	0x5
 317 0052 86000000 		.4byte	.LASF6
 318 0056 02       		.uleb128 0x2
 319 0057 08       		.byte	0x8
 320 0058 07       		.byte	0x7
 321 0059 7E010000 		.4byte	.LASF7
 322 005d 03       		.uleb128 0x3
 323 005e 04       		.byte	0x4
 324 005f 05       		.byte	0x5
 325 0060 696E7400 		.ascii	"int\000"
 326 0064 02       		.uleb128 0x2
 327 0065 04       		.byte	0x4
 328 0066 07       		.byte	0x7
 329 0067 9E010000 		.4byte	.LASF8
 330 006b 04       		.uleb128 0x4
 331 006c 5E000000 		.4byte	.LASF9
 332 0070 02       		.byte	0x2
 333 0071 C2       		.byte	0xc2
 334 0072 2C000000 		.4byte	0x2c
 335 0076 04       		.uleb128 0x4
 336 0077 57000000 		.4byte	.LASF10
 337 007b 02       		.byte	0x2
 338 007c C3       		.byte	0xc3
 339 007d 3A000000 		.4byte	0x3a
 340 0081 04       		.uleb128 0x4
 341 0082 E7010000 		.4byte	.LASF11
 342 0086 02       		.byte	0x2
 343 0087 C4       		.byte	0xc4
 344 0088 48000000 		.4byte	0x48
 345 008c 02       		.uleb128 0x2
 346 008d 04       		.byte	0x4
 347 008e 04       		.byte	0x4
 348 008f 80000000 		.4byte	.LASF12
 349 0093 02       		.uleb128 0x2
 350 0094 08       		.byte	0x8
 351 0095 04       		.byte	0x4
 352 0096 20020000 		.4byte	.LASF13
 353 009a 04       		.uleb128 0x4
 354 009b 41000000 		.4byte	.LASF14
 355 009f 02       		.byte	0x2
 356 00a0 D3       		.byte	0xd3
 357 00a1 A5000000 		.4byte	0xa5
 358 00a5 02       		.uleb128 0x2
 359 00a6 01       		.byte	0x1
 360 00a7 08       		.byte	0x8
 361 00a8 D7010000 		.4byte	.LASF15
 362 00ac 05       		.uleb128 0x5
 363 00ad 64000000 		.4byte	.LASF16
 364 00b1 01       		.byte	0x1
 365 00b2 35       		.byte	0x35
 366 00b3 00000000 		.4byte	.LFB0
 367 00b7 02000000 		.4byte	.LFE0-.LFB0
 368 00bb 01       		.uleb128 0x1
 369 00bc 9C       		.byte	0x9c
 370 00bd 05       		.uleb128 0x5
 371 00be 00000000 		.4byte	.LASF17
ARM GAS  C:\Users\Ellis\AppData\Local\Temp\ccPyaLCz.s 			page 12


 372 00c2 01       		.byte	0x1
 373 00c3 79       		.byte	0x79
 374 00c4 00000000 		.4byte	.LFB1
 375 00c8 02000000 		.4byte	.LFE1-.LFB1
 376 00cc 01       		.uleb128 0x1
 377 00cd 9C       		.byte	0x9c
 378 00ce 06       		.uleb128 0x6
 379 00cf 27020000 		.4byte	.LASF20
 380 00d3 01       		.byte	0x1
 381 00d4 8D       		.byte	0x8d
 382 00d5 00000000 		.4byte	.LFB2
 383 00d9 1A000000 		.4byte	.LFE2-.LFB2
 384 00dd 01       		.uleb128 0x1
 385 00de 9C       		.byte	0x9c
 386 00df 1A010000 		.4byte	0x11a
 387 00e3 07       		.uleb128 0x7
 388 00e4 9D000000 		.4byte	.LASF22
 389 00e8 01       		.byte	0x1
 390 00e9 8D       		.byte	0x8d
 391 00ea 1A010000 		.4byte	0x11a
 392 00ee 00000000 		.4byte	.LLST0
 393 00f2 08       		.uleb128 0x8
 394 00f3 66010000 		.4byte	.LASF18
 395 00f7 01       		.byte	0x1
 396 00f8 8F       		.byte	0x8f
 397 00f9 6B000000 		.4byte	0x6b
 398 00fd 2C000000 		.4byte	.LLST1
 399 0101 08       		.uleb128 0x8
 400 0102 BC010000 		.4byte	.LASF19
 401 0106 01       		.byte	0x1
 402 0107 90       		.byte	0x90
 403 0108 9A000000 		.4byte	0x9a
 404 010c 56000000 		.4byte	.LLST2
 405 0110 09       		.uleb128 0x9
 406 0111 0E000000 		.4byte	.LVL4
 407 0115 B4020000 		.4byte	0x2b4
 408 0119 00       		.byte	0
 409 011a 0A       		.uleb128 0xa
 410 011b 04       		.byte	0x4
 411 011c 20010000 		.4byte	0x120
 412 0120 0B       		.uleb128 0xb
 413 0121 9A000000 		.4byte	0x9a
 414 0125 06       		.uleb128 0x6
 415 0126 47000000 		.4byte	.LASF21
 416 012a 01       		.byte	0x1
 417 012b AB       		.byte	0xab
 418 012c 00000000 		.4byte	.LFB3
 419 0130 18000000 		.4byte	.LFE3-.LFB3
 420 0134 01       		.uleb128 0x1
 421 0135 9C       		.byte	0x9c
 422 0136 71010000 		.4byte	0x171
 423 013a 07       		.uleb128 0x7
 424 013b 4D020000 		.4byte	.LASF23
 425 013f 01       		.byte	0x1
 426 0140 AB       		.byte	0xab
 427 0141 71010000 		.4byte	0x171
 428 0145 74000000 		.4byte	.LLST3
ARM GAS  C:\Users\Ellis\AppData\Local\Temp\ccPyaLCz.s 			page 13


 429 0149 07       		.uleb128 0x7
 430 014a 53020000 		.4byte	.LASF24
 431 014e 01       		.byte	0x1
 432 014f AB       		.byte	0xab
 433 0150 81000000 		.4byte	0x81
 434 0154 A0000000 		.4byte	.LLST4
 435 0158 08       		.uleb128 0x8
 436 0159 DC010000 		.4byte	.LASF25
 437 015d 01       		.byte	0x1
 438 015e AD       		.byte	0xad
 439 015f 81000000 		.4byte	0x81
 440 0163 CC000000 		.4byte	.LLST5
 441 0167 09       		.uleb128 0x9
 442 0168 10000000 		.4byte	.LVL13
 443 016c B4020000 		.4byte	0x2b4
 444 0170 00       		.byte	0
 445 0171 0A       		.uleb128 0xa
 446 0172 04       		.byte	0x4
 447 0173 77010000 		.4byte	0x177
 448 0177 0B       		.uleb128 0xb
 449 0178 6B000000 		.4byte	0x6b
 450 017c 06       		.uleb128 0x6
 451 017d 5D020000 		.4byte	.LASF26
 452 0181 01       		.byte	0x1
 453 0182 C6       		.byte	0xc6
 454 0183 00000000 		.4byte	.LFB4
 455 0187 20000000 		.4byte	.LFE4-.LFB4
 456 018b 01       		.uleb128 0x1
 457 018c 9C       		.byte	0x9c
 458 018d E2010000 		.4byte	0x1e2
 459 0191 07       		.uleb128 0x7
 460 0192 4E010000 		.4byte	.LASF27
 461 0196 01       		.byte	0x1
 462 0197 C6       		.byte	0xc6
 463 0198 6B000000 		.4byte	0x6b
 464 019c EB000000 		.4byte	.LLST6
 465 01a0 0C       		.uleb128 0xc
 466 01a1 B5000000 		.4byte	.LASF28
 467 01a5 01       		.byte	0x1
 468 01a6 C8       		.byte	0xc8
 469 01a7 F9010000 		.4byte	0x1f9
 470 01ab 05       		.uleb128 0x5
 471 01ac 03       		.byte	0x3
 472 01ad 00000000 		.4byte	UART_1_hex.4188
 473 01b1 0D       		.uleb128 0xd
 474 01b2 0E000000 		.4byte	.LVL20
 475 01b6 B4020000 		.4byte	0x2b4
 476 01ba CC010000 		.4byte	0x1cc
 477 01be 0E       		.uleb128 0xe
 478 01bf 01       		.uleb128 0x1
 479 01c0 50       		.byte	0x50
 480 01c1 09       		.uleb128 0x9
 481 01c2 74       		.byte	0x74
 482 01c3 00       		.sleb128 0
 483 01c4 34       		.byte	0x34
 484 01c5 25       		.byte	0x25
 485 01c6 75       		.byte	0x75
ARM GAS  C:\Users\Ellis\AppData\Local\Temp\ccPyaLCz.s 			page 14


 486 01c7 00       		.sleb128 0
 487 01c8 22       		.byte	0x22
 488 01c9 94       		.byte	0x94
 489 01ca 01       		.byte	0x1
 490 01cb 00       		.byte	0
 491 01cc 0F       		.uleb128 0xf
 492 01cd 18000000 		.4byte	.LVL21
 493 01d1 B4020000 		.4byte	0x2b4
 494 01d5 0E       		.uleb128 0xe
 495 01d6 01       		.uleb128 0x1
 496 01d7 50       		.byte	0x50
 497 01d8 07       		.uleb128 0x7
 498 01d9 75       		.byte	0x75
 499 01da 00       		.sleb128 0
 500 01db 74       		.byte	0x74
 501 01dc 00       		.sleb128 0
 502 01dd 22       		.byte	0x22
 503 01de 94       		.byte	0x94
 504 01df 01       		.byte	0x1
 505 01e0 00       		.byte	0
 506 01e1 00       		.byte	0
 507 01e2 10       		.uleb128 0x10
 508 01e3 9A000000 		.4byte	0x9a
 509 01e7 F2010000 		.4byte	0x1f2
 510 01eb 11       		.uleb128 0x11
 511 01ec F2010000 		.4byte	0x1f2
 512 01f0 10       		.byte	0x10
 513 01f1 00       		.byte	0
 514 01f2 02       		.uleb128 0x2
 515 01f3 04       		.byte	0x4
 516 01f4 07       		.byte	0x7
 517 01f5 38000000 		.4byte	.LASF29
 518 01f9 0B       		.uleb128 0xb
 519 01fa E2010000 		.4byte	0x1e2
 520 01fe 06       		.uleb128 0x6
 521 01ff A4000000 		.4byte	.LASF30
 522 0203 01       		.byte	0x1
 523 0204 DF       		.byte	0xdf
 524 0205 00000000 		.4byte	.LFB5
 525 0209 12000000 		.4byte	.LFE5-.LFB5
 526 020d 01       		.uleb128 0x1
 527 020e 9C       		.byte	0x9c
 528 020f 49020000 		.4byte	0x249
 529 0213 07       		.uleb128 0x7
 530 0214 95010000 		.4byte	.LASF31
 531 0218 01       		.byte	0x1
 532 0219 DF       		.byte	0xdf
 533 021a 76000000 		.4byte	0x76
 534 021e 0C010000 		.4byte	.LLST7
 535 0222 0D       		.uleb128 0xd
 536 0223 0A000000 		.4byte	.LVL24
 537 0227 7C010000 		.4byte	0x17c
 538 022b 38020000 		.4byte	0x238
 539 022f 0E       		.uleb128 0xe
 540 0230 01       		.uleb128 0x1
 541 0231 50       		.byte	0x50
 542 0232 04       		.uleb128 0x4
ARM GAS  C:\Users\Ellis\AppData\Local\Temp\ccPyaLCz.s 			page 15


 543 0233 74       		.byte	0x74
 544 0234 00       		.sleb128 0
 545 0235 38       		.byte	0x38
 546 0236 25       		.byte	0x25
 547 0237 00       		.byte	0
 548 0238 0F       		.uleb128 0xf
 549 0239 10000000 		.4byte	.LVL25
 550 023d 7C010000 		.4byte	0x17c
 551 0241 0E       		.uleb128 0xe
 552 0242 01       		.uleb128 0x1
 553 0243 50       		.byte	0x50
 554 0244 02       		.uleb128 0x2
 555 0245 74       		.byte	0x74
 556 0246 00       		.sleb128 0
 557 0247 00       		.byte	0
 558 0248 00       		.byte	0
 559 0249 06       		.uleb128 0x6
 560 024a 0C000000 		.4byte	.LASF32
 561 024e 01       		.byte	0x1
 562 024f F4       		.byte	0xf4
 563 0250 00000000 		.4byte	.LFB6
 564 0254 10000000 		.4byte	.LFE6-.LFB6
 565 0258 01       		.uleb128 0x1
 566 0259 9C       		.byte	0x9c
 567 025a 81020000 		.4byte	0x281
 568 025e 0D       		.uleb128 0xd
 569 025f 08000000 		.4byte	.LVL26
 570 0263 B4020000 		.4byte	0x2b4
 571 0267 71020000 		.4byte	0x271
 572 026b 0E       		.uleb128 0xe
 573 026c 01       		.uleb128 0x1
 574 026d 50       		.byte	0x50
 575 026e 01       		.uleb128 0x1
 576 026f 3D       		.byte	0x3d
 577 0270 00       		.byte	0
 578 0271 0F       		.uleb128 0xf
 579 0272 0E000000 		.4byte	.LVL27
 580 0276 B4020000 		.4byte	0x2b4
 581 027a 0E       		.uleb128 0xe
 582 027b 01       		.uleb128 0x1
 583 027c 50       		.byte	0x50
 584 027d 01       		.uleb128 0x1
 585 027e 3A       		.byte	0x3a
 586 027f 00       		.byte	0
 587 0280 00       		.byte	0
 588 0281 12       		.uleb128 0x12
 589 0282 AB010000 		.4byte	.LASF33
 590 0286 01       		.byte	0x1
 591 0287 12       		.byte	0x12
 592 0288 81000000 		.4byte	0x81
 593 028c 05       		.uleb128 0x5
 594 028d 03       		.byte	0x3
 595 028e 00000000 		.4byte	UART_1_pinNumber
 596 0292 12       		.uleb128 0x12
 597 0293 38020000 		.4byte	.LASF34
 598 0297 01       		.byte	0x1
 599 0298 13       		.byte	0x13
ARM GAS  C:\Users\Ellis\AppData\Local\Temp\ccPyaLCz.s 			page 16


 600 0299 81000000 		.4byte	0x81
 601 029d 05       		.uleb128 0x5
 602 029e 03       		.byte	0x3
 603 029f 00000000 		.4byte	UART_1_pinPortNumber
 604 02a3 12       		.uleb128 0x12
 605 02a4 25000000 		.4byte	.LASF35
 606 02a8 01       		.byte	0x1
 607 02a9 17       		.byte	0x17
 608 02aa 81000000 		.4byte	0x81
 609 02ae 05       		.uleb128 0x5
 610 02af 03       		.byte	0x3
 611 02b0 00000000 		.4byte	UART_1_pinDrAdress
 612 02b4 13       		.uleb128 0x13
 613 02b5 71000000 		.4byte	.LASF39
 614 02b9 03       		.byte	0x3
 615 02ba 25       		.byte	0x25
 616 02bb 14       		.uleb128 0x14
 617 02bc 6B000000 		.4byte	0x6b
 618 02c0 00       		.byte	0
 619 02c1 00       		.byte	0
 620              		.section	.debug_abbrev,"",%progbits
 621              	.Ldebug_abbrev0:
 622 0000 01       		.uleb128 0x1
 623 0001 11       		.uleb128 0x11
 624 0002 01       		.byte	0x1
 625 0003 25       		.uleb128 0x25
 626 0004 0E       		.uleb128 0xe
 627 0005 13       		.uleb128 0x13
 628 0006 0B       		.uleb128 0xb
 629 0007 03       		.uleb128 0x3
 630 0008 0E       		.uleb128 0xe
 631 0009 1B       		.uleb128 0x1b
 632 000a 0E       		.uleb128 0xe
 633 000b 55       		.uleb128 0x55
 634 000c 17       		.uleb128 0x17
 635 000d 11       		.uleb128 0x11
 636 000e 01       		.uleb128 0x1
 637 000f 10       		.uleb128 0x10
 638 0010 17       		.uleb128 0x17
 639 0011 00       		.byte	0
 640 0012 00       		.byte	0
 641 0013 02       		.uleb128 0x2
 642 0014 24       		.uleb128 0x24
 643 0015 00       		.byte	0
 644 0016 0B       		.uleb128 0xb
 645 0017 0B       		.uleb128 0xb
 646 0018 3E       		.uleb128 0x3e
 647 0019 0B       		.uleb128 0xb
 648 001a 03       		.uleb128 0x3
 649 001b 0E       		.uleb128 0xe
 650 001c 00       		.byte	0
 651 001d 00       		.byte	0
 652 001e 03       		.uleb128 0x3
 653 001f 24       		.uleb128 0x24
 654 0020 00       		.byte	0
 655 0021 0B       		.uleb128 0xb
 656 0022 0B       		.uleb128 0xb
ARM GAS  C:\Users\Ellis\AppData\Local\Temp\ccPyaLCz.s 			page 17


 657 0023 3E       		.uleb128 0x3e
 658 0024 0B       		.uleb128 0xb
 659 0025 03       		.uleb128 0x3
 660 0026 08       		.uleb128 0x8
 661 0027 00       		.byte	0
 662 0028 00       		.byte	0
 663 0029 04       		.uleb128 0x4
 664 002a 16       		.uleb128 0x16
 665 002b 00       		.byte	0
 666 002c 03       		.uleb128 0x3
 667 002d 0E       		.uleb128 0xe
 668 002e 3A       		.uleb128 0x3a
 669 002f 0B       		.uleb128 0xb
 670 0030 3B       		.uleb128 0x3b
 671 0031 0B       		.uleb128 0xb
 672 0032 49       		.uleb128 0x49
 673 0033 13       		.uleb128 0x13
 674 0034 00       		.byte	0
 675 0035 00       		.byte	0
 676 0036 05       		.uleb128 0x5
 677 0037 2E       		.uleb128 0x2e
 678 0038 00       		.byte	0
 679 0039 3F       		.uleb128 0x3f
 680 003a 19       		.uleb128 0x19
 681 003b 03       		.uleb128 0x3
 682 003c 0E       		.uleb128 0xe
 683 003d 3A       		.uleb128 0x3a
 684 003e 0B       		.uleb128 0xb
 685 003f 3B       		.uleb128 0x3b
 686 0040 0B       		.uleb128 0xb
 687 0041 27       		.uleb128 0x27
 688 0042 19       		.uleb128 0x19
 689 0043 11       		.uleb128 0x11
 690 0044 01       		.uleb128 0x1
 691 0045 12       		.uleb128 0x12
 692 0046 06       		.uleb128 0x6
 693 0047 40       		.uleb128 0x40
 694 0048 18       		.uleb128 0x18
 695 0049 9742     		.uleb128 0x2117
 696 004b 19       		.uleb128 0x19
 697 004c 00       		.byte	0
 698 004d 00       		.byte	0
 699 004e 06       		.uleb128 0x6
 700 004f 2E       		.uleb128 0x2e
 701 0050 01       		.byte	0x1
 702 0051 3F       		.uleb128 0x3f
 703 0052 19       		.uleb128 0x19
 704 0053 03       		.uleb128 0x3
 705 0054 0E       		.uleb128 0xe
 706 0055 3A       		.uleb128 0x3a
 707 0056 0B       		.uleb128 0xb
 708 0057 3B       		.uleb128 0x3b
 709 0058 0B       		.uleb128 0xb
 710 0059 27       		.uleb128 0x27
 711 005a 19       		.uleb128 0x19
 712 005b 11       		.uleb128 0x11
 713 005c 01       		.uleb128 0x1
ARM GAS  C:\Users\Ellis\AppData\Local\Temp\ccPyaLCz.s 			page 18


 714 005d 12       		.uleb128 0x12
 715 005e 06       		.uleb128 0x6
 716 005f 40       		.uleb128 0x40
 717 0060 18       		.uleb128 0x18
 718 0061 9742     		.uleb128 0x2117
 719 0063 19       		.uleb128 0x19
 720 0064 01       		.uleb128 0x1
 721 0065 13       		.uleb128 0x13
 722 0066 00       		.byte	0
 723 0067 00       		.byte	0
 724 0068 07       		.uleb128 0x7
 725 0069 05       		.uleb128 0x5
 726 006a 00       		.byte	0
 727 006b 03       		.uleb128 0x3
 728 006c 0E       		.uleb128 0xe
 729 006d 3A       		.uleb128 0x3a
 730 006e 0B       		.uleb128 0xb
 731 006f 3B       		.uleb128 0x3b
 732 0070 0B       		.uleb128 0xb
 733 0071 49       		.uleb128 0x49
 734 0072 13       		.uleb128 0x13
 735 0073 02       		.uleb128 0x2
 736 0074 17       		.uleb128 0x17
 737 0075 00       		.byte	0
 738 0076 00       		.byte	0
 739 0077 08       		.uleb128 0x8
 740 0078 34       		.uleb128 0x34
 741 0079 00       		.byte	0
 742 007a 03       		.uleb128 0x3
 743 007b 0E       		.uleb128 0xe
 744 007c 3A       		.uleb128 0x3a
 745 007d 0B       		.uleb128 0xb
 746 007e 3B       		.uleb128 0x3b
 747 007f 0B       		.uleb128 0xb
 748 0080 49       		.uleb128 0x49
 749 0081 13       		.uleb128 0x13
 750 0082 02       		.uleb128 0x2
 751 0083 17       		.uleb128 0x17
 752 0084 00       		.byte	0
 753 0085 00       		.byte	0
 754 0086 09       		.uleb128 0x9
 755 0087 898201   		.uleb128 0x4109
 756 008a 00       		.byte	0
 757 008b 11       		.uleb128 0x11
 758 008c 01       		.uleb128 0x1
 759 008d 31       		.uleb128 0x31
 760 008e 13       		.uleb128 0x13
 761 008f 00       		.byte	0
 762 0090 00       		.byte	0
 763 0091 0A       		.uleb128 0xa
 764 0092 0F       		.uleb128 0xf
 765 0093 00       		.byte	0
 766 0094 0B       		.uleb128 0xb
 767 0095 0B       		.uleb128 0xb
 768 0096 49       		.uleb128 0x49
 769 0097 13       		.uleb128 0x13
 770 0098 00       		.byte	0
ARM GAS  C:\Users\Ellis\AppData\Local\Temp\ccPyaLCz.s 			page 19


 771 0099 00       		.byte	0
 772 009a 0B       		.uleb128 0xb
 773 009b 26       		.uleb128 0x26
 774 009c 00       		.byte	0
 775 009d 49       		.uleb128 0x49
 776 009e 13       		.uleb128 0x13
 777 009f 00       		.byte	0
 778 00a0 00       		.byte	0
 779 00a1 0C       		.uleb128 0xc
 780 00a2 34       		.uleb128 0x34
 781 00a3 00       		.byte	0
 782 00a4 03       		.uleb128 0x3
 783 00a5 0E       		.uleb128 0xe
 784 00a6 3A       		.uleb128 0x3a
 785 00a7 0B       		.uleb128 0xb
 786 00a8 3B       		.uleb128 0x3b
 787 00a9 0B       		.uleb128 0xb
 788 00aa 49       		.uleb128 0x49
 789 00ab 13       		.uleb128 0x13
 790 00ac 02       		.uleb128 0x2
 791 00ad 18       		.uleb128 0x18
 792 00ae 00       		.byte	0
 793 00af 00       		.byte	0
 794 00b0 0D       		.uleb128 0xd
 795 00b1 898201   		.uleb128 0x4109
 796 00b4 01       		.byte	0x1
 797 00b5 11       		.uleb128 0x11
 798 00b6 01       		.uleb128 0x1
 799 00b7 31       		.uleb128 0x31
 800 00b8 13       		.uleb128 0x13
 801 00b9 01       		.uleb128 0x1
 802 00ba 13       		.uleb128 0x13
 803 00bb 00       		.byte	0
 804 00bc 00       		.byte	0
 805 00bd 0E       		.uleb128 0xe
 806 00be 8A8201   		.uleb128 0x410a
 807 00c1 00       		.byte	0
 808 00c2 02       		.uleb128 0x2
 809 00c3 18       		.uleb128 0x18
 810 00c4 9142     		.uleb128 0x2111
 811 00c6 18       		.uleb128 0x18
 812 00c7 00       		.byte	0
 813 00c8 00       		.byte	0
 814 00c9 0F       		.uleb128 0xf
 815 00ca 898201   		.uleb128 0x4109
 816 00cd 01       		.byte	0x1
 817 00ce 11       		.uleb128 0x11
 818 00cf 01       		.uleb128 0x1
 819 00d0 31       		.uleb128 0x31
 820 00d1 13       		.uleb128 0x13
 821 00d2 00       		.byte	0
 822 00d3 00       		.byte	0
 823 00d4 10       		.uleb128 0x10
 824 00d5 01       		.uleb128 0x1
 825 00d6 01       		.byte	0x1
 826 00d7 49       		.uleb128 0x49
 827 00d8 13       		.uleb128 0x13
ARM GAS  C:\Users\Ellis\AppData\Local\Temp\ccPyaLCz.s 			page 20


 828 00d9 01       		.uleb128 0x1
 829 00da 13       		.uleb128 0x13
 830 00db 00       		.byte	0
 831 00dc 00       		.byte	0
 832 00dd 11       		.uleb128 0x11
 833 00de 21       		.uleb128 0x21
 834 00df 00       		.byte	0
 835 00e0 49       		.uleb128 0x49
 836 00e1 13       		.uleb128 0x13
 837 00e2 2F       		.uleb128 0x2f
 838 00e3 0B       		.uleb128 0xb
 839 00e4 00       		.byte	0
 840 00e5 00       		.byte	0
 841 00e6 12       		.uleb128 0x12
 842 00e7 34       		.uleb128 0x34
 843 00e8 00       		.byte	0
 844 00e9 03       		.uleb128 0x3
 845 00ea 0E       		.uleb128 0xe
 846 00eb 3A       		.uleb128 0x3a
 847 00ec 0B       		.uleb128 0xb
 848 00ed 3B       		.uleb128 0x3b
 849 00ee 0B       		.uleb128 0xb
 850 00ef 49       		.uleb128 0x49
 851 00f0 13       		.uleb128 0x13
 852 00f1 3F       		.uleb128 0x3f
 853 00f2 19       		.uleb128 0x19
 854 00f3 02       		.uleb128 0x2
 855 00f4 18       		.uleb128 0x18
 856 00f5 00       		.byte	0
 857 00f6 00       		.byte	0
 858 00f7 13       		.uleb128 0x13
 859 00f8 2E       		.uleb128 0x2e
 860 00f9 01       		.byte	0x1
 861 00fa 3F       		.uleb128 0x3f
 862 00fb 19       		.uleb128 0x19
 863 00fc 03       		.uleb128 0x3
 864 00fd 0E       		.uleb128 0xe
 865 00fe 3A       		.uleb128 0x3a
 866 00ff 0B       		.uleb128 0xb
 867 0100 3B       		.uleb128 0x3b
 868 0101 0B       		.uleb128 0xb
 869 0102 27       		.uleb128 0x27
 870 0103 19       		.uleb128 0x19
 871 0104 3C       		.uleb128 0x3c
 872 0105 19       		.uleb128 0x19
 873 0106 00       		.byte	0
 874 0107 00       		.byte	0
 875 0108 14       		.uleb128 0x14
 876 0109 05       		.uleb128 0x5
 877 010a 00       		.byte	0
 878 010b 49       		.uleb128 0x49
 879 010c 13       		.uleb128 0x13
 880 010d 00       		.byte	0
 881 010e 00       		.byte	0
 882 010f 00       		.byte	0
 883              		.section	.debug_loc,"",%progbits
 884              	.Ldebug_loc0:
ARM GAS  C:\Users\Ellis\AppData\Local\Temp\ccPyaLCz.s 			page 21


 885              	.LLST0:
 886 0000 00000000 		.4byte	.LVL0
 887 0004 06000000 		.4byte	.LVL2
 888 0008 0100     		.2byte	0x1
 889 000a 50       		.byte	0x50
 890 000b 06000000 		.4byte	.LVL2
 891 000f 18000000 		.4byte	.LVL9
 892 0013 0100     		.2byte	0x1
 893 0015 55       		.byte	0x55
 894 0016 18000000 		.4byte	.LVL9
 895 001a 1A000000 		.4byte	.LFE2
 896 001e 0400     		.2byte	0x4
 897 0020 F3       		.byte	0xf3
 898 0021 01       		.uleb128 0x1
 899 0022 50       		.byte	0x50
 900 0023 9F       		.byte	0x9f
 901 0024 00000000 		.4byte	0
 902 0028 00000000 		.4byte	0
 903              	.LLST1:
 904 002c 04000000 		.4byte	.LVL1
 905 0030 0A000000 		.4byte	.LVL3
 906 0034 0200     		.2byte	0x2
 907 0036 31       		.byte	0x31
 908 0037 9F       		.byte	0x9f
 909 0038 0A000000 		.4byte	.LVL3
 910 003c 12000000 		.4byte	.LVL6
 911 0040 0100     		.2byte	0x1
 912 0042 54       		.byte	0x54
 913 0043 14000000 		.4byte	.LVL7
 914 0047 18000000 		.4byte	.LVL8
 915 004b 0100     		.2byte	0x1
 916 004d 54       		.byte	0x54
 917 004e 00000000 		.4byte	0
 918 0052 00000000 		.4byte	0
 919              	.LLST2:
 920 0056 06000000 		.4byte	.LVL2
 921 005a 0D000000 		.4byte	.LVL4-1
 922 005e 0100     		.2byte	0x1
 923 0060 50       		.byte	0x50
 924 0061 10000000 		.4byte	.LVL5
 925 0065 1A000000 		.4byte	.LFE2
 926 0069 0100     		.2byte	0x1
 927 006b 50       		.byte	0x50
 928 006c 00000000 		.4byte	0
 929 0070 00000000 		.4byte	0
 930              	.LLST3:
 931 0074 00000000 		.4byte	.LVL10
 932 0078 0A000000 		.4byte	.LVL12
 933 007c 0100     		.2byte	0x1
 934 007e 50       		.byte	0x50
 935 007f 0A000000 		.4byte	.LVL12
 936 0083 16000000 		.4byte	.LVL17
 937 0087 0100     		.2byte	0x1
 938 0089 56       		.byte	0x56
 939 008a 16000000 		.4byte	.LVL17
 940 008e 18000000 		.4byte	.LFE3
 941 0092 0400     		.2byte	0x4
ARM GAS  C:\Users\Ellis\AppData\Local\Temp\ccPyaLCz.s 			page 22


 942 0094 F3       		.byte	0xf3
 943 0095 01       		.uleb128 0x1
 944 0096 50       		.byte	0x50
 945 0097 9F       		.byte	0x9f
 946 0098 00000000 		.4byte	0
 947 009c 00000000 		.4byte	0
 948              	.LLST4:
 949 00a0 00000000 		.4byte	.LVL10
 950 00a4 0A000000 		.4byte	.LVL12
 951 00a8 0100     		.2byte	0x1
 952 00aa 51       		.byte	0x51
 953 00ab 0A000000 		.4byte	.LVL12
 954 00af 16000000 		.4byte	.LVL16
 955 00b3 0100     		.2byte	0x1
 956 00b5 55       		.byte	0x55
 957 00b6 16000000 		.4byte	.LVL16
 958 00ba 18000000 		.4byte	.LFE3
 959 00be 0400     		.2byte	0x4
 960 00c0 F3       		.byte	0xf3
 961 00c1 01       		.uleb128 0x1
 962 00c2 51       		.byte	0x51
 963 00c3 9F       		.byte	0x9f
 964 00c4 00000000 		.4byte	0
 965 00c8 00000000 		.4byte	0
 966              	.LLST5:
 967 00cc 06000000 		.4byte	.LVL11
 968 00d0 0A000000 		.4byte	.LVL12
 969 00d4 0200     		.2byte	0x2
 970 00d6 30       		.byte	0x30
 971 00d7 9F       		.byte	0x9f
 972 00d8 0A000000 		.4byte	.LVL12
 973 00dc 16000000 		.4byte	.LVL15
 974 00e0 0100     		.2byte	0x1
 975 00e2 54       		.byte	0x54
 976 00e3 00000000 		.4byte	0
 977 00e7 00000000 		.4byte	0
 978              	.LLST6:
 979 00eb 00000000 		.4byte	.LVL18
 980 00ef 0A000000 		.4byte	.LVL19
 981 00f3 0100     		.2byte	0x1
 982 00f5 50       		.byte	0x50
 983 00f6 0A000000 		.4byte	.LVL19
 984 00fa 20000000 		.4byte	.LFE4
 985 00fe 0400     		.2byte	0x4
 986 0100 F3       		.byte	0xf3
 987 0101 01       		.uleb128 0x1
 988 0102 50       		.byte	0x50
 989 0103 9F       		.byte	0x9f
 990 0104 00000000 		.4byte	0
 991 0108 00000000 		.4byte	0
 992              	.LLST7:
 993 010c 00000000 		.4byte	.LVL22
 994 0110 06000000 		.4byte	.LVL23
 995 0114 0100     		.2byte	0x1
 996 0116 50       		.byte	0x50
 997 0117 06000000 		.4byte	.LVL23
 998 011b 12000000 		.4byte	.LFE5
ARM GAS  C:\Users\Ellis\AppData\Local\Temp\ccPyaLCz.s 			page 23


 999 011f 0400     		.2byte	0x4
 1000 0121 F3       		.byte	0xf3
 1001 0122 01       		.uleb128 0x1
 1002 0123 50       		.byte	0x50
 1003 0124 9F       		.byte	0x9f
 1004 0125 00000000 		.4byte	0
 1005 0129 00000000 		.4byte	0
 1006              		.section	.debug_aranges,"",%progbits
 1007 0000 4C000000 		.4byte	0x4c
 1008 0004 0200     		.2byte	0x2
 1009 0006 00000000 		.4byte	.Ldebug_info0
 1010 000a 04       		.byte	0x4
 1011 000b 00       		.byte	0
 1012 000c 0000     		.2byte	0
 1013 000e 0000     		.2byte	0
 1014 0010 00000000 		.4byte	.LFB0
 1015 0014 02000000 		.4byte	.LFE0-.LFB0
 1016 0018 00000000 		.4byte	.LFB1
 1017 001c 02000000 		.4byte	.LFE1-.LFB1
 1018 0020 00000000 		.4byte	.LFB2
 1019 0024 1A000000 		.4byte	.LFE2-.LFB2
 1020 0028 00000000 		.4byte	.LFB3
 1021 002c 18000000 		.4byte	.LFE3-.LFB3
 1022 0030 00000000 		.4byte	.LFB4
 1023 0034 20000000 		.4byte	.LFE4-.LFB4
 1024 0038 00000000 		.4byte	.LFB5
 1025 003c 12000000 		.4byte	.LFE5-.LFB5
 1026 0040 00000000 		.4byte	.LFB6
 1027 0044 10000000 		.4byte	.LFE6-.LFB6
 1028 0048 00000000 		.4byte	0
 1029 004c 00000000 		.4byte	0
 1030              		.section	.debug_ranges,"",%progbits
 1031              	.Ldebug_ranges0:
 1032 0000 00000000 		.4byte	.LFB0
 1033 0004 02000000 		.4byte	.LFE0
 1034 0008 00000000 		.4byte	.LFB1
 1035 000c 02000000 		.4byte	.LFE1
 1036 0010 00000000 		.4byte	.LFB2
 1037 0014 1A000000 		.4byte	.LFE2
 1038 0018 00000000 		.4byte	.LFB3
 1039 001c 18000000 		.4byte	.LFE3
 1040 0020 00000000 		.4byte	.LFB4
 1041 0024 20000000 		.4byte	.LFE4
 1042 0028 00000000 		.4byte	.LFB5
 1043 002c 12000000 		.4byte	.LFE5
 1044 0030 00000000 		.4byte	.LFB6
 1045 0034 10000000 		.4byte	.LFE6
 1046 0038 00000000 		.4byte	0
 1047 003c 00000000 		.4byte	0
 1048              		.section	.debug_line,"",%progbits
 1049              	.Ldebug_line0:
 1050 0000 EA000000 		.section	.debug_str,"MS",%progbits,1
 1050      02004F00 
 1050      00000201 
 1050      FB0E0D00 
 1050      01010101 
 1051              	.LASF17:
ARM GAS  C:\Users\Ellis\AppData\Local\Temp\ccPyaLCz.s 			page 24


 1052 0000 55415254 		.ascii	"UART_1_Stop\000"
 1052      5F315F53 
 1052      746F7000 
 1053              	.LASF32:
 1054 000c 55415254 		.ascii	"UART_1_PutCRLF\000"
 1054      5F315F50 
 1054      75744352 
 1054      4C4600
 1055              	.LASF2:
 1056 001b 73686F72 		.ascii	"short int\000"
 1056      7420696E 
 1056      7400
 1057              	.LASF35:
 1058 0025 55415254 		.ascii	"UART_1_pinDrAdress\000"
 1058      5F315F70 
 1058      696E4472 
 1058      41647265 
 1058      737300
 1059              	.LASF29:
 1060 0038 73697A65 		.ascii	"sizetype\000"
 1060      74797065 
 1060      00
 1061              	.LASF14:
 1062 0041 63686172 		.ascii	"char8\000"
 1062      3800
 1063              	.LASF21:
 1064 0047 55415254 		.ascii	"UART_1_PutArray\000"
 1064      5F315F50 
 1064      75744172 
 1064      72617900 
 1065              	.LASF10:
 1066 0057 75696E74 		.ascii	"uint16\000"
 1066      313600
 1067              	.LASF9:
 1068 005e 75696E74 		.ascii	"uint8\000"
 1068      3800
 1069              	.LASF16:
 1070 0064 55415254 		.ascii	"UART_1_Start\000"
 1070      5F315F53 
 1070      74617274 
 1070      00
 1071              	.LASF39:
 1072 0071 55415254 		.ascii	"UART_1_PutChar\000"
 1072      5F315F50 
 1072      75744368 
 1072      617200
 1073              	.LASF12:
 1074 0080 666C6F61 		.ascii	"float\000"
 1074      7400
 1075              	.LASF6:
 1076 0086 6C6F6E67 		.ascii	"long long int\000"
 1076      206C6F6E 
 1076      6720696E 
 1076      7400
 1077              	.LASF4:
 1078 0094 6C6F6E67 		.ascii	"long int\000"
 1078      20696E74 
ARM GAS  C:\Users\Ellis\AppData\Local\Temp\ccPyaLCz.s 			page 25


 1078      00
 1079              	.LASF22:
 1080 009d 73747269 		.ascii	"string\000"
 1080      6E6700
 1081              	.LASF30:
 1082 00a4 55415254 		.ascii	"UART_1_PutHexInt\000"
 1082      5F315F50 
 1082      75744865 
 1082      78496E74 
 1082      00
 1083              	.LASF28:
 1084 00b5 55415254 		.ascii	"UART_1_hex\000"
 1084      5F315F68 
 1084      657800
 1085              	.LASF36:
 1086 00c0 474E5520 		.ascii	"GNU C 4.9.3 20150303 (release) [ARM/embedded-4_9-br"
 1086      4320342E 
 1086      392E3320 
 1086      32303135 
 1086      30333033 
 1087 00f3 616E6368 		.ascii	"anch revision 221220] -mcpu=cortex-m0 -mthumb -g -O"
 1087      20726576 
 1087      6973696F 
 1087      6E203232 
 1087      31323230 
 1088 0126 67202D66 		.ascii	"g -ffunction-sections -ffat-lto-objects\000"
 1088      66756E63 
 1088      74696F6E 
 1088      2D736563 
 1088      74696F6E 
 1089              	.LASF27:
 1090 014e 74784865 		.ascii	"txHexByte\000"
 1090      78427974 
 1090      6500
 1091              	.LASF1:
 1092 0158 756E7369 		.ascii	"unsigned char\000"
 1092      676E6564 
 1092      20636861 
 1092      7200
 1093              	.LASF18:
 1094 0166 73747269 		.ascii	"stringIndex\000"
 1094      6E67496E 
 1094      64657800 
 1095              	.LASF0:
 1096 0172 7369676E 		.ascii	"signed char\000"
 1096      65642063 
 1096      68617200 
 1097              	.LASF7:
 1098 017e 6C6F6E67 		.ascii	"long long unsigned int\000"
 1098      206C6F6E 
 1098      6720756E 
 1098      7369676E 
 1098      65642069 
 1099              	.LASF31:
 1100 0195 74784865 		.ascii	"txHexInt\000"
 1100      78496E74 
 1100      00
ARM GAS  C:\Users\Ellis\AppData\Local\Temp\ccPyaLCz.s 			page 26


 1101              	.LASF8:
 1102 019e 756E7369 		.ascii	"unsigned int\000"
 1102      676E6564 
 1102      20696E74 
 1102      00
 1103              	.LASF33:
 1104 01ab 55415254 		.ascii	"UART_1_pinNumber\000"
 1104      5F315F70 
 1104      696E4E75 
 1104      6D626572 
 1104      00
 1105              	.LASF19:
 1106 01bc 63757272 		.ascii	"current\000"
 1106      656E7400 
 1107              	.LASF3:
 1108 01c4 73686F72 		.ascii	"short unsigned int\000"
 1108      7420756E 
 1108      7369676E 
 1108      65642069 
 1108      6E7400
 1109              	.LASF15:
 1110 01d7 63686172 		.ascii	"char\000"
 1110      00
 1111              	.LASF25:
 1112 01dc 61727261 		.ascii	"arrayIndex\000"
 1112      79496E64 
 1112      657800
 1113              	.LASF11:
 1114 01e7 75696E74 		.ascii	"uint32\000"
 1114      333200
 1115              	.LASF5:
 1116 01ee 6C6F6E67 		.ascii	"long unsigned int\000"
 1116      20756E73 
 1116      69676E65 
 1116      6420696E 
 1116      7400
 1117              	.LASF37:
 1118 0200 47656E65 		.ascii	"Generated_Source\\PSoC4\\UART_1.c\000"
 1118      72617465 
 1118      645F536F 
 1118      75726365 
 1118      5C50536F 
 1119              	.LASF13:
 1120 0220 646F7562 		.ascii	"double\000"
 1120      6C6500
 1121              	.LASF20:
 1122 0227 55415254 		.ascii	"UART_1_PutString\000"
 1122      5F315F50 
 1122      75745374 
 1122      72696E67 
 1122      00
 1123              	.LASF34:
 1124 0238 55415254 		.ascii	"UART_1_pinPortNumber\000"
 1124      5F315F70 
 1124      696E506F 
 1124      72744E75 
 1124      6D626572 
ARM GAS  C:\Users\Ellis\AppData\Local\Temp\ccPyaLCz.s 			page 27


 1125              	.LASF23:
 1126 024d 61727261 		.ascii	"array\000"
 1126      7900
 1127              	.LASF24:
 1128 0253 62797465 		.ascii	"byteCount\000"
 1128      436F756E 
 1128      7400
 1129              	.LASF26:
 1130 025d 55415254 		.ascii	"UART_1_PutHexByte\000"
 1130      5F315F50 
 1130      75744865 
 1130      78427974 
 1130      6500
 1131              	.LASF38:
 1132 026f 433A5C55 		.ascii	"C:\\Users\\Ellis\\Downloads\\PSoC_Creator\\merged_c"
 1132      73657273 
 1132      5C456C6C 
 1132      69735C44 
 1132      6F776E6C 
 1133 029d 61707365 		.ascii	"apsenseled\\capsenseled\\capsenseled.cydsn\000"
 1133      6E73656C 
 1133      65645C63 
 1133      61707365 
 1133      6E73656C 
 1134              		.ident	"GCC: (GNU Tools for ARM Embedded Processors) 4.9.3 20150303 (release) [ARM/embedded-4_9-br
